<?xml version="1.0" encoding="UTF-8"?>
<testsuite name="" >
<node_order><![CDATA[]]></node_order>
<details><![CDATA[]]></details> 
<testsuite name="Release 0.1a" >
<node_order><![CDATA[4]]></node_order>
<details><![CDATA[]]></details> 
<testsuite name="UC01: Registrar Documento para Análise" >
<node_order><![CDATA[0]]></node_order>
<details><![CDATA[]]></details> 

<testcase internalid="10739" name="UC01-FB: Registrar Documento para Análise">
	<node_order><![CDATA[0]]></node_order>
	<externalid><![CDATA[89]]></externalid>
	<version><![CDATA[1]]></version>
	<summary><![CDATA[<p>
	Fluxo b&aacute;sico do Caso de Uso UC01</p>
]]></summary>
	<preconditions><![CDATA[<ul>
	<li>
		PC01: O ator deve estar autenticado.</li>
	<li>
		PC02: O ator possui acesso &agrave; funcionalidade.</li>
</ul>
]]></preconditions>
	<execution_type><![CDATA[1]]></execution_type>
	<importance><![CDATA[2]]></importance>
<steps>
<step>
	<step_number><![CDATA[1]]></step_number>
	<actions><![CDATA[<p>
	O ator seleciona no menu Caso -&gt; Novo(a) a op&ccedil;&atilde;o &ldquo;Documento para An&aacute;lise&rdquo;.</p>
]]></actions>
	<expectedresults><![CDATA[<p>
	O sistema apresenta o formul&aacute;rio de cadastro de documento para an&aacute;lise, com o campo Registrador preenchido automaticamente.</p>
]]></expectedresults>
	<execution_type><![CDATA[1]]></execution_type>
</step>

<step>
	<step_number><![CDATA[2]]></step_number>
	<actions><![CDATA[<p>
	O usu&aacute;rio informa o N&uacute;mero de Protocolo.</p>
]]></actions>
	<expectedresults><![CDATA[<p>
	O sistema valida o n&uacute;mero inserido e carrega do Sistema de Gest&atilde;o Documental os campos comunicante, n&uacute;mero do documento, tipo do documento e observa&ccedil;&otilde;es, e apresenta, na se&ccedil;&atilde;o de pe&ccedil;as cadastradas, o documento recuperado a partir do SIGED. [FE01]</p>
]]></expectedresults>
	<execution_type><![CDATA[1]]></execution_type>
</step>

<step>
	<step_number><![CDATA[3]]></step_number>
	<actions><![CDATA[<p>
	O ator preenche o resumo do fato, o nome da opera&ccedil;&atilde;o, caso exista, e os dados restantes do documento para an&aacute;lise. [FA01][FA02][FA03][FA04][FA05][FA06][FE02][FE03][FE04]</p>
]]></actions>
	<expectedresults><![CDATA[<p>
	O sistema exibe os dados preenchidos no formul&aacute;rio.</p>
]]></expectedresults>
	<execution_type><![CDATA[1]]></execution_type>
</step>

<step>
	<step_number><![CDATA[4]]></step_number>
	<actions><![CDATA[<p>
	O ator clica em Salvar.</p>
]]></actions>
	<expectedresults><![CDATA[<p>
	O sistema:</p>
<ul>
	<li>
		Cadastra os dados;</li>
	<li>
		Apresenta mensagens de sucesso do cadastro; [MA017][MA033]</li>
	<li>
		Cria uma tarefa Analisar Not&iacute;cia-Crime para o analista da unidade;</li>
</ul>
]]></expectedresults>
	<execution_type><![CDATA[1]]></execution_type>
</step>
</steps>
<keywords><keyword name="UC01"><notes><![CDATA[

]]></notes></keyword>
</keywords></testcase>

<testcase internalid="10745" name="UC01-FA01: O ator informa que o documento para análise é um encaminhamento do Ministério Público">
	<node_order><![CDATA[1]]></node_order>
	<externalid><![CDATA[93]]></externalid>
	<version><![CDATA[1]]></version>
	<summary><![CDATA[<p>
	Inicia-se no passo 3 do Fluxo B&aacute;sico caso o ator marque a op&ccedil;&atilde;o &ldquo;&Eacute; encaminhamento?&rdquo;.</p>
]]></summary>
	<preconditions><![CDATA[<ul>
	<li>
		PC01: O ator deve estar autenticado.</li>
	<li>
		PC02: O ator possui acesso &agrave; funcionalidade.</li>
</ul>
]]></preconditions>
	<execution_type><![CDATA[1]]></execution_type>
	<importance><![CDATA[2]]></importance>
<steps>
<step>
	<step_number><![CDATA[1]]></step_number>
	<actions><![CDATA[<p>
	O ator seleciona no menu Caso -&gt; Novo(a) a op&ccedil;&atilde;o &ldquo;Documento para An&aacute;lise&rdquo;.</p>
]]></actions>
	<expectedresults><![CDATA[<p>
	O sistema apresenta o formul&aacute;rio de cadastro de documento para an&aacute;lise, com o campo Registrador preenchido automaticamente.</p>
]]></expectedresults>
	<execution_type><![CDATA[1]]></execution_type>
</step>

<step>
	<step_number><![CDATA[2]]></step_number>
	<actions><![CDATA[<p>
	O usu&aacute;rio informa o N&uacute;mero de Protocolo.</p>
]]></actions>
	<expectedresults><![CDATA[<p>
	O sistema valida o n&uacute;mero inserido e carrega do Sistema de Gest&atilde;o Documental os campos comunicante, n&uacute;mero do documento, tipo do documento e observa&ccedil;&otilde;es, e apresenta, na se&ccedil;&atilde;o de pe&ccedil;as cadastradas, o documento recuperado a partir do SIGED. [FE01]</p>
]]></expectedresults>
	<execution_type><![CDATA[1]]></execution_type>
</step>

<step>
	<step_number><![CDATA[3]]></step_number>
	<actions><![CDATA[<p>
	O ator preenche o resumo do fato, o nome da opera&ccedil;&atilde;o, caso exista, e os dados restantes do documento para an&aacute;lise. [FA01][FA02][FA03][FA04][FA05][FA06][FE02][FE03][FE04]</p>
]]></actions>
	<expectedresults><![CDATA[<p>
	O sistema exibe os dados preenchidos no formul&aacute;rio.</p>
]]></expectedresults>
	<execution_type><![CDATA[1]]></execution_type>
</step>

<step>
	<step_number><![CDATA[4]]></step_number>
	<actions><![CDATA[<p>
	O ator marca a op&ccedil;&atilde;o &quot;Documento em Anexo?&quot;</p>
]]></actions>
	<expectedresults><![CDATA[<p>
	O sistema apresenta os campos &Oacute;rg&atilde;o de Origem e N&uacute;mero do Processo de Origem para serem preenchidos.</p>
]]></expectedresults>
	<execution_type><![CDATA[1]]></execution_type>
</step>

<step>
	<step_number><![CDATA[5]]></step_number>
	<actions><![CDATA[<p>
	O ator preenche os campos&nbsp; &Oacute;rg&atilde;o de Origem e N&uacute;mero do Processo de Origem.<a href="http://epol.lsd.ufcg.edu.br/testlink/lib/testcases/tcEdit.php?doAction=editStep&amp;testcase_id=844&amp;tcversion_id=845&amp;goback_url=http%3A%2F%2Fepol.lsd.ufcg.edu.br%2Ftestlink%2Flib%2Ftestcases%2FarchiveData.php%3Ftcase_id%3D844%26show_mode%3Dshow&amp;step_id=849"> </a></p>
]]></actions>
	<expectedresults><![CDATA[<p>
	O sistema exibe os campos preenchidos no formul&aacute;rio.</p>
]]></expectedresults>
	<execution_type><![CDATA[1]]></execution_type>
</step>

<step>
	<step_number><![CDATA[6]]></step_number>
	<actions><![CDATA[<p>
	<a href="http://epol.lsd.ufcg.edu.br/testlink/lib/testcases/tcEdit.php?doAction=editStep&amp;testcase_id=836&amp;tcversion_id=837&amp;goback_url=http%3A%2F%2Fepol.lsd.ufcg.edu.br%2Ftestlink%2Flib%2Ftestcases%2FarchiveData.php%3Ftcase_id%3D836%26show_mode%3Dshow&amp;step_id=841">O ator clica em Salvar.</a></p>
]]></actions>
	<expectedresults><![CDATA[<p>
	<a href="http://epol.lsd.ufcg.edu.br/testlink/lib/testcases/tcEdit.php?doAction=editStep&amp;testcase_id=836&amp;tcversion_id=837&amp;goback_url=http%3A%2F%2Fepol.lsd.ufcg.edu.br%2Ftestlink%2Flib%2Ftestcases%2FarchiveData.php%3Ftcase_id%3D836%26show_mode%3Dshow&amp;step_id=841">O sistema:</a></p>
<ul>
	<li>
		<a href="http://epol.lsd.ufcg.edu.br/testlink/lib/testcases/tcEdit.php?doAction=editStep&amp;testcase_id=836&amp;tcversion_id=837&amp;goback_url=http%3A%2F%2Fepol.lsd.ufcg.edu.br%2Ftestlink%2Flib%2Ftestcases%2FarchiveData.php%3Ftcase_id%3D836%26show_mode%3Dshow&amp;step_id=841">Cadastra os dados;</a></li>
	<li>
		<a href="http://epol.lsd.ufcg.edu.br/testlink/lib/testcases/tcEdit.php?doAction=editStep&amp;testcase_id=836&amp;tcversion_id=837&amp;goback_url=http%3A%2F%2Fepol.lsd.ufcg.edu.br%2Ftestlink%2Flib%2Ftestcases%2FarchiveData.php%3Ftcase_id%3D836%26show_mode%3Dshow&amp;step_id=841">Apresenta mensagens de sucesso do cadastro; [MA017][MA033]</a></li>
	<li>
		<a href="http://epol.lsd.ufcg.edu.br/testlink/lib/testcases/tcEdit.php?doAction=editStep&amp;testcase_id=836&amp;tcversion_id=837&amp;goback_url=http%3A%2F%2Fepol.lsd.ufcg.edu.br%2Ftestlink%2Flib%2Ftestcases%2FarchiveData.php%3Ftcase_id%3D836%26show_mode%3Dshow&amp;step_id=841">Cria uma tarefa Analisar Not&iacute;cia-Crime para o analista da unidade;</a></li>
</ul>
]]></expectedresults>
	<execution_type><![CDATA[1]]></execution_type>
</step>
</steps>
<keywords><keyword name="UC01"><notes><![CDATA[

]]></notes></keyword>
</keywords></testcase>

<testcase internalid="10753" name="UC01-FA02: O ator informa que o documento para análise é um flagrante">
	<node_order><![CDATA[2]]></node_order>
	<externalid><![CDATA[92]]></externalid>
	<version><![CDATA[1]]></version>
	<summary><![CDATA[<p>
	Inicia-se no passo 3 do Fluxo B&aacute;sico caso o ator marque a op&ccedil;&atilde;o &ldquo;Flagrante&rdquo;. [RN01.01]</p>
]]></summary>
	<preconditions><![CDATA[<ul>
	<li>
		PC01: O ator deve estar autenticado.</li>
	<li>
		PC02: O ator possui acesso &agrave; funcionalidade.</li>
</ul>
]]></preconditions>
	<execution_type><![CDATA[1]]></execution_type>
	<importance><![CDATA[2]]></importance>
<steps>
<step>
	<step_number><![CDATA[1]]></step_number>
	<actions><![CDATA[<p>
	O ator seleciona no menu Caso -&gt; Novo(a) a op&ccedil;&atilde;o &ldquo;Documento para An&aacute;lise&rdquo;.</p>
]]></actions>
	<expectedresults><![CDATA[<p>
	O sistema apresenta o formul&aacute;rio de cadastro de documento para an&aacute;lise, com o campo Registrador preenchido automaticamente.</p>
]]></expectedresults>
	<execution_type><![CDATA[1]]></execution_type>
</step>

<step>
	<step_number><![CDATA[2]]></step_number>
	<actions><![CDATA[<p>
	O usu&aacute;rio informa o N&uacute;mero de Protocolo.</p>
]]></actions>
	<expectedresults><![CDATA[<p>
	O sistema valida o n&uacute;mero inserido e carrega do Sistema de Gest&atilde;o Documental os campos comunicante, n&uacute;mero do documento, tipo do documento e observa&ccedil;&otilde;es, e apresenta, na se&ccedil;&atilde;o de pe&ccedil;as cadastradas, o documento recuperado a partir do SIGED. [FE01]</p>
]]></expectedresults>
	<execution_type><![CDATA[1]]></execution_type>
</step>

<step>
	<step_number><![CDATA[3]]></step_number>
	<actions><![CDATA[<p>
	O ator preenche o resumo do fato, o nome da opera&ccedil;&atilde;o, caso exista, e os dados restantes do documento para an&aacute;lise. [FA01][FA02][FA03][FA04][FA05][FA06][FE02][FE03][FE04]</p>
]]></actions>
	<expectedresults><![CDATA[<p>
	O sistema exibe os dados preenchidos no formul&aacute;rio.</p>
]]></expectedresults>
	<execution_type><![CDATA[1]]></execution_type>
</step>

<step>
	<step_number><![CDATA[4]]></step_number>
	<actions><![CDATA[<p>
	O ator marca a op&ccedil;&atilde;o &quot;Flagrante&quot;</p>
]]></actions>
	<expectedresults><![CDATA[<p>
	O sistema solicita que o ator selecione o nome do Delegado para quem ser&aacute; enviada a an&aacute;lise do flagrante.</p>
]]></expectedresults>
	<execution_type><![CDATA[1]]></execution_type>
</step>

<step>
	<step_number><![CDATA[5]]></step_number>
	<actions><![CDATA[<p>
	O ator seleciona um dos delegados da unidade.</p>
]]></actions>
	<expectedresults><![CDATA[<p>
	O sistema exibe os dados escolhidos no formul&aacute;rio.</p>
]]></expectedresults>
	<execution_type><![CDATA[1]]></execution_type>
</step>

<step>
	<step_number><![CDATA[6]]></step_number>
	<actions><![CDATA[<p>
	<a href="http://epol.lsd.ufcg.edu.br/testlink/lib/testcases/tcEdit.php?doAction=editStep&amp;testcase_id=836&amp;tcversion_id=837&amp;goback_url=http%3A%2F%2Fepol.lsd.ufcg.edu.br%2Ftestlink%2Flib%2Ftestcases%2FarchiveData.php%3Ftcase_id%3D836%26show_mode%3Dshow&amp;step_id=841">O ator clica em Salvar.</a></p>
]]></actions>
	<expectedresults><![CDATA[<p>
	<a href="http://epol.lsd.ufcg.edu.br/testlink/lib/testcases/tcEdit.php?doAction=editStep&amp;testcase_id=836&amp;tcversion_id=837&amp;goback_url=http%3A%2F%2Fepol.lsd.ufcg.edu.br%2Ftestlink%2Flib%2Ftestcases%2FarchiveData.php%3Ftcase_id%3D836%26show_mode%3Dshow&amp;step_id=841">O sistema:</a></p>
<ul>
	<li>
		<a href="http://epol.lsd.ufcg.edu.br/testlink/lib/testcases/tcEdit.php?doAction=editStep&amp;testcase_id=836&amp;tcversion_id=837&amp;goback_url=http%3A%2F%2Fepol.lsd.ufcg.edu.br%2Ftestlink%2Flib%2Ftestcases%2FarchiveData.php%3Ftcase_id%3D836%26show_mode%3Dshow&amp;step_id=841">Cadastra os dados;</a></li>
	<li>
		<a href="http://epol.lsd.ufcg.edu.br/testlink/lib/testcases/tcEdit.php?doAction=editStep&amp;testcase_id=836&amp;tcversion_id=837&amp;goback_url=http%3A%2F%2Fepol.lsd.ufcg.edu.br%2Ftestlink%2Flib%2Ftestcases%2FarchiveData.php%3Ftcase_id%3D836%26show_mode%3Dshow&amp;step_id=841">Apresenta mensagens de sucesso do cadastro; [MA017][MA033]</a></li>
	<li>
		<a href="http://epol.lsd.ufcg.edu.br/testlink/lib/testcases/tcEdit.php?doAction=editStep&amp;testcase_id=836&amp;tcversion_id=837&amp;goback_url=http%3A%2F%2Fepol.lsd.ufcg.edu.br%2Ftestlink%2Flib%2Ftestcases%2FarchiveData.php%3Ftcase_id%3D836%26show_mode%3Dshow&amp;step_id=841">Cria uma tarefa Analisar Not&iacute;cia-Crime para o analista da unidade;</a></li>
</ul>
]]></expectedresults>
	<execution_type><![CDATA[1]]></execution_type>
</step>
</steps>
<keywords><keyword name="UC01"><notes><![CDATA[

]]></notes></keyword>
</keywords></testcase>

<testcase internalid="10761" name="UC01-FA03: O ator marca o documento para análise como sigiloso">
	<node_order><![CDATA[3]]></node_order>
	<externalid><![CDATA[94]]></externalid>
	<version><![CDATA[1]]></version>
	<summary><![CDATA[<p>
	Inicia-se no passo 3 do Fluxo B&aacute;sico caso o ator marque &ldquo;Sigiloso&rdquo;.</p>
]]></summary>
	<preconditions><![CDATA[<ul>
	<li>
		PC01: O ator deve estar autenticado.</li>
	<li>
		PC02: O ator possui acesso &agrave; funcionalidade.</li>
</ul>
]]></preconditions>
	<execution_type><![CDATA[1]]></execution_type>
	<importance><![CDATA[2]]></importance>
<steps>
<step>
	<step_number><![CDATA[1]]></step_number>
	<actions><![CDATA[<p>
	O ator seleciona no menu Caso -&gt; Novo(a) a op&ccedil;&atilde;o &ldquo;Documento para An&aacute;lise&rdquo;.</p>
]]></actions>
	<expectedresults><![CDATA[<p>
	O sistema apresenta o formul&aacute;rio de cadastro de documento para an&aacute;lise, com o campo Registrador preenchido automaticamente.</p>
]]></expectedresults>
	<execution_type><![CDATA[1]]></execution_type>
</step>

<step>
	<step_number><![CDATA[2]]></step_number>
	<actions><![CDATA[<p>
	O usu&aacute;rio informa o N&uacute;mero de Protocolo.</p>
]]></actions>
	<expectedresults><![CDATA[<p>
	O sistema valida o n&uacute;mero inserido e carrega do Sistema de Gest&atilde;o Documental os campos comunicante, n&uacute;mero do documento, tipo do documento e observa&ccedil;&otilde;es, e apresenta, na se&ccedil;&atilde;o de pe&ccedil;as cadastradas, o documento recuperado a partir do SIGED. [FE01]</p>
]]></expectedresults>
	<execution_type><![CDATA[1]]></execution_type>
</step>

<step>
	<step_number><![CDATA[3]]></step_number>
	<actions><![CDATA[<p>
	O ator preenche o resumo do fato, o nome da opera&ccedil;&atilde;o, caso exista, e os dados restantes do documento para an&aacute;lise. [FA01][FA02][FA03][FA04][FA05][FA06][FE02][FE03][FE04]</p>
]]></actions>
	<expectedresults><![CDATA[<p>
	O sistema exibe os dados preenchidos no formul&aacute;rio.</p>
]]></expectedresults>
	<execution_type><![CDATA[1]]></execution_type>
</step>

<step>
	<step_number><![CDATA[4]]></step_number>
	<actions><![CDATA[<p>
	O ator marca a op&ccedil;&atilde;o &quot;Sigiloso&quot;.</p>
]]></actions>
	<expectedresults><![CDATA[<p>
	O sistema exibe a op&ccedil;&atilde;o &quot;Sigiloso&quot; marcada</p>
]]></expectedresults>
	<execution_type><![CDATA[1]]></execution_type>
</step>

<step>
	<step_number><![CDATA[5]]></step_number>
	<actions><![CDATA[<p>
	<a href="http://epol.lsd.ufcg.edu.br/testlink/lib/testcases/tcEdit.php?doAction=editStep&amp;testcase_id=836&amp;tcversion_id=837&amp;goback_url=http%3A%2F%2Fepol.lsd.ufcg.edu.br%2Ftestlink%2Flib%2Ftestcases%2FarchiveData.php%3Ftcase_id%3D836%26show_mode%3Dshow&amp;step_id=841">O ator clica em Salvar.</a></p>
]]></actions>
	<expectedresults><![CDATA[<p>
	<a href="http://epol.lsd.ufcg.edu.br/testlink/lib/testcases/tcEdit.php?doAction=editStep&amp;testcase_id=836&amp;tcversion_id=837&amp;goback_url=http%3A%2F%2Fepol.lsd.ufcg.edu.br%2Ftestlink%2Flib%2Ftestcases%2FarchiveData.php%3Ftcase_id%3D836%26show_mode%3Dshow&amp;step_id=841">O sistema:</a></p>
<ul>
	<li>
		<a href="http://epol.lsd.ufcg.edu.br/testlink/lib/testcases/tcEdit.php?doAction=editStep&amp;testcase_id=836&amp;tcversion_id=837&amp;goback_url=http%3A%2F%2Fepol.lsd.ufcg.edu.br%2Ftestlink%2Flib%2Ftestcases%2FarchiveData.php%3Ftcase_id%3D836%26show_mode%3Dshow&amp;step_id=841">Cadastra os dados;</a></li>
	<li>
		<a href="http://epol.lsd.ufcg.edu.br/testlink/lib/testcases/tcEdit.php?doAction=editStep&amp;testcase_id=836&amp;tcversion_id=837&amp;goback_url=http%3A%2F%2Fepol.lsd.ufcg.edu.br%2Ftestlink%2Flib%2Ftestcases%2FarchiveData.php%3Ftcase_id%3D836%26show_mode%3Dshow&amp;step_id=841">Apresenta mensagens de sucesso do cadastro; [MA017][MA033]</a></li>
	<li>
		<a href="http://epol.lsd.ufcg.edu.br/testlink/lib/testcases/tcEdit.php?doAction=editStep&amp;testcase_id=836&amp;tcversion_id=837&amp;goback_url=http%3A%2F%2Fepol.lsd.ufcg.edu.br%2Ftestlink%2Flib%2Ftestcases%2FarchiveData.php%3Ftcase_id%3D836%26show_mode%3Dshow&amp;step_id=841">Cria uma tarefa Analisar Not&iacute;cia-Crime para o analista da unidade;</a></li>
</ul>
]]></expectedresults>
	<execution_type><![CDATA[1]]></execution_type>
</step>
</steps>
<keywords><keyword name="UC01"><notes><![CDATA[

]]></notes></keyword>
</keywords></testcase>

<testcase internalid="10768" name="UC01-FA04: O ator marca o documento para análise como segredo de justiça">
	<node_order><![CDATA[4]]></node_order>
	<externalid><![CDATA[95]]></externalid>
	<version><![CDATA[1]]></version>
	<summary><![CDATA[<p>
	Inicia-se no passo 3 do Fluxo B&aacute;sico caso o ator marque &ldquo;Segredo de Justi&ccedil;a&rdquo;.</p>
]]></summary>
	<preconditions><![CDATA[<ul>
	<li>
		PC01: O ator deve estar autenticado.</li>
	<li>
		PC02: O ator possui acesso &agrave; funcionalidade.</li>
</ul>
]]></preconditions>
	<execution_type><![CDATA[1]]></execution_type>
	<importance><![CDATA[2]]></importance>
<steps>
<step>
	<step_number><![CDATA[1]]></step_number>
	<actions><![CDATA[<p>
	O ator seleciona no menu Caso -&gt; Novo(a) a op&ccedil;&atilde;o &ldquo;Documento para An&aacute;lise&rdquo;.</p>
]]></actions>
	<expectedresults><![CDATA[<p>
	O sistema apresenta o formul&aacute;rio de cadastro de documento para an&aacute;lise, com o campo Registrador preenchido automaticamente.</p>
]]></expectedresults>
	<execution_type><![CDATA[1]]></execution_type>
</step>

<step>
	<step_number><![CDATA[2]]></step_number>
	<actions><![CDATA[<p>
	O usu&aacute;rio informa o N&uacute;mero de Protocolo.</p>
]]></actions>
	<expectedresults><![CDATA[<p>
	O sistema valida o n&uacute;mero inserido e carrega do Sistema de Gest&atilde;o Documental os campos comunicante, n&uacute;mero do documento, tipo do documento e observa&ccedil;&otilde;es, e apresenta, na se&ccedil;&atilde;o de pe&ccedil;as cadastradas, o documento recuperado a partir do SIGED. [FE01]</p>
]]></expectedresults>
	<execution_type><![CDATA[1]]></execution_type>
</step>

<step>
	<step_number><![CDATA[3]]></step_number>
	<actions><![CDATA[<p>
	O ator preenche o resumo do fato, o nome da opera&ccedil;&atilde;o, caso exista, e os dados restantes do documento para an&aacute;lise. [FA01][FA02][FA03][FA04][FA05][FA06][FE02][FE03][FE04]</p>
]]></actions>
	<expectedresults><![CDATA[<p>
	O sistema exibe os dados preenchidos no formul&aacute;rio.</p>
]]></expectedresults>
	<execution_type><![CDATA[1]]></execution_type>
</step>

<step>
	<step_number><![CDATA[4]]></step_number>
	<actions><![CDATA[<p>
	O ator marca a op&ccedil;&atilde;o &quot;Segredo de Justi&ccedil;a&quot;.</p>
]]></actions>
	<expectedresults><![CDATA[<p>
	O sistema solicita que seja feito o upload de uma pe&ccedil;a.</p>
]]></expectedresults>
	<execution_type><![CDATA[1]]></execution_type>
</step>

<step>
	<step_number><![CDATA[5]]></step_number>
	<actions><![CDATA[<p>
	O ator faz o upload da pe&ccedil;a.</p>
]]></actions>
	<expectedresults><![CDATA[<p>
	O sistema apresenta uma mensagem de sucesso e marca o caso como segredo de justi&ccedil;a e como sigiloso. [MA027]</p>
]]></expectedresults>
	<execution_type><![CDATA[1]]></execution_type>
</step>

<step>
	<step_number><![CDATA[6]]></step_number>
	<actions><![CDATA[<p>
	<a href="http://epol.lsd.ufcg.edu.br/testlink/lib/testcases/tcEdit.php?doAction=editStep&amp;testcase_id=836&amp;tcversion_id=837&amp;goback_url=http%3A%2F%2Fepol.lsd.ufcg.edu.br%2Ftestlink%2Flib%2Ftestcases%2FarchiveData.php%3Ftcase_id%3D836%26show_mode%3Dshow&amp;step_id=841">O ator clica em Salvar.</a></p>
]]></actions>
	<expectedresults><![CDATA[<p>
	<a href="http://epol.lsd.ufcg.edu.br/testlink/lib/testcases/tcEdit.php?doAction=editStep&amp;testcase_id=836&amp;tcversion_id=837&amp;goback_url=http%3A%2F%2Fepol.lsd.ufcg.edu.br%2Ftestlink%2Flib%2Ftestcases%2FarchiveData.php%3Ftcase_id%3D836%26show_mode%3Dshow&amp;step_id=841">O sistema:</a></p>
<ul>
	<li>
		<a href="http://epol.lsd.ufcg.edu.br/testlink/lib/testcases/tcEdit.php?doAction=editStep&amp;testcase_id=836&amp;tcversion_id=837&amp;goback_url=http%3A%2F%2Fepol.lsd.ufcg.edu.br%2Ftestlink%2Flib%2Ftestcases%2FarchiveData.php%3Ftcase_id%3D836%26show_mode%3Dshow&amp;step_id=841">Cadastra os dados;</a></li>
	<li>
		<a href="http://epol.lsd.ufcg.edu.br/testlink/lib/testcases/tcEdit.php?doAction=editStep&amp;testcase_id=836&amp;tcversion_id=837&amp;goback_url=http%3A%2F%2Fepol.lsd.ufcg.edu.br%2Ftestlink%2Flib%2Ftestcases%2FarchiveData.php%3Ftcase_id%3D836%26show_mode%3Dshow&amp;step_id=841">Apresenta mensagens de sucesso do cadastro; [MA017][MA033]</a></li>
	<li>
		<a href="http://epol.lsd.ufcg.edu.br/testlink/lib/testcases/tcEdit.php?doAction=editStep&amp;testcase_id=836&amp;tcversion_id=837&amp;goback_url=http%3A%2F%2Fepol.lsd.ufcg.edu.br%2Ftestlink%2Flib%2Ftestcases%2FarchiveData.php%3Ftcase_id%3D836%26show_mode%3Dshow&amp;step_id=841">Cria uma tarefa Analisar Not&iacute;cia-Crime para o analista da unidade;</a></li>
</ul>
]]></expectedresults>
	<execution_type><![CDATA[1]]></execution_type>
</step>
</steps>
<keywords><keyword name="UC01"><notes><![CDATA[

]]></notes></keyword>
</keywords></testcase>

<testcase internalid="10776" name="UC01-FA05: O ator deseja cadastrar uma conduta">
	<node_order><![CDATA[5]]></node_order>
	<externalid><![CDATA[96]]></externalid>
	<version><![CDATA[1]]></version>
	<summary><![CDATA[<p>
	Inicia-se no passo 3 do Fluxo B&aacute;sico caso o ator clique em &ldquo;Nova Conduta&rdquo;.</p>
]]></summary>
	<preconditions><![CDATA[<ul>
	<li>
		PC01: O ator deve estar autenticado.</li>
	<li>
		PC02: O ator possui acesso &agrave; funcionalidade.</li>
</ul>
]]></preconditions>
	<execution_type><![CDATA[1]]></execution_type>
	<importance><![CDATA[2]]></importance>
<steps>
<step>
	<step_number><![CDATA[1]]></step_number>
	<actions><![CDATA[<p>
	O ator seleciona no menu Caso -&gt; Novo(a) a op&ccedil;&atilde;o &ldquo;Documento para An&aacute;lise&rdquo;.</p>
]]></actions>
	<expectedresults><![CDATA[<p>
	O sistema apresenta o formul&aacute;rio de cadastro de documento para an&aacute;lise, com o campo Registrador preenchido automaticamente.</p>
]]></expectedresults>
	<execution_type><![CDATA[1]]></execution_type>
</step>

<step>
	<step_number><![CDATA[2]]></step_number>
	<actions><![CDATA[<p>
	O usu&aacute;rio informa o N&uacute;mero de Protocolo.</p>
]]></actions>
	<expectedresults><![CDATA[<p>
	O sistema valida o n&uacute;mero inserido e carrega do Sistema de Gest&atilde;o Documental os campos comunicante, n&uacute;mero do documento, tipo do documento e observa&ccedil;&otilde;es, e apresenta, na se&ccedil;&atilde;o de pe&ccedil;as cadastradas, o documento recuperado a partir do SIGED. [FE01]</p>
]]></expectedresults>
	<execution_type><![CDATA[1]]></execution_type>
</step>

<step>
	<step_number><![CDATA[3]]></step_number>
	<actions><![CDATA[<p>
	O ator preenche o resumo do fato, o nome da opera&ccedil;&atilde;o, caso exista, e os dados restantes do documento para an&aacute;lise. [FA01][FA02][FA03][FA04][FA05][FA06][FE02][FE03][FE04]</p>
]]></actions>
	<expectedresults><![CDATA[<p>
	O sistema exibe os dados preenchidos no formul&aacute;rio.</p>
]]></expectedresults>
	<execution_type><![CDATA[1]]></execution_type>
</step>

<step>
	<step_number><![CDATA[4]]></step_number>
	<actions><![CDATA[<p>
	O ator clica no bot&atilde;o &quot;Nova Conduta&quot;</p>
]]></actions>
	<expectedresults><![CDATA[<p>
	O sistema inclui o caso de uso Cadastrar Conduta. [UC11]</p>
]]></expectedresults>
	<execution_type><![CDATA[1]]></execution_type>
</step>

<step>
	<step_number><![CDATA[5]]></step_number>
	<actions><![CDATA[<p>
	<a href="http://epol.lsd.ufcg.edu.br/testlink/lib/testcases/tcEdit.php?doAction=editStep&amp;testcase_id=836&amp;tcversion_id=837&amp;goback_url=http%3A%2F%2Fepol.lsd.ufcg.edu.br%2Ftestlink%2Flib%2Ftestcases%2FarchiveData.php%3Ftcase_id%3D836%26show_mode%3Dshow&amp;step_id=841">O ator clica em Salvar.</a></p>
]]></actions>
	<expectedresults><![CDATA[<p>
	<a href="http://epol.lsd.ufcg.edu.br/testlink/lib/testcases/tcEdit.php?doAction=editStep&amp;testcase_id=836&amp;tcversion_id=837&amp;goback_url=http%3A%2F%2Fepol.lsd.ufcg.edu.br%2Ftestlink%2Flib%2Ftestcases%2FarchiveData.php%3Ftcase_id%3D836%26show_mode%3Dshow&amp;step_id=841">O sistema:</a></p>
<ul>
	<li>
		<a href="http://epol.lsd.ufcg.edu.br/testlink/lib/testcases/tcEdit.php?doAction=editStep&amp;testcase_id=836&amp;tcversion_id=837&amp;goback_url=http%3A%2F%2Fepol.lsd.ufcg.edu.br%2Ftestlink%2Flib%2Ftestcases%2FarchiveData.php%3Ftcase_id%3D836%26show_mode%3Dshow&amp;step_id=841">Cadastra os dados;</a></li>
	<li>
		<a href="http://epol.lsd.ufcg.edu.br/testlink/lib/testcases/tcEdit.php?doAction=editStep&amp;testcase_id=836&amp;tcversion_id=837&amp;goback_url=http%3A%2F%2Fepol.lsd.ufcg.edu.br%2Ftestlink%2Flib%2Ftestcases%2FarchiveData.php%3Ftcase_id%3D836%26show_mode%3Dshow&amp;step_id=841">Apresenta mensagens de sucesso do cadastro; [MA017][MA033]</a></li>
	<li>
		<a href="http://epol.lsd.ufcg.edu.br/testlink/lib/testcases/tcEdit.php?doAction=editStep&amp;testcase_id=836&amp;tcversion_id=837&amp;goback_url=http%3A%2F%2Fepol.lsd.ufcg.edu.br%2Ftestlink%2Flib%2Ftestcases%2FarchiveData.php%3Ftcase_id%3D836%26show_mode%3Dshow&amp;step_id=841">Cria uma tarefa Analisar Not&iacute;cia-Crime para o analista da unidade;</a></li>
</ul>
]]></expectedresults>
	<execution_type><![CDATA[1]]></execution_type>
</step>
</steps>
<keywords><keyword name="UC01"><notes><![CDATA[

]]></notes></keyword>
<keyword name="UC11"><notes><![CDATA[

]]></notes></keyword>
</keywords></testcase>

<testcase internalid="10783" name="UC01-FA06: O ator deseja cadastrar um envolvimento">
	<node_order><![CDATA[6]]></node_order>
	<externalid><![CDATA[97]]></externalid>
	<version><![CDATA[1]]></version>
	<summary><![CDATA[<p>
	Inicia-se no passo 3 do Fluxo B&aacute;sico caso o ator clique em &ldquo;Novo Envolvimento&rdquo;.</p>
]]></summary>
	<preconditions><![CDATA[<ul>
	<li>
		PC01: O ator deve estar autenticado.</li>
	<li>
		PC02: O ator possui acesso &agrave; funcionalidade.</li>
</ul>
]]></preconditions>
	<execution_type><![CDATA[1]]></execution_type>
	<importance><![CDATA[2]]></importance>
<steps>
<step>
	<step_number><![CDATA[1]]></step_number>
	<actions><![CDATA[<p>
	O ator seleciona no menu Caso -&gt; Novo(a) a op&ccedil;&atilde;o &ldquo;Documento para An&aacute;lise&rdquo;.</p>
]]></actions>
	<expectedresults><![CDATA[<p>
	O sistema apresenta o formul&aacute;rio de cadastro de documento para an&aacute;lise, com o campo Registrador preenchido automaticamente.</p>
]]></expectedresults>
	<execution_type><![CDATA[1]]></execution_type>
</step>

<step>
	<step_number><![CDATA[2]]></step_number>
	<actions><![CDATA[<p>
	O usu&aacute;rio informa o N&uacute;mero de Protocolo.</p>
]]></actions>
	<expectedresults><![CDATA[<p>
	O sistema valida o n&uacute;mero inserido e carrega do Sistema de Gest&atilde;o Documental os campos comunicante, n&uacute;mero do documento, tipo do documento e observa&ccedil;&otilde;es, e apresenta, na se&ccedil;&atilde;o de pe&ccedil;as cadastradas, o documento recuperado a partir do SIGED. [FE01]</p>
]]></expectedresults>
	<execution_type><![CDATA[1]]></execution_type>
</step>

<step>
	<step_number><![CDATA[3]]></step_number>
	<actions><![CDATA[<p>
	O ator preenche o resumo do fato, o nome da opera&ccedil;&atilde;o, caso exista, e os dados restantes do documento para an&aacute;lise. [FA01][FA02][FA03][FA04][FA05][FA06][FE02][FE03][FE04]</p>
]]></actions>
	<expectedresults><![CDATA[<p>
	O sistema exibe os dados preenchidos no formul&aacute;rio.</p>
]]></expectedresults>
	<execution_type><![CDATA[1]]></execution_type>
</step>

<step>
	<step_number><![CDATA[4]]></step_number>
	<actions><![CDATA[<p>
	O ator clica no bot&atilde;o &quot;Novo Envolvimento&quot;</p>
]]></actions>
	<expectedresults><![CDATA[<p>
	O sistema inclui o caso de uso Buscar Envolvido. [FA07] [UC20]</p>
]]></expectedresults>
	<execution_type><![CDATA[1]]></execution_type>
</step>

<step>
	<step_number><![CDATA[5]]></step_number>
	<actions><![CDATA[<p>
	O ator seleciona um envolvido.</p>
]]></actions>
	<expectedresults><![CDATA[<p>
	O sistema inclui o caso de uso Cadastrar Envolvimento. [UC13]</p>
]]></expectedresults>
	<execution_type><![CDATA[1]]></execution_type>
</step>

<step>
	<step_number><![CDATA[6]]></step_number>
	<actions><![CDATA[<p>
	<a href="http://epol.lsd.ufcg.edu.br/testlink/lib/testcases/tcEdit.php?doAction=editStep&amp;testcase_id=836&amp;tcversion_id=837&amp;goback_url=http%3A%2F%2Fepol.lsd.ufcg.edu.br%2Ftestlink%2Flib%2Ftestcases%2FarchiveData.php%3Ftcase_id%3D836%26show_mode%3Dshow&amp;step_id=841">O ator clica em Salvar.</a></p>
]]></actions>
	<expectedresults><![CDATA[<p>
	<a href="http://epol.lsd.ufcg.edu.br/testlink/lib/testcases/tcEdit.php?doAction=editStep&amp;testcase_id=836&amp;tcversion_id=837&amp;goback_url=http%3A%2F%2Fepol.lsd.ufcg.edu.br%2Ftestlink%2Flib%2Ftestcases%2FarchiveData.php%3Ftcase_id%3D836%26show_mode%3Dshow&amp;step_id=841">O sistema:</a></p>
<ul>
	<li>
		<a href="http://epol.lsd.ufcg.edu.br/testlink/lib/testcases/tcEdit.php?doAction=editStep&amp;testcase_id=836&amp;tcversion_id=837&amp;goback_url=http%3A%2F%2Fepol.lsd.ufcg.edu.br%2Ftestlink%2Flib%2Ftestcases%2FarchiveData.php%3Ftcase_id%3D836%26show_mode%3Dshow&amp;step_id=841">Cadastra os dados;</a></li>
	<li>
		<a href="http://epol.lsd.ufcg.edu.br/testlink/lib/testcases/tcEdit.php?doAction=editStep&amp;testcase_id=836&amp;tcversion_id=837&amp;goback_url=http%3A%2F%2Fepol.lsd.ufcg.edu.br%2Ftestlink%2Flib%2Ftestcases%2FarchiveData.php%3Ftcase_id%3D836%26show_mode%3Dshow&amp;step_id=841">Apresenta mensagens de sucesso do cadastro; [MA017][MA033]</a></li>
	<li>
		<a href="http://epol.lsd.ufcg.edu.br/testlink/lib/testcases/tcEdit.php?doAction=editStep&amp;testcase_id=836&amp;tcversion_id=837&amp;goback_url=http%3A%2F%2Fepol.lsd.ufcg.edu.br%2Ftestlink%2Flib%2Ftestcases%2FarchiveData.php%3Ftcase_id%3D836%26show_mode%3Dshow&amp;step_id=841">Cria uma tarefa Analisar Not&iacute;cia-Crime para o analista da unidade;</a></li>
	<li>
		<a href="http://epol.lsd.ufcg.edu.br/testlink/lib/testcases/tcEdit.php?doAction=editStep&amp;testcase_id=836&amp;tcversion_id=837&amp;goback_url=http%3A%2F%2Fepol.lsd.ufcg.edu.br%2Ftestlink%2Flib%2Ftestcases%2FarchiveData.php%3Ftcase_id%3D836%26show_mode%3Dshow&amp;step_id=841">E finaliza o Caso de Uso.</a></li>
</ul>
]]></expectedresults>
	<execution_type><![CDATA[1]]></execution_type>
</step>
</steps>
<keywords><keyword name="UC01"><notes><![CDATA[

]]></notes></keyword>
<keyword name="UC13"><notes><![CDATA[

]]></notes></keyword>
<keyword name="UC20"><notes><![CDATA[

]]></notes></keyword>
</keywords></testcase>

<testcase internalid="10791" name="UC01-FA07: O ator deseja cadastrar um envolvido">
	<node_order><![CDATA[7]]></node_order>
	<externalid><![CDATA[98]]></externalid>
	<version><![CDATA[1]]></version>
	<summary><![CDATA[<p>
	Inicia-se no passo 4 do Fluxo Alternativo 06 caso o ator clique em &ldquo;Novo Envolvido&rdquo;.</p>
]]></summary>
	<preconditions><![CDATA[<ul>
	<li>
		PC01: O ator deve estar autenticado.</li>
	<li>
		PC02: O ator possui acesso &agrave; funcionalidade.</li>
</ul>
]]></preconditions>
	<execution_type><![CDATA[1]]></execution_type>
	<importance><![CDATA[2]]></importance>
<steps>
<step>
	<step_number><![CDATA[1]]></step_number>
	<actions><![CDATA[<p>
	O ator seleciona no menu Caso -&gt; Novo(a) a op&ccedil;&atilde;o &ldquo;Documento para An&aacute;lise&rdquo;.</p>
]]></actions>
	<expectedresults><![CDATA[<p>
	O sistema apresenta o formul&aacute;rio de cadastro de documento para an&aacute;lise, com o campo Registrador preenchido automaticamente.</p>
]]></expectedresults>
	<execution_type><![CDATA[1]]></execution_type>
</step>

<step>
	<step_number><![CDATA[2]]></step_number>
	<actions><![CDATA[<p>
	O usu&aacute;rio informa o N&uacute;mero de Protocolo.</p>
]]></actions>
	<expectedresults><![CDATA[<p>
	O sistema valida o n&uacute;mero inserido e carrega do Sistema de Gest&atilde;o Documental os campos comunicante, n&uacute;mero do documento, tipo do documento e observa&ccedil;&otilde;es, e apresenta, na se&ccedil;&atilde;o de pe&ccedil;as cadastradas, o documento recuperado a partir do SIGED. [FE01]</p>
]]></expectedresults>
	<execution_type><![CDATA[1]]></execution_type>
</step>

<step>
	<step_number><![CDATA[3]]></step_number>
	<actions><![CDATA[<p>
	O ator preenche o resumo do fato, o nome da opera&ccedil;&atilde;o, caso exista, e os dados restantes do documento para an&aacute;lise. [FA01][FA02][FA03][FA04][FA05][FA06][FE02][FE03][FE04]</p>
]]></actions>
	<expectedresults><![CDATA[<p>
	O sistema exibe os dados preenchidos no formul&aacute;rio.</p>
]]></expectedresults>
	<execution_type><![CDATA[1]]></execution_type>
</step>

<step>
	<step_number><![CDATA[4]]></step_number>
	<actions><![CDATA[<p>
	O ator clica no bot&atilde;o &quot;Novo Envolvimento&quot;</p>
]]></actions>
	<expectedresults><![CDATA[<p>
	O sistema inclui o caso de uso Buscar Envolvido. [FA07] [UC20]</p>
]]></expectedresults>
	<execution_type><![CDATA[1]]></execution_type>
</step>

<step>
	<step_number><![CDATA[5]]></step_number>
	<actions><![CDATA[<p>
	O ator clica no bot&atilde;o &quot;Novo Envolvido&quot;</p>
]]></actions>
	<expectedresults><![CDATA[<p>
	O sistema inclui o caso de uso Cadastrar Pessoa. [UC12]</p>
]]></expectedresults>
	<execution_type><![CDATA[1]]></execution_type>
</step>

<step>
	<step_number><![CDATA[6]]></step_number>
	<actions><![CDATA[<p>
	O ator seleciona um envolvido.</p>
]]></actions>
	<expectedresults><![CDATA[<p>
	O sistema inclui o caso de uso Cadastrar Envolvimento. [UC13]</p>
]]></expectedresults>
	<execution_type><![CDATA[1]]></execution_type>
</step>

<step>
	<step_number><![CDATA[7]]></step_number>
	<actions><![CDATA[<p>
	<a href="http://epol.lsd.ufcg.edu.br/testlink/lib/testcases/tcEdit.php?doAction=editStep&amp;testcase_id=836&amp;tcversion_id=837&amp;goback_url=http%3A%2F%2Fepol.lsd.ufcg.edu.br%2Ftestlink%2Flib%2Ftestcases%2FarchiveData.php%3Ftcase_id%3D836%26show_mode%3Dshow&amp;step_id=841">O ator clica em Salvar.</a></p>
]]></actions>
	<expectedresults><![CDATA[<p>
	<a href="http://epol.lsd.ufcg.edu.br/testlink/lib/testcases/tcEdit.php?doAction=editStep&amp;testcase_id=836&amp;tcversion_id=837&amp;goback_url=http%3A%2F%2Fepol.lsd.ufcg.edu.br%2Ftestlink%2Flib%2Ftestcases%2FarchiveData.php%3Ftcase_id%3D836%26show_mode%3Dshow&amp;step_id=841">O sistema:</a></p>
<ul>
	<li>
		<a href="http://epol.lsd.ufcg.edu.br/testlink/lib/testcases/tcEdit.php?doAction=editStep&amp;testcase_id=836&amp;tcversion_id=837&amp;goback_url=http%3A%2F%2Fepol.lsd.ufcg.edu.br%2Ftestlink%2Flib%2Ftestcases%2FarchiveData.php%3Ftcase_id%3D836%26show_mode%3Dshow&amp;step_id=841">Cadastra os dados;</a></li>
	<li>
		<a href="http://epol.lsd.ufcg.edu.br/testlink/lib/testcases/tcEdit.php?doAction=editStep&amp;testcase_id=836&amp;tcversion_id=837&amp;goback_url=http%3A%2F%2Fepol.lsd.ufcg.edu.br%2Ftestlink%2Flib%2Ftestcases%2FarchiveData.php%3Ftcase_id%3D836%26show_mode%3Dshow&amp;step_id=841">Apresenta mensagens de sucesso do cadastro; [MA017][MA033]</a></li>
	<li>
		<a href="http://epol.lsd.ufcg.edu.br/testlink/lib/testcases/tcEdit.php?doAction=editStep&amp;testcase_id=836&amp;tcversion_id=837&amp;goback_url=http%3A%2F%2Fepol.lsd.ufcg.edu.br%2Ftestlink%2Flib%2Ftestcases%2FarchiveData.php%3Ftcase_id%3D836%26show_mode%3Dshow&amp;step_id=841">Cria uma tarefa Analisar Not&iacute;cia-Crime para o analista da unidade;</a></li>
</ul>
]]></expectedresults>
	<execution_type><![CDATA[1]]></execution_type>
</step>
</steps>
<keywords><keyword name="UC01"><notes><![CDATA[

]]></notes></keyword>
<keyword name="UC12"><notes><![CDATA[

]]></notes></keyword>
<keyword name="UC13"><notes><![CDATA[

]]></notes></keyword>
<keyword name="UC20"><notes><![CDATA[

]]></notes></keyword>
</keywords></testcase>

<testcase internalid="10800" name="UC01-FE01: O ator informa um número de protocolo inexistente">
	<node_order><![CDATA[8]]></node_order>
	<externalid><![CDATA[100]]></externalid>
	<version><![CDATA[1]]></version>
	<summary><![CDATA[<p>
	Inicia-se no passo 2 do Fluxo B&aacute;sico, caso o ator informe um n&uacute;mero de protocolo inexistente.</p>
]]></summary>
	<preconditions><![CDATA[<ul>
	<li>
		PC01: O ator deve estar autenticado.</li>
	<li>
		PC02: O ator possui acesso &agrave; funcionalidade.</li>
</ul>
]]></preconditions>
	<execution_type><![CDATA[1]]></execution_type>
	<importance><![CDATA[2]]></importance>
<steps>
<step>
	<step_number><![CDATA[1]]></step_number>
	<actions><![CDATA[<p>
	O ator seleciona no menu Caso -&gt; Novo(a) a op&ccedil;&atilde;o &ldquo;Documento para An&aacute;lise&rdquo;.</p>
]]></actions>
	<expectedresults><![CDATA[<p>
	O sistema apresenta o formul&aacute;rio de cadastro de documento para an&aacute;lise, com o campo Registrador preenchido automaticamente.</p>
]]></expectedresults>
	<execution_type><![CDATA[1]]></execution_type>
</step>

<step>
	<step_number><![CDATA[2]]></step_number>
	<actions><![CDATA[<p>
	O usu&aacute;rio informa um n&uacute;mero de protocolo inexistente.</p>
]]></actions>
	<expectedresults><![CDATA[<p>
	O sistema apresenta a mensagem de erro.</p>
]]></expectedresults>
	<execution_type><![CDATA[1]]></execution_type>
</step>

<step>
	<step_number><![CDATA[3]]></step_number>
	<actions><![CDATA[<p>
	O usu&aacute;rio informa o N&uacute;mero de Protocolo.</p>
]]></actions>
	<expectedresults><![CDATA[<p>
	O sistema valida o n&uacute;mero inserido e carrega do Sistema de Gest&atilde;o Documental os campos comunicante, n&uacute;mero do documento, tipo do documento e observa&ccedil;&otilde;es, e apresenta, na se&ccedil;&atilde;o de pe&ccedil;as cadastradas, o documento recuperado a partir do SIGED. [FE01]</p>
]]></expectedresults>
	<execution_type><![CDATA[1]]></execution_type>
</step>

<step>
	<step_number><![CDATA[4]]></step_number>
	<actions><![CDATA[<p>
	O ator preenche o resumo do fato, o nome da opera&ccedil;&atilde;o, caso exista, e os dados restantes do documento para an&aacute;lise. [FA01][FA02][FA03][FA04][FA05][FA06][FE02][FE03][FE04]</p>
]]></actions>
	<expectedresults><![CDATA[<p>
	O sistema exibe os dados preenchidos no formul&aacute;rio.</p>
]]></expectedresults>
	<execution_type><![CDATA[1]]></execution_type>
</step>

<step>
	<step_number><![CDATA[5]]></step_number>
	<actions><![CDATA[<p>
	O ator clica em Salvar.</p>
]]></actions>
	<expectedresults><![CDATA[<p>
	O sistema:</p>
<ul>
	<li>
		Cadastra os dados;</li>
	<li>
		Apresenta mensagens de sucesso do cadastro; [MA017][MA033]</li>
	<li>
		Cria uma tarefa Analisar Not&iacute;cia-Crime para o analista da unidade;</li>
</ul>
]]></expectedresults>
	<execution_type><![CDATA[1]]></execution_type>
</step>
</steps>
<keywords><keyword name="UC01"><notes><![CDATA[

]]></notes></keyword>
</keywords></testcase>

<testcase internalid="10807" name="UC01-FE02: O ator não informa um número de protocolo.">
	<node_order><![CDATA[9]]></node_order>
	<externalid><![CDATA[101]]></externalid>
	<version><![CDATA[1]]></version>
	<summary><![CDATA[<p>
	Inicia-se ap&oacute;s o passo 3 do Fluxo B&aacute;sico, caso o ator n&atilde;o tenha informado um n&uacute;mero de protocolo.</p>
]]></summary>
	<preconditions><![CDATA[<ul>
	<li>
		PC01: O ator deve estar autenticado.</li>
	<li>
		PC02: O ator possui acesso &agrave; funcionalidade.</li>
</ul>
]]></preconditions>
	<execution_type><![CDATA[1]]></execution_type>
	<importance><![CDATA[2]]></importance>
<steps>
<step>
	<step_number><![CDATA[1]]></step_number>
	<actions><![CDATA[<p>
	O ator seleciona no menu Caso -&gt; Novo(a) a op&ccedil;&atilde;o &ldquo;Documento para An&aacute;lise&rdquo;.</p>
]]></actions>
	<expectedresults><![CDATA[<p>
	O sistema apresenta o formul&aacute;rio de cadastro de documento para an&aacute;lise, com o campo Registrador preenchido automaticamente.</p>
]]></expectedresults>
	<execution_type><![CDATA[1]]></execution_type>
</step>

<step>
	<step_number><![CDATA[2]]></step_number>
	<actions><![CDATA[<p>
	O ator n&atilde;o informa um n&uacute;mero de protocolo.</p>
]]></actions>
	<expectedresults><![CDATA[<p>
	O sistema n&atilde;o exibe nenhum n&uacute;mero de protocolo preenchido.</p>
]]></expectedresults>
	<execution_type><![CDATA[1]]></execution_type>
</step>

<step>
	<step_number><![CDATA[3]]></step_number>
	<actions><![CDATA[<p>
	O ator preenche o resumo do fato, o nome da opera&ccedil;&atilde;o, caso exista, e os dados restantes do documento para an&aacute;lise. [FA01][FA02][FA03][FA04][FA05][FA06][FE02][FE03][FE04]</p>
]]></actions>
	<expectedresults><![CDATA[<p>
	O sistema exibe os dados preenchidos no formul&aacute;rio.</p>
]]></expectedresults>
	<execution_type><![CDATA[1]]></execution_type>
</step>

<step>
	<step_number><![CDATA[4]]></step_number>
	<actions><![CDATA[<p>
	O ator clica em Salvar.</p>
]]></actions>
	<expectedresults><![CDATA[<p>
	O sistema exibe uma mensagem de erro.</p>
]]></expectedresults>
	<execution_type><![CDATA[1]]></execution_type>
</step>

<step>
	<step_number><![CDATA[5]]></step_number>
	<actions><![CDATA[<p>
	O ator informa o n&uacute;mero de protocolo.</p>
]]></actions>
	<expectedresults><![CDATA[<p>
	O sistema valida o n&uacute;mero inserido e carrega do Sistema de Gest&atilde;o Documental os campos comunicante, n&uacute;mero do documento, tipo do documento e observa&ccedil;&otilde;es, e apresenta, na se&ccedil;&atilde;o de pe&ccedil;as cadastradas, o documento recuperado a partir do SIGED. [FE01]</p>
]]></expectedresults>
	<execution_type><![CDATA[1]]></execution_type>
</step>

<step>
	<step_number><![CDATA[6]]></step_number>
	<actions><![CDATA[<p>
	<a href="http://epol.lsd.ufcg.edu.br/testlink/lib/testcases/tcEdit.php?doAction=editStep&amp;testcase_id=910&amp;tcversion_id=911&amp;goback_url=http%3A%2F%2Fepol.lsd.ufcg.edu.br%2Ftestlink%2Flib%2Ftestcases%2FarchiveData.php%3Ftcase_id%3D910%26show_mode%3Dshow&amp;step_id=915">O ator preenche o resumo do fato, o nome da opera&ccedil;&atilde;o, caso exista, e os dados restantes do documento para an&aacute;lise. [FA01][FA02][FA03][FA04][FA05][FA06][FE02][FE03][FE04]</a>.</p>
]]></actions>
	<expectedresults><![CDATA[<p>
	<a href="http://epol.lsd.ufcg.edu.br/testlink/lib/testcases/tcEdit.php?doAction=editStep&amp;testcase_id=910&amp;tcversion_id=911&amp;goback_url=http%3A%2F%2Fepol.lsd.ufcg.edu.br%2Ftestlink%2Flib%2Ftestcases%2FarchiveData.php%3Ftcase_id%3D910%26show_mode%3Dshow&amp;step_id=915">O sistema exibe os dados preenchidos no formul&aacute;rio.</a></p>
]]></expectedresults>
	<execution_type><![CDATA[1]]></execution_type>
</step>

<step>
	<step_number><![CDATA[7]]></step_number>
	<actions><![CDATA[<p>
	O ator clica em Salvar.</p>
]]></actions>
	<expectedresults><![CDATA[<p>
	O sistema:</p>
<ul>
	<li>
		Cadastra os dados;</li>
	<li>
		Apresenta mensagens de sucesso do cadastro; [MA017][MA033]</li>
	<li>
		Cria uma tarefa Analisar Not&iacute;cia-Crime para o analista da unidade;</li>
</ul>
]]></expectedresults>
	<execution_type><![CDATA[1]]></execution_type>
</step>
</steps>
<keywords><keyword name="UC01"><notes><![CDATA[

]]></notes></keyword>
</keywords></testcase>

<testcase internalid="10816" name="UC01-FE03: O ator não informa o resumo do fato.">
	<node_order><![CDATA[10]]></node_order>
	<externalid><![CDATA[102]]></externalid>
	<version><![CDATA[1]]></version>
	<summary><![CDATA[<p>
	Inicia-se ap&oacute;s o passo 4 do Fluxo B&aacute;sico, caso o ator n&atilde;o tenha informado o resumo do fato.</p>
]]></summary>
	<preconditions><![CDATA[<ul>
	<li>
		PC01: O ator deve estar autenticado.</li>
	<li>
		PC02: O ator possui acesso &agrave; funcionalidade.</li>
</ul>
]]></preconditions>
	<execution_type><![CDATA[1]]></execution_type>
	<importance><![CDATA[2]]></importance>
<steps>
<step>
	<step_number><![CDATA[1]]></step_number>
	<actions><![CDATA[<p>
	O ator seleciona no menu Caso -&gt; Novo(a) a op&ccedil;&atilde;o &ldquo;Documento para An&aacute;lise&rdquo;.</p>
]]></actions>
	<expectedresults><![CDATA[<p>
	O sistema apresenta o formul&aacute;rio de cadastro de documento para an&aacute;lise, com o campo Registrador preenchido automaticamente.</p>
]]></expectedresults>
	<execution_type><![CDATA[1]]></execution_type>
</step>

<step>
	<step_number><![CDATA[2]]></step_number>
	<actions><![CDATA[<p>
	O usu&aacute;rio informa o N&uacute;mero de Protocolo.</p>
]]></actions>
	<expectedresults><![CDATA[<p>
	O sistema valida o n&uacute;mero inserido e carrega do Sistema de Gest&atilde;o Documental os campos comunicante, n&uacute;mero do documento, tipo do documento e observa&ccedil;&otilde;es, e apresenta, na se&ccedil;&atilde;o de pe&ccedil;as cadastradas, o documento recuperado a partir do SIGED. [FE01]</p>
]]></expectedresults>
	<execution_type><![CDATA[1]]></execution_type>
</step>

<step>
	<step_number><![CDATA[3]]></step_number>
	<actions><![CDATA[<p>
	O ator n&atilde;o preenche o resumo do fato.</p>
]]></actions>
	<expectedresults><![CDATA[<p>
	O sistema n&atilde;o exibe nada no campo resumo do fato.</p>
]]></expectedresults>
	<execution_type><![CDATA[1]]></execution_type>
</step>

<step>
	<step_number><![CDATA[4]]></step_number>
	<actions><![CDATA[<p>
	O ator clica em Salvar.</p>
]]></actions>
	<expectedresults><![CDATA[<p>
	O sistema apresenta a mensagem de erro. [MA012]</p>
]]></expectedresults>
	<execution_type><![CDATA[1]]></execution_type>
</step>

<step>
	<step_number><![CDATA[5]]></step_number>
	<actions><![CDATA[<p>
	O ator preenche o resumo do fato, o nome da opera&ccedil;&atilde;o, caso exista, e os dados restantes do documento para an&aacute;lise. [FA01][FA02][FA03][FA04][FA05][FA06][FE02][FE03][FE04]</p>
]]></actions>
	<expectedresults><![CDATA[<p>
	O sistema exibe os dados preenchidos no formul&aacute;rio.</p>
]]></expectedresults>
	<execution_type><![CDATA[1]]></execution_type>
</step>

<step>
	<step_number><![CDATA[6]]></step_number>
	<actions><![CDATA[<p>
	O ator clica em Salvar.</p>
]]></actions>
	<expectedresults><![CDATA[<p>
	O sistema:</p>
<ul>
	<li>
		Cadastra os dados;</li>
	<li>
		Apresenta mensagens de sucesso do cadastro; [MA017][MA033]</li>
	<li>
		Cria uma tarefa Analisar Not&iacute;cia-Crime para o analista da unidade;</li>
</ul>
]]></expectedresults>
	<execution_type><![CDATA[1]]></execution_type>
</step>
</steps>
<keywords><keyword name="UC01"><notes><![CDATA[

]]></notes></keyword>
</keywords></testcase>

<testcase internalid="10824" name="UC01-FE04: O ator informa um número de CEP inválido">
	<node_order><![CDATA[11]]></node_order>
	<externalid><![CDATA[103]]></externalid>
	<version><![CDATA[1]]></version>
	<summary><![CDATA[<p>
	Inicia-se ap&oacute;s o passo 4 do Fluxo B&aacute;sico, caso o ator tenha fornecido um n&uacute;mero de CEP inv&aacute;lido.</p>
]]></summary>
	<preconditions><![CDATA[<ul>
	<li>
		PC01: O ator deve estar autenticado.</li>
	<li>
		PC02: O ator possui acesso &agrave; funcionalidade.</li>
</ul>
]]></preconditions>
	<execution_type><![CDATA[1]]></execution_type>
	<importance><![CDATA[2]]></importance>
<steps>
<step>
	<step_number><![CDATA[1]]></step_number>
	<actions><![CDATA[<p>
	O ator seleciona no menu Caso -&gt; Novo(a) a op&ccedil;&atilde;o &ldquo;Documento para An&aacute;lise&rdquo;.</p>
]]></actions>
	<expectedresults><![CDATA[<p>
	O sistema apresenta o formul&aacute;rio de cadastro de documento para an&aacute;lise, com o campo Registrador preenchido automaticamente.</p>
]]></expectedresults>
	<execution_type><![CDATA[1]]></execution_type>
</step>

<step>
	<step_number><![CDATA[2]]></step_number>
	<actions><![CDATA[<p>
	O usu&aacute;rio informa o N&uacute;mero de Protocolo.</p>
]]></actions>
	<expectedresults><![CDATA[<p>
	O sistema valida o n&uacute;mero inserido e carrega do Sistema de Gest&atilde;o Documental os campos comunicante, n&uacute;mero do documento, tipo do documento e observa&ccedil;&otilde;es, e apresenta, na se&ccedil;&atilde;o de pe&ccedil;as cadastradas, o documento recuperado a partir do SIGED. [FE01]</p>
]]></expectedresults>
	<execution_type><![CDATA[1]]></execution_type>
</step>

<step>
	<step_number><![CDATA[3]]></step_number>
	<actions><![CDATA[<p>
	O ator preenche o resumo do fato, o nome da opera&ccedil;&atilde;o, caso exista, e os dados restantes do documento para an&aacute;lise. [FA01][FA02][FA03][FA04][FA05][FA06][FE02][FE03][FE04]</p>
]]></actions>
	<expectedresults><![CDATA[<p>
	O sistema exibe os dados preenchidos no formul&aacute;rio.</p>
]]></expectedresults>
	<execution_type><![CDATA[1]]></execution_type>
</step>

<step>
	<step_number><![CDATA[4]]></step_number>
	<actions><![CDATA[<p>
	O ator informa um n&uacute;mero de CEP inv&aacute;lido.</p>
]]></actions>
	<expectedresults><![CDATA[<p>
	O sistema exibe o n&uacute;mero do CEP preenchido.</p>
]]></expectedresults>
	<execution_type><![CDATA[1]]></execution_type>
</step>

<step>
	<step_number><![CDATA[5]]></step_number>
	<actions><![CDATA[<p>
	O ator clica em Salvar.</p>
]]></actions>
	<expectedresults><![CDATA[<p>
	O sistema apresenta a mensagem de erro. [MA054]</p>
]]></expectedresults>
	<execution_type><![CDATA[1]]></execution_type>
</step>

<step>
	<step_number><![CDATA[6]]></step_number>
	<actions><![CDATA[<p>
	O ator informa um CEP v&aacute;lido.</p>
]]></actions>
	<expectedresults><![CDATA[<p>
	O sistema exibe o n&uacute;mero do CEP preenchido.</p>
]]></expectedresults>
	<execution_type><![CDATA[1]]></execution_type>
</step>

<step>
	<step_number><![CDATA[7]]></step_number>
	<actions><![CDATA[<p>
	O ator clica em Salvar.</p>
]]></actions>
	<expectedresults><![CDATA[<p>
	O sistema:</p>
<ul>
	<li>
		Cadastra os dados;</li>
	<li>
		Apresenta mensagens de sucesso do cadastro; [MA017][MA033]</li>
	<li>
		Cria uma tarefa Analisar Not&iacute;cia-Crime para o analista da unidade;</li>
</ul>
]]></expectedresults>
	<execution_type><![CDATA[1]]></execution_type>
</step>
</steps>
<keywords><keyword name="UC01"><notes><![CDATA[

]]></notes></keyword>
</keywords></testcase>

<testcase internalid="11633" name="Register patient with valid national ID number">
	<node_order><![CDATA[12]]></node_order>
	<externalid><![CDATA[480]]></externalid>
	<version><![CDATA[1]]></version>
	<summary><![CDATA[]]></summary>
	<preconditions><![CDATA[<div>
	Operator is logged in</div>
<div>
	&nbsp;</div>
<div>
	Subscribing service is available</div>
]]></preconditions>
	<execution_type><![CDATA[1]]></execution_type>
	<importance><![CDATA[2]]></importance>
<steps>
<step>
	<step_number><![CDATA[1]]></step_number>
	<actions><![CDATA[<p>
	Operator accesses the register patient menu</p>
]]></actions>
	<expectedresults><![CDATA[<p>
	System presents the necessary fields to enroll a patient</p>
]]></expectedresults>
	<execution_type><![CDATA[1]]></execution_type>
</step>

<step>
	<step_number><![CDATA[2]]></step_number>
	<actions><![CDATA[<p>
	Operator fills the necessary fields with the patient info</p>
]]></actions>
	<expectedresults><![CDATA[<p>
	System presents the filled enrollment form</p>
]]></expectedresults>
	<execution_type><![CDATA[1]]></execution_type>
</step>

<step>
	<step_number><![CDATA[3]]></step_number>
	<actions><![CDATA[<p>
	Operator clicks the confirm button</p>
]]></actions>
	<expectedresults><![CDATA[<p>
	System makes an asynchronous request for the Subscribing service. Service&#39;s response states that the patient has ben successfully registered.</p>
]]></expectedresults>
	<execution_type><![CDATA[1]]></execution_type>
</step>
</steps>
<keywords><keyword name="REQ002"><notes><![CDATA[

]]></notes></keyword>
</keywords></testcase>
</testsuite><testsuite name="UC02: Analisar Documento Enviado Para Análise" >
<node_order><![CDATA[1]]></node_order>
<details><![CDATA[]]></details> 

<testcase internalid="10834" name="UC02-FB: Analisar documento enviado para análise">
	<node_order><![CDATA[0]]></node_order>
	<externalid><![CDATA[104]]></externalid>
	<version><![CDATA[1]]></version>
	<summary><![CDATA[<p>
	Fluxo B&aacute;sico do Caso de Uso UC02.</p>
]]></summary>
	<preconditions><![CDATA[<ul>
	<li>
		PC01: O ator est&aacute; autenticado.</li>
	<li>
		PC02: O documento para an&aacute;lise est&aacute; devidamente registrado.[UC01]</li>
	<li>
		PC03: O ator &eacute; respons&aacute;vel pela Tarefa &quot;An&aacute;lisar Documento Enviado Para An&aacute;lise&quot;.</li>
	<li>
		PC04: O ator &eacute; analista..</li>
</ul>
]]></preconditions>
	<execution_type><![CDATA[1]]></execution_type>
	<importance><![CDATA[2]]></importance>
<steps>
<step>
	<step_number><![CDATA[1]]></step_number>
	<actions><![CDATA[<div>
	O ator seleciona a a&ccedil;&atilde;o de exibir detalhes da tarefa de &ldquo;Analisar Documento Enviado para An&aacute;lise&rdquo; em sua lista de tarefas na aba Tarefas da P&aacute;gina Inicial. [UC26]</div>
]]></actions>
	<expectedresults><![CDATA[<p>
	O sistema apresenta a p&aacute;gina de Ver Tarefa com a aba Detalhes da Tarefa selecionada.</p>
]]></expectedresults>
	<execution_type><![CDATA[1]]></execution_type>
</step>

<step>
	<step_number><![CDATA[2]]></step_number>
	<actions><![CDATA[<p>
	O ator seleciona a aba Responder tarefa.</p>
]]></actions>
	<expectedresults><![CDATA[<p>
	O sistema exibe:</p>
<ul>
	<li>
		a lista de condutas do caso na aba Condutas do Caso; [FA01][FA02]</li>
	<li>
		a lista de envolvimentos do caso na aba Envolvimentos do Caso; [FA03]&nbsp;</li>
	<li>
		a lista de pe&ccedil;as do caso na aba Pe&ccedil;as do Caso;&nbsp;</li>
	<li>
		um campo Tipo de Documento para que o ator informe se &eacute; uma Not&iacute;cia-crime ou um&nbsp;Registro Especial; [FA08]&nbsp;</li>
	<li>
		uma op&ccedil;&atilde;o para marcar caso como Sigiloso; [FA09]</li>
	<li>
		uma op&ccedil;&atilde;o para marcar caso como Segredo de Justi&ccedil;a; [FA10]&nbsp;</li>
	<li>
		um campo Tipo Prescri&ccedil;&atilde;o para que o ator informe se o fato prescreveu ou n&atilde;o.</li>
</ul>
]]></expectedresults>
	<execution_type><![CDATA[1]]></execution_type>
</step>

<step>
	<step_number><![CDATA[3]]></step_number>
	<actions><![CDATA[<p>
	O ator informa que n&atilde;o houve prescri&ccedil;&atilde;o. [FA04]</p>
]]></actions>
	<expectedresults><![CDATA[<p>
	O Sistema fornece a pergunta &ldquo;&Eacute; compet&ecirc;ncia da Pol&iacute;cia Federal?&rdquo;</p>
]]></expectedresults>
	<execution_type><![CDATA[1]]></execution_type>
</step>

<step>
	<step_number><![CDATA[4]]></step_number>
	<actions><![CDATA[<p>
	O ator responde &ldquo;Sim&rdquo; &agrave; pergunta. [FA05]</p>
]]></actions>
	<expectedresults><![CDATA[<p>
	O sistema apresenta a unidade selecionada. [FA06]</p>
]]></expectedresults>
	<execution_type><![CDATA[1]]></execution_type>
</step>

<step>
	<step_number><![CDATA[5]]></step_number>
	<actions><![CDATA[<p>
	O ator clica em Criar Parecer.</p>
]]></actions>
	<expectedresults><![CDATA[<p>
	O sistema inclui o caso de uso Criar Pe&ccedil;a. [UC08]</p>
]]></expectedresults>
	<execution_type><![CDATA[1]]></execution_type>
</step>

<step>
	<step_number><![CDATA[6]]></step_number>
	<actions><![CDATA[<p>
	O ator volta &agrave; p&aacute;gina de Analisar Documento Enviado para An&aacute;lise.</p>
]]></actions>
	<expectedresults><![CDATA[<p>
	O sistema exibe a p&aacute;gina de Analisar Documento Enviado Para An&aacute;lise</p>
]]></expectedresults>
	<execution_type><![CDATA[1]]></execution_type>
</step>

<step>
	<step_number><![CDATA[7]]></step_number>
	<actions><![CDATA[<p>
	O ator clica em Concluir Tarefa.</p>
]]></actions>
	<expectedresults><![CDATA[<p>
	O sistema: [FA07]</p>
<ul>
	<li>
		Cria uma tarefa Distribuir Not&iacute;cia-Crime ou Distribuir Registro Especial (dependendo do tipo de documento escolhido) para o distribuidor ou, na aus&ecirc;ncia deste, para o chefe da unidade.</li>
	<li>
		Apresenta uma mensagem de sucesso da opera&ccedil;&atilde;o; [MA018]</li>
	<li>
		Finaliza o caso de uso.</li>
</ul>
]]></expectedresults>
	<execution_type><![CDATA[1]]></execution_type>
</step>
</steps>
<keywords><keyword name="UC08"><notes><![CDATA[

]]></notes></keyword>
<keyword name="UC26"><notes><![CDATA[

]]></notes></keyword>
</keywords></testcase>

<testcase internalid="10843" name="UC02-FA01-A: O ator cadastra condutas">
	<node_order><![CDATA[1]]></node_order>
	<externalid><![CDATA[105]]></externalid>
	<version><![CDATA[1]]></version>
	<summary><![CDATA[<p>
	Inicia-se ap&oacute;s o passo 2 do Fluxo B&aacute;sico, se o ator clicar em Nova Conduta.</p>
]]></summary>
	<preconditions><![CDATA[<ul>
	<li>
		PC01: O ator est&aacute; autenticado.</li>
	<li>
		PC02: O documento para an&aacute;lise est&aacute; devidamente registrado.[UC01]</li>
	<li>
		PC03: O ator &eacute; respons&aacute;vel pela Tarefa &quot;An&aacute;lisar Documento Enviado Para An&aacute;lise&quot;.</li>
	<li>
		PC04: O ator &eacute; analista.</li>
</ul>
]]></preconditions>
	<execution_type><![CDATA[1]]></execution_type>
	<importance><![CDATA[2]]></importance>
<steps>
<step>
	<step_number><![CDATA[1]]></step_number>
	<actions><![CDATA[<div>
	O ator seleciona a a&ccedil;&atilde;o de exibir detalhes da tarefa de &ldquo;Analisar Documento Enviado para An&aacute;lise&rdquo; em sua lista de tarefas na aba Tarefas da P&aacute;gina Inicial. [UC26]</div>
]]></actions>
	<expectedresults><![CDATA[<p>
	O sistema apresenta a p&aacute;gina de Ver Tarefa com a aba Detalhes da Tarefa selecionada.</p>
]]></expectedresults>
	<execution_type><![CDATA[1]]></execution_type>
</step>

<step>
	<step_number><![CDATA[2]]></step_number>
	<actions><![CDATA[<p>
	O ator seleciona a aba Responder tarefa.</p>
]]></actions>
	<expectedresults><![CDATA[<p>
	O sistema exibe:</p>
<ul>
	<li>
		a lista de condutas do caso na aba Condutas do Caso; [FA01][FA02]</li>
	<li>
		a lista de envolvimentos do caso na aba Envolvimentos do Caso; [FA03]&nbsp;</li>
	<li>
		a lista de pe&ccedil;as do caso na aba Pe&ccedil;as do Caso;</li>
	<li>
		um campo Tipo de Documento para que o ator informe se &eacute; uma Not&iacute;cia-crime ou um Registro Especial; [FA08]</li>
	<li>
		uma op&ccedil;&atilde;o para marcar caso como Sigiloso; [FA09]&nbsp;</li>
	<li>
		uma op&ccedil;&atilde;o para marcar caso como Segredo de Justi&ccedil;a; [FA10]&nbsp;</li>
	<li>
		um campo Tipo Prescri&ccedil;&atilde;o para que o ator informe se o fato prescreveu ou n&atilde;o.</li>
</ul>
]]></expectedresults>
	<execution_type><![CDATA[1]]></execution_type>
</step>

<step>
	<step_number><![CDATA[3]]></step_number>
	<actions><![CDATA[<p>
	O ator clica em &quot;Nova Conduta&quot;.</p>
]]></actions>
	<expectedresults><![CDATA[<p>
	O sistema inclui o Caso de Uso Cadastrar Conduta. [UC11]</p>
]]></expectedresults>
	<execution_type><![CDATA[1]]></execution_type>
</step>

<step>
	<step_number><![CDATA[4]]></step_number>
	<actions><![CDATA[<p>
	O ator informa que n&atilde;o houve prescri&ccedil;&atilde;o. [FA04]</p>
]]></actions>
	<expectedresults><![CDATA[<p>
	O Sistema fornece a pergunta &ldquo;&Eacute; compet&ecirc;ncia da Pol&iacute;cia Federal?&rdquo;</p>
]]></expectedresults>
	<execution_type><![CDATA[1]]></execution_type>
</step>

<step>
	<step_number><![CDATA[5]]></step_number>
	<actions><![CDATA[<p>
	O ator responde &ldquo;sim&rdquo; &agrave; pergunta. [FA05]</p>
]]></actions>
	<expectedresults><![CDATA[<p>
	O sistema apresenta a unidade selecionada. [FA06]</p>
]]></expectedresults>
	<execution_type><![CDATA[1]]></execution_type>
</step>

<step>
	<step_number><![CDATA[6]]></step_number>
	<actions><![CDATA[<p>
	O ator clica em Criar Parecer.</p>
]]></actions>
	<expectedresults><![CDATA[<p>
	O sistema inclui o caso de uso Criar Pe&ccedil;a. [UC08]</p>
]]></expectedresults>
	<execution_type><![CDATA[1]]></execution_type>
</step>

<step>
	<step_number><![CDATA[7]]></step_number>
	<actions><![CDATA[<p>
	O ator volta &agrave; p&aacute;gina de Analisar Documento Enviado para An&aacute;lise.</p>
]]></actions>
	<expectedresults><![CDATA[<p>
	O sistema exibe a p&aacute;gina de Analisar Documento Enviado Para An&aacute;lise</p>
]]></expectedresults>
	<execution_type><![CDATA[1]]></execution_type>
</step>

<step>
	<step_number><![CDATA[8]]></step_number>
	<actions><![CDATA[<p>
	O ator clica em Concluir Tarefa.</p>
]]></actions>
	<expectedresults><![CDATA[<p>
	O sistema: [FA07]</p>
<ul>
	<li>
		Cria uma tarefa Distribuir Not&iacute;cia-Crime ou Distribuir Registro Especial (dependendo do tipo de documento escolhido) para o distribuidor ou, na aus&ecirc;ncia deste, para o chefe da unidade</li>
	<li>
		Apresenta uma mensagem de sucesso da opera&ccedil;&atilde;o; [MA018]</li>
</ul>
]]></expectedresults>
	<execution_type><![CDATA[1]]></execution_type>
</step>
</steps>
<keywords><keyword name="UC02"><notes><![CDATA[

]]></notes></keyword>
<keyword name="UC08"><notes><![CDATA[

]]></notes></keyword>
<keyword name="UC11"><notes><![CDATA[

]]></notes></keyword>
<keyword name="UC26"><notes><![CDATA[

]]></notes></keyword>
</keywords></testcase>

<testcase internalid="10853" name="UC02-FA01-B: O ator edita condutas">
	<node_order><![CDATA[2]]></node_order>
	<externalid><![CDATA[126]]></externalid>
	<version><![CDATA[1]]></version>
	<summary><![CDATA[<p>
	Inicia-se ap&oacute;s o passo 2 do Fluxo B&aacute;sico, se o ator clicar em Alterar alguma conduta existente.</p>
]]></summary>
	<preconditions><![CDATA[<ul>
	<li>
		PC01: O ator est&aacute; autenticado.</li>
	<li>
		PC02: O documento para an&aacute;lise est&aacute; devidamente registrado.[UC01]</li>
	<li>
		PC03: O ator &eacute; respons&aacute;vel pela Tarefa &quot;An&aacute;lisar Documento Enviado Para An&aacute;lise&quot;.</li>
	<li>
		PC04: O ator &eacute; analista.</li>
</ul>
]]></preconditions>
	<execution_type><![CDATA[1]]></execution_type>
	<importance><![CDATA[2]]></importance>
<steps>
<step>
	<step_number><![CDATA[1]]></step_number>
	<actions><![CDATA[<div>
	O ator seleciona a a&ccedil;&atilde;o de exibir detalhes da tarefa de &ldquo;Analisar Documento Enviado para An&aacute;lise&rdquo; em sua lista de tarefas na aba Tarefas da P&aacute;gina Inicial. [UC26]</div>
]]></actions>
	<expectedresults><![CDATA[<p>
	O sistema apresenta a p&aacute;gina de Ver Tarefa com a aba Detalhes da Tarefa selecionada.</p>
]]></expectedresults>
	<execution_type><![CDATA[1]]></execution_type>
</step>

<step>
	<step_number><![CDATA[2]]></step_number>
	<actions><![CDATA[<p>
	O ator seleciona a aba Responder tarefa.</p>
]]></actions>
	<expectedresults><![CDATA[<p>
	O sistema exibe:</p>
<ul>
	<li>
		a lista de condutas do caso na aba Condutas do Caso; [FA01][FA02]&nbsp;</li>
	<li>
		a lista de envolvimentos do caso na aba Envolvimentos do Caso; [FA03]&nbsp;</li>
	<li>
		a lista de pe&ccedil;as do caso na aba Pe&ccedil;as do Caso;</li>
	<li>
		um campo Tipo de Documento para que o ator informe se &eacute; uma Not&iacute;cia-crime ou um&nbsp;Registro Especial; [FA08]</li>
	<li>
		uma op&ccedil;&atilde;o para marcar caso como Sigiloso; [FA09]</li>
	<li>
		uma op&ccedil;&atilde;o para marcar caso como Segredo de Justi&ccedil;a; [FA10]&nbsp;</li>
	<li>
		um campo Tipo Prescri&ccedil;&atilde;o para que o ator informe se o fato prescreveu ou n&atilde;o.</li>
</ul>
]]></expectedresults>
	<execution_type><![CDATA[1]]></execution_type>
</step>

<step>
	<step_number><![CDATA[3]]></step_number>
	<actions><![CDATA[<p>
	O ator clica na op&ccedil;&atilde;o &quot;Alterar Conduta&quot; para uma conduta selecionada.</p>
]]></actions>
	<expectedresults><![CDATA[<p>
	O sistema inclui o Caso de Uso Editar Conduta.[UC19]</p>
]]></expectedresults>
	<execution_type><![CDATA[1]]></execution_type>
</step>

<step>
	<step_number><![CDATA[4]]></step_number>
	<actions><![CDATA[<p>
	O ator informa que n&atilde;o houve prescri&ccedil;&atilde;o. [FA04]</p>
]]></actions>
	<expectedresults><![CDATA[<p>
	O Sistema fornece a pergunta &ldquo;&Eacute; compet&ecirc;ncia da Pol&iacute;cia Federal?&rdquo;</p>
]]></expectedresults>
	<execution_type><![CDATA[1]]></execution_type>
</step>

<step>
	<step_number><![CDATA[5]]></step_number>
	<actions><![CDATA[<p>
	O ator responde &ldquo;sim&rdquo; &agrave; pergunta. [FA05]</p>
]]></actions>
	<expectedresults><![CDATA[<p>
	O sistema apresenta a unidade selecionada. [FA06]</p>
]]></expectedresults>
	<execution_type><![CDATA[1]]></execution_type>
</step>

<step>
	<step_number><![CDATA[6]]></step_number>
	<actions><![CDATA[<p>
	O ator clica em Criar Parecer.</p>
]]></actions>
	<expectedresults><![CDATA[<p>
	O sistema inclui o caso de uso Criar Pe&ccedil;a. [UC08]</p>
]]></expectedresults>
	<execution_type><![CDATA[1]]></execution_type>
</step>

<step>
	<step_number><![CDATA[7]]></step_number>
	<actions><![CDATA[<p>
	O ator volta &agrave; p&aacute;gina de Analisar Documento Enviado para An&aacute;lise.</p>
]]></actions>
	<expectedresults><![CDATA[<p>
	O sistema exibe a p&aacute;gina de Analisar Documento Enviado Para An&aacute;lise</p>
]]></expectedresults>
	<execution_type><![CDATA[1]]></execution_type>
</step>

<step>
	<step_number><![CDATA[8]]></step_number>
	<actions><![CDATA[<p>
	O ator clica em Concluir Tarefa.</p>
]]></actions>
	<expectedresults><![CDATA[<p>
	O sistema: [FA07]</p>
<ul>
	<li>
		Cria uma tarefa Distribuir Not&iacute;cia-Crime ou Distribuir Registro Especial (dependendo do tipo de documento escolhido) para o distribuidor ou, na aus&ecirc;ncia deste, para o chefe da unidade</li>
	<li>
		Apresenta uma mensagem de sucesso da opera&ccedil;&atilde;o; [MA018]</li>
</ul>
]]></expectedresults>
	<execution_type><![CDATA[1]]></execution_type>
</step>
</steps>
</testcase>

<testcase internalid="10863" name="UC02-FA01-C: O ator exclui condutas">
	<node_order><![CDATA[3]]></node_order>
	<externalid><![CDATA[127]]></externalid>
	<version><![CDATA[1]]></version>
	<summary><![CDATA[<p>
	Inicia-se ap&oacute;s o passo 2 do Fluxo B&aacute;sico, se o ator clicar em Excluir alguma conduta existente.</p>
]]></summary>
	<preconditions><![CDATA[<ul>
	<li>
		PC01: O ator est&aacute; autenticado.</li>
	<li>
		PC02: O documento para an&aacute;lise est&aacute; devidamente registrado.[UC01]</li>
	<li>
		PC03: O ator &eacute; respons&aacute;vel pela Tarefa &quot;An&aacute;lisar Documento Enviado Para An&aacute;lise&quot;.</li>
	<li>
		PC04: O ator &eacute; analista.</li>
</ul>
]]></preconditions>
	<execution_type><![CDATA[1]]></execution_type>
	<importance><![CDATA[2]]></importance>
<steps>
<step>
	<step_number><![CDATA[1]]></step_number>
	<actions><![CDATA[<div>
	O ator seleciona a a&ccedil;&atilde;o de exibir detalhes da tarefa de &ldquo;Analisar Documento Enviado para An&aacute;lise&rdquo; em sua lista de tarefas na aba Tarefas da P&aacute;gina Inicial. [UC26]</div>
]]></actions>
	<expectedresults><![CDATA[<p>
	O sistema apresenta a p&aacute;gina de Ver Tarefa com a aba Detalhes da Tarefa selecionada.</p>
]]></expectedresults>
	<execution_type><![CDATA[1]]></execution_type>
</step>

<step>
	<step_number><![CDATA[2]]></step_number>
	<actions><![CDATA[<p>
	O ator seleciona a aba Responder tarefa.</p>
]]></actions>
	<expectedresults><![CDATA[<p>
	O sistema exibe:</p>
<ul>
	<li>
		a lista de condutas do caso na aba Condutas do Caso; [FA01][FA02]</li>
	<li>
		a lista de envolvimentos do caso na aba Envolvimentos do Caso; [FA03]&nbsp;</li>
	<li>
		a lista de pe&ccedil;as do caso na aba Pe&ccedil;as do Caso;&nbsp;</li>
	<li>
		um campo Tipo de Documento para que o ator informe se &eacute; uma Not&iacute;cia-crime ou um&nbsp;Registro Especial; [FA08]</li>
	<li>
		uma op&ccedil;&atilde;o para marcar caso como Sigiloso; [FA09]&nbsp;</li>
	<li>
		uma op&ccedil;&atilde;o para marcar caso como Segredo de Justi&ccedil;a; [FA10]&nbsp;</li>
	<li>
		um campo Tipo Prescri&ccedil;&atilde;o para que o ator informe se o fato prescreveu ou n&atilde;o.</li>
</ul>
]]></expectedresults>
	<execution_type><![CDATA[1]]></execution_type>
</step>

<step>
	<step_number><![CDATA[3]]></step_number>
	<actions><![CDATA[<p>
	O ator clica na op&ccedil;&atilde;o &quot;Excluir Conduta&quot; para uma conduta selecionada.</p>
]]></actions>
	<expectedresults><![CDATA[<p>
	O sistema exclui a conduta do caso</p>
]]></expectedresults>
	<execution_type><![CDATA[1]]></execution_type>
</step>

<step>
	<step_number><![CDATA[4]]></step_number>
	<actions><![CDATA[<p>
	O ator informa que n&atilde;o houve prescri&ccedil;&atilde;o. [FA04]</p>
]]></actions>
	<expectedresults><![CDATA[<p>
	O Sistema fornece a pergunta &ldquo;&Eacute; compet&ecirc;ncia da Pol&iacute;cia Federal?&rdquo;</p>
]]></expectedresults>
	<execution_type><![CDATA[1]]></execution_type>
</step>

<step>
	<step_number><![CDATA[5]]></step_number>
	<actions><![CDATA[<p>
	O ator responde &ldquo;sim&rdquo; &agrave; pergunta. [FA05]</p>
]]></actions>
	<expectedresults><![CDATA[<p>
	O sistema apresenta a unidade selecionada. [FA06]</p>
]]></expectedresults>
	<execution_type><![CDATA[1]]></execution_type>
</step>

<step>
	<step_number><![CDATA[6]]></step_number>
	<actions><![CDATA[<p>
	O ator clica em Criar Parecer.</p>
]]></actions>
	<expectedresults><![CDATA[<p>
	O sistema inclui o caso de uso Criar Pe&ccedil;a. [UC08]</p>
]]></expectedresults>
	<execution_type><![CDATA[1]]></execution_type>
</step>

<step>
	<step_number><![CDATA[7]]></step_number>
	<actions><![CDATA[<p>
	O ator volta &agrave; p&aacute;gina de Analisar Documento Enviado para An&aacute;lise.</p>
]]></actions>
	<expectedresults><![CDATA[<p>
	O sistema exibe a p&aacute;gina de Analisar Documento Enviado Para An&aacute;lise</p>
]]></expectedresults>
	<execution_type><![CDATA[1]]></execution_type>
</step>

<step>
	<step_number><![CDATA[8]]></step_number>
	<actions><![CDATA[<p>
	O ator clica em Concluir Tarefa.</p>
]]></actions>
	<expectedresults><![CDATA[<p>
	O sistema: [FA07]</p>
<ul>
	<li>
		Cria uma tarefa Distribuir Not&iacute;cia-Crime ou Distribuir Registro Especial (dependendo do tipo de documento escolhido) para o distribuidor ou, na aus&ecirc;ncia deste, para o chefe da unidade</li>
	<li>
		Apresenta uma mensagem de sucesso da opera&ccedil;&atilde;o; [MA018]</li>
</ul>
]]></expectedresults>
	<execution_type><![CDATA[1]]></execution_type>
</step>
</steps>
<keywords><keyword name="UC02"><notes><![CDATA[

]]></notes></keyword>
<keyword name="UC08"><notes><![CDATA[

]]></notes></keyword>
<keyword name="UC26"><notes><![CDATA[

]]></notes></keyword>
</keywords></testcase>

<testcase internalid="10873" name="UC02-FA02: Não existe nenhuma conduta cadastrada">
	<node_order><![CDATA[4]]></node_order>
	<externalid><![CDATA[106]]></externalid>
	<version><![CDATA[1]]></version>
	<summary><![CDATA[<p>
	Inicia-se ap&oacute;s o passo 2 do Fluxo B&aacute;sico, caso n&atilde;o haja nenhuma conduta cadastrada e o ator n&atilde;o crie nenhuma.</p>
]]></summary>
	<preconditions><![CDATA[<ul>
	<li>
		PC01: O ator est&aacute; autenticado.</li>
	<li>
		PC02: O documento para an&aacute;lise est&aacute; devidamente registrado.[UC01]</li>
	<li>
		PC03: O ator &eacute; respons&aacute;vel pela Tarefa &quot;An&aacute;lisar Documento Enviado Para An&aacute;lise&quot;.</li>
	<li>
		PC04: O ator &eacute; analista.</li>
</ul>
]]></preconditions>
	<execution_type><![CDATA[1]]></execution_type>
	<importance><![CDATA[2]]></importance>
<steps>
<step>
	<step_number><![CDATA[1]]></step_number>
	<actions><![CDATA[<div>
	O ator seleciona a a&ccedil;&atilde;o de exibir detalhes da tarefa de &ldquo;Analisar Documento Enviado para An&aacute;lise&rdquo; em sua lista de tarefas na aba Tarefas da P&aacute;gina Inicial. [UC26]</div>
]]></actions>
	<expectedresults><![CDATA[<p>
	O sistema apresenta a p&aacute;gina de Ver Tarefa com a aba Detalhes da Tarefa selecionada.</p>
]]></expectedresults>
	<execution_type><![CDATA[1]]></execution_type>
</step>

<step>
	<step_number><![CDATA[2]]></step_number>
	<actions><![CDATA[<p>
	O ator seleciona a aba Responder tarefa.</p>
]]></actions>
	<expectedresults><![CDATA[<p>
	O sistema exibe:</p>
<ul>
	<li>
		a lista de condutas do caso na aba Condutas do Caso; [FA01][FA02]&nbsp;</li>
	<li>
		a lista de envolvimentos do caso na aba Envolvimentos do Caso; [FA03]&nbsp;</li>
	<li>
		a lista de pe&ccedil;as do caso na aba Pe&ccedil;as do Caso;&nbsp;</li>
	<li>
		um campo Tipo de Documento para que o ator informe se &eacute; uma Not&iacute;cia-crime ou um&nbsp;Registro Especial; [FA08]</li>
	<li>
		uma op&ccedil;&atilde;o para marcar caso como Sigiloso; [FA09]</li>
	<li>
		uma op&ccedil;&atilde;o para marcar caso como Segredo de Justi&ccedil;a; [FA10]&nbsp;</li>
	<li>
		um campo Tipo Prescri&ccedil;&atilde;o para que o ator informe se o fato prescreveu ou n&atilde;o.</li>
</ul>
]]></expectedresults>
	<execution_type><![CDATA[1]]></execution_type>
</step>

<step>
	<step_number><![CDATA[3]]></step_number>
	<actions><![CDATA[<p>
	O ator informa que n&atilde;o houve prescri&ccedil;&atilde;o. [FA04]</p>
]]></actions>
	<expectedresults><![CDATA[<p>
	O Sistema fornece a pergunta &ldquo;&Eacute; compet&ecirc;ncia da Pol&iacute;cia Federal?&rdquo;</p>
]]></expectedresults>
	<execution_type><![CDATA[1]]></execution_type>
</step>

<step>
	<step_number><![CDATA[4]]></step_number>
	<actions><![CDATA[<p>
	O ator responde &ldquo;sim&rdquo; &agrave; pergunta. [FA05]</p>
]]></actions>
	<expectedresults><![CDATA[<p>
	O sistema apresenta a unidade selecionada. [FA06]</p>
]]></expectedresults>
	<execution_type><![CDATA[1]]></execution_type>
</step>

<step>
	<step_number><![CDATA[5]]></step_number>
	<actions><![CDATA[<p>
	O ator clica em Criar Parecer.</p>
]]></actions>
	<expectedresults><![CDATA[<p>
	O sistema inclui o caso de uso Criar Pe&ccedil;a. [UC08]</p>
]]></expectedresults>
	<execution_type><![CDATA[1]]></execution_type>
</step>

<step>
	<step_number><![CDATA[6]]></step_number>
	<actions><![CDATA[<p>
	O ator cria a pe&ccedil;a.</p>
]]></actions>
	<expectedresults><![CDATA[<p>
	O sistema exibe a visualiza&ccedil;&atilde;o da pe&ccedil;a criada.</p>
]]></expectedresults>
	<execution_type><![CDATA[1]]></execution_type>
</step>

<step>
	<step_number><![CDATA[7]]></step_number>
	<actions><![CDATA[<p>
	O ator volta &agrave; p&aacute;gina de Analisar Documento Enviado para An&aacute;lise.</p>
]]></actions>
	<expectedresults><![CDATA[<p>
	O sistema exibe a p&aacute;gina de Analisar Documento Enviado Para An&aacute;lise</p>
]]></expectedresults>
	<execution_type><![CDATA[1]]></execution_type>
</step>

<step>
	<step_number><![CDATA[8]]></step_number>
	<actions><![CDATA[<p>
	O ator clica em Concluir Tarefa.</p>
]]></actions>
	<expectedresults><![CDATA[<p>
	O sistema encerra o caso, apresenta uma mensagem de sucesso da opera&ccedil;&atilde;o e finaliza o caso de uso. [FA07][MA018]</p>
]]></expectedresults>
	<execution_type><![CDATA[1]]></execution_type>
</step>
</steps>
<keywords><keyword name="UC02"><notes><![CDATA[

]]></notes></keyword>
<keyword name="UC08"><notes><![CDATA[

]]></notes></keyword>
<keyword name="UC26"><notes><![CDATA[

]]></notes></keyword>
</keywords></testcase>

<testcase internalid="10883" name="UC02-FA03-A: O ator cadastra envolvimentos.">
	<node_order><![CDATA[5]]></node_order>
	<externalid><![CDATA[107]]></externalid>
	<version><![CDATA[1]]></version>
	<summary><![CDATA[<p>
	Inicia-se ap&oacute;s o passo 2, do Fluxo B&aacute;sico se o ator clicar em Novo Envolvimento.</p>
]]></summary>
	<preconditions><![CDATA[<ul>
	<li>
		PC01: O ator est&aacute; autenticado.</li>
	<li>
		PC02: O documento para an&aacute;lise est&aacute; devidamente registrado.[UC01]</li>
	<li>
		PC03: O ator &eacute; respons&aacute;vel pela Tarefa &quot;An&aacute;lisar Documento Enviado Para An&aacute;lise&quot;.</li>
	<li>
		PC04: O ator &eacute; analista.</li>
</ul>
]]></preconditions>
	<execution_type><![CDATA[1]]></execution_type>
	<importance><![CDATA[2]]></importance>
<steps>
<step>
	<step_number><![CDATA[1]]></step_number>
	<actions><![CDATA[<div>
	O ator seleciona a a&ccedil;&atilde;o de exibir detalhes da tarefa de &ldquo;Analisar Documento Enviado para An&aacute;lise&rdquo; em sua lista de tarefas na aba Tarefas da P&aacute;gina Inicial. [UC26]</div>
]]></actions>
	<expectedresults><![CDATA[<p>
	O sistema apresenta a p&aacute;gina de Ver Tarefa com a aba Detalhes da Tarefa selecionada.</p>
]]></expectedresults>
	<execution_type><![CDATA[1]]></execution_type>
</step>

<step>
	<step_number><![CDATA[2]]></step_number>
	<actions><![CDATA[<p>
	O ator seleciona a aba Responder tarefa.</p>
]]></actions>
	<expectedresults><![CDATA[<div>
	O sistema exibe:</div>
<ul>
	<li>
		a lista de condutas do caso na aba Condutas do Caso; [FA01][FA02]</li>
	<li>
		a lista de envolvimentos do caso na aba Envolvimentos do Caso; [FA03]&nbsp;</li>
	<li>
		a lista de pe&ccedil;as do caso na aba Pe&ccedil;as do Caso;&nbsp;</li>
	<li>
		um campo Tipo de Documento para que o ator informe se &eacute; uma Not&iacute;cia-crime ou um&nbsp;Registro Especial; [FA08]</li>
	<li>
		uma op&ccedil;&atilde;o para marcar caso como Sigiloso; [FA09]</li>
	<li>
		uma op&ccedil;&atilde;o para marcar caso como Segredo de Justi&ccedil;a; [FA10]&nbsp;</li>
	<li>
		um campo Tipo Prescri&ccedil;&atilde;o para que o ator informe se o fato prescreveu ou n&atilde;o.</li>
</ul>
]]></expectedresults>
	<execution_type><![CDATA[1]]></execution_type>
</step>

<step>
	<step_number><![CDATA[3]]></step_number>
	<actions><![CDATA[<p>
	O ator clica em Novo Envolvimento.</p>
]]></actions>
	<expectedresults><![CDATA[<p>
	O sistema inclui o Caso de Uso Cadastrar Envolvimento. [UC13]</p>
]]></expectedresults>
	<execution_type><![CDATA[1]]></execution_type>
</step>

<step>
	<step_number><![CDATA[4]]></step_number>
	<actions><![CDATA[<p>
	O ator informa que n&atilde;o houve prescri&ccedil;&atilde;o. [FA04]</p>
]]></actions>
	<expectedresults><![CDATA[<p>
	O Sistema fornece a pergunta &ldquo;&Eacute; compet&ecirc;ncia da Pol&iacute;cia Federal?&rdquo;</p>
]]></expectedresults>
	<execution_type><![CDATA[1]]></execution_type>
</step>

<step>
	<step_number><![CDATA[5]]></step_number>
	<actions><![CDATA[<p>
	O ator responde &ldquo;sim&rdquo; &agrave; pergunta. [FA05]</p>
]]></actions>
	<expectedresults><![CDATA[<p>
	O sistema apresenta a unidade selecionada. [FA06]</p>
]]></expectedresults>
	<execution_type><![CDATA[1]]></execution_type>
</step>

<step>
	<step_number><![CDATA[6]]></step_number>
	<actions><![CDATA[<p>
	O ator clica em Criar Parecer.</p>
]]></actions>
	<expectedresults><![CDATA[<p>
	O sistema inclui o caso de uso Criar Pe&ccedil;a. [UC08]</p>
]]></expectedresults>
	<execution_type><![CDATA[1]]></execution_type>
</step>

<step>
	<step_number><![CDATA[7]]></step_number>
	<actions><![CDATA[<p>
	O ator volta &agrave; p&aacute;gina de Analisar Documento Enviado para An&aacute;lise.</p>
]]></actions>
	<expectedresults><![CDATA[<p>
	O sistema exibe a pagina de Analisar Documento Enviado Para An&aacute;lise</p>
]]></expectedresults>
	<execution_type><![CDATA[1]]></execution_type>
</step>

<step>
	<step_number><![CDATA[8]]></step_number>
	<actions><![CDATA[<p>
	O ator clica em Concluir Tarefa.</p>
]]></actions>
	<expectedresults><![CDATA[<p>
	O sistema: [FA07]</p>
<ul>
	<li>
		Cria uma tarefa Distribuir Not&iacute;cia-Crime ou Distribuir Registro Especial (dependendo do tipo de documento escolhido) para o distribuidor ou, na aus&ecirc;ncia deste, para o chefe da unidade</li>
	<li>
		Apresenta uma mensagem de sucesso da opera&ccedil;&atilde;o; [MA018]</li>
</ul>
]]></expectedresults>
	<execution_type><![CDATA[1]]></execution_type>
</step>
</steps>
<keywords><keyword name="UC02"><notes><![CDATA[

]]></notes></keyword>
<keyword name="UC13"><notes><![CDATA[

]]></notes></keyword>
<keyword name="UC08"><notes><![CDATA[

]]></notes></keyword>
<keyword name="UC26"><notes><![CDATA[

]]></notes></keyword>
</keywords></testcase>

<testcase internalid="10893" name="UC02-FA03-B: O ator edita envolvimentos.">
	<node_order><![CDATA[6]]></node_order>
	<externalid><![CDATA[129]]></externalid>
	<version><![CDATA[1]]></version>
	<summary><![CDATA[<p>
	Inicia-se ap&oacute;s o passo 2 do Fluxo B&aacute;sico, se o ator clicar em Alterar algum envolvimento existente.</p>
]]></summary>
	<preconditions><![CDATA[<ul>
	<li>
		PC01: O ator est&aacute; autenticado.</li>
	<li>
		PC02: O documento para an&aacute;lise est&aacute; devidamente registrado.[UC01]</li>
	<li>
		PC03: O ator &eacute; respons&aacute;vel pela Tarefa &quot;An&aacute;lisar Documento Enviado Para An&aacute;lise&quot;.</li>
	<li>
		PC04: O ator &eacute; analista.</li>
</ul>
]]></preconditions>
	<execution_type><![CDATA[1]]></execution_type>
	<importance><![CDATA[2]]></importance>
<steps>
<step>
	<step_number><![CDATA[1]]></step_number>
	<actions><![CDATA[<div>
	O ator seleciona a a&ccedil;&atilde;o de exibir detalhes da tarefa de &ldquo;Analisar Documento Enviado para An&aacute;lise&rdquo; em sua lista de tarefas na aba Tarefas da P&aacute;gina Inicial. [UC26]</div>
]]></actions>
	<expectedresults><![CDATA[<p>
	O sistema apresenta a p&aacute;gina de Ver Tarefa com a aba Detalhes da Tarefa selecionada.</p>
]]></expectedresults>
	<execution_type><![CDATA[1]]></execution_type>
</step>

<step>
	<step_number><![CDATA[2]]></step_number>
	<actions><![CDATA[<p>
	O ator seleciona a aba Responder tarefa.</p>
]]></actions>
	<expectedresults><![CDATA[<p>
	O sistema exibe:</p>
<ul>
	<li>
		a lista de condutas do caso na aba Condutas do Caso; [FA01][FA02]</li>
	<li>
		a lista de envolvimentos do caso na aba Envolvimentos do Caso; [FA03]&nbsp;</li>
	<li>
		a lista de pe&ccedil;as do caso na aba Pe&ccedil;as do Caso;&nbsp;</li>
	<li>
		um campo Tipo de Documento para que o ator informe se &eacute; uma Not&iacute;cia-crime ou um&nbsp;Registro Especial; [FA08]</li>
	<li>
		uma op&ccedil;&atilde;o para marcar caso como Sigiloso; [FA09]</li>
	<li>
		uma op&ccedil;&atilde;o para marcar caso como Segredo de Justi&ccedil;a; [FA10]&nbsp;</li>
	<li>
		um campo Tipo Prescri&ccedil;&atilde;o para que o ator informe se o fato prescreveu ou n&atilde;o.</li>
</ul>
]]></expectedresults>
	<execution_type><![CDATA[1]]></execution_type>
</step>

<step>
	<step_number><![CDATA[4]]></step_number>
	<actions><![CDATA[<p>
	O ator clica em Alterar algum envolvimento existente.</p>
]]></actions>
	<expectedresults><![CDATA[<p>
	O sistema inclui o Caso de Uso Editar Envolvimento. [UC18]</p>
]]></expectedresults>
	<execution_type><![CDATA[1]]></execution_type>
</step>

<step>
	<step_number><![CDATA[5]]></step_number>
	<actions><![CDATA[<p>
	O ator informa que n&atilde;o houve prescri&ccedil;&atilde;o. [FA04]</p>
]]></actions>
	<expectedresults><![CDATA[<p>
	O Sistema fornece a pergunta &ldquo;&Eacute; compet&ecirc;ncia da Pol&iacute;cia Federal?&rdquo;</p>
]]></expectedresults>
	<execution_type><![CDATA[1]]></execution_type>
</step>

<step>
	<step_number><![CDATA[6]]></step_number>
	<actions><![CDATA[<p>
	O ator responde &ldquo;sim&rdquo; &agrave; pergunta. [FA05]</p>
]]></actions>
	<expectedresults><![CDATA[<p>
	O sistema apresenta a unidade selecionada. [FA06]</p>
]]></expectedresults>
	<execution_type><![CDATA[1]]></execution_type>
</step>

<step>
	<step_number><![CDATA[7]]></step_number>
	<actions><![CDATA[<p>
	O ator clica em Criar Parecer.</p>
]]></actions>
	<expectedresults><![CDATA[<p>
	O sistema inclui o caso de uso Criar Pe&ccedil;a. [UC08]</p>
]]></expectedresults>
	<execution_type><![CDATA[1]]></execution_type>
</step>

<step>
	<step_number><![CDATA[8]]></step_number>
	<actions><![CDATA[<p>
	O ator volta &agrave; p&aacute;gina de Analisar Documento Enviado para An&aacute;lise.</p>
]]></actions>
	<expectedresults><![CDATA[<p>
	O sistema exibe a p&aacute;gina de Analisar Documento Enviado Para An&aacute;lise</p>
]]></expectedresults>
	<execution_type><![CDATA[1]]></execution_type>
</step>

<step>
	<step_number><![CDATA[9]]></step_number>
	<actions><![CDATA[<p>
	O ator clica em Concluir Tarefa.</p>
]]></actions>
	<expectedresults><![CDATA[<p>
	O sistema: [FA07]</p>
<ul>
	<li>
		Cria uma tarefa Distribuir Not&iacute;cia-Crime ou Distribuir Registro Especial (dependendo do tipo de documento escolhido) para o distribuidor ou, na aus&ecirc;ncia deste, para o chefe da unidade</li>
	<li>
		Apresenta uma mensagem de sucesso da opera&ccedil;&atilde;o; [MA018]</li>
</ul>
]]></expectedresults>
	<execution_type><![CDATA[1]]></execution_type>
</step>
</steps>
<keywords><keyword name="UC02"><notes><![CDATA[

]]></notes></keyword>
<keyword name="UC08"><notes><![CDATA[

]]></notes></keyword>
<keyword name="UC18"><notes><![CDATA[

]]></notes></keyword>
<keyword name="UC26"><notes><![CDATA[

]]></notes></keyword>
</keywords></testcase>

<testcase internalid="10903" name="UC02-FA03-C: O ator exclui envolvimentos.">
	<node_order><![CDATA[7]]></node_order>
	<externalid><![CDATA[128]]></externalid>
	<version><![CDATA[1]]></version>
	<summary><![CDATA[<p>
	Inicia-se ap&oacute;s o passo 1, se o ator clicar em Excluir algum envolvimento existente.</p>
]]></summary>
	<preconditions><![CDATA[<ul>
	<li>
		PC01: O ator est&aacute; autenticado.</li>
	<li>
		PC02: O documento para an&aacute;lise est&aacute; devidamente registrado.[UC01]</li>
	<li>
		PC03: O ator &eacute; respons&aacute;vel pela Tarefa &quot;An&aacute;lisar Documento Enviado Para An&aacute;lise&quot;.</li>
	<li>
		PC04: O ator &eacute; analista.</li>
</ul>
]]></preconditions>
	<execution_type><![CDATA[1]]></execution_type>
	<importance><![CDATA[2]]></importance>
<steps>
<step>
	<step_number><![CDATA[1]]></step_number>
	<actions><![CDATA[<div>
	O ator seleciona a a&ccedil;&atilde;o de exibir detalhes da tarefa de &ldquo;Analisar Documento Enviado para An&aacute;lise&rdquo;</div>
<div>
	em sua lista de tarefas na aba Tarefas da P&aacute;gina Inicial. [UC26]</div>
]]></actions>
	<expectedresults><![CDATA[<p>
	O sistema apresenta a p&aacute;gina de Ver Tarefa com a aba Detalhes da Tarefa selecionada.</p>
]]></expectedresults>
	<execution_type><![CDATA[1]]></execution_type>
</step>

<step>
	<step_number><![CDATA[2]]></step_number>
	<actions><![CDATA[<p>
	O ator seleciona a aba Responder tarefa.</p>
]]></actions>
	<expectedresults><![CDATA[<div>
	O sistema exibe:</div>
<ul>
	<li>
		a lista de condutas do caso na aba Condutas do Caso; [FA01][FA02]</li>
	<li>
		a lista de envolvimentos do caso na aba Envolvimentos do Caso; [FA03]&nbsp;</li>
	<li>
		a lista de pe&ccedil;as do caso na aba Pe&ccedil;as do Caso;&nbsp;</li>
	<li>
		um campo Tipo de Documento para que o ator informe se &eacute; uma Not&iacute;cia-crime ou um&nbsp;Registro Especial; [FA08]</li>
	<li>
		uma op&ccedil;&atilde;o para marcar caso como Sigiloso; [FA09]&nbsp;</li>
	<li>
		uma op&ccedil;&atilde;o para marcar caso como Segredo de Justi&ccedil;a; [FA10]&nbsp;</li>
	<li>
		um campo Tipo Prescri&ccedil;&atilde;o para que o ator informe se o fato prescreveu ou n&atilde;o.</li>
</ul>
]]></expectedresults>
	<execution_type><![CDATA[1]]></execution_type>
</step>

<step>
	<step_number><![CDATA[3]]></step_number>
	<actions><![CDATA[<p>
	O ator clica em Excluir algum envolvimento existente.</p>
]]></actions>
	<expectedresults><![CDATA[<p>
	O sistema exclui o envolvimento.</p>
]]></expectedresults>
	<execution_type><![CDATA[1]]></execution_type>
</step>

<step>
	<step_number><![CDATA[4]]></step_number>
	<actions><![CDATA[<p>
	O ator informa que n&atilde;o houve prescri&ccedil;&atilde;o. [FA04]</p>
]]></actions>
	<expectedresults><![CDATA[<p>
	O Sistema fornece a pergunta &ldquo;&Eacute; compet&ecirc;ncia da Pol&iacute;cia Federal?&rdquo;</p>
]]></expectedresults>
	<execution_type><![CDATA[1]]></execution_type>
</step>

<step>
	<step_number><![CDATA[5]]></step_number>
	<actions><![CDATA[<p>
	O ator responde &ldquo;sim&rdquo; &agrave; pergunta. [FA05]</p>
]]></actions>
	<expectedresults><![CDATA[<p>
	O sistema apresenta a unidade selecionada. [FA06]</p>
]]></expectedresults>
	<execution_type><![CDATA[1]]></execution_type>
</step>

<step>
	<step_number><![CDATA[6]]></step_number>
	<actions><![CDATA[<p>
	O ator clica em Criar Parecer.</p>
]]></actions>
	<expectedresults><![CDATA[<p>
	O sistema inclui o caso de uso Criar Pe&ccedil;a. [UC08]</p>
]]></expectedresults>
	<execution_type><![CDATA[1]]></execution_type>
</step>

<step>
	<step_number><![CDATA[7]]></step_number>
	<actions><![CDATA[<p>
	O ator volta &agrave; p&aacute;gina de Analisar Documento Enviado para An&aacute;lise.</p>
]]></actions>
	<expectedresults><![CDATA[<p>
	O sistema exibe a p&aacute;gina de Analisar Documento Enviado Para An&aacute;lise</p>
]]></expectedresults>
	<execution_type><![CDATA[1]]></execution_type>
</step>

<step>
	<step_number><![CDATA[8]]></step_number>
	<actions><![CDATA[<p>
	O ator clica em Concluir Tarefa.</p>
]]></actions>
	<expectedresults><![CDATA[<p>
	O sistema: [FA07]</p>
<ul>
	<li>
		Cria uma tarefa Distribuir Not&iacute;cia-Crime ou Distribuir Registro Especial (dependendo do tipo de documento escolhido) para o distribuidor ou, na aus&ecirc;ncia deste, para o chefe da unidade</li>
	<li>
		Apresenta uma mensagem de sucesso da opera&ccedil;&atilde;o; [MA018]</li>
</ul>
]]></expectedresults>
	<execution_type><![CDATA[1]]></execution_type>
</step>
</steps>
<keywords><keyword name="UC02"><notes><![CDATA[

]]></notes></keyword>
<keyword name="UC08"><notes><![CDATA[

]]></notes></keyword>
<keyword name="UC26"><notes><![CDATA[

]]></notes></keyword>
</keywords></testcase>

<testcase internalid="10913" name="UC02-FA04: O ator informa que o crime está prescrito">
	<node_order><![CDATA[8]]></node_order>
	<externalid><![CDATA[108]]></externalid>
	<version><![CDATA[1]]></version>
	<summary><![CDATA[<p>
	Inicia-se no passo 2 do Fluxo B&aacute;sico caso o ator informe que o caso est&aacute; prescrito.</p>
]]></summary>
	<preconditions><![CDATA[<ul>
	<li>
		PC01: O ator est&aacute; autenticado.</li>
	<li>
		PC02: O documento para an&aacute;lise est&aacute; devidamente registrado.[UC01]</li>
	<li>
		PC03: O ator &eacute; respons&aacute;vel pela Tarefa &quot;An&aacute;lisar Documento Enviado Para An&aacute;lise&quot;.</li>
	<li>
		PC04: O ator &eacute; analista.</li>
</ul>
]]></preconditions>
	<execution_type><![CDATA[1]]></execution_type>
	<importance><![CDATA[2]]></importance>
<steps>
<step>
	<step_number><![CDATA[1]]></step_number>
	<actions><![CDATA[<div>
	O ator seleciona a a&ccedil;&atilde;o de exibir detalhes da tarefa de &ldquo;Analisar Documento Enviado para An&aacute;lise&rdquo;</div>
<div>
	em sua lista de tarefas na aba Tarefas da P&aacute;gina Inicial. [UC26]</div>
]]></actions>
	<expectedresults><![CDATA[<p>
	O sistema apresenta a p&aacute;gina de Ver Tarefa com a aba Detalhes da Tarefa selecionada.</p>
]]></expectedresults>
	<execution_type><![CDATA[1]]></execution_type>
</step>

<step>
	<step_number><![CDATA[2]]></step_number>
	<actions><![CDATA[<p>
	O ator seleciona a aba Responder tarefa.</p>
]]></actions>
	<expectedresults><![CDATA[<p>
	O sistema exibe:</p>
<ul>
	<li>
		a lista de condutas do caso na aba Condutas do Caso; [FA01][FA02]</li>
	<li>
		a lista de envolvimentos do caso na aba Envolvimentos do Caso; [FA03]&nbsp;</li>
	<li>
		a lista de pe&ccedil;as do caso na aba Pe&ccedil;as do Caso;&nbsp;</li>
	<li>
		um campo Tipo de Documento para que o ator informe se &eacute; uma Not&iacute;cia-crime ou um&nbsp;Registro Especial; [FA08]</li>
	<li>
		uma op&ccedil;&atilde;o para marcar caso como Sigiloso; [FA09]&nbsp;</li>
	<li>
		uma op&ccedil;&atilde;o para marcar caso como Segredo de Justi&ccedil;a; [FA10]&nbsp;</li>
	<li>
		um campo Tipo Prescri&ccedil;&atilde;o para que o ator informe se o fato prescreveu ou n&atilde;o.</li>
</ul>
]]></expectedresults>
	<execution_type><![CDATA[1]]></execution_type>
</step>

<step>
	<step_number><![CDATA[3]]></step_number>
	<actions><![CDATA[<p>
	O ator informa que houve prescri&ccedil;&atilde;o.</p>
]]></actions>
	<expectedresults><![CDATA[<p>
	O sistema pergunta se o ator tem certeza que que o caso est&aacute; prescrito.</p>
]]></expectedresults>
	<execution_type><![CDATA[1]]></execution_type>
</step>

<step>
	<step_number><![CDATA[4]]></step_number>
	<actions><![CDATA[<p>
	O ator responde que sim.</p>
]]></actions>
	<expectedresults><![CDATA[<p>
	O sistema apresenta a op&ccedil;&atilde;o &quot;sim&quot; marcada.</p>
]]></expectedresults>
	<execution_type><![CDATA[1]]></execution_type>
</step>

<step>
	<step_number><![CDATA[5]]></step_number>
	<actions><![CDATA[<p>
	O ator clica em Criar Parecer.</p>
]]></actions>
	<expectedresults><![CDATA[<p>
	O sistema inclui o caso de uso Criar Pe&ccedil;a. [UC08]</p>
]]></expectedresults>
	<execution_type><![CDATA[1]]></execution_type>
</step>

<step>
	<step_number><![CDATA[6]]></step_number>
	<actions><![CDATA[<p>
	O ator cria a pe&ccedil;a.</p>
]]></actions>
	<expectedresults><![CDATA[<p>
	O sistema exibe a visualiza&ccedil;&atilde;o da pe&ccedil;a criada.</p>
]]></expectedresults>
	<execution_type><![CDATA[1]]></execution_type>
</step>

<step>
	<step_number><![CDATA[7]]></step_number>
	<actions><![CDATA[<p>
	O ator volta &agrave; p&aacute;gina de Analisar Documento Enviado para An&aacute;lise.</p>
]]></actions>
	<expectedresults><![CDATA[<p>
	O sistema exibe a p&aacute;gina de Analisar Documento Enviado Para An&aacute;lise</p>
]]></expectedresults>
	<execution_type><![CDATA[1]]></execution_type>
</step>

<step>
	<step_number><![CDATA[8]]></step_number>
	<actions><![CDATA[<p>
	O ator clica em Concluir Tarefa.</p>
]]></actions>
	<expectedresults><![CDATA[<p>
	O sistema encerra o caso, apresenta uma mensagem de sucesso da opera&ccedil;&atilde;o e finaliza o caso de uso. [FA07][MA018]</p>
]]></expectedresults>
	<execution_type><![CDATA[1]]></execution_type>
</step>
</steps>
<keywords><keyword name="UC02"><notes><![CDATA[

]]></notes></keyword>
<keyword name="UC08"><notes><![CDATA[

]]></notes></keyword>
<keyword name="UC26"><notes><![CDATA[

]]></notes></keyword>
</keywords></testcase>

<testcase internalid="10923" name="UC02-FA05: O ator informa que o crime não é de competência da PF">
	<node_order><![CDATA[9]]></node_order>
	<externalid><![CDATA[109]]></externalid>
	<version><![CDATA[1]]></version>
	<summary><![CDATA[<p>
	Inicia-se no passo 3 do Fluxo B&aacute;sico, caso o ator informe que o crime n&atilde;o &eacute; compet&ecirc;ncia da PF.</p>
]]></summary>
	<preconditions><![CDATA[<ul>
	<li>
		PC01: O ator est&aacute; autenticado.</li>
	<li>
		PC02: O documento para an&aacute;lise est&aacute; devidamente registrado.[UC01]</li>
	<li>
		PC03: O ator &eacute; respons&aacute;vel pela Tarefa &quot;An&aacute;lisar Documento Enviado Para An&aacute;lise&quot;.</li>
	<li>
		PC04: O ator &eacute; analista.</li>
</ul>
]]></preconditions>
	<execution_type><![CDATA[1]]></execution_type>
	<importance><![CDATA[2]]></importance>
<steps>
<step>
	<step_number><![CDATA[1]]></step_number>
	<actions><![CDATA[<div>
	O ator seleciona a a&ccedil;&atilde;o de exibir detalhes da tarefa de &ldquo;Analisar Documento Enviado para An&aacute;lise&rdquo;</div>
<div>
	em sua lista de tarefas na aba Tarefas da P&aacute;gina Inicial. [UC26]</div>
]]></actions>
	<expectedresults><![CDATA[<p>
	O sistema apresenta a p&aacute;gina de Ver Tarefa com a aba Detalhes da Tarefa selecionada.</p>
]]></expectedresults>
	<execution_type><![CDATA[1]]></execution_type>
</step>

<step>
	<step_number><![CDATA[2]]></step_number>
	<actions><![CDATA[<p>
	O ator seleciona a aba Responder tarefa.</p>
]]></actions>
	<expectedresults><![CDATA[<p>
	O sistema exibe:</p>
<ul>
	<li>
		a lista de condutas do caso na aba Condutas do Caso; [FA01][FA02]</li>
	<li>
		a lista de envolvimentos do caso na aba Envolvimentos do Caso; [FA03]&nbsp;</li>
	<li>
		a lista de pe&ccedil;as do caso na aba Pe&ccedil;as do Caso;&nbsp;</li>
	<li>
		um campo Tipo de Documento para que o ator informe se &eacute; uma Not&iacute;cia-crime ou um&nbsp;Registro Especial; [FA08]</li>
	<li>
		uma op&ccedil;&atilde;o para marcar caso como Sigiloso; [FA09]&nbsp;</li>
	<li>
		uma op&ccedil;&atilde;o para marcar caso como Segredo de Justi&ccedil;a; [FA10]&nbsp;</li>
	<li>
		um campo Tipo Prescri&ccedil;&atilde;o para que o ator informe se o fato prescreveu ou n&atilde;o.</li>
</ul>
]]></expectedresults>
	<execution_type><![CDATA[1]]></execution_type>
</step>

<step>
	<step_number><![CDATA[3]]></step_number>
	<actions><![CDATA[<p>
	O ator informa que n&atilde;o houve prescri&ccedil;&atilde;o. [FA04]</p>
]]></actions>
	<expectedresults><![CDATA[<p>
	O Sistema fornece a pergunta &ldquo;&Eacute; compet&ecirc;ncia da Pol&iacute;cia Federal?&rdquo;</p>
]]></expectedresults>
	<execution_type><![CDATA[1]]></execution_type>
</step>

<step>
	<step_number><![CDATA[4]]></step_number>
	<actions><![CDATA[<p>
	O ator responde &ldquo;n&atilde;o&rdquo; &agrave; pergunta.</p>
]]></actions>
	<expectedresults><![CDATA[<p>
	O sistema apresenta a op&ccedil;&atilde;o &quot;n&atilde;o&quot; selecionada.</p>
]]></expectedresults>
	<execution_type><![CDATA[1]]></execution_type>
</step>

<step>
	<step_number><![CDATA[5]]></step_number>
	<actions><![CDATA[<p>
	O ator clica em Criar Parecer.</p>
]]></actions>
	<expectedresults><![CDATA[<p>
	O sistema inclui o caso de uso Criar Pe&ccedil;a. [UC08]</p>
]]></expectedresults>
	<execution_type><![CDATA[1]]></execution_type>
</step>

<step>
	<step_number><![CDATA[6]]></step_number>
	<actions><![CDATA[<p>
	O ator cria a pe&ccedil;a.</p>
]]></actions>
	<expectedresults><![CDATA[<p>
	O sistema exibe a visualiza&ccedil;&atilde;o da pe&ccedil;a criada.</p>
]]></expectedresults>
	<execution_type><![CDATA[1]]></execution_type>
</step>

<step>
	<step_number><![CDATA[7]]></step_number>
	<actions><![CDATA[<p>
	O ator volta &agrave; p&aacute;gina de Analisar Documento Enviado para An&aacute;lise.</p>
]]></actions>
	<expectedresults><![CDATA[<p>
	O sistema exibe a p&aacute;gina de Analisar Documento Enviado Para An&aacute;lise</p>
]]></expectedresults>
	<execution_type><![CDATA[1]]></execution_type>
</step>

<step>
	<step_number><![CDATA[8]]></step_number>
	<actions><![CDATA[<p>
	O ator clica em Concluir Tarefa.</p>
]]></actions>
	<expectedresults><![CDATA[<p>
	O sistema: [FA07]</p>
<ul>
	<li>
		Cria uma Tarefa de &rdquo;Encaminhar Procedimento&rdquo; para o respons&aacute;vel pelo caso;</li>
	<li>
		Apresenta uma mensagem de sucesso da opera&ccedil;&atilde;o; [MA018]</li>
</ul>
]]></expectedresults>
	<execution_type><![CDATA[1]]></execution_type>
</step>
</steps>
<keywords><keyword name="UC02"><notes><![CDATA[

]]></notes></keyword>
<keyword name="UC08"><notes><![CDATA[

]]></notes></keyword>
<keyword name="UC26"><notes><![CDATA[

]]></notes></keyword>
</keywords></testcase>

<testcase internalid="10933" name="UC02-FA06: O ator deseja escolher manualmente outra unidade">
	<node_order><![CDATA[10]]></node_order>
	<externalid><![CDATA[112]]></externalid>
	<version><![CDATA[1]]></version>
	<summary><![CDATA[<p>
	Inicia-se no passo 3 do Fluxo B&aacute;sico, se o ator quer escolher manualmente uma unidade.</p>
]]></summary>
	<preconditions><![CDATA[<ul>
	<li>
		PC01: O ator est&aacute; autenticado.</li>
	<li>
		PC02: O documento para an&aacute;lise est&aacute; devidamente registrado.[UC01]</li>
	<li>
		PC03: O ator &eacute; respons&aacute;vel pela Tarefa &quot;An&aacute;lisar Documento Enviado Para An&aacute;lise&quot;.</li>
	<li>
		PC04: O ator &eacute; analista.</li>
</ul>
]]></preconditions>
	<execution_type><![CDATA[1]]></execution_type>
	<importance><![CDATA[2]]></importance>
<steps>
<step>
	<step_number><![CDATA[1]]></step_number>
	<actions><![CDATA[<div>
	O ator seleciona a a&ccedil;&atilde;o de exibir detalhes da tarefa de &ldquo;Analisar Documento Enviado para An&aacute;lise&rdquo; em sua lista de tarefas na aba Tarefas da P&aacute;gina Inicial. [UC26]</div>
]]></actions>
	<expectedresults><![CDATA[<p>
	O sistema apresenta a p&aacute;gina de Ver Tarefa com a aba Detalhes da Tarefa selecionada.</p>
]]></expectedresults>
	<execution_type><![CDATA[1]]></execution_type>
</step>

<step>
	<step_number><![CDATA[2]]></step_number>
	<actions><![CDATA[<p>
	O ator seleciona a aba Responder tarefa.</p>
]]></actions>
	<expectedresults><![CDATA[<p>
	O sistema exibe:</p>
<ul>
	<li>
		a lista de condutas do caso na aba Condutas do Caso; [FA01][FA02]</li>
	<li>
		a lista de envolvimentos do caso na aba Envolvimentos do Caso; [FA03]&nbsp;</li>
	<li>
		a lista de pe&ccedil;as do caso na aba Pe&ccedil;as do Caso;&nbsp;</li>
	<li>
		um campo Tipo de Documento para que o ator informe se &eacute; uma Not&iacute;cia-crime ou um&nbsp;Registro Especial; [FA08]</li>
	<li>
		uma op&ccedil;&atilde;o para marcar caso como Sigiloso; [FA09]</li>
	<li>
		uma op&ccedil;&atilde;o para marcar caso como Segredo de Justi&ccedil;a; [FA10]&nbsp;</li>
	<li>
		um campo Tipo Prescri&ccedil;&atilde;o para que o ator informe se o fato prescreveu ou n&atilde;o.</li>
</ul>
]]></expectedresults>
	<execution_type><![CDATA[1]]></execution_type>
</step>

<step>
	<step_number><![CDATA[3]]></step_number>
	<actions><![CDATA[<p>
	O ator informa que n&atilde;o houve prescri&ccedil;&atilde;o. [FA04]</p>
]]></actions>
	<expectedresults><![CDATA[<p>
	O Sistema fornece a pergunta &ldquo;&Eacute; compet&ecirc;ncia da Pol&iacute;cia Federal?&rdquo;</p>
]]></expectedresults>
	<execution_type><![CDATA[1]]></execution_type>
</step>

<step>
	<step_number><![CDATA[4]]></step_number>
	<actions><![CDATA[<p>
	O ator responde &ldquo;sim&rdquo; &agrave; pergunta. [FA05]</p>
]]></actions>
	<expectedresults><![CDATA[<p>
	O sistema apresenta a unidade selecionada. [FA06]</p>
]]></expectedresults>
	<execution_type><![CDATA[1]]></execution_type>
</step>

<step>
	<step_number><![CDATA[5]]></step_number>
	<actions><![CDATA[<p>
	O ator seleciona outra unidade desejada.</p>
]]></actions>
	<expectedresults><![CDATA[<p>
	O sistema apresenta a nova unidade selecionada</p>
]]></expectedresults>
	<execution_type><![CDATA[1]]></execution_type>
</step>

<step>
	<step_number><![CDATA[6]]></step_number>
	<actions><![CDATA[<p>
	O ator clica em Criar Parecer.</p>
]]></actions>
	<expectedresults><![CDATA[<p>
	O sistema inclui o caso de uso Criar Pe&ccedil;a. [UC08]</p>
]]></expectedresults>
	<execution_type><![CDATA[1]]></execution_type>
</step>

<step>
	<step_number><![CDATA[7]]></step_number>
	<actions><![CDATA[<p>
	O ator cria a pe&ccedil;a.</p>
]]></actions>
	<expectedresults><![CDATA[<p>
	O sistema mostra a visualiza&ccedil;&atilde;o da pe&ccedil;a criada.</p>
]]></expectedresults>
	<execution_type><![CDATA[1]]></execution_type>
</step>

<step>
	<step_number><![CDATA[8]]></step_number>
	<actions><![CDATA[<p>
	O ator volta &agrave; p&aacute;gina de Analisar Documento Enviado para An&aacute;lise.</p>
]]></actions>
	<expectedresults><![CDATA[<p>
	O sistema exibe a p&aacute;gina de Analisar Documento Enviado Para An&aacute;lise</p>
]]></expectedresults>
	<execution_type><![CDATA[1]]></execution_type>
</step>

<step>
	<step_number><![CDATA[9]]></step_number>
	<actions><![CDATA[<p>
	O ator clica em Concluir Tarefa.</p>
]]></actions>
	<expectedresults><![CDATA[<p>
	O sistema: [FA07]</p>
<ul>
	<li>
		Cria uma nova Tarefa &ldquo;Analisar Documento Enviado para An&aacute;lise&rdquo; na nova unidade;</li>
	<li>
		Atualiza o Caso, atribuindo-o &agrave; nova unidade;</li>
	<li>
		Apresenta uma mensagem de sucesso da opera&ccedil;&atilde;o; [MA018]</li>
</ul>
]]></expectedresults>
	<execution_type><![CDATA[1]]></execution_type>
</step>
</steps>
<keywords><keyword name="UC02"><notes><![CDATA[

]]></notes></keyword>
<keyword name="UC08"><notes><![CDATA[

]]></notes></keyword>
<keyword name="UC26"><notes><![CDATA[

]]></notes></keyword>
</keywords></testcase>

<testcase internalid="10944" name="UC02-FA07: O ator é parecerista da unidade.">
	<node_order><![CDATA[11]]></node_order>
	<externalid><![CDATA[130]]></externalid>
	<version><![CDATA[1]]></version>
	<summary><![CDATA[<p>
	Inicia-se se o ator tem papel de parecerista e n&atilde;o o analista da unidade.</p>
]]></summary>
	<preconditions><![CDATA[<ul>
	<li>
		PC01: O ator est&aacute; autenticado.</li>
	<li>
		PC02: O documento para an&aacute;lise est&aacute; devidamente registrado.[UC01]</li>
	<li>
		PC03: O ator &eacute; respons&aacute;vel pela Tarefa &quot;An&aacute;lisar Documento Enviado Para An&aacute;lise&quot;.</li>
	<li>
		PC04: O ator &eacute; analista.</li>
</ul>
]]></preconditions>
	<execution_type><![CDATA[1]]></execution_type>
	<importance><![CDATA[2]]></importance>
<steps>
<step>
	<step_number><![CDATA[1]]></step_number>
	<actions><![CDATA[<div>
	O ator seleciona a a&ccedil;&atilde;o de exibir detalhes da tarefa de &ldquo;Analisar Documento Enviado para An&aacute;lise&rdquo;</div>
<div>
	em sua lista de tarefas na aba Tarefas da P&aacute;gina Inicial. [UC26]</div>
]]></actions>
	<expectedresults><![CDATA[<p>
	O sistema apresenta a p&aacute;gina de Ver Tarefa com a aba Detalhes da Tarefa selecionada.</p>
]]></expectedresults>
	<execution_type><![CDATA[1]]></execution_type>
</step>

<step>
	<step_number><![CDATA[2]]></step_number>
	<actions><![CDATA[<p>
	O ator seleciona a aba Responder tarefa.</p>
]]></actions>
	<expectedresults><![CDATA[<p>
	O sistema:</p>
<ul>
	<li>
		a lista de condutas do caso na aba Condutas do Caso; [FA01][FA02]</li>
	<li>
		a lista de envolvimentos do caso na aba Envolvimentos do Caso; [FA03]&nbsp;</li>
	<li>
		a lista de pe&ccedil;as do caso na aba Pe&ccedil;as do Caso;&nbsp;</li>
	<li>
		um campo Tipo de Documento para que o ator informe se &eacute; uma Not&iacute;cia-crime ou um&nbsp;Registro Especial; [FA08]</li>
	<li>
		uma op&ccedil;&atilde;o para marcar caso como Sigiloso; [FA09]</li>
	<li>
		uma op&ccedil;&atilde;o para marcar caso como Segredo de Justi&ccedil;a; [FA10]&nbsp;</li>
	<li>
		um campo Tipo Prescri&ccedil;&atilde;o para que o ator informe se o fato prescreveu ou n&atilde;o.</li>
</ul>
]]></expectedresults>
	<execution_type><![CDATA[1]]></execution_type>
</step>

<step>
	<step_number><![CDATA[3]]></step_number>
	<actions><![CDATA[<p>
	O ator informa que n&atilde;o houve prescri&ccedil;&atilde;o. [FA04]</p>
]]></actions>
	<expectedresults><![CDATA[<p>
	O Sistema fornece a pergunta &ldquo;&Eacute; compet&ecirc;ncia da Pol&iacute;cia Federal?&rdquo;</p>
]]></expectedresults>
	<execution_type><![CDATA[1]]></execution_type>
</step>

<step>
	<step_number><![CDATA[4]]></step_number>
	<actions><![CDATA[<p>
	O ator responde &ldquo;Sim&rdquo; &agrave; pergunta. [FA05]</p>
]]></actions>
	<expectedresults><![CDATA[<p>
	O sistema apresenta a unidade selecionada. [FA06]</p>
]]></expectedresults>
	<execution_type><![CDATA[1]]></execution_type>
</step>

<step>
	<step_number><![CDATA[5]]></step_number>
	<actions><![CDATA[<p>
	O ator clica em Criar Parecer.</p>
]]></actions>
	<expectedresults><![CDATA[<p>
	O sistema inclui o caso de uso Criar Pe&ccedil;a. [UC08]</p>
]]></expectedresults>
	<execution_type><![CDATA[1]]></execution_type>
</step>

<step>
	<step_number><![CDATA[6]]></step_number>
	<actions><![CDATA[<p>
	O ator volta &agrave; p&aacute;gina de Analisar Documento Enviado para An&aacute;lise.</p>
]]></actions>
	<expectedresults><![CDATA[<p>
	O sistema exibe a p&aacute;gina de Analisar Documento Enviado Para An&aacute;lise</p>
]]></expectedresults>
	<execution_type><![CDATA[1]]></execution_type>
</step>

<step>
	<step_number><![CDATA[7]]></step_number>
	<actions><![CDATA[<p>
	O ator clica em Concluir Tarefa.</p>
]]></actions>
	<expectedresults><![CDATA[<p>
	O sistema cria uma tarefa Revisar An&aacute;lise de Not&iacute;cia-Crime para o analista da unidade e apresenta uma mensagem de sucesso da opera&ccedil;&atilde;o. [MA018]</p>
]]></expectedresults>
	<execution_type><![CDATA[1]]></execution_type>
</step>
</steps>
<keywords><keyword name="UC02"><notes><![CDATA[

]]></notes></keyword>
<keyword name="UC08"><notes><![CDATA[

]]></notes></keyword>
<keyword name="UC26"><notes><![CDATA[

]]></notes></keyword>
</keywords></testcase>

<testcase internalid="10953" name="UC02-FA08: O ator informa que o documento é do tipo registro especial.">
	<node_order><![CDATA[12]]></node_order>
	<externalid><![CDATA[113]]></externalid>
	<version><![CDATA[1]]></version>
	<summary><![CDATA[<p>
	Inicia-se ap&oacute;s o passo 2 do Fluxo B&aacute;sico, caso o ator informe que o documento &eacute; do tipo Registro Especial.</p>
]]></summary>
	<preconditions><![CDATA[<ul>
	<li>
		PC01: O ator est&aacute; autenticado.</li>
	<li>
		PC02: O documento para an&aacute;lise est&aacute; devidamente registrado.[UC01]</li>
	<li>
		PC03: O ator &eacute; respons&aacute;vel pela Tarefa &quot;An&aacute;lisar Documento Enviado Para An&aacute;lise&quot;.</li>
	<li>
		PC04: O ator &eacute; analista.</li>
</ul>
]]></preconditions>
	<execution_type><![CDATA[1]]></execution_type>
	<importance><![CDATA[2]]></importance>
<steps>
<step>
	<step_number><![CDATA[1]]></step_number>
	<actions><![CDATA[<div>
	O ator seleciona a a&ccedil;&atilde;o de exibir detalhes da tarefa de &ldquo;Analisar Documento Enviado para An&aacute;lise&rdquo;</div>
<div>
	em sua lista de tarefas na aba Tarefas da P&aacute;gina Inicial. [UC26]</div>
]]></actions>
	<expectedresults><![CDATA[<p>
	O sistema apresenta a p&aacute;gina de Ver Tarefa com a aba Detalhes da Tarefa selecionada.</p>
]]></expectedresults>
	<execution_type><![CDATA[1]]></execution_type>
</step>

<step>
	<step_number><![CDATA[2]]></step_number>
	<actions><![CDATA[<p>
	O ator seleciona a aba Responder tarefa.</p>
]]></actions>
	<expectedresults><![CDATA[<p>
	O sistema:</p>
<ul>
	<li>
		a lista de condutas do caso na aba Condutas do Caso; [FA01][FA02]&nbsp;</li>
	<li>
		a lista de envolvimentos do caso na aba Envolvimentos do Caso; [FA03]&nbsp;</li>
	<li>
		a lista de pe&ccedil;as do caso na aba Pe&ccedil;as do Caso;&nbsp;</li>
	<li>
		um campo Tipo de Documento para que o ator informe se &eacute; uma Not&iacute;cia-crime ou um&nbsp;Registro Especial; [FA08]</li>
	<li>
		uma op&ccedil;&atilde;o para marcar caso como Sigiloso; [FA09]</li>
	<li>
		uma op&ccedil;&atilde;o para marcar caso como Segredo de Justi&ccedil;a; [FA10]&nbsp;</li>
	<li>
		um campo Tipo Prescri&ccedil;&atilde;o para que o ator informe se o fato prescreveu ou n&atilde;o.</li>
</ul>
]]></expectedresults>
	<execution_type><![CDATA[1]]></execution_type>
</step>

<step>
	<step_number><![CDATA[3]]></step_number>
	<actions><![CDATA[<p>
	O ator informa que o documento &eacute; do tipo Registro Especial.</p>
]]></actions>
	<expectedresults><![CDATA[<p>
	O sistema solicita o tipo de refer&ecirc;ncia e o n&uacute;mero de refer&ecirc;ncia do documento (campos optativos).</p>
]]></expectedresults>
	<execution_type><![CDATA[1]]></execution_type>
</step>

<step>
	<step_number><![CDATA[4]]></step_number>
	<actions><![CDATA[<p>
	O ator informa que n&atilde;o houve prescri&ccedil;&atilde;o. [FA04]</p>
]]></actions>
	<expectedresults><![CDATA[<p>
	O Sistema fornece a pergunta &ldquo;&Eacute; compet&ecirc;ncia da Pol&iacute;cia Federal?&rdquo;</p>
]]></expectedresults>
	<execution_type><![CDATA[1]]></execution_type>
</step>

<step>
	<step_number><![CDATA[5]]></step_number>
	<actions><![CDATA[<p>
	O ator responde &ldquo;sim&rdquo; &agrave; pergunta. [FA05]</p>
]]></actions>
	<expectedresults><![CDATA[<p>
	O sistema apresenta a unidade selecionada. [FA06]</p>
]]></expectedresults>
	<execution_type><![CDATA[1]]></execution_type>
</step>

<step>
	<step_number><![CDATA[6]]></step_number>
	<actions><![CDATA[<p>
	O ator clica em Criar Parecer.</p>
]]></actions>
	<expectedresults><![CDATA[<p>
	O sistema inclui o caso de uso Criar Pe&ccedil;a. [UC08]</p>
]]></expectedresults>
	<execution_type><![CDATA[1]]></execution_type>
</step>

<step>
	<step_number><![CDATA[7]]></step_number>
	<actions><![CDATA[<p>
	O ator volta &agrave; p&aacute;gina de Analisar Documento Enviado para An&aacute;lise.</p>
]]></actions>
	<expectedresults><![CDATA[<p>
	O sistema exibe a p&aacute;gina de Analisar Documento Enviado Para An&aacute;lise</p>
]]></expectedresults>
	<execution_type><![CDATA[1]]></execution_type>
</step>

<step>
	<step_number><![CDATA[8]]></step_number>
	<actions><![CDATA[<p>
	O ator clica em Concluir Tarefa.</p>
]]></actions>
	<expectedresults><![CDATA[<p>
	O sistema: [FA07]</p>
<ul>
	<li>
		Cria uma tarefa Distribuir Not&iacute;cia-Crime ou Distribuir Registro Especial (dependendo do tipo de documento escolhido) para o distribuidor ou, na aus&ecirc;ncia deste, para o chefe da unidade</li>
	<li>
		Apresenta uma mensagem de sucesso da opera&ccedil;&atilde;o; [MA018]</li>
</ul>
]]></expectedresults>
	<execution_type><![CDATA[1]]></execution_type>
</step>
</steps>
<keywords><keyword name="UC02"><notes><![CDATA[

]]></notes></keyword>
<keyword name="UC08"><notes><![CDATA[

]]></notes></keyword>
<keyword name="UC26"><notes><![CDATA[

]]></notes></keyword>
</keywords></testcase>

<testcase internalid="10963" name="UC02-FA09: O ator marca o documento como sigiloso">
	<node_order><![CDATA[13]]></node_order>
	<externalid><![CDATA[471]]></externalid>
	<version><![CDATA[1]]></version>
	<summary><![CDATA[<p>
	Inicia-se ap&oacute;s o passo 2 do Fluxo B&aacute;sico caso o ator marque &ldquo;Sigiloso&rdquo;.</p>
]]></summary>
	<preconditions><![CDATA[<ul>
	<li>
		PC01: O ator est&aacute; autenticado.</li>
	<li>
		PC02: O documento para an&aacute;lise est&aacute; devidamente registrado.[UC01]</li>
	<li>
		PC03: O ator &eacute; respons&aacute;vel pela Tarefa &quot;An&aacute;lisar Documento Enviado Para An&aacute;lise&quot;.</li>
	<li>
		PC04: O ator &eacute; analista.</li>
</ul>
]]></preconditions>
	<execution_type><![CDATA[1]]></execution_type>
	<importance><![CDATA[2]]></importance>
<steps>
<step>
	<step_number><![CDATA[1]]></step_number>
	<actions><![CDATA[<div>
	O ator seleciona a a&ccedil;&atilde;o de exibir detalhes da tarefa de &ldquo;Analisar Documento Enviado para An&aacute;lise&rdquo; em sua lista de tarefas na aba Tarefas da P&aacute;gina Inicial. [UC26]</div>
]]></actions>
	<expectedresults><![CDATA[<p>
	O sistema apresenta a p&aacute;gina de Ver Tarefa com a aba Detalhes da Tarefa selecionada.</p>
]]></expectedresults>
	<execution_type><![CDATA[1]]></execution_type>
</step>

<step>
	<step_number><![CDATA[2]]></step_number>
	<actions><![CDATA[<p>
	O ator seleciona a aba Responder tarefa.</p>
]]></actions>
	<expectedresults><![CDATA[<p>
	O sistema exibe:</p>
<ul>
	<li>
		a lista de condutas do caso na aba Condutas do Caso; [FA01][FA02]</li>
	<li>
		a lista de envolvimentos do caso na aba Envolvimentos do Caso; [FA03]&nbsp;</li>
	<li>
		a lista de pe&ccedil;as do caso na aba Pe&ccedil;as do Caso;&nbsp;</li>
	<li>
		um campo Tipo de Documento para que o ator informe se &eacute; uma Not&iacute;cia-crime ou um&nbsp;Registro Especial; [FA08]&nbsp;</li>
	<li>
		uma op&ccedil;&atilde;o para marcar caso como Sigiloso; [FA09]</li>
	<li>
		uma op&ccedil;&atilde;o para marcar caso como Segredo de Justi&ccedil;a; [FA10]&nbsp;</li>
	<li>
		um campo Tipo Prescri&ccedil;&atilde;o para que o ator informe se o fato prescreveu ou n&atilde;o.</li>
</ul>
]]></expectedresults>
	<execution_type><![CDATA[1]]></execution_type>
</step>

<step>
	<step_number><![CDATA[3]]></step_number>
	<actions><![CDATA[<p>
	O ator marca a op&ccedil;&atilde;o &quot;Sigiloso&quot;</p>
]]></actions>
	<expectedresults><![CDATA[<p>
	O sistema marca o caso como sigiloso.</p>
]]></expectedresults>
	<execution_type><![CDATA[1]]></execution_type>
</step>

<step>
	<step_number><![CDATA[4]]></step_number>
	<actions><![CDATA[<p>
	O ator informa que n&atilde;o houve prescri&ccedil;&atilde;o. [FA04]</p>
]]></actions>
	<expectedresults><![CDATA[<p>
	O Sistema fornece a pergunta &ldquo;&Eacute; compet&ecirc;ncia da Pol&iacute;cia Federal?&rdquo;</p>
]]></expectedresults>
	<execution_type><![CDATA[1]]></execution_type>
</step>

<step>
	<step_number><![CDATA[5]]></step_number>
	<actions><![CDATA[<p>
	O ator responde &ldquo;Sim&rdquo; &agrave; pergunta. [FA05]</p>
]]></actions>
	<expectedresults><![CDATA[<p>
	O sistema apresenta a unidade selecionada. [FA06]</p>
]]></expectedresults>
	<execution_type><![CDATA[1]]></execution_type>
</step>

<step>
	<step_number><![CDATA[6]]></step_number>
	<actions><![CDATA[<p>
	O ator clica em Criar Parecer.</p>
]]></actions>
	<expectedresults><![CDATA[<p>
	O sistema inclui o caso de uso Criar Pe&ccedil;a. [UC08]</p>
]]></expectedresults>
	<execution_type><![CDATA[1]]></execution_type>
</step>

<step>
	<step_number><![CDATA[7]]></step_number>
	<actions><![CDATA[<p>
	O ator volta &agrave; p&aacute;gina de Analisar Documento Enviado para An&aacute;lise.</p>
]]></actions>
	<expectedresults><![CDATA[<p>
	O sistema exibe a p&aacute;gina de Analisar Documento Enviado Para An&aacute;lise</p>
]]></expectedresults>
	<execution_type><![CDATA[1]]></execution_type>
</step>

<step>
	<step_number><![CDATA[8]]></step_number>
	<actions><![CDATA[<p>
	O ator clica em Concluir Tarefa.</p>
]]></actions>
	<expectedresults><![CDATA[<p>
	O sistema: [FA07]</p>
<ul>
	<li>
		Cria uma tarefa Distribuir Not&iacute;cia-Crime ou Distribuir Registro Especial (dependendo do tipo de documento escolhido) para o distribuidor ou, na aus&ecirc;ncia deste, para o chefe da unidade.</li>
	<li>
		Apresenta uma mensagem de sucesso da opera&ccedil;&atilde;o; [MA018]</li>
	<li>
		Finaliza o caso de uso.</li>
</ul>
]]></expectedresults>
	<execution_type><![CDATA[1]]></execution_type>
</step>
</steps>
<keywords><keyword name="UC02"><notes><![CDATA[

]]></notes></keyword>
<keyword name="UC08"><notes><![CDATA[

]]></notes></keyword>
<keyword name="UC26"><notes><![CDATA[

]]></notes></keyword>
</keywords></testcase>

<testcase internalid="10973" name="UC02-FA10: O ator marca o documento como segredo de justiça">
	<node_order><![CDATA[14]]></node_order>
	<externalid><![CDATA[472]]></externalid>
	<version><![CDATA[1]]></version>
	<summary><![CDATA[<p>
	Inicia-se ap&oacute;s o passo 2 do Fluxo B&aacute;sico caso o ator marque &ldquo;Segredo de Justi&ccedil;a&rdquo;.</p>
]]></summary>
	<preconditions><![CDATA[<ul>
	<li>
		PC01: O ator est&aacute; autenticado.</li>
	<li>
		PC02: O documento para an&aacute;lise est&aacute; devidamente registrado.[UC01]</li>
	<li>
		PC03: O ator &eacute; respons&aacute;vel pela Tarefa &quot;An&aacute;lisar Documento Enviado Para An&aacute;lise&quot;.</li>
	<li>
		PC04: O ator &eacute; analista.</li>
</ul>
]]></preconditions>
	<execution_type><![CDATA[1]]></execution_type>
	<importance><![CDATA[2]]></importance>
<steps>
<step>
	<step_number><![CDATA[1]]></step_number>
	<actions><![CDATA[<div>
	O ator seleciona a a&ccedil;&atilde;o de exibir detalhes da tarefa de &ldquo;Analisar Documento Enviado para An&aacute;lise&rdquo; em sua lista de tarefas na aba Tarefas da P&aacute;gina Inicial. [UC26]</div>
]]></actions>
	<expectedresults><![CDATA[<p>
	O sistema apresenta a p&aacute;gina de Ver Tarefa com a aba Detalhes da Tarefa selecionada.</p>
]]></expectedresults>
	<execution_type><![CDATA[1]]></execution_type>
</step>

<step>
	<step_number><![CDATA[2]]></step_number>
	<actions><![CDATA[<p>
	O ator seleciona a aba Responder tarefa.</p>
]]></actions>
	<expectedresults><![CDATA[<p>
	O sistema exibe:</p>
<ul>
	<li>
		a lista de condutas do caso na aba Condutas do Caso; [FA01][FA02]</li>
	<li>
		a lista de envolvimentos do caso na aba Envolvimentos do Caso; [FA03]&nbsp;</li>
	<li>
		a lista de pe&ccedil;as do caso na aba Pe&ccedil;as do Caso;&nbsp;</li>
	<li>
		um campo Tipo de Documento para que o ator informe se &eacute; uma Not&iacute;cia-crime ou um&nbsp;Registro Especial; [FA08]&nbsp;</li>
	<li>
		uma op&ccedil;&atilde;o para marcar caso como Sigiloso; [FA09]</li>
	<li>
		uma op&ccedil;&atilde;o para marcar caso como Segredo de Justi&ccedil;a; [FA10]&nbsp;</li>
	<li>
		um campo Tipo Prescri&ccedil;&atilde;o para que o ator informe se o fato prescreveu ou n&atilde;o.</li>
</ul>
]]></expectedresults>
	<execution_type><![CDATA[1]]></execution_type>
</step>

<step>
	<step_number><![CDATA[3]]></step_number>
	<actions><![CDATA[<p>
	O ator marca a op&ccedil;&atilde;o &ldquo;Segredo de Justi&ccedil;a&rdquo;.</p>
]]></actions>
	<expectedresults><![CDATA[<p>
	O sistema solicita que seja feito o upload da pe&ccedil;a &ldquo;Ordem Judicial&rdquo;.</p>
]]></expectedresults>
	<execution_type><![CDATA[1]]></execution_type>
</step>

<step>
	<step_number><![CDATA[4]]></step_number>
	<actions><![CDATA[<p>
	O ator faz o upload da pe&ccedil;a.</p>
]]></actions>
	<expectedresults><![CDATA[<div>
	O sistema:</div>
<ul>
	<li>
		apresenta uma mensagem de sucesso;</li>
	<li>
		marca o caso como segredo de justi&ccedil;a;</li>
	<li>
		marca o caso como&nbsp;sigiloso.</li>
</ul>
]]></expectedresults>
	<execution_type><![CDATA[1]]></execution_type>
</step>

<step>
	<step_number><![CDATA[5]]></step_number>
	<actions><![CDATA[<p>
	O ator informa que n&atilde;o houve prescri&ccedil;&atilde;o. [FA04]</p>
]]></actions>
	<expectedresults><![CDATA[<p>
	O Sistema fornece a pergunta &ldquo;&Eacute; compet&ecirc;ncia da Pol&iacute;cia Federal?&rdquo;</p>
]]></expectedresults>
	<execution_type><![CDATA[1]]></execution_type>
</step>

<step>
	<step_number><![CDATA[6]]></step_number>
	<actions><![CDATA[<p>
	O ator responde &ldquo;Sim&rdquo; &agrave; pergunta. [FA05]</p>
]]></actions>
	<expectedresults><![CDATA[<p>
	O sistema apresenta a unidade selecionada. [FA06]</p>
]]></expectedresults>
	<execution_type><![CDATA[1]]></execution_type>
</step>

<step>
	<step_number><![CDATA[7]]></step_number>
	<actions><![CDATA[<p>
	O ator clica em Criar Parecer.</p>
]]></actions>
	<expectedresults><![CDATA[<p>
	O sistema inclui o caso de uso Criar Pe&ccedil;a. [UC08]</p>
]]></expectedresults>
	<execution_type><![CDATA[1]]></execution_type>
</step>

<step>
	<step_number><![CDATA[8]]></step_number>
	<actions><![CDATA[<p>
	O ator volta &agrave; p&aacute;gina de Analisar Documento Enviado para An&aacute;lise.</p>
]]></actions>
	<expectedresults><![CDATA[<p>
	O sistema exibe a p&aacute;gina de Analisar Documento Enviado Para An&aacute;lise</p>
]]></expectedresults>
	<execution_type><![CDATA[1]]></execution_type>
</step>

<step>
	<step_number><![CDATA[9]]></step_number>
	<actions><![CDATA[<p>
	O ator clica em Concluir Tarefa.</p>
]]></actions>
	<expectedresults><![CDATA[<p>
	O sistema: [FA07]</p>
<ul>
	<li>
		Cria uma tarefa Distribuir Not&iacute;cia-Crime ou Distribuir Registro Especial (dependendo do tipo de documento escolhido) para o distribuidor ou, na aus&ecirc;ncia deste, para o chefe da unidade.</li>
	<li>
		Apresenta uma mensagem de sucesso da opera&ccedil;&atilde;o; [MA018]</li>
	<li>
		Finaliza o caso de uso.</li>
</ul>
]]></expectedresults>
	<execution_type><![CDATA[1]]></execution_type>
</step>
</steps>
<keywords><keyword name="UC02"><notes><![CDATA[

]]></notes></keyword>
<keyword name="UC08"><notes><![CDATA[

]]></notes></keyword>
<keyword name="UC26"><notes><![CDATA[

]]></notes></keyword>
</keywords></testcase>
</testsuite><testsuite name="UC03: Distribuir Notícia-Crime" >
<node_order><![CDATA[2]]></node_order>
<details><![CDATA[]]></details> 

<testcase internalid="10985" name="UC03-FB: Distribuir Notícia-Crime">
	<node_order><![CDATA[0]]></node_order>
	<externalid><![CDATA[120]]></externalid>
	<version><![CDATA[1]]></version>
	<summary><![CDATA[<p>
	Fluxo B&aacute;sico do Caso de Uso UC03</p>
]]></summary>
	<preconditions><![CDATA[<ul>
	<li>
		O ator est&aacute; autenticado.</li>
	<li>
		O ator &eacute; respons&aacute;vel pela tarefa &quot;Distribuir Not&iacute;cia-Crime&quot;.</li>
	<li>
		A Not&iacute;cia-Crime do Caso recebeu um Parecer favor&aacute;vel.</li>
</ul>
]]></preconditions>
	<execution_type><![CDATA[1]]></execution_type>
	<importance><![CDATA[2]]></importance>
<steps>
<step>
	<step_number><![CDATA[1]]></step_number>
	<actions><![CDATA[<p>
	O distribuidor seleciona a op&ccedil;&atilde;o de ver detalhes tarefa de &ldquo;Distribuir Not&iacute;cia-Crime&rdquo; em sua lista de tarefas. [UC26]</p>
]]></actions>
	<expectedresults><![CDATA[<p>
	O sistema:</p>
<ul>
	<li>
		Apresenta a p&aacute;gina de Ver Tarefa com a aba Responder Tarefa selecionada, na qual h&aacute; as op&ccedil;&otilde;es de distribuir para Unidade ou Servidor, com a op&ccedil;&atilde;o Servidor selecionada e a sugest&atilde;o de Delegado para distribui&ccedil;&atilde;o do caso. [FA01][FA02][FA03]</li>
	<li>
		Apresenta um campo para que o distribuidor informe a delegacia de distribui&ccedil;&atilde;o.</li>
</ul>
]]></expectedresults>
	<execution_type><![CDATA[1]]></execution_type>
</step>

<step>
	<step_number><![CDATA[2]]></step_number>
	<actions><![CDATA[<p>
	O distribuidor informa a delegacia de distribui&ccedil;&atilde;o e clica no bot&atilde;o Distribuir para finalizar a opera&ccedil;&atilde;o.</p>
]]></actions>
	<expectedresults><![CDATA[<p>
	O sistema:</p>
<ul>
	<li>
		Repassa a responsabilidade do caso para o Delegado selecionado;</li>
	<li>
		Cria uma tarefa de &ldquo;Instaurar Inqu&eacute;rito&rdquo; para o Delegado selecionado;</li>
	<li>
		Finaliza a tarefa &ldquo;Distribuir Not&iacute;cia-Crime&rdquo; do distribuidor;</li>
	<li>
		Apresenta uma mensagem de sucesso da opera&ccedil;&atilde;o; [MA018]</li>
</ul>
]]></expectedresults>
	<execution_type><![CDATA[1]]></execution_type>
</step>
</steps>
<keywords><keyword name="UC03"><notes><![CDATA[

]]></notes></keyword>
<keyword name="UC26"><notes><![CDATA[

]]></notes></keyword>
</keywords></testcase>

<testcase internalid="10989" name="UC03-FA01: O ator seleciona a opção de distribuir o caso para Unidade">
	<node_order><![CDATA[1]]></node_order>
	<externalid><![CDATA[121]]></externalid>
	<version><![CDATA[1]]></version>
	<summary><![CDATA[<p>
	Inicia-se no passo 1 do Fluxo B&aacute;sico, caso o ator selecione a op&ccedil;&atilde;o de distribuir o caso para uma Unidade.</p>
]]></summary>
	<preconditions><![CDATA[<ul>
	<li>
		O ator est&aacute; autenticado.</li>
	<li>
		O ator &eacute; respons&aacute;vel pela tarefa &quot;Distribuir Not&iacute;cia-Crime&quot;.</li>
	<li>
		A Not&iacute;cia-Crime do Caso recebeu um Parecer favor&aacute;vel.</li>
</ul>
]]></preconditions>
	<execution_type><![CDATA[1]]></execution_type>
	<importance><![CDATA[2]]></importance>
<steps>
<step>
	<step_number><![CDATA[1]]></step_number>
	<actions><![CDATA[<p>
	O distribuidor seleciona a op&ccedil;&atilde;o de ver detalhes tarefa de &ldquo;Distribuir Not&iacute;cia-Crime&rdquo; em sua lista de tarefas. [UC26]</p>
]]></actions>
	<expectedresults><![CDATA[<p>
	O sistema:</p>
<ul>
	<li>
		Apresenta a p&aacute;gina de Ver Tarefa com a aba Responder Tarefa selecionada, na qual h&aacute; as op&ccedil;&otilde;es de distribuir para Unidade ou Servidor, com a op&ccedil;&atilde;o Servidor selecionada e a sugest&atilde;o de Delegado para distribui&ccedil;&atilde;o do caso. [FA01][FA02][FA03]</li>
	<li>
		Apresenta um campo para que o distribuidor informe a delegacia de distribui&ccedil;&atilde;o.</li>
</ul>
]]></expectedresults>
	<execution_type><![CDATA[1]]></execution_type>
</step>

<step>
	<step_number><![CDATA[2]]></step_number>
	<actions><![CDATA[<p>
	O ator seleciona a op&ccedil;&atilde;o distribuir o caso para uma Unidade.</p>
]]></actions>
	<expectedresults><![CDATA[<p>
	O sistema apresenta a sugest&atilde;o de Unidade para a distribui&ccedil;&atilde;o do caso e um campo para que o distribuidor informe a delegacia de distribui&ccedil;&atilde;o. [FA02][FA03]</p>
]]></expectedresults>
	<execution_type><![CDATA[1]]></execution_type>
</step>

<step>
	<step_number><![CDATA[3]]></step_number>
	<actions><![CDATA[<p>
	O distribuidor informa a delegacia de distribui&ccedil;&atilde;o e clica no bot&atilde;o Distribuir para finalizar a opera&ccedil;&atilde;o.</p>
]]></actions>
	<expectedresults><![CDATA[<p>
	O sistema:</p>
<ul>
	<li>
		Cria uma tarefa de &ldquo;Distribuir Not&iacute;cia-crime&rdquo; para o chefe da Unidade selecionada;</li>
	<li>
		Repassa a responsabilidade do caso para o chefe da Unidade selecionada;</li>
	<li>
		Finaliza a tarefa &ldquo;Distribuir Not&iacute;cia-Crime&rdquo; do distribuidor;</li>
	<li>
		Apresenta uma mensagem de sucesso da opera&ccedil;&atilde;o; [MA018]</li>
</ul>
]]></expectedresults>
	<execution_type><![CDATA[1]]></execution_type>
</step>
</steps>
<keywords><keyword name="UC03"><notes><![CDATA[

]]></notes></keyword>
<keyword name="UC26"><notes><![CDATA[

]]></notes></keyword>
</keywords></testcase>

<testcase internalid="10994" name="UC03-FA02-A: O sistema não apresenta sugestões de distribuição">
	<node_order><![CDATA[2]]></node_order>
	<externalid><![CDATA[123]]></externalid>
	<version><![CDATA[1]]></version>
	<summary><![CDATA[<p>
	Inicia-se no passo 1 do Fluxo B&aacute;sico, caso o sistema n&atilde;o apresente sugest&otilde;es de distribui&ccedil;&atilde;o.</p>
]]></summary>
	<preconditions><![CDATA[<ul>
	<li>
		O ator est&aacute; autenticado.</li>
	<li>
		O ator &eacute; respons&aacute;vel pela tarefa &quot;Distribuir Not&iacute;cia-Crime&quot;.</li>
	<li>
		A Not&iacute;cia-Crime do Caso recebeu um Parecer favor&aacute;vel.</li>
</ul>
]]></preconditions>
	<execution_type><![CDATA[1]]></execution_type>
	<importance><![CDATA[2]]></importance>
<steps>
<step>
	<step_number><![CDATA[1]]></step_number>
	<actions><![CDATA[<p>
	O distribuidor seleciona a op&ccedil;&atilde;o de ver detalhes tarefa de &ldquo;Distribuir Not&iacute;cia-Crime&rdquo; em sua lista de tarefas. [UC26]</p>
]]></actions>
	<expectedresults><![CDATA[<p>
	O sistema:</p>
<ul>
	<li>
		apresenta a p&aacute;gina de Ver Tarefa com a aba Responder Tarefa selecionada, na qual h&aacute; as op&ccedil;&otilde;es de distribuir para Unidade ou Servidor, com a op&ccedil;&atilde;o Servidor selecionada e n&atilde;o apresenta a sugest&atilde;o de Delegado para distribui&ccedil;&atilde;o do caso. [FA01][FA02][FA03]</li>
</ul>
]]></expectedresults>
	<execution_type><![CDATA[1]]></execution_type>
</step>

<step>
	<step_number><![CDATA[2]]></step_number>
	<actions><![CDATA[<p>
	O distribuidor clica no formul&aacute;rio para Selecionar Delegacia.</p>
]]></actions>
	<expectedresults><![CDATA[<p>
	O sistema inclui o caso de uso Selecionar Delegacia. [UC24]</p>
]]></expectedresults>
	<execution_type><![CDATA[1]]></execution_type>
</step>

<step>
	<step_number><![CDATA[3]]></step_number>
	<actions><![CDATA[<p>
	O distribuidor escolhe uma Delegacia Respons&aacute;vel.</p>
]]></actions>
	<expectedresults><![CDATA[<p>
	O sistema apresenta um campo para que o distribuidor informe a delegacia de distribui&ccedil;&atilde;o.</p>
]]></expectedresults>
	<execution_type><![CDATA[1]]></execution_type>
</step>

<step>
	<step_number><![CDATA[4]]></step_number>
	<actions><![CDATA[<p>
	O distribuidor informa a delegacia de distribui&ccedil;&atilde;o e clica no bot&atilde;o Distribuir para finalizar a opera&ccedil;&atilde;o.</p>
]]></actions>
	<expectedresults><![CDATA[<p>
	O sistema:</p>
<ul>
	<li>
		repassa a responsabilidade do caso para o Delegado selecionado;</li>
	<li>
		cria uma tarefa de &ldquo;Instaurar Inqu&eacute;rito&rdquo; para o Delegado selecionado;</li>
	<li>
		finaliza a tarefa &ldquo;Distribuir Not&iacute;cia-Crime&rdquo; do distribuidor;</li>
	<li>
		apresenta uma mensagem de sucesso da opera&ccedil;&atilde;o; [MA018]</li>
</ul>
]]></expectedresults>
	<execution_type><![CDATA[1]]></execution_type>
</step>
</steps>
<keywords><keyword name="UC03"><notes><![CDATA[

]]></notes></keyword>
<keyword name="UC24"><notes><![CDATA[

]]></notes></keyword>
<keyword name="UC26"><notes><![CDATA[

]]></notes></keyword>
</keywords></testcase>

<testcase internalid="11000" name="UC03-FA02-B: O sistema não apresenta sugestões de distribuição">
	<node_order><![CDATA[3]]></node_order>
	<externalid><![CDATA[132]]></externalid>
	<version><![CDATA[1]]></version>
	<summary><![CDATA[<p>
	Inicia-se no passo 1 do Fluxo B&aacute;sico, caso o sistema n&atilde;o apresente sugest&otilde;es de distribui&ccedil;&atilde;o.</p>
]]></summary>
	<preconditions><![CDATA[<ul>
	<li>
		O ator est&aacute; autenticado.</li>
	<li>
		O ator &eacute; respons&aacute;vel pela tarefa &quot;Distribuir Not&iacute;cia-Crime&quot;.</li>
	<li>
		A Not&iacute;cia-Crime do Caso recebeu um Parecer favor&aacute;vel.</li>
</ul>
]]></preconditions>
	<execution_type><![CDATA[1]]></execution_type>
	<importance><![CDATA[2]]></importance>
<steps>
<step>
	<step_number><![CDATA[1]]></step_number>
	<actions><![CDATA[<p>
	O distribuidor seleciona a op&ccedil;&atilde;o de ver detalhes tarefa de &ldquo;Distribuir Not&iacute;cia-Crime&rdquo; em sua lista de tarefas. [UC26]</p>
]]></actions>
	<expectedresults><![CDATA[<p>
	O sistema:</p>
<ul>
	<li>
		apresenta a p&aacute;gina de Ver Tarefa com a aba Responder Tarefa selecionada, na qual h&aacute; as op&ccedil;&otilde;es de distribuir para Unidade ou Servidor, com a op&ccedil;&atilde;o Servidor selecionada e n&atilde;o apresenta a sugest&atilde;o de Delegado para distribui&ccedil;&atilde;o do caso. [FA01][FA02][FA03]</li>
</ul>
]]></expectedresults>
	<execution_type><![CDATA[1]]></execution_type>
</step>

<step>
	<step_number><![CDATA[2]]></step_number>
	<actions><![CDATA[<p>
	O distribuidor clica no formul&aacute;rio para Selecionar Delegado.</p>
]]></actions>
	<expectedresults><![CDATA[<p>
	O sistema inclui o caso de uso Selecionar Delegado. [UC23]</p>
]]></expectedresults>
	<execution_type><![CDATA[1]]></execution_type>
</step>

<step>
	<step_number><![CDATA[3]]></step_number>
	<actions><![CDATA[<p>
	O distribuidor escolhe um Delegado Respons&aacute;vel.</p>
]]></actions>
	<expectedresults><![CDATA[<p>
	O sistema apresenta um campo para que o distribuidor informe a delegacia de distribui&ccedil;&atilde;o.</p>
]]></expectedresults>
	<execution_type><![CDATA[1]]></execution_type>
</step>

<step>
	<step_number><![CDATA[4]]></step_number>
	<actions><![CDATA[<p>
	O distribuidor informa a delegacia de distribui&ccedil;&atilde;o e clica no bot&atilde;o Distribuir para finalizar a opera&ccedil;&atilde;o.</p>
]]></actions>
	<expectedresults><![CDATA[<p>
	O sistema:</p>
<ul>
	<li>
		repassa a responsabilidade do caso para o Delegado selecionado;</li>
	<li>
		cria uma tarefa de &ldquo;Instaurar Inqu&eacute;rito&rdquo; para o Delegado selecionado;</li>
	<li>
		finaliza a tarefa &ldquo;Distribuir Not&iacute;cia-Crime&rdquo; do distribuidor;</li>
	<li>
		apresenta uma mensagem de sucesso da opera&ccedil;&atilde;o; [MA018]</li>
</ul>
]]></expectedresults>
	<execution_type><![CDATA[1]]></execution_type>
</step>
</steps>
<keywords><keyword name="UC03"><notes><![CDATA[

]]></notes></keyword>
<keyword name="UC23"><notes><![CDATA[

]]></notes></keyword>
<keyword name="UC26"><notes><![CDATA[

]]></notes></keyword>
</keywords></testcase>

<testcase internalid="11006" name="UC03-FA03-A: O distribuidor opta por uma distribuição diferente da sugerida pelo sistema">
	<node_order><![CDATA[4]]></node_order>
	<externalid><![CDATA[124]]></externalid>
	<version><![CDATA[1]]></version>
	<summary><![CDATA[<p>
	Inicia-se no passo 1 do Fluxo B&aacute;sico ou no passo , caso o ator sistema opte por uma distribui&ccedil;&atilde;o diferente da sugerida pelo sistema.</p>
]]></summary>
	<preconditions><![CDATA[<ul>
	<li>
		O ator est&aacute; autenticado.</li>
	<li>
		O ator &eacute; respons&aacute;vel pela tarefa &quot;Distribuir Not&iacute;cia-Crime&quot;.</li>
	<li>
		A Not&iacute;cia-Crime do Caso recebeu um Parecer favor&aacute;vel.</li>
</ul>
]]></preconditions>
	<execution_type><![CDATA[1]]></execution_type>
	<importance><![CDATA[2]]></importance>
<steps>
<step>
	<step_number><![CDATA[1]]></step_number>
	<actions><![CDATA[<p>
	O distribuidor seleciona a op&ccedil;&atilde;o de ver detalhes tarefa de &ldquo;Distribuir Not&iacute;cia-Crime&rdquo; em sua lista de tarefas. [UC26]</p>
]]></actions>
	<expectedresults><![CDATA[<p>
	O sistema:</p>
<ul>
	<li>
		Apresenta a p&aacute;gina de Ver Tarefa com a aba Responder Tarefa selecionada, na qual h&aacute; as op&ccedil;&otilde;es de distribuir para Unidade ou Servidor, com a op&ccedil;&atilde;o Servidor selecionada e a sugest&atilde;o de Delegado para distribui&ccedil;&atilde;o do caso. [FA01][FA02][FA03]</li>
</ul>
]]></expectedresults>
	<execution_type><![CDATA[1]]></execution_type>
</step>

<step>
	<step_number><![CDATA[2]]></step_number>
	<actions><![CDATA[<p>
	O ator seleciona a op&ccedil;&atilde;o &ldquo;Escolher manualmente&rdquo;</p>
]]></actions>
	<expectedresults><![CDATA[<p>
	O sistema apresenta as op&ccedil;&otilde;es de delegados ou delegacias.</p>
]]></expectedresults>
	<execution_type><![CDATA[1]]></execution_type>
</step>

<step>
	<step_number><![CDATA[3]]></step_number>
	<actions><![CDATA[<p>
	O ator clica no formul&aacute;rio Selecionar Delegacia.</p>
]]></actions>
	<expectedresults><![CDATA[<p>
	O sistema inclui o Caso de Uso Selecionar Delegado. [UC24]</p>
]]></expectedresults>
	<execution_type><![CDATA[1]]></execution_type>
</step>

<step>
	<step_number><![CDATA[4]]></step_number>
	<actions><![CDATA[<p>
	O ator escolhe uma Unidade Respons&aacute;vel.</p>
]]></actions>
	<expectedresults><![CDATA[<p>
	O sistema exibe o formul&aacute;rio de justificativa de distribui&ccedil;&atilde;o.</p>
]]></expectedresults>
	<execution_type><![CDATA[1]]></execution_type>
</step>

<step>
	<step_number><![CDATA[5]]></step_number>
	<actions><![CDATA[<p>
	O ator preenche o formul&aacute;rio de justificativa.</p>
]]></actions>
	<expectedresults><![CDATA[<p>
	O sistema apresenta um campo para que o distribuidor informe a delegacia de distribui&ccedil;&atilde;o.</p>
]]></expectedresults>
	<execution_type><![CDATA[1]]></execution_type>
</step>

<step>
	<step_number><![CDATA[6]]></step_number>
	<actions><![CDATA[<p>
	O distribuidor informa a delegacia de distribui&ccedil;&atilde;o e clica no bot&atilde;o Distribuir para finalizar a opera&ccedil;&atilde;o.</p>
]]></actions>
	<expectedresults><![CDATA[<p>
	O sistema:</p>
<ul>
	<li>
		valida o formul&aacute;rio e cria uma pe&ccedil;a que cont&eacute;m a justificativa de distribui&ccedil;&atilde;o. [FE01]</li>
	<li>
		repassa a responsabilidade do caso para o Delegado selecionado;</li>
	<li>
		cria uma tarefa de &ldquo;Instaurar Inqu&eacute;rito&rdquo; para o Delegado selecionado;</li>
	<li>
		finaliza a tarefa &ldquo;Distribuir Not&iacute;cia-Crime&rdquo; do distribuidor;</li>
	<li>
		apresenta uma mensagem de sucesso da opera&ccedil;&atilde;o; [MA018]</li>
</ul>
]]></expectedresults>
	<execution_type><![CDATA[1]]></execution_type>
</step>
</steps>
<keywords><keyword name="UC03"><notes><![CDATA[

]]></notes></keyword>
<keyword name="UC24"><notes><![CDATA[

]]></notes></keyword>
<keyword name="UC26"><notes><![CDATA[

]]></notes></keyword>
</keywords></testcase>

<testcase internalid="11014" name="UC03-FA03-B: O distribuidor opta por uma distribuição diferente da sugerida pelo sistema">
	<node_order><![CDATA[5]]></node_order>
	<externalid><![CDATA[133]]></externalid>
	<version><![CDATA[1]]></version>
	<summary><![CDATA[<p>
	Inicia-se no passo 1 do Fluxo B&aacute;sico ou no passo , caso o ator sistema opte por uma distribui&ccedil;&atilde;o diferente da sugerida pelo sistema.</p>
]]></summary>
	<preconditions><![CDATA[<ul>
	<li>
		O ator est&aacute; autenticado.</li>
	<li>
		O ator &eacute; respons&aacute;vel pela tarefa &quot;Distribuir Not&iacute;cia-Crime&quot;.</li>
	<li>
		A Not&iacute;cia-Crime do Caso recebeu um Parecer favor&aacute;vel.</li>
</ul>
]]></preconditions>
	<execution_type><![CDATA[1]]></execution_type>
	<importance><![CDATA[2]]></importance>
<steps>
<step>
	<step_number><![CDATA[1]]></step_number>
	<actions><![CDATA[<p>
	O distribuidor seleciona a op&ccedil;&atilde;o de ver detalhes tarefa de &ldquo;Distribuir Not&iacute;cia-Crime&rdquo; em sua lista de tarefas. [UC26]</p>
]]></actions>
	<expectedresults><![CDATA[<p>
	O sistema:</p>
<ul>
	<li>
		Apresenta a p&aacute;gina de Ver Tarefa com a aba Responder Tarefa selecionada, na qual h&aacute; as op&ccedil;&otilde;es de distribuir para Unidade ou Servidor, com a op&ccedil;&atilde;o Servidor selecionada e a sugest&atilde;o de Delegado para distribui&ccedil;&atilde;o do caso. [FA01][FA02][FA03]</li>
</ul>
]]></expectedresults>
	<execution_type><![CDATA[1]]></execution_type>
</step>

<step>
	<step_number><![CDATA[2]]></step_number>
	<actions><![CDATA[<p>
	O ator seleciona a op&ccedil;&atilde;o &ldquo;Escolher manualmente&rdquo;</p>
]]></actions>
	<expectedresults><![CDATA[<p>
	O sistema apresenta as op&ccedil;&otilde;es de delegados ou delegacias.</p>
]]></expectedresults>
	<execution_type><![CDATA[1]]></execution_type>
</step>

<step>
	<step_number><![CDATA[3]]></step_number>
	<actions><![CDATA[<p>
	O ator clica no formul&aacute;rio de Selecionar Delegado.</p>
]]></actions>
	<expectedresults><![CDATA[<p>
	O sistema inclui o caso de Uso Selecionar Delegado. [UC23]</p>
]]></expectedresults>
	<execution_type><![CDATA[1]]></execution_type>
</step>

<step>
	<step_number><![CDATA[4]]></step_number>
	<actions><![CDATA[<p>
	O ator escolhe um Delegado Respons&aacute;vel.</p>
]]></actions>
	<expectedresults><![CDATA[<p>
	O sistema exibe o formul&aacute;rio de justificativa de distribui&ccedil;&atilde;o.</p>
]]></expectedresults>
	<execution_type><![CDATA[1]]></execution_type>
</step>

<step>
	<step_number><![CDATA[5]]></step_number>
	<actions><![CDATA[<p>
	O ator preenche o formul&aacute;rio de justificativa.</p>
]]></actions>
	<expectedresults><![CDATA[<p>
	O sistema apresenta um campo para que o distribuidor informe a delegacia de distribui&ccedil;&atilde;o.</p>
]]></expectedresults>
	<execution_type><![CDATA[1]]></execution_type>
</step>

<step>
	<step_number><![CDATA[6]]></step_number>
	<actions><![CDATA[<p>
	O distribuidor informa a delegacia de distribui&ccedil;&atilde;o e clica no bot&atilde;o Distribuir para finalizar a opera&ccedil;&atilde;o.</p>
]]></actions>
	<expectedresults><![CDATA[<p>
	O sistema:</p>
<ul>
	<li>
		valida o formul&aacute;rio e cria uma pe&ccedil;a que cont&eacute;m a justificativa de distribui&ccedil;&atilde;o. [FE01]</li>
	<li>
		repassa a responsabilidade do caso para o Delegado selecionado;</li>
	<li>
		cria uma tarefa de &ldquo;Instaurar Inqu&eacute;rito&rdquo; para o Delegado selecionado;</li>
	<li>
		finaliza a tarefa &ldquo;Distribuir Not&iacute;cia-Crime&rdquo; do distribuidor;</li>
	<li>
		apresenta uma mensagem de sucesso da opera&ccedil;&atilde;o; [MA018]</li>
</ul>
]]></expectedresults>
	<execution_type><![CDATA[1]]></execution_type>
</step>
</steps>
<keywords><keyword name="UC03"><notes><![CDATA[

]]></notes></keyword>
<keyword name="UC23"><notes><![CDATA[

]]></notes></keyword>
<keyword name="UC26"><notes><![CDATA[

]]></notes></keyword>
</keywords></testcase>

<testcase internalid="11022" name="UC03-FE01-A: O usuário não forneceu dados para a justificativa de distribuição">
	<node_order><![CDATA[6]]></node_order>
	<externalid><![CDATA[125]]></externalid>
	<version><![CDATA[1]]></version>
	<summary><![CDATA[<p>
	Inicia-se no passo 6 do FA03, caso o ator n&atilde;o forne&ccedil;a os dados da justificativa de distribui&ccedil;&atilde;o.</p>
]]></summary>
	<preconditions><![CDATA[<ul>
	<li>
		O ator est&aacute; autenticado.</li>
	<li>
		O ator &eacute; respons&aacute;vel pela tarefa &quot;Distribuir Not&iacute;cia-Crime&quot;.</li>
	<li>
		A Not&iacute;cia-Crime do Caso recebeu um Parecer favor&aacute;vel.</li>
</ul>
]]></preconditions>
	<execution_type><![CDATA[1]]></execution_type>
	<importance><![CDATA[2]]></importance>
<steps>
<step>
	<step_number><![CDATA[1]]></step_number>
	<actions><![CDATA[<p>
	O distribuidor seleciona a op&ccedil;&atilde;o de ver detalhes tarefa de &ldquo;Distribuir Not&iacute;cia-Crime&rdquo; em sua lista de tarefas. [UC26]</p>
]]></actions>
	<expectedresults><![CDATA[<p>
	O sistema:</p>
<ul>
	<li>
		apresenta a p&aacute;gina de Ver Tarefa com a aba Responder Tarefa selecionada, na qual h&aacute; as op&ccedil;&otilde;es de distribuir para Unidade ou Servidor, com a op&ccedil;&atilde;o Servidor selecionada e a sugest&atilde;o de Delegado para distribui&ccedil;&atilde;o do caso. [FA01][FA02][FA03]</li>
</ul>
]]></expectedresults>
	<execution_type><![CDATA[1]]></execution_type>
</step>

<step>
	<step_number><![CDATA[2]]></step_number>
	<actions><![CDATA[<p>
	O ator seleciona a op&ccedil;&atilde;o &ldquo;Escolher manualmente&rdquo;</p>
]]></actions>
	<expectedresults><![CDATA[<p>
	O sistema apresenta as op&ccedil;&otilde;es de delegados ou delegacias.</p>
]]></expectedresults>
	<execution_type><![CDATA[1]]></execution_type>
</step>

<step>
	<step_number><![CDATA[3]]></step_number>
	<actions><![CDATA[<p>
	O ator clica no formul&aacute;rio de Selecionar Delegacia.</p>
]]></actions>
	<expectedresults><![CDATA[<p>
	O sistema inclui o Caso de Uso Selecionar Delegacia. [UC24]</p>
]]></expectedresults>
	<execution_type><![CDATA[1]]></execution_type>
</step>

<step>
	<step_number><![CDATA[4]]></step_number>
	<actions><![CDATA[<p>
	O ator escolhe uma Unidade Respons&aacute;vel.</p>
]]></actions>
	<expectedresults><![CDATA[<p>
	O sistema exibe o formul&aacute;rio de justificativa de distribui&ccedil;&atilde;o.</p>
<p>
	&nbsp;</p>
]]></expectedresults>
	<execution_type><![CDATA[1]]></execution_type>
</step>

<step>
	<step_number><![CDATA[5]]></step_number>
	<actions><![CDATA[<p>
	O ator deixa em branco o formul&aacute;rio de justificativa de distribui&ccedil;&atilde;o.</p>
]]></actions>
	<expectedresults><![CDATA[<p>
	O sistema apresenta um campo para que o distribuidor informe a delegacia de distribui&ccedil;&atilde;o.</p>
]]></expectedresults>
	<execution_type><![CDATA[1]]></execution_type>
</step>

<step>
	<step_number><![CDATA[6]]></step_number>
	<actions><![CDATA[<p>
	O distribuidor informa a delegacia de distribui&ccedil;&atilde;o e clica no bot&atilde;o Distribuir para finalizar a opera&ccedil;&atilde;o.</p>
]]></actions>
	<expectedresults><![CDATA[<p>
	O sistema apresenta a mensagem de erro dizendo que uma justificativa de distribui&ccedil;&atilde;o n&atilde;o foi apresentada.</p>
<p>
	O sistema exibe o formul&aacute;rio de justificativa de distribui&ccedil;&atilde;o.</p>
]]></expectedresults>
	<execution_type><![CDATA[1]]></execution_type>
</step>

<step>
	<step_number><![CDATA[7]]></step_number>
	<actions><![CDATA[<p>
	O ator preenche o formul&aacute;rio de justificativa.</p>
]]></actions>
	<expectedresults><![CDATA[<p>
	O sistema apresenta um campo para que o distribuidor informe a delegacia de distribui&ccedil;&atilde;o.</p>
]]></expectedresults>
	<execution_type><![CDATA[1]]></execution_type>
</step>

<step>
	<step_number><![CDATA[8]]></step_number>
	<actions><![CDATA[<p>
	O distribuidor informa a delegacia de distribui&ccedil;&atilde;o e clica no bot&atilde;o Distribuir para finalizar a opera&ccedil;&atilde;o.</p>
]]></actions>
	<expectedresults><![CDATA[<p>
	O sistema:</p>
<ul>
	<li>
		valida o formul&aacute;rio e cria uma pe&ccedil;a que cont&eacute;m a justificativa de distribui&ccedil;&atilde;o. [FE01]</li>
	<li>
		repassa a responsabilidade do caso para o Delegado selecionado;</li>
	<li>
		cria uma tarefa de &ldquo;Instaurar Inqu&eacute;rito&rdquo; para o Delegado selecionado;</li>
	<li>
		finaliza a tarefa &ldquo;Distribuir Not&iacute;cia-Crime&rdquo; do distribuidor;</li>
	<li>
		apresenta uma mensagem de sucesso da opera&ccedil;&atilde;o; [MA018]</li>
</ul>
]]></expectedresults>
	<execution_type><![CDATA[1]]></execution_type>
</step>
</steps>
<keywords><keyword name="UC03"><notes><![CDATA[

]]></notes></keyword>
<keyword name="UC24"><notes><![CDATA[

]]></notes></keyword>
<keyword name="UC26"><notes><![CDATA[

]]></notes></keyword>
</keywords></testcase>

<testcase internalid="11032" name="UC03-FE01-B: O usuário não forneceu dados para a justificativa de distribuição">
	<node_order><![CDATA[7]]></node_order>
	<externalid><![CDATA[134]]></externalid>
	<version><![CDATA[1]]></version>
	<summary><![CDATA[<p>
	Inicia-se no passo 6 do FA03, caso o ator n&atilde;o forne&ccedil;a os dados da justificativa de distribui&ccedil;&atilde;o.</p>
]]></summary>
	<preconditions><![CDATA[<ul>
	<li>
		O ator est&aacute; autenticado.</li>
	<li>
		O ator &eacute; respons&aacute;vel pela tarefa &quot;Distribuir Not&iacute;cia-Crime&quot;.</li>
	<li>
		A Not&iacute;cia-Crime do Caso recebeu um Parecer favor&aacute;vel.</li>
</ul>
]]></preconditions>
	<execution_type><![CDATA[1]]></execution_type>
	<importance><![CDATA[2]]></importance>
<steps>
<step>
	<step_number><![CDATA[1]]></step_number>
	<actions><![CDATA[<p>
	O distribuidor seleciona a op&ccedil;&atilde;o de ver detalhes tarefa de &ldquo;Distribuir Not&iacute;cia-Crime&rdquo; em sua lista de tarefas. [UC26]</p>
]]></actions>
	<expectedresults><![CDATA[<p>
	O sistema:</p>
<ul>
	<li>
		apresenta a p&aacute;gina de Ver Tarefa com a aba Responder Tarefa selecionada, na qual h&aacute; as op&ccedil;&otilde;es de distribuir para Unidade ou Servidor, com a op&ccedil;&atilde;o Servidor selecionada e a sugest&atilde;o de Delegado para distribui&ccedil;&atilde;o do caso. [FA01][FA02][FA03]</li>
</ul>
]]></expectedresults>
	<execution_type><![CDATA[1]]></execution_type>
</step>

<step>
	<step_number><![CDATA[2]]></step_number>
	<actions><![CDATA[<p>
	O ator seleciona a op&ccedil;&atilde;o &ldquo;Escolher manualmente&rdquo;</p>
]]></actions>
	<expectedresults><![CDATA[<p>
	O sistema apresenta as op&ccedil;&otilde;es de delegados ou delegacias.</p>
]]></expectedresults>
	<execution_type><![CDATA[1]]></execution_type>
</step>

<step>
	<step_number><![CDATA[3]]></step_number>
	<actions><![CDATA[<p>
	O ator clica no formul&aacute;rio de Selecionar Delegado.</p>
]]></actions>
	<expectedresults><![CDATA[<p>
	O sistema inclui o caso de uso Selecionar Delegado. [UC23]</p>
]]></expectedresults>
	<execution_type><![CDATA[1]]></execution_type>
</step>

<step>
	<step_number><![CDATA[4]]></step_number>
	<actions><![CDATA[<p>
	O ator escolhe uma Servidor Respons&aacute;vel.</p>
]]></actions>
	<expectedresults><![CDATA[<p>
	O sistema exibe o formul&aacute;rio de justificativa de distribui&ccedil;&atilde;o.</p>
<p>
	&nbsp;</p>
]]></expectedresults>
	<execution_type><![CDATA[1]]></execution_type>
</step>

<step>
	<step_number><![CDATA[5]]></step_number>
	<actions><![CDATA[<p>
	O ator deixa em branco o formul&aacute;rio de justificativa de distribui&ccedil;&atilde;o.</p>
]]></actions>
	<expectedresults><![CDATA[<p>
	O sistema apresenta um campo para que o distribuidor informe a delegacia de distribui&ccedil;&atilde;o.</p>
]]></expectedresults>
	<execution_type><![CDATA[1]]></execution_type>
</step>

<step>
	<step_number><![CDATA[6]]></step_number>
	<actions><![CDATA[<p>
	O distribuidor informa a delegacia de distribui&ccedil;&atilde;o e clica no bot&atilde;o Distribuir para finalizar a opera&ccedil;&atilde;o.</p>
]]></actions>
	<expectedresults><![CDATA[<p>
	O sistema apresenta a mensagem de erro dizendo que uma justificativa de distribui&ccedil;&atilde;o n&atilde;o foi apresentada.</p>
<p>
	O sistema exibe o formul&aacute;rio de justificativa de distribui&ccedil;&atilde;o.</p>
]]></expectedresults>
	<execution_type><![CDATA[1]]></execution_type>
</step>

<step>
	<step_number><![CDATA[7]]></step_number>
	<actions><![CDATA[<p>
	O ator preenche o formul&aacute;rio de justificativa.</p>
]]></actions>
	<expectedresults><![CDATA[<p>
	O sistema apresenta um campo para que o distribuidor informe a delegacia de distribui&ccedil;&atilde;o.</p>
]]></expectedresults>
	<execution_type><![CDATA[1]]></execution_type>
</step>

<step>
	<step_number><![CDATA[8]]></step_number>
	<actions><![CDATA[<p>
	O distribuidor informa a delegacia de distribui&ccedil;&atilde;o e clica no bot&atilde;o Distribuir para finalizar a opera&ccedil;&atilde;o.</p>
]]></actions>
	<expectedresults><![CDATA[<p>
	O sistema:</p>
<ul>
	<li>
		valida o formul&aacute;rio e cria uma pe&ccedil;a que cont&eacute;m a justificativa de distribui&ccedil;&atilde;o. [FE01]</li>
	<li>
		repassa a responsabilidade do caso para o Delegado selecionado;</li>
	<li>
		cria uma tarefa de &ldquo;Instaurar Inqu&eacute;rito&rdquo; para o Delegado selecionado;</li>
	<li>
		finaliza a tarefa &ldquo;Distribuir Not&iacute;cia-Crime&rdquo; do distribuidor;</li>
	<li>
		apresenta uma mensagem de sucesso da opera&ccedil;&atilde;o; [MA018]</li>
</ul>
]]></expectedresults>
	<execution_type><![CDATA[1]]></execution_type>
</step>
</steps>
<keywords><keyword name="UC03"><notes><![CDATA[

]]></notes></keyword>
<keyword name="UC23"><notes><![CDATA[

]]></notes></keyword>
<keyword name="UC26"><notes><![CDATA[

]]></notes></keyword>
</keywords></testcase>
</testsuite><testsuite name="UC04: Instaurar Inquérito" >
<node_order><![CDATA[3]]></node_order>
<details><![CDATA[]]></details> 

<testcase internalid="11043" name="UC04-FB: Instaurar Inquérito">
	<node_order><![CDATA[0]]></node_order>
	<externalid><![CDATA[114]]></externalid>
	<version><![CDATA[1]]></version>
	<summary><![CDATA[<p>
	Fluxo b&aacute;sico do Caso de Uso UC04.</p>
]]></summary>
	<preconditions><![CDATA[<ul>
	<li>
		O ator est&aacute; autenticado.</li>
	<li>
		O ator &eacute; respons&aacute;vel pela tarefa &quot;Instaurar Inqu&eacute;rito&quot;.</li>
	<li>
		O ator &eacute; respons&aacute;vel pelo caso.</li>
</ul>
]]></preconditions>
	<execution_type><![CDATA[1]]></execution_type>
	<importance><![CDATA[2]]></importance>
<steps>
<step>
	<step_number><![CDATA[1]]></step_number>
	<actions><![CDATA[<p>
	O ator seleciona a op&ccedil;&atilde;o ver detalhes da tarefa de &ldquo;Instaurar Inqu&eacute;rito&rdquo; na sua lista de Tarefas [UC26]</p>
]]></actions>
	<expectedresults><![CDATA[<p>
	O sistema apresenta a p&aacute;gina de responder a tarefa Instaurar Inqu&eacute;rito.</p>
]]></expectedresults>
	<execution_type><![CDATA[1]]></execution_type>
</step>

<step>
	<step_number><![CDATA[2]]></step_number>
	<actions><![CDATA[<p>
	O ator clica em &ldquo;Gerar Portaria&rdquo;. [FA01]</p>
]]></actions>
	<expectedresults><![CDATA[<p>
	O sistema inclui o Caso de Uso Criar Pe&ccedil;a, apresentando o template de Portaria para sele&ccedil;&atilde;o. [UC08]</p>
]]></expectedresults>
	<execution_type><![CDATA[1]]></execution_type>
</step>

<step>
	<step_number><![CDATA[3]]></step_number>
	<actions><![CDATA[<p>
	O ator cria a pe&ccedil;a.</p>
]]></actions>
	<expectedresults><![CDATA[<p>
	O sistema apresenta a p&aacute;gina de visualiza&ccedil;&atilde;o da pe&ccedil;a criada.</p>
]]></expectedresults>
	<execution_type><![CDATA[1]]></execution_type>
</step>

<step>
	<step_number><![CDATA[4]]></step_number>
	<actions><![CDATA[<p>
	O ator volta para a p&aacute;gina de responder tarefa.</p>
]]></actions>
	<expectedresults><![CDATA[<p>
	O sistema exibe a p&aacute;gina de responder tarefa.</p>
]]></expectedresults>
	<execution_type><![CDATA[1]]></execution_type>
</step>

<step>
	<step_number><![CDATA[5]]></step_number>
	<actions><![CDATA[<p>
	O ator clica em &ldquo;Nova Tarefa Relacionada&rdquo; na aba Tarefas Relacionadas. [FA02]</p>
]]></actions>
	<expectedresults><![CDATA[<p>
	O sistema inclui o Caso de Uso Criar Tarefa. [UC05]</p>
]]></expectedresults>
	<execution_type><![CDATA[1]]></execution_type>
</step>

<step>
	<step_number><![CDATA[6]]></step_number>
	<actions><![CDATA[<p>
	O ator confirma a instaura&ccedil;&atilde;o do inqu&eacute;rito clicando em &ldquo;Instaurar Inqu&eacute;rito&rdquo; na aba Responder Tarefa. [FA03] [FA05]</p>
]]></actions>
	<expectedresults><![CDATA[<p>
	O sistema pergunta se o ator tem certeza que deseja instaurar o inqu&eacute;rito.</p>
]]></expectedresults>
	<execution_type><![CDATA[1]]></execution_type>
</step>

<step>
	<step_number><![CDATA[7]]></step_number>
	<actions><![CDATA[<p>
	O ator responde que tem certeza, clicando no bot&atilde;o Sim. [FA04]</p>
]]></actions>
	<expectedresults><![CDATA[<p>
	O sistema:</p>
<ul>
	<li>
		Cria um novo Inqu&eacute;rito; [RN04]</li>
	<li>
		Comunica por meio eletr&ocirc;nico (a definir) os &oacute;rg&atilde;os competentes; [RN04]</li>
	<li>
		Cria a Tarefa &ldquo;Produzir Relat&oacute;rio Final&rdquo; para o respons&aacute;vel pelo Caso;</li>
	<li>
		Apresenta uma mensagem de sucesso da opera&ccedil;&atilde;o; [MA018]</li>
	<li>
		Caso o ator n&atilde;o tenha criado uma tarefa do tipo Intimar, o sistema deve sugerir a cria&ccedil;&atilde;o de uma tarefa do tipo Intimar; [UC05][MA034]</li>
</ul>
]]></expectedresults>
	<execution_type><![CDATA[1]]></execution_type>
</step>
</steps>
<keywords><keyword name="UC04"><notes><![CDATA[

]]></notes></keyword>
<keyword name="UC08"><notes><![CDATA[

]]></notes></keyword>
<keyword name="UC05"><notes><![CDATA[

]]></notes></keyword>
</keywords></testcase>

<testcase internalid="11052" name="UC04-FA01: A peça do tipo portaria já foi criada anteriormente">
	<node_order><![CDATA[1]]></node_order>
	<externalid><![CDATA[115]]></externalid>
	<version><![CDATA[1]]></version>
	<summary><![CDATA[<p>
	Inicia-se no passo 2 do Fluxo B&aacute;sico, caso o ator j&aacute; tenha criado uma pe&ccedil;a do tipo Portaria.</p>
]]></summary>
	<preconditions><![CDATA[<ul>
	<li>
		O ator est&aacute; autenticado.</li>
	<li>
		O ator &eacute; respons&aacute;vel pela tarefa &quot;Instaurar Inqu&eacute;rito&quot;.</li>
	<li>
		O ator &eacute; respons&aacute;vel pelo caso.</li>
</ul>
]]></preconditions>
	<execution_type><![CDATA[1]]></execution_type>
	<importance><![CDATA[2]]></importance>
<steps>
<step>
	<step_number><![CDATA[1]]></step_number>
	<actions><![CDATA[<p>
	O ator seleciona a op&ccedil;&atilde;o ver detalhes da tarefa de &ldquo;Instaurar Inqu&eacute;rito&rdquo; na sua lista de Tarefas [UC26]</p>
]]></actions>
	<expectedresults><![CDATA[<p>
	O sistema apresenta a p&aacute;gina de responder a tarefa Instaurar Inqu&eacute;rito.</p>
]]></expectedresults>
	<execution_type><![CDATA[1]]></execution_type>
</step>

<step>
	<step_number><![CDATA[2]]></step_number>
	<actions><![CDATA[<p>
	O ator clica em &ldquo;Gerar Portaria&rdquo;. [FA01]</p>
]]></actions>
	<expectedresults><![CDATA[<p>
	O sistema percebe que h&aacute; uma portaria criada.</p>
]]></expectedresults>
	<execution_type><![CDATA[1]]></execution_type>
</step>

<step>
	<step_number><![CDATA[3]]></step_number>
	<actions><![CDATA[<p>
	O ator clica em &ldquo;Nova Tarefa Relacionada&rdquo; na aba Tarefas Relacionadas. [FA02]</p>
]]></actions>
	<expectedresults><![CDATA[<p>
	O sistema inclui o Caso de Uso Criar Tarefa. [UC05]</p>
]]></expectedresults>
	<execution_type><![CDATA[1]]></execution_type>
</step>

<step>
	<step_number><![CDATA[4]]></step_number>
	<actions><![CDATA[<p>
	O ator confirma a instaura&ccedil;&atilde;o do inqu&eacute;rito clicando em &ldquo;Instaurar Inqu&eacute;rito&rdquo; na aba Responder Tarefa. [FA03] [FA05]</p>
]]></actions>
	<expectedresults><![CDATA[<p>
	O sistema pergunta se o ator tem certeza que deseja instaurar o inqu&eacute;rito.</p>
]]></expectedresults>
	<execution_type><![CDATA[1]]></execution_type>
</step>

<step>
	<step_number><![CDATA[5]]></step_number>
	<actions><![CDATA[<p>
	O ator responde que tem certeza, clicando no bot&atilde;o Sim. [FA04]</p>
]]></actions>
	<expectedresults><![CDATA[<p>
	O sistema:</p>
<ul>
	<li>
		Cria um novo Inqu&eacute;rito; [RN04]</li>
	<li>
		Comunica por meio eletr&ocirc;nico (a definir) os &oacute;rg&atilde;os competentes; [RN04]</li>
	<li>
		Cria a Tarefa &ldquo;Produzir Relat&oacute;rio Final&rdquo; para o respons&aacute;vel pelo Caso;</li>
	<li>
		Apresenta uma mensagem de sucesso da opera&ccedil;&atilde;o; [MA018]</li>
	<li>
		Caso o ator n&atilde;o tenha criado uma tarefa do tipo Intimar, o sistema deve sugerir a cria&ccedil;&atilde;o de uma tarefa do tipo Intimar; [UC05][MA034]</li>
</ul>
]]></expectedresults>
	<execution_type><![CDATA[1]]></execution_type>
</step>
</steps>
<keywords><keyword name="UC04"><notes><![CDATA[

]]></notes></keyword>
<keyword name="UC05"><notes><![CDATA[

]]></notes></keyword>
</keywords></testcase>

<testcase internalid="11059" name="UC04-FA02: O ator não deseja criar nova tarefa relacionada">
	<node_order><![CDATA[2]]></node_order>
	<externalid><![CDATA[116]]></externalid>
	<version><![CDATA[1]]></version>
	<summary><![CDATA[<p>
	Inicia-se no passo 5 do Fluxo B&aacute;sico, caso o ator n&atilde;o deseje criar nova tarefa relacionada.</p>
]]></summary>
	<preconditions><![CDATA[<ul>
	<li>
		O ator est&aacute; autenticado.</li>
	<li>
		O ator &eacute; respons&aacute;vel pela tarefa &quot;Instaurar Inqu&eacute;rito&quot;.</li>
	<li>
		O ator &eacute; respons&aacute;vel pelo caso.</li>
</ul>
]]></preconditions>
	<execution_type><![CDATA[1]]></execution_type>
	<importance><![CDATA[2]]></importance>
<steps>
<step>
	<step_number><![CDATA[1]]></step_number>
	<actions><![CDATA[<p>
	O ator seleciona a op&ccedil;&atilde;o ver detalhes da tarefa de &ldquo;Instaurar Inqu&eacute;rito&rdquo; na sua lista de Tarefas [UC26]</p>
]]></actions>
	<expectedresults><![CDATA[<p>
	O sistema apresenta a p&aacute;gina de responder a tarefa Instaurar Inqu&eacute;rito.</p>
]]></expectedresults>
	<execution_type><![CDATA[1]]></execution_type>
</step>

<step>
	<step_number><![CDATA[2]]></step_number>
	<actions><![CDATA[<p>
	O ator clica em &ldquo;Gerar Portaria&rdquo;. [FA01]</p>
]]></actions>
	<expectedresults><![CDATA[<p>
	O sistema inclui o Caso de Uso Criar Pe&ccedil;a, apresentando o template de Portaria para sele&ccedil;&atilde;o. [UC08]</p>
]]></expectedresults>
	<execution_type><![CDATA[1]]></execution_type>
</step>

<step>
	<step_number><![CDATA[3]]></step_number>
	<actions><![CDATA[<p>
	O ator cria a pe&ccedil;a.</p>
]]></actions>
	<expectedresults><![CDATA[<p>
	O sistema apresenta a p&aacute;gina de visualiza&ccedil;&atilde;o da pe&ccedil;a criada.</p>
]]></expectedresults>
	<execution_type><![CDATA[1]]></execution_type>
</step>

<step>
	<step_number><![CDATA[4]]></step_number>
	<actions><![CDATA[<p>
	O ator volta para a p&aacute;gina de responder tarefa.</p>
]]></actions>
	<expectedresults><![CDATA[<p>
	O sistema exibe a p&aacute;gina de responder tarefa.</p>
]]></expectedresults>
	<execution_type><![CDATA[1]]></execution_type>
</step>

<step>
	<step_number><![CDATA[5]]></step_number>
	<actions><![CDATA[<p>
	O ator confirma a instaura&ccedil;&atilde;o do inqu&eacute;rito clicando em &ldquo;Instaurar Inqu&eacute;rito&rdquo; na aba Responder Tarefa. [FA03] [FA05]</p>
]]></actions>
	<expectedresults><![CDATA[<p>
	O sistema pergunta se o ator tem certeza que deseja instaurar o inqu&eacute;rito.</p>
]]></expectedresults>
	<execution_type><![CDATA[1]]></execution_type>
</step>

<step>
	<step_number><![CDATA[6]]></step_number>
	<actions><![CDATA[<p>
	O ator responde que tem certeza, clicando no bot&atilde;o Sim. [FA04]</p>
]]></actions>
	<expectedresults><![CDATA[<p>
	O sistema:</p>
<ul>
	<li>
		Cria um novo Inqu&eacute;rito; [RN04]</li>
	<li>
		Comunica por meio eletr&ocirc;nico (a definir) os &oacute;rg&atilde;os competentes; [RN04]</li>
	<li>
		Cria a Tarefa &ldquo;Produzir Relat&oacute;rio Final&rdquo; para o respons&aacute;vel pelo Caso;</li>
	<li>
		Apresenta uma mensagem de sucesso da opera&ccedil;&atilde;o; [MA018]</li>
	<li>
		Caso o ator n&atilde;o tenha criado uma tarefa do tipo Intimar, o sistema deve sugerir a cria&ccedil;&atilde;o de uma tarefa do tipo Intimar; [UC05][MA034]</li>
</ul>
]]></expectedresults>
	<execution_type><![CDATA[1]]></execution_type>
</step>
</steps>
<keywords><keyword name="UC04"><notes><![CDATA[

]]></notes></keyword>
<keyword name="UC08"><notes><![CDATA[

]]></notes></keyword>
<keyword name="UC05"><notes><![CDATA[

]]></notes></keyword>
</keywords></testcase>

<testcase internalid="11067" name="UC04-FA03: O ator não criou nenhuma tarefa">
	<node_order><![CDATA[3]]></node_order>
	<externalid><![CDATA[117]]></externalid>
	<version><![CDATA[1]]></version>
	<summary><![CDATA[<p>
	Inicia-se no passo 6 do Fluxo B&aacute;sico, caso o ator n&atilde;o tenha criado nenhuma tarefa.</p>
]]></summary>
	<preconditions><![CDATA[<ul>
	<li>
		O ator est&aacute; autenticado.</li>
	<li>
		O ator &eacute; respons&aacute;vel pela tarefa &quot;Instaurar Inqu&eacute;rito&quot;.</li>
	<li>
		O ator &eacute; respons&aacute;vel pelo caso.</li>
</ul>
]]></preconditions>
	<execution_type><![CDATA[1]]></execution_type>
	<importance><![CDATA[2]]></importance>
<steps>
<step>
	<step_number><![CDATA[1]]></step_number>
	<actions><![CDATA[<p>
	O ator seleciona a op&ccedil;&atilde;o ver detalhes da tarefa de &ldquo;Instaurar Inqu&eacute;rito&rdquo; na sua lista de Tarefas [UC26]</p>
]]></actions>
	<expectedresults><![CDATA[<p>
	O sistema apresenta a p&aacute;gina de responder a tarefa Instaurar Inqu&eacute;rito.</p>
]]></expectedresults>
	<execution_type><![CDATA[1]]></execution_type>
</step>

<step>
	<step_number><![CDATA[2]]></step_number>
	<actions><![CDATA[<p>
	O ator clica em &ldquo;Gerar Portaria&rdquo;. [FA01]</p>
]]></actions>
	<expectedresults><![CDATA[<p>
	O sistema inclui o Caso de Uso Criar Pe&ccedil;a, apresentando o template de Portaria para sele&ccedil;&atilde;o. [UC08]</p>
]]></expectedresults>
	<execution_type><![CDATA[1]]></execution_type>
</step>

<step>
	<step_number><![CDATA[3]]></step_number>
	<actions><![CDATA[<p>
	O ator cria a pe&ccedil;a.</p>
]]></actions>
	<expectedresults><![CDATA[<p>
	O sistema apresenta a p&aacute;gina de visualiza&ccedil;&atilde;o da pe&ccedil;a criada.</p>
]]></expectedresults>
	<execution_type><![CDATA[1]]></execution_type>
</step>

<step>
	<step_number><![CDATA[4]]></step_number>
	<actions><![CDATA[<p>
	O ator volta para a p&aacute;gina de responder tarefa.</p>
]]></actions>
	<expectedresults><![CDATA[<p>
	O sistema exibe a p&aacute;gina de responder tarefa.</p>
]]></expectedresults>
	<execution_type><![CDATA[1]]></execution_type>
</step>

<step>
	<step_number><![CDATA[5]]></step_number>
	<actions><![CDATA[<p>
	O ator confirma a instaura&ccedil;&atilde;o do inqu&eacute;rito clicando em &ldquo;Instaurar Inqu&eacute;rito&rdquo; na aba Responder Tarefa. [FA05]</p>
]]></actions>
	<expectedresults><![CDATA[<p>
	O sistema pergunta se o ator tem certeza que deseja instaurar o inqu&eacute;rito sem criar tarefas relacionadas.</p>
]]></expectedresults>
	<execution_type><![CDATA[1]]></execution_type>
</step>

<step>
	<step_number><![CDATA[6]]></step_number>
	<actions><![CDATA[<p>
	O ator confirma a instaura&ccedil;&atilde;o do inqu&eacute;rito clicando em Sim. [FA04]</p>
]]></actions>
	<expectedresults><![CDATA[<p>
	O sistema:</p>
<ul>
	<li>
		Cria um novo Inqu&eacute;rito; [RN04]</li>
	<li>
		Comunica por meio eletr&ocirc;nico (a definir) os &oacute;rg&atilde;os competentes; [RN04]</li>
	<li>
		Cria a Tarefa &ldquo;Produzir Relat&oacute;rio Final&rdquo; para o respons&aacute;vel pelo Caso;</li>
	<li>
		Apresenta uma mensagem de sucesso da opera&ccedil;&atilde;o; [MA018]</li>
	<li>
		Caso o ator n&atilde;o tenha criado uma tarefa do tipo Intimar, o sistema deve sugerir a cria&ccedil;&atilde;o de uma tarefa do tipo Intimar; [UC05][MA034]</li>
</ul>
]]></expectedresults>
	<execution_type><![CDATA[1]]></execution_type>
</step>
</steps>
<keywords><keyword name="UC04"><notes><![CDATA[

]]></notes></keyword>
<keyword name="UC08"><notes><![CDATA[

]]></notes></keyword>
<keyword name="UC05"><notes><![CDATA[

]]></notes></keyword>
</keywords></testcase>

<testcase internalid="11075" name="UC04-FA04-A: O ator não confirma que deseja instaurar o inquérito">
	<node_order><![CDATA[4]]></node_order>
	<externalid><![CDATA[118]]></externalid>
	<version><![CDATA[1]]></version>
	<summary><![CDATA[<p>
	Inicia-se no passo 7 do Fluxo B&aacute;sico caso o ator clique no bot&atilde;o N&atilde;o.</p>
]]></summary>
	<preconditions><![CDATA[<ul>
	<li>
		O ator est&aacute; autenticado.</li>
	<li>
		O ator &eacute; respons&aacute;vel pela tarefa &quot;Instaurar Inqu&eacute;rito&quot;.</li>
	<li>
		O ator &eacute; respons&aacute;vel pelo caso.</li>
</ul>
]]></preconditions>
	<execution_type><![CDATA[1]]></execution_type>
	<importance><![CDATA[2]]></importance>
<steps>
<step>
	<step_number><![CDATA[1]]></step_number>
	<actions><![CDATA[<p>
	O ator seleciona a op&ccedil;&atilde;o ver detalhes da tarefa de &ldquo;Instaurar Inqu&eacute;rito&rdquo; na sua lista de Tarefas [UC26]</p>
]]></actions>
	<expectedresults><![CDATA[<p>
	O sistema apresenta a p&aacute;gina de responder a tarefa Instaurar Inqu&eacute;rito.</p>
]]></expectedresults>
	<execution_type><![CDATA[1]]></execution_type>
</step>

<step>
	<step_number><![CDATA[2]]></step_number>
	<actions><![CDATA[<p>
	O ator clica em &ldquo;Gerar Portaria&rdquo;. [FA01]</p>
]]></actions>
	<expectedresults><![CDATA[<p>
	O sistema inclui o Caso de Uso Criar Pe&ccedil;a, apresentando o template de Portaria para sele&ccedil;&atilde;o. [UC08]</p>
]]></expectedresults>
	<execution_type><![CDATA[1]]></execution_type>
</step>

<step>
	<step_number><![CDATA[3]]></step_number>
	<actions><![CDATA[<p>
	O ator cria a pe&ccedil;a.</p>
]]></actions>
	<expectedresults><![CDATA[<p>
	O sistema apresenta a p&aacute;gina de visualiza&ccedil;&atilde;o da pe&ccedil;a criada.</p>
]]></expectedresults>
	<execution_type><![CDATA[1]]></execution_type>
</step>

<step>
	<step_number><![CDATA[4]]></step_number>
	<actions><![CDATA[<p>
	O ator volta para a p&aacute;gina de responder tarefa.</p>
]]></actions>
	<expectedresults><![CDATA[<p>
	O sistema exibe a p&aacute;gina de responder tarefa.</p>
]]></expectedresults>
	<execution_type><![CDATA[1]]></execution_type>
</step>

<step>
	<step_number><![CDATA[5]]></step_number>
	<actions><![CDATA[<p>
	O ator clica em &ldquo;Nova Tarefa Relacionada&rdquo; na aba Tarefas Relacionadas. [FA02]</p>
]]></actions>
	<expectedresults><![CDATA[<p>
	O sistema inclui o Caso de Uso Criar Tarefa. [UC05]</p>
]]></expectedresults>
	<execution_type><![CDATA[1]]></execution_type>
</step>

<step>
	<step_number><![CDATA[6]]></step_number>
	<actions><![CDATA[<p>
	O ator confirma a instaura&ccedil;&atilde;o do inqu&eacute;rito clicando em &ldquo;Instaurar Inqu&eacute;rito&rdquo; na aba Responder Tarefa. [FA03] [FA05]</p>
]]></actions>
	<expectedresults><![CDATA[<p>
	O sistema pergunta se o ator tem certeza que deseja instaurar o inqu&eacute;rito.</p>
]]></expectedresults>
	<execution_type><![CDATA[1]]></execution_type>
</step>

<step>
	<step_number><![CDATA[7]]></step_number>
	<actions><![CDATA[<p>
	O ator clica no bot&atilde;o n&atilde;o.</p>
]]></actions>
	<expectedresults><![CDATA[<p>
	O sistema n&atilde;o cria um novo inqu&eacute;rito.</p>
]]></expectedresults>
	<execution_type><![CDATA[1]]></execution_type>
</step>

<step>
	<step_number><![CDATA[8]]></step_number>
	<actions><![CDATA[<p>
	O ator clica em &ldquo;Nova Tarefa Relacionada&rdquo; na aba Tarefas Relacionadas. [FA02]</p>
]]></actions>
	<expectedresults><![CDATA[<p>
	O sistema inclui o Caso de Uso Criar Tarefa [UC05].</p>
]]></expectedresults>
	<execution_type><![CDATA[1]]></execution_type>
</step>

<step>
	<step_number><![CDATA[9]]></step_number>
	<actions><![CDATA[<p>
	O ator confirma a instaura&ccedil;&atilde;o do inqu&eacute;rito clicando em &ldquo;Instaurar Inqu&eacute;rito&rdquo; na aba Responder Tarefa. [FA03] [FA05]</p>
]]></actions>
	<expectedresults><![CDATA[<p>
	O sistema pergunta se o ator tem certeza que deseja instaurar o inqu&eacute;rito.</p>
]]></expectedresults>
	<execution_type><![CDATA[1]]></execution_type>
</step>

<step>
	<step_number><![CDATA[10]]></step_number>
	<actions><![CDATA[<p>
	O ator responde que tem certeza, clicando no bot&atilde;o Sim. [FA04]</p>
]]></actions>
	<expectedresults><![CDATA[<p>
	O sistema:</p>
<ul>
	<li>
		Cria um novo Inqu&eacute;rito; [RN04]</li>
	<li>
		Comunica por meio eletr&ocirc;nico (a definir) os &oacute;rg&atilde;os competentes; [RN04]</li>
	<li>
		Cria a Tarefa &ldquo;Produzir Relat&oacute;rio Final&rdquo; para o respons&aacute;vel pelo Caso;</li>
	<li>
		Apresenta uma mensagem de sucesso da opera&ccedil;&atilde;o; [MA018]</li>
	<li>
		Caso o ator n&atilde;o tenha criado uma tarefa do tipo Intimar, o sistema deve sugerir a cria&ccedil;&atilde;o de uma tarefa do tipo Intimar; [UC05][MA034]</li>
</ul>
]]></expectedresults>
	<execution_type><![CDATA[1]]></execution_type>
</step>
</steps>
<keywords><keyword name="UC04"><notes><![CDATA[

]]></notes></keyword>
<keyword name="UC08"><notes><![CDATA[

]]></notes></keyword>
<keyword name="UC05"><notes><![CDATA[

]]></notes></keyword>
</keywords></testcase>

<testcase internalid="11087" name="UC04-FA04-B: O ator não confirma que deseja instaurar o inquérito">
	<node_order><![CDATA[5]]></node_order>
	<externalid><![CDATA[131]]></externalid>
	<version><![CDATA[1]]></version>
	<summary><![CDATA[<p>
	Inicia-se no passo 6 do Fluxo Alternativo FA03, caso o ator clique no bot&atilde;o N&atilde;o.</p>
]]></summary>
	<preconditions><![CDATA[<ul>
	<li>
		O ator est&aacute; autenticado.</li>
	<li>
		O ator &eacute; respons&aacute;vel pela tarefa &quot;Instaurar Inqu&eacute;rito&quot;.</li>
	<li>
		O ator &eacute; respons&aacute;vel pelo caso.</li>
</ul>
]]></preconditions>
	<execution_type><![CDATA[1]]></execution_type>
	<importance><![CDATA[2]]></importance>
<steps>
<step>
	<step_number><![CDATA[1]]></step_number>
	<actions><![CDATA[<p>
	O ator seleciona a op&ccedil;&atilde;o ver detalhes da tarefa de &ldquo;Instaurar Inqu&eacute;rito&rdquo; na sua lista de Tarefas [UC26]</p>
]]></actions>
	<expectedresults><![CDATA[<p>
	O sistema apresenta a p&aacute;gina de responder a tarefa Instaurar Inqu&eacute;rito.</p>
]]></expectedresults>
	<execution_type><![CDATA[1]]></execution_type>
</step>

<step>
	<step_number><![CDATA[2]]></step_number>
	<actions><![CDATA[<p>
	O ator clica em &ldquo;Gerar Portaria&rdquo;. [FA01]</p>
]]></actions>
	<expectedresults><![CDATA[<p>
	O sistema inclui o Caso de Uso Criar Pe&ccedil;a, apresentando o template de Portaria para sele&ccedil;&atilde;o. [UC08]</p>
]]></expectedresults>
	<execution_type><![CDATA[1]]></execution_type>
</step>

<step>
	<step_number><![CDATA[3]]></step_number>
	<actions><![CDATA[<p>
	O ator cria a pe&ccedil;a.</p>
]]></actions>
	<expectedresults><![CDATA[<p>
	O sistema apresenta a p&aacute;gina de visualiza&ccedil;&atilde;o da pe&ccedil;a criada.</p>
]]></expectedresults>
	<execution_type><![CDATA[1]]></execution_type>
</step>

<step>
	<step_number><![CDATA[4]]></step_number>
	<actions><![CDATA[<p>
	O ator volta para a p&aacute;gina de responder tarefa.</p>
]]></actions>
	<expectedresults><![CDATA[<p>
	O sistema exibe a p&aacute;gina de responder tarefa.</p>
]]></expectedresults>
	<execution_type><![CDATA[1]]></execution_type>
</step>

<step>
	<step_number><![CDATA[5]]></step_number>
	<actions><![CDATA[<p>
	O ator confirma a instaura&ccedil;&atilde;o do inqu&eacute;rito clicando em &ldquo;Instaurar Inqu&eacute;rito&rdquo; na aba Responder Tarefa. [FA05]</p>
]]></actions>
	<expectedresults><![CDATA[<p>
	O sistema pergunta se o ator tem certeza que deseja instaurar o inqu&eacute;rito sem criar tarefas relacionadas.</p>
]]></expectedresults>
	<execution_type><![CDATA[1]]></execution_type>
</step>

<step>
	<step_number><![CDATA[6]]></step_number>
	<actions><![CDATA[<p>
	O ator clica no bot&atilde;o n&atilde;o.</p>
]]></actions>
	<expectedresults><![CDATA[<p>
	O sistema n&atilde;o cria um novo Inqu&eacute;rito.</p>
]]></expectedresults>
	<execution_type><![CDATA[1]]></execution_type>
</step>

<step>
	<step_number><![CDATA[7]]></step_number>
	<actions><![CDATA[<p>
	O ator clica em &ldquo;Nova Tarefa Relacionada&rdquo; na aba Tarefas Relacionadas. [FA02]</p>
]]></actions>
	<expectedresults><![CDATA[<p>
	O sistema inclui o Caso de Uso Criar Tarefa [UC05],</p>
]]></expectedresults>
	<execution_type><![CDATA[1]]></execution_type>
</step>

<step>
	<step_number><![CDATA[8]]></step_number>
	<actions><![CDATA[<p>
	O ator confirma a instaura&ccedil;&atilde;o do inqu&eacute;rito clicando em &ldquo;Instaurar Inqu&eacute;rito&rdquo; na aba Responder Tarefa. [FA03] [FA05]</p>
]]></actions>
	<expectedresults><![CDATA[<p>
	O sistema pergunta se o ator tem certeza que deseja instaurar o inqu&eacute;rito.</p>
]]></expectedresults>
	<execution_type><![CDATA[1]]></execution_type>
</step>

<step>
	<step_number><![CDATA[9]]></step_number>
	<actions><![CDATA[<p>
	O ator responde que tem certeza, clicando no bot&atilde;o Sim. [FA04]</p>
]]></actions>
	<expectedresults><![CDATA[<p>
	O sistema:</p>
<ul>
	<li>
		Cria um novo Inqu&eacute;rito; [RN04]</li>
	<li>
		Comunica por meio eletr&ocirc;nico (a definir) os &oacute;rg&atilde;os competentes; [RN04]</li>
	<li>
		Cria a Tarefa &ldquo;Produzir Relat&oacute;rio Final&rdquo; para o respons&aacute;vel pelo Caso;</li>
	<li>
		Apresenta uma mensagem de sucesso da opera&ccedil;&atilde;o; [MA018]</li>
	<li>
		Caso o ator n&atilde;o tenha criado uma tarefa do tipo Intimar, o sistema deve sugerir a cria&ccedil;&atilde;o de uma tarefa do tipo Intimar; [UC05][MA034]</li>
</ul>
]]></expectedresults>
	<execution_type><![CDATA[1]]></execution_type>
</step>
</steps>
<keywords><keyword name="UC04"><notes><![CDATA[

]]></notes></keyword>
<keyword name="UC08"><notes><![CDATA[

]]></notes></keyword>
<keyword name="UC05"><notes><![CDATA[

]]></notes></keyword>
</keywords></testcase>

<testcase internalid="11098" name="UC04-FA05: Ao responder tarefa de Instaurar Inquérito o ator clica em “Solicitar Reconsideração”">
	<node_order><![CDATA[6]]></node_order>
	<externalid><![CDATA[119]]></externalid>
	<version><![CDATA[1]]></version>
	<summary><![CDATA[<p>
	Inicia-se no passo 6 do Fluxo B&aacute;sico, caso o ator clique no bot&atilde;o Solicitar Reconsidera&ccedil;&atilde;o.</p>
]]></summary>
	<preconditions><![CDATA[<ul>
	<li>
		O ator est&aacute; autenticado.</li>
	<li>
		O ator &eacute; respons&aacute;vel pela tarefa &quot;Instaurar Inqu&eacute;rito&quot;.</li>
	<li>
		O ator &eacute; respons&aacute;vel pelo caso.</li>
</ul>
]]></preconditions>
	<execution_type><![CDATA[1]]></execution_type>
	<importance><![CDATA[2]]></importance>
<steps>
<step>
	<step_number><![CDATA[1]]></step_number>
	<actions><![CDATA[<p>
	O ator seleciona a op&ccedil;&atilde;o ver detalhes da tarefa de &ldquo;Instaurar Inqu&eacute;rito&rdquo; na sua lista de Tarefas [UC26]</p>
]]></actions>
	<expectedresults><![CDATA[<p>
	O sistema apresenta a p&aacute;gina de responder a tarefa Instaurar Inqu&eacute;rito.</p>
]]></expectedresults>
	<execution_type><![CDATA[1]]></execution_type>
</step>

<step>
	<step_number><![CDATA[2]]></step_number>
	<actions><![CDATA[<p>
	O ator clica em &ldquo;Gerar Portaria&rdquo;. [FA01]</p>
]]></actions>
	<expectedresults><![CDATA[<p>
	O sistema inclui o Caso de Uso Criar Pe&ccedil;a, apresentando o template de Portaria para sele&ccedil;&atilde;o. [UC08]</p>
]]></expectedresults>
	<execution_type><![CDATA[1]]></execution_type>
</step>

<step>
	<step_number><![CDATA[3]]></step_number>
	<actions><![CDATA[<p>
	O ator cria a pe&ccedil;a.</p>
]]></actions>
	<expectedresults><![CDATA[<p>
	O sistema apresenta a p&aacute;gina de visualiza&ccedil;&atilde;o da pe&ccedil;a criada.</p>
]]></expectedresults>
	<execution_type><![CDATA[1]]></execution_type>
</step>

<step>
	<step_number><![CDATA[4]]></step_number>
	<actions><![CDATA[<p>
	O ator volta para a p&aacute;gina de responder tarefa.</p>
]]></actions>
	<expectedresults><![CDATA[<p>
	O sistema exibe a p&aacute;gina de responder tarefa.</p>
]]></expectedresults>
	<execution_type><![CDATA[1]]></execution_type>
</step>

<step>
	<step_number><![CDATA[5]]></step_number>
	<actions><![CDATA[<p>
	O ator clica em &ldquo;Nova Tarefa Relacionada&rdquo; na aba Tarefas Relacionadas. [FA02]</p>
]]></actions>
	<expectedresults><![CDATA[<p>
	O sistema inclui o Caso de Uso Criar Tarefa. [UC05]</p>
]]></expectedresults>
	<execution_type><![CDATA[1]]></execution_type>
</step>

<step>
	<step_number><![CDATA[6]]></step_number>
	<actions><![CDATA[<p>
	O ator clique no bot&atilde;o Solicitar Reconsidera&ccedil;&atilde;o.</p>
]]></actions>
	<expectedresults><![CDATA[<p>
	O sistema exibe o campo de justificativa da solicita&ccedil;&atilde;o.</p>
]]></expectedresults>
	<execution_type><![CDATA[1]]></execution_type>
</step>

<step>
	<step_number><![CDATA[7]]></step_number>
	<actions><![CDATA[<p>
	O ator:</p>
<ul>
	<li>
		coloca a justificativa ;</li>
	<li>
		clica no bot&atilde;o &ldquo;Sim&rdquo;.</li>
</ul>
]]></actions>
	<expectedresults><![CDATA[<div>
	O sistema</div>
<ul>
	<li>
		cria uma tarefa &ldquo;Analisar Pedido de Reconsidera&ccedil;&atilde;o&rdquo; para o distribuidor do caso;</li>
	<li>
		modifica o estado da tarefa Instaurar Inqu&eacute;rito para bloqueado;&nbsp;</li>
	<li>
		e encerra o caso de uso. [UC78]</li>
</ul>
]]></expectedresults>
	<execution_type><![CDATA[1]]></execution_type>
</step>
</steps>
<keywords><keyword name="UC04"><notes><![CDATA[

]]></notes></keyword>
<keyword name="UC08"><notes><![CDATA[

]]></notes></keyword>
<keyword name="UC05"><notes><![CDATA[

]]></notes></keyword>
</keywords></testcase>
</testsuite><testsuite name="UC05: Criar Tarefa" >
<node_order><![CDATA[4]]></node_order>
<details><![CDATA[<p>
	Este caso de uso define uma requisi&ccedil;&atilde;o para a execu&ccedil;&atilde;o de tarefas dentro de um caso.</p>
]]></details> 

<testcase internalid="11108" name="UC05-FB: Criar Tarefa">
	<node_order><![CDATA[1]]></node_order>
	<externalid><![CDATA[7]]></externalid>
	<version><![CDATA[1]]></version>
	<summary><![CDATA[<p>
	Fluxo b&aacute;sico do caso de uso UC05.</p>
]]></summary>
	<preconditions><![CDATA[<ul>
	<li>
		PC01: O ator est&aacute; autenticado.</li>
	<li>
		PC02: O Caso est&aacute; selecionado.</li>
	<li>
		PC03: O ator &eacute; respons&aacute;vel pelo Caso.</li>
</ul>
]]></preconditions>
	<execution_type><![CDATA[1]]></execution_type>
	<importance><![CDATA[2]]></importance>
<steps>
<step>
	<step_number><![CDATA[1]]></step_number>
	<actions><![CDATA[<p>
	O ator escolhe a op&ccedil;&atilde;o &ldquo;Nova Tarefa&rdquo; na aba Tarefas ou a op&ccedil;&atilde;o &ldquo;Tarefa&rdquo; no menu Caso -&gt; Novo(a)</p>
]]></actions>
	<expectedresults><![CDATA[<p>
	O sistema exibe o formul&aacute;rio de cadastro de tarefas.</p>
]]></expectedresults>
	<execution_type><![CDATA[1]]></execution_type>
</step>

<step>
	<step_number><![CDATA[2]]></step_number>
	<actions><![CDATA[<p>
	O ator escolhe um dos seguintes tipos de tarefa: [FA01][FA02][FA03][FA04][FA05]</p>
<p>
	<br />
	&bull; Comunicar Flagrante<br />
	&bull; Comunicar &Oacute;rg&atilde;o Requisitante<br />
	&bull; Elaborar Laudo Pericial<br />
	&bull; Encaminhar Procedimento<br />
	&bull; Produzir Auto de Apreens&atilde;o<br />
	&bull; Produzir Auto de Apresenta&ccedil;&atilde;o e Apreens&atilde;o<br />
	&bull; Produzir Boletim de Identifica&ccedil;&atilde;o Criminal<br />
	&bull; Produzir Despacho Fundamentado<br />
	&bull; Inominada<br />
	&bull; Elaborar Pe&ccedil;a</p>
]]></actions>
	<expectedresults><![CDATA[<p>
	O sistema:<br />
	<br />
	&bull; apresenta os campos/op&ccedil;&otilde;es para preenchimento/sele&ccedil;&atilde;o:</p>
<ul>
	<li>
		Data de In&iacute;cio</li>
	<li>
		Prazo de Conclus&atilde;o</li>
	<li>
		Prazo R&iacute;gido</li>
	<li>
		Tarefa prejudicial [RG04]</li>
	<li>
		Escolher manualmente</li>
	<li>
		Descri&ccedil;&atilde;o da Tarefa</li>
	<li>
		Observa&ccedil;&atilde;o</li>
	<li>
		Carta Precat&oacute;ria;</li>
</ul>
<p>
	&bull; sugere um policial como respons&aacute;vel pela tarefa no campo &ldquo;Atribu&iacute;do para&rdquo;;<br />
	&bull; mostra uma listagem com as tarefas do tipo escolhido j&aacute; realizadas.</p>
]]></expectedresults>
	<execution_type><![CDATA[1]]></execution_type>
</step>

<step>
	<step_number><![CDATA[3]]></step_number>
	<actions><![CDATA[<p>
	O ator preenche o formul&aacute;rio com, pelo menos, os dados obrigat&oacute;rios para a tarefa (tipo de tarefa e data de in&iacute;cio) e clica em Criar Tarefa. [FA06-A][RN05]</p>
]]></actions>
	<expectedresults><![CDATA[<p>
	O sistema:</p>
<ul>
	<li>
		valida os dados; [FE01]</li>
	<li>
		cria a tarefa no caso;</li>
	<li>
		apresenta uma mensagem de sucesso;</li>
	<li>
		insere a tarefa na lista de tarefas criadas;</li>
</ul>
<p>
	retorna a tela de criar tarefa. [FA07]</p>
]]></expectedresults>
	<execution_type><![CDATA[1]]></execution_type>
</step>
</steps>
<keywords><keyword name="UC05"><notes><![CDATA[

]]></notes></keyword>
</keywords></testcase>

<testcase internalid="11113" name="UC05-FA01: O ator escolhe o tipo de tarefa Arbitrar Fiança.">
	<node_order><![CDATA[2]]></node_order>
	<externalid><![CDATA[18]]></externalid>
	<version><![CDATA[1]]></version>
	<summary><![CDATA[<p>
	Inicia-se no passo 2 do Fluxo B&aacute;sico, caso o ator selecione o tipo de tarefa Arbitrar Fian&ccedil;a.</p>
]]></summary>
	<preconditions><![CDATA[<ul>
	<li>
		PC01: O ator est&aacute; autenticado.</li>
	<li>
		PC02: O Caso est&aacute; selecionado.</li>
	<li>
		PC03: O ator &eacute; respons&aacute;vel pelo Caso.</li>
</ul>
]]></preconditions>
	<execution_type><![CDATA[1]]></execution_type>
	<importance><![CDATA[2]]></importance>
<steps>
<step>
	<step_number><![CDATA[1]]></step_number>
	<actions><![CDATA[<p>
	O ator escolhe a op&ccedil;&atilde;o &ldquo;Nova Tarefa&rdquo; na aba Tarefas ou a op&ccedil;&atilde;o &ldquo;Tarefa&rdquo; no menu Caso -&gt; Novo(a)</p>
]]></actions>
	<expectedresults><![CDATA[<p>
	O sistema exibe o formul&aacute;rio de cadastro de tarefas.</p>
]]></expectedresults>
	<execution_type><![CDATA[1]]></execution_type>
</step>

<step>
	<step_number><![CDATA[2]]></step_number>
	<actions><![CDATA[<p>
	O ator seleciona o tipo de tarefa Arbitrar Fian&ccedil;a.</p>
]]></actions>
	<expectedresults><![CDATA[<p>
	&bull; apresenta os campos/op&ccedil;&otilde;es para preenchimento/sele&ccedil;&atilde;o;</p>
<ul>
	<li>
		Data de In&iacute;cio</li>
	<li>
		Prazo de Conclus&atilde;o</li>
	<li>
		Prazo R&iacute;gido</li>
	<li>
		Tarefa prejudicial [RG04]</li>
	<li>
		Escolher manualmente</li>
	<li>
		Descri&ccedil;&atilde;o da Tarefa</li>
	<li>
		Observa&ccedil;&atilde;o</li>
	<li>
		Carta Precat&oacute;ria</li>
	<li>
		Lista de envolvidos</li>
</ul>
<p>
	&bull; sugere um policial como respons&aacute;vel pela tarefa no campo &ldquo;Atribu&iacute;do para&rdquo;;<br />
	&bull; mostra uma listagem com as tarefas do tipo escolhido j&aacute; realizadas.</p>
]]></expectedresults>
	<execution_type><![CDATA[1]]></execution_type>
</step>

<step>
	<step_number><![CDATA[3]]></step_number>
	<actions><![CDATA[<p>
	O ator preenche pelo menos os dados obrigat&oacute;rios: data de in&iacute;cio e o(s) envolvido(s) ao qual(quais) se aplica a fian&ccedil;a e clica em Criar Tarefa. [FA06-B][RN05]</p>
]]></actions>
	<expectedresults><![CDATA[<p>
	O sistema:</p>
<ul>
	<li>
		valida os dados; [FE01]</li>
	<li>
		cria a tarefa no caso;</li>
	<li>
		apresenta uma mensagem de sucesso;</li>
	<li>
		insere a tarefa na lista de tarefas criadas;</li>
</ul>
<p>
	retorna a tela de criar tarefa. [FA07]</p>
]]></expectedresults>
	<execution_type><![CDATA[1]]></execution_type>
</step>
</steps>
<keywords><keyword name="UC05"><notes><![CDATA[

]]></notes></keyword>
</keywords></testcase>

<testcase internalid="11118" name="UC05-FA02: O ator escolhe o tipo de tarefa Arrecadar Material.">
	<node_order><![CDATA[3]]></node_order>
	<externalid><![CDATA[19]]></externalid>
	<version><![CDATA[1]]></version>
	<summary><![CDATA[<p>
	Inicia-se no passo 2 do Fluxo B&aacute;sico, caso o ator selecione o tipo de tarefa Arrecadar Material.</p>
]]></summary>
	<preconditions><![CDATA[<ul>
	<li>
		PC01: O ator est&aacute; autenticado.</li>
	<li>
		PC02: O Caso est&aacute; selecionado.</li>
	<li>
		PC03: O ator &eacute; respons&aacute;vel pelo Caso.</li>
</ul>
]]></preconditions>
	<execution_type><![CDATA[1]]></execution_type>
	<importance><![CDATA[2]]></importance>
<steps>
<step>
	<step_number><![CDATA[1]]></step_number>
	<actions><![CDATA[<p>
	O ator escolhe a op&ccedil;&atilde;o &ldquo;Nova Tarefa&rdquo; na aba Tarefas ou a op&ccedil;&atilde;o &ldquo;Tarefa&rdquo; no menu Caso -&gt; Novo(a)</p>
]]></actions>
	<expectedresults><![CDATA[<p>
	O sistema exibe o formul&aacute;rio de cadastro de tarefas.</p>
]]></expectedresults>
	<execution_type><![CDATA[1]]></execution_type>
</step>

<step>
	<step_number><![CDATA[2]]></step_number>
	<actions><![CDATA[<p>
	O ator seleciona o tipo de tarefa Arrecadar Material.</p>
]]></actions>
	<expectedresults><![CDATA[<p>
	O sistema:<br />
	<br />
	&bull; apresenta os campos/op&ccedil;&otilde;es para preenchimento/sele&ccedil;&atilde;o:</p>
<ul>
	<li>
		Data de In&iacute;cio</li>
	<li>
		Prazo de Conclus&atilde;o</li>
	<li>
		Prazo R&iacute;gido</li>
	<li>
		Tarefa prejudicial [RG04]</li>
	<li>
		Escolher manualmente</li>
	<li>
		Descri&ccedil;&atilde;o da Tarefa</li>
	<li>
		Observa&ccedil;&atilde;o</li>
	<li>
		Carta Precat&oacute;ria;</li>
</ul>
<p>
	&bull; sugere um policial como respons&aacute;vel pela tarefa no campo &ldquo;Atribu&iacute;do para&rdquo;;<br />
	&bull; mostra uma listagem com as tarefas do tipo escolhido j&aacute; realizadas.</p>
]]></expectedresults>
	<execution_type><![CDATA[1]]></execution_type>
</step>

<step>
	<step_number><![CDATA[3]]></step_number>
	<actions><![CDATA[<p>
	O ator preenche pelo menos a data de in&iacute;cio da tarefa e clica em Fazer Upload de Pe&ccedil;a. [FA06-C][RN05]</p>
]]></actions>
	<expectedresults><![CDATA[<p>
	O sistema apresenta uma janela para que seja feito o upload de um arquivo.</p>
]]></expectedresults>
	<execution_type><![CDATA[1]]></execution_type>
</step>

<step>
	<step_number><![CDATA[4]]></step_number>
	<actions><![CDATA[<p>
	O ator seleciona o arquivo e clica em Fazer Upload.</p>
]]></actions>
	<expectedresults><![CDATA[<p>
	O sistema apresenta uma mensagem informando que o upload foi realizado com sucesso.</p>
]]></expectedresults>
	<execution_type><![CDATA[1]]></execution_type>
</step>

<step>
	<step_number><![CDATA[5]]></step_number>
	<actions><![CDATA[<p>
	O ator clica em Criar Tarefa.</p>
]]></actions>
	<expectedresults><![CDATA[<p>
	O sistema:</p>
<ul>
	<li>
		valida os dados; [FE01]</li>
	<li>
		cria a tarefa no caso;</li>
	<li>
		apresenta uma mensagem de sucesso;</li>
	<li>
		insere a tarefa na lista de tarefas criadas;</li>
</ul>
<p>
	retorna a tela de criar tarefa. [FA07]</p>
]]></expectedresults>
	<execution_type><![CDATA[1]]></execution_type>
</step>
</steps>
<keywords><keyword name="UC05"><notes><![CDATA[

]]></notes></keyword>
</keywords></testcase>

<testcase internalid="11125" name="UC05-FA03: O ator escolhe o tipo de tarefa Ato Presencial.">
	<node_order><![CDATA[4]]></node_order>
	<externalid><![CDATA[17]]></externalid>
	<version><![CDATA[1]]></version>
	<summary><![CDATA[<p>
	Inicia-se no passo 2 do Fluxo B&aacute;sico, caso o ator selecione o tipo de tarefa Ato Presencial.</p>
]]></summary>
	<preconditions><![CDATA[<ul>
	<li>
		PC01: O ator est&aacute; autenticado.</li>
	<li>
		PC02: O Caso est&aacute; selecionado.</li>
	<li>
		PC03: O ator &eacute; respons&aacute;vel pelo Caso.</li>
</ul>
]]></preconditions>
	<execution_type><![CDATA[1]]></execution_type>
	<importance><![CDATA[2]]></importance>
<steps>
<step>
	<step_number><![CDATA[1]]></step_number>
	<actions><![CDATA[<p>
	O ator escolhe a op&ccedil;&atilde;o &ldquo;Nova Tarefa&rdquo; na aba Tarefas ou a op&ccedil;&atilde;o &ldquo;Tarefa&rdquo; no menu Caso -&gt; Novo(a)</p>
]]></actions>
	<expectedresults><![CDATA[<p>
	O sistema exibe o formul&aacute;rio de cadastro de tarefas.</p>
]]></expectedresults>
	<execution_type><![CDATA[1]]></execution_type>
</step>

<step>
	<step_number><![CDATA[2]]></step_number>
	<actions><![CDATA[<p>
	O ator escolhe o tipo de tarefa Ato Presencial.<br />
	&nbsp;</p>
]]></actions>
	<expectedresults><![CDATA[<p>
	O sistema insere o caso de uso Realizar Ato Presencial e encerra o caso de uso. [UC29]</p>
]]></expectedresults>
	<execution_type><![CDATA[1]]></execution_type>
</step>
</steps>
<keywords><keyword name="UC29"><notes><![CDATA[

]]></notes></keyword>
<keyword name="UC05"><notes><![CDATA[

]]></notes></keyword>
</keywords></testcase>

<testcase internalid="11129" name="UC05-FA04: O ator escolhe o tipo de tarefa Indiciamento.">
	<node_order><![CDATA[5]]></node_order>
	<externalid><![CDATA[20]]></externalid>
	<version><![CDATA[1]]></version>
	<summary><![CDATA[<p>
	Inicia-se no passo 2 do Fluxo B&aacute;sico, caso o ator selecione o tipo de tarefa Indiciamento.</p>
]]></summary>
	<preconditions><![CDATA[<ul>
	<li>
		PC01: O ator est&aacute; autenticado.</li>
	<li>
		PC02: O Caso est&aacute; selecionado.</li>
	<li>
		PC03: O ator &eacute; respons&aacute;vel pelo Caso.</li>
</ul>
]]></preconditions>
	<execution_type><![CDATA[1]]></execution_type>
	<importance><![CDATA[2]]></importance>
<steps>
<step>
	<step_number><![CDATA[1]]></step_number>
	<actions><![CDATA[<p>
	O ator escolhe a op&ccedil;&atilde;o &ldquo;Nova Tarefa&rdquo; na aba Tarefas ou a op&ccedil;&atilde;o &ldquo;Tarefa&rdquo; no menu Caso -&gt; Novo(a)</p>
]]></actions>
	<expectedresults><![CDATA[<p>
	O sistema exibe o formul&aacute;rio de cadastro de tarefas.</p>
]]></expectedresults>
	<execution_type><![CDATA[1]]></execution_type>
</step>

<step>
	<step_number><![CDATA[2]]></step_number>
	<actions><![CDATA[<p>
	O ator seleciona o tipo de tarefa Indiciamento.</p>
]]></actions>
	<expectedresults><![CDATA[<p>
	O sistema:<br />
	<br />
	&bull; apresenta os campos/op&ccedil;&otilde;es para preenchimento/sele&ccedil;&atilde;o;</p>
<ul>
	<li>
		Data de In&iacute;cio</li>
	<li>
		Prazo de Conclus&atilde;o</li>
	<li>
		Prazo R&iacute;gido</li>
	<li>
		Tarefa prejudicial [RG04]</li>
	<li>
		Escolher manualmente</li>
	<li>
		Descri&ccedil;&atilde;o da Tarefa</li>
	<li>
		Observa&ccedil;&atilde;o</li>
	<li>
		Carta Precat&oacute;ria</li>
	<li>
		Lista de envolvidos</li>
</ul>
<p>
	&bull; sugere um policial como respons&aacute;vel pela tarefa no campo &ldquo;Atribu&iacute;do para&rdquo;;<br />
	<br />
	&bull; mostra uma listagem com as tarefas do tipo escolhido j&aacute; realizadas.</p>
]]></expectedresults>
	<execution_type><![CDATA[1]]></execution_type>
</step>

<step>
	<step_number><![CDATA[3]]></step_number>
	<actions><![CDATA[<p>
	O ator preenche pelo menos os dados obrigat&oacute;rios: data de in&iacute;cio e o(s) envolvido(s) a ser(serem) indiciado(s) e clica em Criar Tarefa. [FA06-D][RN05]</p>
]]></actions>
	<expectedresults><![CDATA[<p>
	O sistema:</p>
<ul>
	<li>
		valida os dados; [FE01]</li>
	<li>
		cria a tarefa no caso;</li>
	<li>
		apresenta uma mensagem de sucesso;</li>
	<li>
		insere a tarefa na lista de tarefas criadas;</li>
</ul>
<p>
	retorna a tela de criar tarefa. [FA07]</p>
]]></expectedresults>
	<execution_type><![CDATA[1]]></execution_type>
</step>
</steps>
<keywords><keyword name="UC05"><notes><![CDATA[

]]></notes></keyword>
</keywords></testcase>

<testcase internalid="11134" name="UC05-FA05: O ator escolhe o tipo de tarefa Intimar, Produzir Boletim de Vida Pregr">
	<node_order><![CDATA[6]]></node_order>
	<externalid><![CDATA[21]]></externalid>
	<version><![CDATA[1]]></version>
	<summary><![CDATA[<p>
	Inicia-se no passo 2 do Fluxo B&aacute;sico, caso o ator selecione o tipo de tarefa Intimar.</p>
]]></summary>
	<preconditions><![CDATA[<ul>
	<li>
		PC01: O ator est&aacute; autenticado.</li>
	<li>
		PC02: O Caso est&aacute; selecionado.</li>
	<li>
		PC03: O ator &eacute; respons&aacute;vel pelo Caso.</li>
</ul>
]]></preconditions>
	<execution_type><![CDATA[1]]></execution_type>
	<importance><![CDATA[2]]></importance>
<steps>
<step>
	<step_number><![CDATA[1]]></step_number>
	<actions><![CDATA[<p>
	O ator escolhe a op&ccedil;&atilde;o &ldquo;Nova Tarefa&rdquo; na aba Tarefas ou a op&ccedil;&atilde;o &ldquo;Tarefa&rdquo; no menu Caso -&gt; Novo(a)</p>
]]></actions>
	<expectedresults><![CDATA[<p>
	O sistema exibe o formul&aacute;rio de cadastro de tarefas.</p>
]]></expectedresults>
	<execution_type><![CDATA[1]]></execution_type>
</step>

<step>
	<step_number><![CDATA[2]]></step_number>
	<actions><![CDATA[<p>
	O ator seleciona o tipo de tarefa Intimar.</p>
]]></actions>
	<expectedresults><![CDATA[<p>
	O sistema:<br />
	<br />
	&bull; apresenta os campos/op&ccedil;&otilde;es para preenchimento/sele&ccedil;&atilde;o:</p>
<ul>
	<li>
		Data de In&iacute;cio</li>
	<li>
		Prazo de Conclus&atilde;o</li>
	<li>
		Prazo R&iacute;gido</li>
	<li>
		Tarefa prejudicial [RG04]</li>
	<li>
		Escolher manualmente</li>
	<li>
		Descri&ccedil;&atilde;o da Tarefa</li>
	<li>
		Observa&ccedil;&atilde;o</li>
	<li>
		Carta Precat&oacute;ria</li>
	<li>
		Lista de envolvidos;</li>
</ul>
<p>
	&bull; sugere um policial como respons&aacute;vel pela tarefa no campo &ldquo;Atribu&iacute;do para&rdquo;;<br />
	<br />
	&bull; mostra uma listagem com as tarefas do tipo escolhido j&aacute; realizadas.</p>
]]></expectedresults>
	<execution_type><![CDATA[1]]></execution_type>
</step>

<step>
	<step_number><![CDATA[3]]></step_number>
	<actions><![CDATA[<p>
	O ator preenche pelo menos os dados obrigat&oacute;rios: data de in&iacute;cio e envolvido e clica em Criar Tarefa. [FA06-E][RN05]</p>
]]></actions>
	<expectedresults><![CDATA[<p>
	O sistema:</p>
<ul>
	<li>
		valida os dados; [FE01]</li>
	<li>
		cria a tarefa no caso;</li>
	<li>
		apresenta uma mensagem de sucesso;</li>
	<li>
		insere a tarefa na lista de tarefas criadas;</li>
</ul>
<p>
	retorna a tela de criar tarefa. [FA07]</p>
]]></expectedresults>
	<execution_type><![CDATA[1]]></execution_type>
</step>
</steps>
<keywords><keyword name="UC05"><notes><![CDATA[

]]></notes></keyword>
</keywords></testcase>

<testcase internalid="11139" name="UC05-FA06-A: O ator não aceita a sugestão de responsável e escolhe manualmente.">
	<node_order><![CDATA[7]]></node_order>
	<externalid><![CDATA[22]]></externalid>
	<version><![CDATA[1]]></version>
	<summary><![CDATA[<p>
	Inicia-se no passo 3 do Fluxo B&aacute;sico (tamb&eacute;m no fluxos FA01, FA02, FA04 e FA05), caso o ator selecione a op&ccedil;&atilde;o &ldquo;Escolher Manualmente&ldquo;.</p>
]]></summary>
	<preconditions><![CDATA[<ul>
	<li>
		PC01: O ator est&aacute; autenticado.</li>
	<li>
		PC02: O Caso est&aacute; selecionado.</li>
	<li>
		PC03: O ator &eacute; respons&aacute;vel pelo Caso.</li>
</ul>
]]></preconditions>
	<execution_type><![CDATA[1]]></execution_type>
	<importance><![CDATA[2]]></importance>
<steps>
<step>
	<step_number><![CDATA[1]]></step_number>
	<actions><![CDATA[<p>
	O ator escolhe a op&ccedil;&atilde;o &ldquo;Nova Tarefa&rdquo; na aba Tarefas ou a op&ccedil;&atilde;o &ldquo;Tarefa&rdquo; no menu Caso -&gt; Novo(a)</p>
]]></actions>
	<expectedresults><![CDATA[<p>
	O sistema exibe o formul&aacute;rio de cadastro de tarefas.</p>
]]></expectedresults>
	<execution_type><![CDATA[1]]></execution_type>
</step>

<step>
	<step_number><![CDATA[2]]></step_number>
	<actions><![CDATA[<p>
	O ator escolhe um dos seguintes tipos de tarefa: [FA01][FA02][FA03][FA04][FA05]</p>
<p>
	<br />
	&bull; Comunicar Flagrante<br />
	&bull; Comunicar &Oacute;rg&atilde;o Requisitante<br />
	&bull; Elaborar Laudo Pericial<br />
	&bull; Encaminhar Procedimento<br />
	&bull; Produzir Auto de Apreens&atilde;o<br />
	&bull; Produzir Auto de Apresenta&ccedil;&atilde;o e Apreens&atilde;o<br />
	&bull; Produzir Boletim de Identifica&ccedil;&atilde;o Criminal<br />
	&bull; Produzir Despacho Fundamentado<br />
	&bull; Inominada<br />
	&bull; Elaborar Pe&ccedil;a</p>
]]></actions>
	<expectedresults><![CDATA[<p>
	O sistema:<br />
	<br />
	&bull; apresenta os campos/op&ccedil;&otilde;es para preenchimento/sele&ccedil;&atilde;o:</p>
<ul>
	<li>
		Data de In&iacute;cio</li>
	<li>
		Prazo de Conclus&atilde;o</li>
	<li>
		Prazo R&iacute;gido</li>
	<li>
		Tarefa prejudicial [RG04]</li>
	<li>
		Escolher manualmente</li>
	<li>
		Descri&ccedil;&atilde;o da Tarefa</li>
	<li>
		Observa&ccedil;&atilde;o</li>
	<li>
		Carta Precat&oacute;ria;</li>
</ul>
<p>
	&bull; sugere um policial como respons&aacute;vel pela tarefa no campo &ldquo;Atribu&iacute;do para&rdquo;;<br />
	&bull; mostra uma listagem com as tarefas do tipo escolhido j&aacute; realizadas.</p>
]]></expectedresults>
	<execution_type><![CDATA[1]]></execution_type>
</step>

<step>
	<step_number><![CDATA[3]]></step_number>
	<actions><![CDATA[<p>
	O ator seleciona a op&ccedil;&atilde;o &ldquo;Escolher Manualmente&ldquo;.</p>
]]></actions>
	<expectedresults><![CDATA[<p>
	O sistema mostra as op&ccedil;&otilde;es de atribuir a tarefa para Unidade ou Servidor.</p>
]]></expectedresults>
	<execution_type><![CDATA[1]]></execution_type>
</step>

<step>
	<step_number><![CDATA[4]]></step_number>
	<actions><![CDATA[<p>
	O ator seleciona uma das op&ccedil;&otilde;es.</p>
]]></actions>
	<expectedresults><![CDATA[<p>
	O sistema inclui o Caso de Uso Selecionar Delegacia ou Selecionar Policial (de acordo com a escolha do ator) e solicita uma justificativa. [UC24][UC25]</p>
]]></expectedresults>
	<execution_type><![CDATA[1]]></execution_type>
</step>

<step>
	<step_number><![CDATA[5]]></step_number>
	<actions><![CDATA[<p>
	O ator preenche o campo de justificativa.</p>
]]></actions>
	<expectedresults><![CDATA[<p>
	O sistema:<br />
	<br />
	&bull; apresenta os campos/op&ccedil;&otilde;es para preenchimento/sele&ccedil;&atilde;o:</p>
<ul>
	<li>
		Data de In&iacute;cio</li>
	<li>
		Prazo de Conclus&atilde;o</li>
	<li>
		Prazo R&iacute;gido</li>
	<li>
		Tarefa prejudicial [RG04]</li>
	<li>
		Escolher manualmente</li>
	<li>
		Descri&ccedil;&atilde;o da Tarefa</li>
	<li>
		Observa&ccedil;&atilde;o</li>
	<li>
		Carta Precat&oacute;ria;</li>
</ul>
<p>
	&bull; sugere um policial como respons&aacute;vel pela tarefa no campo &ldquo;Atribu&iacute;do para&rdquo;;<br />
	&bull; mostra uma listagem com as tarefas do tipo escolhido j&aacute; realizadas.</p>
]]></expectedresults>
	<execution_type><![CDATA[1]]></execution_type>
</step>

<step>
	<step_number><![CDATA[6]]></step_number>
	<actions><![CDATA[<p>
	O ator preenche o formul&aacute;rio com, pelo menos, os dados obrigat&oacute;rios para a tarefa (tipo de tarefa e data de in&iacute;cio) e clica em Criar Tarefa. [RN05]</p>
]]></actions>
	<expectedresults><![CDATA[<p>
	O sistema:</p>
<ul>
	<li>
		valida os dados; [FE01]</li>
	<li>
		cria a tarefa no caso;</li>
	<li>
		apresenta uma mensagem de sucesso;</li>
	<li>
		insere a tarefa na lista de tarefas criadas;</li>
</ul>
<p>
	retorna a tela de criar tarefa. [FA07]</p>
]]></expectedresults>
	<execution_type><![CDATA[1]]></execution_type>
</step>
</steps>
<keywords><keyword name="UC24"><notes><![CDATA[

]]></notes></keyword>
<keyword name="UC25"><notes><![CDATA[

]]></notes></keyword>
<keyword name="UC05"><notes><![CDATA[

]]></notes></keyword>
</keywords></testcase>

<testcase internalid="11147" name="UC05-FA06-B: O ator não aceita a sugestão de responsável e escolhe manualment">
	<node_order><![CDATA[8]]></node_order>
	<externalid><![CDATA[31]]></externalid>
	<version><![CDATA[1]]></version>
	<summary><![CDATA[<p>
	Inicia-se no passo 3 do Fluxo Alternativo 01 (tamb&eacute;m no fluxos FB, FA02, FA04 e FA05), caso o ator selecione a op&ccedil;&atilde;o &ldquo;Escolher Manualmente&ldquo;.</p>
]]></summary>
	<preconditions><![CDATA[<ul>
	<li>
		PC01: O ator est&aacute; autenticado.</li>
	<li>
		PC02: O Caso est&aacute; selecionado.</li>
	<li>
		PC03: O ator &eacute; respons&aacute;vel pelo Caso.</li>
</ul>
]]></preconditions>
	<execution_type><![CDATA[1]]></execution_type>
	<importance><![CDATA[2]]></importance>
<steps>
<step>
	<step_number><![CDATA[1]]></step_number>
	<actions><![CDATA[<p>
	O ator escolhe a op&ccedil;&atilde;o &ldquo;Nova Tarefa&rdquo; na aba Tarefas ou a op&ccedil;&atilde;o &ldquo;Tarefa&rdquo; no menu Caso -&gt; Novo(a)</p>
]]></actions>
	<expectedresults><![CDATA[<p>
	O sistema exibe o formul&aacute;rio de cadastro de tarefas.</p>
]]></expectedresults>
	<execution_type><![CDATA[1]]></execution_type>
</step>

<step>
	<step_number><![CDATA[2]]></step_number>
	<actions><![CDATA[<p>
	O ator seleciona o tipo de tarefa Arbitrar Fian&ccedil;a.</p>
]]></actions>
	<expectedresults><![CDATA[<p>
	O sistema:</p>
<p>
	&bull; apresenta os campos/op&ccedil;&otilde;es para preenchimento/sele&ccedil;&atilde;o;</p>
<ul>
	<li>
		Data de In&iacute;cio</li>
	<li>
		Prazo de Conclus&atilde;o</li>
	<li>
		Prazo R&iacute;gido</li>
	<li>
		Tarefa prejudicial [RG04]</li>
	<li>
		Escolher manualmente</li>
	<li>
		Descri&ccedil;&atilde;o da Tarefa</li>
	<li>
		Observa&ccedil;&atilde;o</li>
	<li>
		Carta Precat&oacute;ria</li>
	<li>
		Lista de envolvidos</li>
</ul>
<p>
	&bull; sugere um policial como respons&aacute;vel pela tarefa no campo &ldquo;Atribu&iacute;do para&rdquo;;<br />
	&bull; mostra uma listagem com as tarefas do tipo escolhido j&aacute; realizadas.</p>
]]></expectedresults>
	<execution_type><![CDATA[1]]></execution_type>
</step>

<step>
	<step_number><![CDATA[3]]></step_number>
	<actions><![CDATA[<p>
	O ator seleciona a op&ccedil;&atilde;o &ldquo;Escolher Manualmente&ldquo;.</p>
]]></actions>
	<expectedresults><![CDATA[<p>
	O sistema mostra as op&ccedil;&otilde;es de atribuir a tarefa para Unidade ou Servidor.</p>
]]></expectedresults>
	<execution_type><![CDATA[1]]></execution_type>
</step>

<step>
	<step_number><![CDATA[4]]></step_number>
	<actions><![CDATA[<p>
	O ator seleciona uma das op&ccedil;&otilde;es.</p>
]]></actions>
	<expectedresults><![CDATA[<p>
	O sistema inclui o Caso de Uso Selecionar Delegacia ou Selecionar Policial (de acordo com a escolha do ator) e solicita uma justificativa. [UC24][UC25]</p>
]]></expectedresults>
	<execution_type><![CDATA[1]]></execution_type>
</step>

<step>
	<step_number><![CDATA[5]]></step_number>
	<actions><![CDATA[<p>
	O ator preenche o campo de justificativa.</p>
]]></actions>
	<expectedresults><![CDATA[<p>
	O sistema:<br />
	<br />
	&bull; apresenta os campos/op&ccedil;&otilde;es para preenchimento/sele&ccedil;&atilde;o:</p>
<ul>
	<li>
		Data de In&iacute;cio</li>
	<li>
		Prazo de Conclus&atilde;o</li>
	<li>
		Prazo R&iacute;gido</li>
	<li>
		Tarefa prejudicial [RG04]</li>
	<li>
		Escolher manualmente</li>
	<li>
		Descri&ccedil;&atilde;o da Tarefa</li>
	<li>
		Observa&ccedil;&atilde;o</li>
	<li>
		Carta Precat&oacute;ria;</li>
</ul>
<p>
	&bull; sugere um policial como respons&aacute;vel pela tarefa no campo &ldquo;Atribu&iacute;do para&rdquo;;<br />
	&bull; mostra uma listagem com as tarefas do tipo escolhido j&aacute; realizadas.</p>
]]></expectedresults>
	<execution_type><![CDATA[1]]></execution_type>
</step>

<step>
	<step_number><![CDATA[6]]></step_number>
	<actions><![CDATA[<p>
	O ator preenche pelo menos os dados obrigat&oacute;rios: data de in&iacute;cio e o(s) envolvido(s) ao qual(quais) se aplica a fian&ccedil;a e clica em Criar Tarefa. [RN05]</p>
]]></actions>
	<expectedresults><![CDATA[<p>
	O sistema:</p>
<ul>
	<li>
		valida os dados; [FE01]</li>
	<li>
		cria a tarefa no caso;</li>
	<li>
		apresenta uma mensagem de sucesso;</li>
	<li>
		insere a tarefa na lista de tarefas criadas;</li>
</ul>
<p>
	retorna a tela de criar tarefa. [FA07]</p>
]]></expectedresults>
	<execution_type><![CDATA[1]]></execution_type>
</step>
</steps>
<keywords><keyword name="UC24"><notes><![CDATA[

]]></notes></keyword>
<keyword name="UC25"><notes><![CDATA[

]]></notes></keyword>
<keyword name="UC05"><notes><![CDATA[

]]></notes></keyword>
</keywords></testcase>

<testcase internalid="11155" name="UC05-FA06-C: O ator não aceita a sugestão de responsável e escolhe manualmente">
	<node_order><![CDATA[9]]></node_order>
	<externalid><![CDATA[32]]></externalid>
	<version><![CDATA[1]]></version>
	<summary><![CDATA[<p>
	Inicia-se no passo 3 do Fluxo Alternativo 02 (tamb&eacute;m no fluxos FB, FA01, FA04 e FA05), caso o ator selecione a op&ccedil;&atilde;o &ldquo;Escolher Manualmente&ldquo;</p>
]]></summary>
	<preconditions><![CDATA[<ul>
	<li>
		PC01: O ator est&aacute; autenticado.</li>
	<li>
		PC02: O Caso est&aacute; selecionado.</li>
	<li>
		PC03: O ator &eacute; respons&aacute;vel pelo Caso.</li>
</ul>
]]></preconditions>
	<execution_type><![CDATA[1]]></execution_type>
	<importance><![CDATA[2]]></importance>
<steps>
<step>
	<step_number><![CDATA[1]]></step_number>
	<actions><![CDATA[<p>
	O ator escolhe a op&ccedil;&atilde;o &ldquo;Nova Tarefa&rdquo; na aba Tarefas ou a op&ccedil;&atilde;o &ldquo;Tarefa&rdquo; no menu Caso -&gt; Novo(a)</p>
]]></actions>
	<expectedresults><![CDATA[<p>
	O sistema exibe o formul&aacute;rio de cadastro de tarefas.</p>
]]></expectedresults>
	<execution_type><![CDATA[1]]></execution_type>
</step>

<step>
	<step_number><![CDATA[2]]></step_number>
	<actions><![CDATA[<p>
	O ator seleciona o tipo de tarefa Arrecadar Material.</p>
]]></actions>
	<expectedresults><![CDATA[<p>
	O sistema:<br />
	<br />
	&bull; apresenta os campos/op&ccedil;&otilde;es para preenchimento/sele&ccedil;&atilde;o:</p>
<ul>
	<li>
		Data de In&iacute;cio</li>
	<li>
		Prazo de Conclus&atilde;o</li>
	<li>
		Prazo R&iacute;gido</li>
	<li>
		Tarefa prejudicial [RG04]</li>
	<li>
		Escolher manualmente</li>
	<li>
		Descri&ccedil;&atilde;o da Tarefa</li>
	<li>
		Observa&ccedil;&atilde;o</li>
	<li>
		Carta Precat&oacute;ria;</li>
</ul>
<p>
	&bull; sugere um policial como respons&aacute;vel pela tarefa no campo &ldquo;Atribu&iacute;do para&rdquo;;<br />
	&bull; mostra uma listagem com as tarefas do tipo escolhido j&aacute; realizadas.</p>
]]></expectedresults>
	<execution_type><![CDATA[1]]></execution_type>
</step>

<step>
	<step_number><![CDATA[3]]></step_number>
	<actions><![CDATA[<p>
	O ator seleciona a op&ccedil;&atilde;o &ldquo;Escolher Manualmente&ldquo;.</p>
]]></actions>
	<expectedresults><![CDATA[<p>
	O sistema mostra as op&ccedil;&otilde;es de atribuir a tarefa para Unidade ou Servidor.</p>
]]></expectedresults>
	<execution_type><![CDATA[1]]></execution_type>
</step>

<step>
	<step_number><![CDATA[4]]></step_number>
	<actions><![CDATA[<p>
	O ator seleciona uma das op&ccedil;&otilde;es.</p>
]]></actions>
	<expectedresults><![CDATA[<p>
	O sistema inclui o Caso de Uso Selecionar Delegacia ou Selecionar Policial (de acordo com a escolha do ator) e solicita uma justificativa. [UC24][UC25]</p>
]]></expectedresults>
	<execution_type><![CDATA[1]]></execution_type>
</step>

<step>
	<step_number><![CDATA[5]]></step_number>
	<actions><![CDATA[<p>
	O ator preenche o campo de justificativa.</p>
]]></actions>
	<expectedresults><![CDATA[<p>
	O sistema:<br />
	<br />
	&bull; apresenta os campos/op&ccedil;&otilde;es para preenchimento/sele&ccedil;&atilde;o:</p>
<ul>
	<li>
		Data de In&iacute;cio</li>
	<li>
		Prazo de Conclus&atilde;o</li>
	<li>
		Prazo R&iacute;gido</li>
	<li>
		Tarefa prejudicial [RG04]</li>
	<li>
		Escolher manualmente</li>
	<li>
		Descri&ccedil;&atilde;o da Tarefa</li>
	<li>
		Observa&ccedil;&atilde;o</li>
	<li>
		Carta Precat&oacute;ria;</li>
</ul>
<p>
	&bull; sugere um policial como respons&aacute;vel pela tarefa no campo &ldquo;Atribu&iacute;do para&rdquo;;<br />
	&bull; mostra uma listagem com as tarefas do tipo escolhido j&aacute; realizadas.</p>
]]></expectedresults>
	<execution_type><![CDATA[1]]></execution_type>
</step>

<step>
	<step_number><![CDATA[6]]></step_number>
	<actions><![CDATA[<p>
	O ator preenche pelo menos a data de in&iacute;cio da tarefa e clica em Fazer Upload de Pe&ccedil;a. [RN05]</p>
]]></actions>
	<expectedresults><![CDATA[<p>
	O sistema apresenta uma janela para que seja feito o upload de um arquivo.</p>
]]></expectedresults>
	<execution_type><![CDATA[1]]></execution_type>
</step>

<step>
	<step_number><![CDATA[7]]></step_number>
	<actions><![CDATA[<p>
	O ator seleciona o arquivo e clica em Fazer Upload.</p>
]]></actions>
	<expectedresults><![CDATA[<p>
	O sistema apresenta uma mensagem informando que o upload foi realizado com sucesso.</p>
]]></expectedresults>
	<execution_type><![CDATA[1]]></execution_type>
</step>

<step>
	<step_number><![CDATA[8]]></step_number>
	<actions><![CDATA[<p>
	O ator clica em Criar Tarefa.</p>
]]></actions>
	<expectedresults><![CDATA[<p>
	O sistema:</p>
<ul>
	<li>
		valida os dados; [FE01]</li>
	<li>
		cria a tarefa no caso;</li>
	<li>
		apresenta uma mensagem de sucesso;</li>
	<li>
		insere a tarefa na lista de tarefas criadas;</li>
</ul>
<p>
	retorna a tela de criar tarefa. [FA07]</p>
]]></expectedresults>
	<execution_type><![CDATA[1]]></execution_type>
</step>
</steps>
<keywords><keyword name="UC24"><notes><![CDATA[

]]></notes></keyword>
<keyword name="UC25"><notes><![CDATA[

]]></notes></keyword>
<keyword name="UC05"><notes><![CDATA[

]]></notes></keyword>
</keywords></testcase>

<testcase internalid="11165" name="UC05-FA06-D: O ator não aceita a sugestão de responsável e escolhe manualmente">
	<node_order><![CDATA[10]]></node_order>
	<externalid><![CDATA[33]]></externalid>
	<version><![CDATA[1]]></version>
	<summary><![CDATA[<p>
	Inicia-se no passo 3 do Fluxo Alternativo 04 (tamb&eacute;m no fluxos FB, FA01, FA02 e FA05), caso o ator selecione a op&ccedil;&atilde;o &ldquo;Escolher Manualmente&ldquo;.</p>
]]></summary>
	<preconditions><![CDATA[<ul>
	<li>
		PC01: O ator est&aacute; autenticado.</li>
	<li>
		PC02: O Caso est&aacute; selecionado.</li>
	<li>
		PC03: O ator &eacute; respons&aacute;vel pelo Caso.</li>
</ul>
]]></preconditions>
	<execution_type><![CDATA[1]]></execution_type>
	<importance><![CDATA[2]]></importance>
<steps>
<step>
	<step_number><![CDATA[1]]></step_number>
	<actions><![CDATA[<p>
	O ator escolhe a op&ccedil;&atilde;o &ldquo;Nova Tarefa&rdquo; na aba Tarefas ou a op&ccedil;&atilde;o &ldquo;Tarefa&rdquo; no menu Caso -&gt; Novo(a)</p>
]]></actions>
	<expectedresults><![CDATA[<p>
	O sistema exibe o formul&aacute;rio de cadastro de tarefas.</p>
]]></expectedresults>
	<execution_type><![CDATA[1]]></execution_type>
</step>

<step>
	<step_number><![CDATA[2]]></step_number>
	<actions><![CDATA[<p>
	O ator seleciona o tipo de tarefa Indiciamento.</p>
]]></actions>
	<expectedresults><![CDATA[<p>
	O sistema:<br />
	<br />
	&bull; apresenta os campos/op&ccedil;&otilde;es para preenchimento/sele&ccedil;&atilde;o;</p>
<ul>
	<li>
		Data de In&iacute;cio</li>
	<li>
		Prazo de Conclus&atilde;o</li>
	<li>
		Prazo R&iacute;gido</li>
	<li>
		Tarefa prejudicial [RG04]</li>
	<li>
		Escolher manualmente</li>
	<li>
		Descri&ccedil;&atilde;o da Tarefa</li>
	<li>
		Observa&ccedil;&atilde;o</li>
	<li>
		Carta Precat&oacute;ria</li>
	<li>
		Lista de envolvidos</li>
</ul>
<p>
	&bull; sugere um policial como respons&aacute;vel pela tarefa no campo &ldquo;Atribu&iacute;do para&rdquo;;<br />
	<br />
	&bull; mostra uma listagem com as tarefas do tipo escolhido j&aacute; realizadas.</p>
]]></expectedresults>
	<execution_type><![CDATA[1]]></execution_type>
</step>

<step>
	<step_number><![CDATA[3]]></step_number>
	<actions><![CDATA[<p>
	O ator seleciona a op&ccedil;&atilde;o &ldquo;Escolher Manualmente&ldquo;.</p>
]]></actions>
	<expectedresults><![CDATA[<p>
	O sistema mostra as op&ccedil;&otilde;es de atribuir a tarefa para Unidade ou Servidor.</p>
]]></expectedresults>
	<execution_type><![CDATA[1]]></execution_type>
</step>

<step>
	<step_number><![CDATA[4]]></step_number>
	<actions><![CDATA[<p>
	O ator seleciona uma das op&ccedil;&otilde;es.</p>
]]></actions>
	<expectedresults><![CDATA[<p>
	O sistema inclui o Caso de Uso Selecionar Delegacia ou Selecionar Policial (de acordo com a escolha do ator) e solicita uma justificativa. [UC24][UC25]</p>
]]></expectedresults>
	<execution_type><![CDATA[1]]></execution_type>
</step>

<step>
	<step_number><![CDATA[5]]></step_number>
	<actions><![CDATA[<p>
	O ator preenche o campo de justificativa.</p>
]]></actions>
	<expectedresults><![CDATA[<p>
	O sistema:<br />
	<br />
	&bull; apresenta os campos/op&ccedil;&otilde;es para preenchimento/sele&ccedil;&atilde;o:</p>
<ul>
	<li>
		Data de In&iacute;cio</li>
	<li>
		Prazo de Conclus&atilde;o</li>
	<li>
		Prazo R&iacute;gido</li>
	<li>
		Tarefa prejudicial [RG04]</li>
	<li>
		Escolher manualmente</li>
	<li>
		Descri&ccedil;&atilde;o da Tarefa</li>
	<li>
		Observa&ccedil;&atilde;o</li>
	<li>
		Carta Precat&oacute;ria;</li>
</ul>
<p>
	&bull; sugere um policial como respons&aacute;vel pela tarefa no campo &ldquo;Atribu&iacute;do para&rdquo;;<br />
	&bull; mostra uma listagem com as tarefas do tipo escolhido j&aacute; realizadas.</p>
]]></expectedresults>
	<execution_type><![CDATA[1]]></execution_type>
</step>

<step>
	<step_number><![CDATA[6]]></step_number>
	<actions><![CDATA[<p>
	O ator preenche pelo menos os dados obrigat&oacute;rios: data de in&iacute;cio e o(s) envolvido(s) a ser(serem) indiciado(s) e clica em Criar Tarefa. [RN05]</p>
]]></actions>
	<expectedresults><![CDATA[<p>
	O sistema:</p>
<ul>
	<li>
		valida os dados; [FE01]</li>
	<li>
		cria a tarefa no caso;</li>
	<li>
		apresenta uma mensagem de sucesso;</li>
	<li>
		insere a tarefa na lista de tarefas criadas;</li>
</ul>
<p>
	retorna a tela de criar tarefa. [FA07]</p>
]]></expectedresults>
	<execution_type><![CDATA[1]]></execution_type>
</step>
</steps>
<keywords><keyword name="UC24"><notes><![CDATA[

]]></notes></keyword>
<keyword name="UC25"><notes><![CDATA[

]]></notes></keyword>
<keyword name="UC05"><notes><![CDATA[

]]></notes></keyword>
</keywords></testcase>

<testcase internalid="11173" name="UC05-FA06-E: O ator não aceita a sugestão de responsável e escolhe manualmente">
	<node_order><![CDATA[11]]></node_order>
	<externalid><![CDATA[34]]></externalid>
	<version><![CDATA[1]]></version>
	<summary><![CDATA[<p>
	Inicia-se no passo 3 do Fluxo Alternativo 05 (tamb&eacute;m no fluxos FB, FA01, FA02 e FA04), caso o ator selecione a op&ccedil;&atilde;o &ldquo;Escolher Manualmente&ldquo;.</p>
]]></summary>
	<preconditions><![CDATA[<ul>
	<li>
		PC01: O ator est&aacute; autenticado.</li>
	<li>
		PC02: O Caso est&aacute; selecionado.</li>
	<li>
		PC03: O ator &eacute; respons&aacute;vel pelo Caso.</li>
</ul>
]]></preconditions>
	<execution_type><![CDATA[1]]></execution_type>
	<importance><![CDATA[2]]></importance>
<steps>
<step>
	<step_number><![CDATA[1]]></step_number>
	<actions><![CDATA[<p>
	O ator escolhe a op&ccedil;&atilde;o &ldquo;Nova Tarefa&rdquo; na aba Tarefas ou a op&ccedil;&atilde;o &ldquo;Tarefa&rdquo; no menu Caso -&gt; Novo(a)</p>
]]></actions>
	<expectedresults><![CDATA[<p>
	O sistema exibe o formul&aacute;rio de cadastro de tarefas.</p>
]]></expectedresults>
	<execution_type><![CDATA[1]]></execution_type>
</step>

<step>
	<step_number><![CDATA[2]]></step_number>
	<actions><![CDATA[<p>
	O ator seleciona o tipo de tarefa Intimar.</p>
]]></actions>
	<expectedresults><![CDATA[<p>
	O sistema:<br />
	<br />
	&bull; apresenta os campos/op&ccedil;&otilde;es para preenchimento/sele&ccedil;&atilde;o:</p>
<ul>
	<li>
		Data de In&iacute;cio</li>
	<li>
		Prazo de Conclus&atilde;o</li>
	<li>
		Prazo R&iacute;gido</li>
	<li>
		Tarefa prejudicial [RG04]</li>
	<li>
		Escolher manualmente</li>
	<li>
		Descri&ccedil;&atilde;o da Tarefa</li>
	<li>
		Observa&ccedil;&atilde;o</li>
	<li>
		Carta Precat&oacute;ria</li>
	<li>
		Lista de envolvidos;</li>
</ul>
<p>
	&bull; sugere um policial como respons&aacute;vel pela tarefa no campo &ldquo;Atribu&iacute;do para&rdquo;;<br />
	<br />
	&bull; mostra uma listagem com as tarefas do tipo escolhido j&aacute; realizadas.</p>
]]></expectedresults>
	<execution_type><![CDATA[1]]></execution_type>
</step>

<step>
	<step_number><![CDATA[3]]></step_number>
	<actions><![CDATA[<p>
	O ator seleciona a op&ccedil;&atilde;o &ldquo;Escolher Manualmente&ldquo;.</p>
]]></actions>
	<expectedresults><![CDATA[<p>
	O sistema mostra as op&ccedil;&otilde;es de atribuir a tarefa para Unidade ou Servidor.</p>
]]></expectedresults>
	<execution_type><![CDATA[1]]></execution_type>
</step>

<step>
	<step_number><![CDATA[4]]></step_number>
	<actions><![CDATA[<p>
	O ator seleciona uma das op&ccedil;&otilde;es.</p>
]]></actions>
	<expectedresults><![CDATA[<p>
	O sistema inclui o Caso de Uso Selecionar Delegacia ou Selecionar Policial (de acordo com a escolha do ator) e solicita uma justificativa. [UC24][UC25]</p>
]]></expectedresults>
	<execution_type><![CDATA[1]]></execution_type>
</step>

<step>
	<step_number><![CDATA[5]]></step_number>
	<actions><![CDATA[<p>
	O ator preenche o campo de justificativa.</p>
]]></actions>
	<expectedresults><![CDATA[<p>
	O sistema:<br />
	<br />
	&bull; apresenta os campos/op&ccedil;&otilde;es para preenchimento/sele&ccedil;&atilde;o:</p>
<ul>
	<li>
		Data de In&iacute;cio</li>
	<li>
		Prazo de Conclus&atilde;o</li>
	<li>
		Prazo R&iacute;gido</li>
	<li>
		Tarefa prejudicial [RG04]</li>
	<li>
		Escolher manualmente</li>
	<li>
		Descri&ccedil;&atilde;o da Tarefa</li>
	<li>
		Observa&ccedil;&atilde;o</li>
	<li>
		Carta Precat&oacute;ria;</li>
</ul>
<p>
	&bull; sugere um policial como respons&aacute;vel pela tarefa no campo &ldquo;Atribu&iacute;do para&rdquo;;<br />
	&bull; mostra uma listagem com as tarefas do tipo escolhido j&aacute; realizadas.</p>
]]></expectedresults>
	<execution_type><![CDATA[1]]></execution_type>
</step>

<step>
	<step_number><![CDATA[6]]></step_number>
	<actions><![CDATA[<p>
	O ator preenche pelo menos os dados obrigat&oacute;rios: data de in&iacute;cio e envolvido e clica em Criar Tarefa. [RN05]</p>
]]></actions>
	<expectedresults><![CDATA[<p>
	O sistema:</p>
<ul>
	<li>
		valida os dados; [FE01]</li>
	<li>
		cria a tarefa no caso;</li>
	<li>
		apresenta uma mensagem de sucesso;</li>
	<li>
		insere a tarefa na lista de tarefas criadas;</li>
</ul>
<p>
	retorna a tela de criar tarefa. [FA07]</p>
]]></expectedresults>
	<execution_type><![CDATA[1]]></execution_type>
</step>
</steps>
<keywords><keyword name="UC24"><notes><![CDATA[

]]></notes></keyword>
<keyword name="UC25"><notes><![CDATA[

]]></notes></keyword>
<keyword name="UC05"><notes><![CDATA[

]]></notes></keyword>
</keywords></testcase>

<testcase internalid="11181" name="UC05-FA07: FIXME O ator não deseja cadastrar mais tarefas.">
	<node_order><![CDATA[12]]></node_order>
	<externalid><![CDATA[23]]></externalid>
	<version><![CDATA[1]]></version>
	<summary><![CDATA[<p>
	Inicia-se no passo 3 do Fluxo B&aacute;sico, caso o ator n&atilde;o deseje mais cadastrar tarefas.</p>
]]></summary>
	<preconditions><![CDATA[<ul>
	<li>
		PC01: O ator est&aacute; autenticado.</li>
	<li>
		PC02: O Caso est&aacute; selecionado.</li>
	<li>
		PC03: O ator &eacute; respons&aacute;vel pelo Caso.</li>
</ul>
]]></preconditions>
	<execution_type><![CDATA[1]]></execution_type>
	<importance><![CDATA[2]]></importance>
<steps>
<step>
	<step_number><![CDATA[1]]></step_number>
	<actions><![CDATA[<p>
	O ator escolhe a op&ccedil;&atilde;o &ldquo;Nova Tarefa&rdquo; na aba Tarefas ou a op&ccedil;&atilde;o &ldquo;Tarefa&rdquo; no menu Caso -&gt; Novo(a)</p>
]]></actions>
	<expectedresults><![CDATA[<p>
	O sistema exibe o formul&aacute;rio de cadastro de tarefas.</p>
]]></expectedresults>
	<execution_type><![CDATA[1]]></execution_type>
</step>

<step>
	<step_number><![CDATA[2]]></step_number>
	<actions><![CDATA[<p>
	O ator escolhe um dos seguintes tipos de tarefa: [FA01][FA02][FA03][FA04][FA05]</p>
<p>
	<br />
	&bull; Comunicar Flagrante<br />
	&bull; Comunicar &Oacute;rg&atilde;o Requisitante<br />
	&bull; Elaborar Laudo Pericial<br />
	&bull; Encaminhar Procedimento<br />
	&bull; Produzir Auto de Apreens&atilde;o<br />
	&bull; Produzir Auto de Apresenta&ccedil;&atilde;o e Apreens&atilde;o<br />
	&bull; Produzir Boletim de Identifica&ccedil;&atilde;o Criminal<br />
	&bull; Produzir Despacho Fundamentado<br />
	&bull; Inominada<br />
	&bull; Elaborar Pe&ccedil;a</p>
]]></actions>
	<expectedresults><![CDATA[<p>
	O sistema:<br />
	<br />
	&bull; apresenta os campos/op&ccedil;&otilde;es para preenchimento/sele&ccedil;&atilde;o:</p>
<ul>
	<li>
		Data de In&iacute;cio</li>
	<li>
		Prazo de Conclus&atilde;o</li>
	<li>
		Prazo R&iacute;gido</li>
	<li>
		Tarefa prejudicial [RG04]</li>
	<li>
		Escolher manualmente</li>
	<li>
		Descri&ccedil;&atilde;o da Tarefa</li>
	<li>
		Observa&ccedil;&atilde;o</li>
	<li>
		Carta Precat&oacute;ria;</li>
</ul>
<p>
	&bull; sugere um policial como respons&aacute;vel pela tarefa no campo &ldquo;Atribu&iacute;do para&rdquo;;<br />
	&bull; mostra uma listagem com as tarefas do tipo escolhido j&aacute; realizadas.</p>
]]></expectedresults>
	<execution_type><![CDATA[1]]></execution_type>
</step>

<step>
	<step_number><![CDATA[3]]></step_number>
	<actions><![CDATA[<p>
	O ator preenche o formul&aacute;rio com, pelo menos, os dados obrigat&oacute;rios para a tarefa (tipo de tarefa e data de in&iacute;cio) e clica em Criar Tarefa. [FA06][RN05]</p>
]]></actions>
	<expectedresults><![CDATA[<p>
	O sistema:</p>
<ul>
	<li>
		valida os dados; [FE01]</li>
	<li>
		cria a tarefa no caso;</li>
	<li>
		apresenta uma mensagem de sucesso;</li>
	<li>
		insere a tarefa na lista de tarefas criadas;</li>
</ul>
<p>
	retorna a tela de criar tarefa. [FA07]</p>
]]></expectedresults>
	<execution_type><![CDATA[1]]></execution_type>
</step>
</steps>
<keywords><keyword name="UC05"><notes><![CDATA[

]]></notes></keyword>
</keywords></testcase>

<testcase internalid="11186" name="UC05-FE01: O ator não informou dados obrigatórios ou informou dados incompletos ou inválidos.">
	<node_order><![CDATA[13]]></node_order>
	<externalid><![CDATA[24]]></externalid>
	<version><![CDATA[1]]></version>
	<summary><![CDATA[<p>
	Inicia-se no passo 6 do Fluxo B&aacute;sico, caso o ator n&atilde;o forne&ccedil;a dados obrigat&oacute;rios ou forne&ccedil;a dados incompletos ou inv&aacute;lidos.</p>
]]></summary>
	<preconditions><![CDATA[<ul>
	<li>
		PC01: O ator est&aacute; autenticado.</li>
	<li>
		PC02: O Caso est&aacute; selecionado.</li>
	<li>
		PC03: O ator &eacute; respons&aacute;vel pelo Caso.</li>
</ul>
]]></preconditions>
	<execution_type><![CDATA[1]]></execution_type>
	<importance><![CDATA[2]]></importance>
<steps>
<step>
	<step_number><![CDATA[1]]></step_number>
	<actions><![CDATA[<p>
	O ator escolhe a op&ccedil;&atilde;o &ldquo;Nova Tarefa&rdquo; na aba Tarefas ou a op&ccedil;&atilde;o &ldquo;Tarefa&rdquo; no menu Caso -&gt; Novo(a)</p>
]]></actions>
	<expectedresults><![CDATA[<p>
	O sistema exibe o formul&aacute;rio de cadastro de tarefas.</p>
]]></expectedresults>
	<execution_type><![CDATA[1]]></execution_type>
</step>

<step>
	<step_number><![CDATA[2]]></step_number>
	<actions><![CDATA[<p>
	O ator escolhe um dos seguintes tipos de tarefa: [FA01][FA02][FA03][FA04][FA05]</p>
<p>
	<br />
	&bull; Comunicar Flagrante<br />
	&bull; Comunicar &Oacute;rg&atilde;o Requisitante<br />
	&bull; Elaborar Laudo Pericial<br />
	&bull; Encaminhar Procedimento<br />
	&bull; Produzir Auto de Apreens&atilde;o<br />
	&bull; Produzir Auto de Apresenta&ccedil;&atilde;o e Apreens&atilde;o<br />
	&bull; Produzir Boletim de Identifica&ccedil;&atilde;o Criminal<br />
	&bull; Produzir Despacho Fundamentado<br />
	&bull; Inominada<br />
	&bull; Elaborar Pe&ccedil;a</p>
]]></actions>
	<expectedresults><![CDATA[<p>
	O sistema:<br />
	<br />
	&bull; apresenta os campos/op&ccedil;&otilde;es para preenchimento/sele&ccedil;&atilde;o:</p>
<ul>
	<li>
		Data de In&iacute;cio</li>
	<li>
		Prazo de Conclus&atilde;o</li>
	<li>
		Prazo R&iacute;gido</li>
	<li>
		Tarefa prejudicial [RG04]</li>
	<li>
		Escolher manualmente</li>
	<li>
		Descri&ccedil;&atilde;o da Tarefa</li>
	<li>
		Observa&ccedil;&atilde;o</li>
	<li>
		Carta Precat&oacute;ria;</li>
</ul>
<p>
	&bull; sugere um policial como respons&aacute;vel pela tarefa no campo &ldquo;Atribu&iacute;do para&rdquo;;<br />
	&bull; mostra uma listagem com as tarefas do tipo escolhido j&aacute; realizadas.</p>
]]></expectedresults>
	<execution_type><![CDATA[1]]></execution_type>
</step>

<step>
	<step_number><![CDATA[3]]></step_number>
	<actions><![CDATA[<p>
	O ator preenche o formul&aacute;rio sem algum(ns) dado(s) obrigat&oacute;rio(s) ou forne&ccedil;a dados incompletos ou inv&aacute;lidos.</p>
]]></actions>
	<expectedresults><![CDATA[<p>
	O sistema:</p>
<p>
	&bull; apresenta a mensagem de erro;</p>
<p>
	&bull; apresenta os campos/op&ccedil;&otilde;es para preenchimento/sele&ccedil;&atilde;o:</p>
<ul>
	<li>
		Data de In&iacute;cio</li>
	<li>
		Prazo de Conclus&atilde;o</li>
	<li>
		Prazo R&iacute;gido</li>
	<li>
		Tarefa prejudicial [RG04]</li>
	<li>
		Escolher manualmente</li>
	<li>
		Descri&ccedil;&atilde;o da Tarefa</li>
	<li>
		Observa&ccedil;&atilde;o</li>
	<li>
		Carta Precat&oacute;ria;</li>
</ul>
<p>
	&bull; sugere um policial como respons&aacute;vel pela tarefa no campo &ldquo;Atribu&iacute;do para&rdquo;;<br />
	&bull; mostra uma listagem com as tarefas do tipo escolhido j&aacute; realizadas.</p>
]]></expectedresults>
	<execution_type><![CDATA[1]]></execution_type>
</step>
</steps>
<keywords><keyword name="UC05"><notes><![CDATA[

]]></notes></keyword>
</keywords></testcase>
</testsuite><testsuite name="UC09: Produzir Relatório Final" >
<node_order><![CDATA[8]]></node_order>
<details><![CDATA[]]></details> 

<testcase internalid="11192" name="UC09-FB: Produzir Relatório Final">
	<node_order><![CDATA[100]]></node_order>
	<externalid><![CDATA[179]]></externalid>
	<version><![CDATA[1]]></version>
	<summary><![CDATA[<p>
	Fluxo b&aacute;sico do caso de uso UC09.</p>
]]></summary>
	<preconditions><![CDATA[<ul>
	<li>
		PC01: O ator est&aacute; autenticado.&nbsp;</li>
	<li>
		PC02: O Caso est&aacute; selecionado.&nbsp;</li>
	<li>
		PC03: O ator &eacute; respons&aacute;vel pelo Caso.&nbsp;</li>
	<li>
		PC04: O Caso &eacute; um Inqu&eacute;rito ou TCO.&nbsp;</li>
	<li>
		PC05: O ator &eacute; respons&aacute;vel pela Tarefa &ldquo;Produzir Relat&oacute;rio Final&rdquo; do Inqu&eacute;rito ou TCO.</li>
</ul>
]]></preconditions>
	<execution_type><![CDATA[1]]></execution_type>
	<importance><![CDATA[2]]></importance>
<steps>
<step>
	<step_number><![CDATA[1]]></step_number>
	<actions><![CDATA[<p>
	O ator seleciona a tarefa &ldquo;Produzir Relat&oacute;rio Final&rdquo; da sua lista de tarefas. [UC26]</p>
]]></actions>
	<expectedresults><![CDATA[<p>
	O sistema apresenta a p&aacute;gina para responder esta tarefa. [FA01]</p>
]]></expectedresults>
	<execution_type><![CDATA[1]]></execution_type>
</step>

<step>
	<step_number><![CDATA[2]]></step_number>
	<actions><![CDATA[<p>
	O ator clica em Gerar Relat&oacute;rio Final. [FA02][FA03]</p>
]]></actions>
	<expectedresults><![CDATA[<p>
	O sistema inclui o Caso de Uso &ldquo;Criar Pe&ccedil;a&rdquo; com template de Relat&oacute;rio Final; [UC08]</p>
]]></expectedresults>
	<execution_type><![CDATA[1]]></execution_type>
</step>

<step>
	<step_number><![CDATA[3]]></step_number>
	<actions><![CDATA[<p>
	O ator cria o relat&oacute;rio, clica em Voltar e depois clica no bot&atilde;o Concluir Tarefa. [FA02][FE01]</p>
]]></actions>
	<expectedresults><![CDATA[<div>
	O sistema:&nbsp;</div>
<div>
	&nbsp;</div>
<ul>
	<li>
		modifica o status da tarefa para conclu&iacute;do com sucesso;&nbsp;</li>
	<li>
		notifica o requisitante da tarefa sobre sua conclus&atilde;o, caso ele n&atilde;o seja o respons&aacute;vel pela tarefa; [RN06.04]&nbsp;</li>
	<li>
		fecha o caso;&nbsp;</li>
	<li>
		apresenta uma mensagem de sucesso sobre a conclus&atilde;o da tarefa; [MA018]&nbsp;</li>
	<li>
		e encerra o caso de uso.</li>
</ul>
]]></expectedresults>
	<execution_type><![CDATA[1]]></execution_type>
</step>
</steps>
<keywords><keyword name="UC09"><notes><![CDATA[

]]></notes></keyword>
<keyword name="UC08"><notes><![CDATA[

]]></notes></keyword>
<keyword name="UC26"><notes><![CDATA[

]]></notes></keyword>
</keywords></testcase>

<testcase internalid="11197" name="UC09-FA01: A tarefa a ser concluída está vencida">
	<node_order><![CDATA[101]]></node_order>
	<externalid><![CDATA[180]]></externalid>
	<version><![CDATA[1]]></version>
	<summary><![CDATA[<p>
	Inicia-se na etapa 1 do Fluxo B&aacute;sico, caso a tarefa a ser conclu&iacute;da esteja vencida. [RN06.02]</p>
]]></summary>
	<preconditions><![CDATA[<ul>
	<li>
		PC01: O ator est&aacute; autenticado.&nbsp;</li>
	<li>
		PC02: O Caso est&aacute; selecionado.&nbsp;</li>
	<li>
		PC03: O ator &eacute; respons&aacute;vel pelo Caso.&nbsp;</li>
	<li>
		PC04: O Caso &eacute; um Inqu&eacute;rito ou TCO.&nbsp;</li>
	<li>
		PC05: O ator &eacute; respons&aacute;vel pela Tarefa &ldquo;Produzir Relat&oacute;rio Final&rdquo; do Inqu&eacute;rito ou TCO.</li>
</ul>
]]></preconditions>
	<execution_type><![CDATA[1]]></execution_type>
	<importance><![CDATA[2]]></importance>
<steps>
<step>
	<step_number><![CDATA[1]]></step_number>
	<actions><![CDATA[<p>
	O ator seleciona a tarefa &ldquo;Produzir Relat&oacute;rio Final&rdquo; vencida da sua lista de tarefas. [UC26]</p>
]]></actions>
	<expectedresults><![CDATA[<p>
	O sistema exibe um campo para justificativa. [RN06.03]</p>
]]></expectedresults>
	<execution_type><![CDATA[1]]></execution_type>
</step>

<step>
	<step_number><![CDATA[2]]></step_number>
	<actions><![CDATA[<p>
	O ator fornece a justificativa e clica em Gerar Relat&oacute;rio Final.</p>
]]></actions>
	<expectedresults><![CDATA[<div>
	O sistema inclui o Caso de Uso Criar Pe&ccedil;a, com template de Relat&oacute;rio Final selecionado. &nbsp;[UC08]</div>
]]></expectedresults>
	<execution_type><![CDATA[1]]></execution_type>
</step>

<step>
	<step_number><![CDATA[3]]></step_number>
	<actions><![CDATA[<p>
	O ator confirma a a&ccedil;&atilde;o de conclus&atilde;o clicando em Concluir Tarefa. [FE01][FE02][FA03]</p>
]]></actions>
	<expectedresults><![CDATA[<div>
	O sistema:&nbsp;</div>
<ul>
	<li>
		modifica o status da Tarefa para conclu&iacute;do com ou sem sucesso;&nbsp;</li>
	<li>
		notifica o requisitante da tarefa sobre sua conclus&atilde;o, caso ele n&atilde;o seja o respons&aacute;vel pela tarefa; [RN06.04]&nbsp;</li>
	<li>
		associa a justificativa &agrave; tarefa conclu&iacute;da;&nbsp;</li>
	<li>
		fecha o caso;&nbsp;</li>
	<li>
		apresenta uma mensagem de sucesso sobre a conclus&atilde;o da tarefa; [MA018]&nbsp;</li>
	<li>
		e encerra o caso de uso.</li>
</ul>
]]></expectedresults>
	<execution_type><![CDATA[1]]></execution_type>
</step>
</steps>
<keywords><keyword name="UC09"><notes><![CDATA[

]]></notes></keyword>
<keyword name="UC08"><notes><![CDATA[

]]></notes></keyword>
<keyword name="UC26"><notes><![CDATA[

]]></notes></keyword>
</keywords></testcase>

<testcase internalid="11202" name="UC09-FA02-A: Concluir Sem Sucesso.">
	<node_order><![CDATA[102]]></node_order>
	<externalid><![CDATA[181]]></externalid>
	<version><![CDATA[1]]></version>
	<summary><![CDATA[<div>
	Inicia-se ap&oacute;s a etapa 1 do Fluxo B&aacute;sico, caso o ator selecione a op&ccedil;&atilde;o &ldquo;Concluir &nbsp;Sem Sucesso&rdquo;.</div>
]]></summary>
	<preconditions><![CDATA[<ul>
	<li>
		PC01: O ator est&aacute; autenticado.&nbsp;</li>
	<li>
		PC02: O Caso est&aacute; selecionado.&nbsp;</li>
	<li>
		PC03: O ator &eacute; respons&aacute;vel pelo Caso.&nbsp;</li>
	<li>
		PC04: O Caso &eacute; um Inqu&eacute;rito ou TCO.&nbsp;</li>
	<li>
		PC05: O ator &eacute; respons&aacute;vel pela Tarefa &ldquo;Produzir Relat&oacute;rio Final&rdquo; do Inqu&eacute;rito ou TCO.</li>
</ul>
]]></preconditions>
	<execution_type><![CDATA[1]]></execution_type>
	<importance><![CDATA[2]]></importance>
<steps>
<step>
	<step_number><![CDATA[1]]></step_number>
	<actions><![CDATA[<p>
	O ator seleciona a tarefa &ldquo;Produzir Relat&oacute;rio Final&rdquo; da sua lista de tarefas. [UC26]</p>
]]></actions>
	<expectedresults><![CDATA[<p>
	O sistema apresenta a p&aacute;gina para responder esta tarefa. [FA01]</p>
]]></expectedresults>
	<execution_type><![CDATA[1]]></execution_type>
</step>

<step>
	<step_number><![CDATA[2]]></step_number>
	<actions><![CDATA[<div>
	O ator seleciona a op&ccedil;&atilde;o &ldquo;Concluir Sem Sucesso&rdquo;.</div>
]]></actions>
	<expectedresults><![CDATA[<p>
	O sistema fornece um campo de justificativa.</p>
]]></expectedresults>
	<execution_type><![CDATA[1]]></execution_type>
</step>

<step>
	<step_number><![CDATA[3]]></step_number>
	<actions><![CDATA[<div>
	O ator fornece os dados do formul&aacute;rio de justificativa de concluir a tarefa sem sucesso e confirma a a&ccedil;&atilde;o. [FE02]</div>
]]></actions>
	<expectedresults><![CDATA[<div>
	O sistema:&nbsp;</div>
<ul>
	<li>
		modifica o status da Tarefa para conclu&iacute;do sem sucesso;&nbsp;</li>
	<li>
		notifica o requisitante da tarefa sobre sua conclus&atilde;o, caso ele n&atilde;o seja o respons&aacute;vel&nbsp;pela tarefa; [RN06.04]</li>
	<li>
		inicia o prazo de contagem de inatividade do caso se a Tarefa conclu&iacute;da for a &uacute;ltima&nbsp;tarefa aberta no Caso; [RG04]&nbsp;</li>
	<li>
		associa a justificativa de rejei&ccedil;&atilde;o &agrave; tarefa conclu&iacute;da;&nbsp;</li>
	<li>
		apresenta uma mensagem de sucesso sobre a conclus&atilde;o da tarefa; [MA018]&nbsp;</li>
	<li>
		e encerra o caso de uso.</li>
</ul>
<p>
	&nbsp;</p>
]]></expectedresults>
	<execution_type><![CDATA[1]]></execution_type>
</step>
</steps>
<keywords><keyword name="UC09"><notes><![CDATA[

]]></notes></keyword>
<keyword name="UC26"><notes><![CDATA[

]]></notes></keyword>
</keywords></testcase>

<testcase internalid="11207" name="UC09-FA02-B: Concluir Sem Sucesso">
	<node_order><![CDATA[103]]></node_order>
	<externalid><![CDATA[182]]></externalid>
	<version><![CDATA[1]]></version>
	<summary><![CDATA[<div>
	Inicia-se ap&oacute;s a etapa 2 do Fluxo B&aacute;sico, caso o ator selecione a op&ccedil;&atilde;o &ldquo;Concluir Sem Sucesso&rdquo;.</div>
]]></summary>
	<preconditions><![CDATA[<ul>
	<li>
		PC01: O ator est&aacute; autenticado.&nbsp;</li>
	<li>
		PC02: O Caso est&aacute; selecionado.&nbsp;</li>
	<li>
		PC03: O ator &eacute; respons&aacute;vel pelo Caso.&nbsp;</li>
	<li>
		PC04: O Caso &eacute; um Inqu&eacute;rito ou TCO.&nbsp;</li>
	<li>
		PC05: O ator &eacute; respons&aacute;vel pela Tarefa &ldquo;Produzir Relat&oacute;rio Final&rdquo; do Inqu&eacute;rito ou TCO.</li>
</ul>
]]></preconditions>
	<execution_type><![CDATA[1]]></execution_type>
	<importance><![CDATA[2]]></importance>
<steps>
<step>
	<step_number><![CDATA[1]]></step_number>
	<actions><![CDATA[<p>
	O ator seleciona a tarefa &ldquo;Produzir Relat&oacute;rio Final&rdquo; da sua lista de tarefas. [UC26]</p>
]]></actions>
	<expectedresults><![CDATA[<p>
	O sistema apresenta a p&aacute;gina para responder esta tarefa. [FA01]</p>
]]></expectedresults>
	<execution_type><![CDATA[1]]></execution_type>
</step>

<step>
	<step_number><![CDATA[2]]></step_number>
	<actions><![CDATA[<p>
	O ator clica em Gerar Relat&oacute;rio Final. [FA02-A][FA03]</p>
]]></actions>
	<expectedresults><![CDATA[<p>
	O sistema inclui o Caso de Uso &ldquo;Criar Pe&ccedil;a&rdquo; com template de Relat&oacute;rio Final; [UC08]</p>
]]></expectedresults>
	<execution_type><![CDATA[1]]></execution_type>
</step>

<step>
	<step_number><![CDATA[3]]></step_number>
	<actions><![CDATA[<div>
	O ator cria o relat&oacute;rio, clica em Voltar e seleciona a op&ccedil;&atilde;o &ldquo;Concluir Sem Sucesso&rdquo;.</div>
]]></actions>
	<expectedresults><![CDATA[<p>
	O sistema fornece um campo de justificativa.</p>
]]></expectedresults>
	<execution_type><![CDATA[1]]></execution_type>
</step>

<step>
	<step_number><![CDATA[4]]></step_number>
	<actions><![CDATA[<div>
	O ator fornece os dados do formul&aacute;rio de justificativa de concluir a tarefa sem sucesso e confirma a a&ccedil;&atilde;o. [FE02]</div>
]]></actions>
	<expectedresults><![CDATA[<div>
	O sistema:&nbsp;</div>
<ul>
	<li>
		modifica o status da Tarefa para conclu&iacute;do sem sucesso;&nbsp;</li>
	<li>
		notifica o requisitante da tarefa sobre sua conclus&atilde;o, caso ele n&atilde;o seja o respons&aacute;vel pela tarefa; [RN06.04]</li>
	<li>
		inicia o prazo de contagem de inatividade do caso se a Tarefa conclu&iacute;da for a &uacute;ltima tarefa aberta no Caso; [RG04]&nbsp;</li>
	<li>
		associa a justificativa de rejei&ccedil;&atilde;o &agrave; tarefa conclu&iacute;da;&nbsp;</li>
	<li>
		apresenta uma mensagem de sucesso sobre a conclus&atilde;o da tarefa; [MA018]&nbsp;</li>
	<li>
		e encerra o caso de uso.</li>
</ul>
<p>
	&nbsp;</p>
]]></expectedresults>
	<execution_type><![CDATA[1]]></execution_type>
</step>
</steps>
<keywords><keyword name="UC09"><notes><![CDATA[

]]></notes></keyword>
<keyword name="UC08"><notes><![CDATA[

]]></notes></keyword>
<keyword name="UC26"><notes><![CDATA[

]]></notes></keyword>
</keywords></testcase>

<testcase internalid="11213" name="UC09-FA03: Rejeitar Tarefa">
	<node_order><![CDATA[104]]></node_order>
	<externalid><![CDATA[183]]></externalid>
	<version><![CDATA[1]]></version>
	<summary><![CDATA[<p>
	Inicia-se ap&oacute;s a etapa 1 do Fluxo B&aacute;sico, caso o ator selecione a op&ccedil;&atilde;o &ldquo;Rejeitar Tarefa&rdquo;.</p>
]]></summary>
	<preconditions><![CDATA[<ul>
	<li>
		PC01: O ator est&aacute; autenticado.&nbsp;</li>
	<li>
		PC02: O Caso est&aacute; selecionado.&nbsp;</li>
	<li>
		PC03: O ator &eacute; respons&aacute;vel pelo Caso.&nbsp;</li>
	<li>
		PC04: O Caso &eacute; um Inqu&eacute;rito ou TCO.&nbsp;</li>
	<li>
		PC05: O ator &eacute; respons&aacute;vel pela Tarefa &ldquo;Produzir Relat&oacute;rio Final&rdquo; do Inqu&eacute;rito ou TCO.</li>
</ul>
]]></preconditions>
	<execution_type><![CDATA[1]]></execution_type>
	<importance><![CDATA[2]]></importance>
<steps>
<step>
	<step_number><![CDATA[1]]></step_number>
	<actions><![CDATA[<p>
	O ator seleciona a tarefa &ldquo;Produzir Relat&oacute;rio Final&rdquo; da sua lista de tarefas. [UC26]</p>
]]></actions>
	<expectedresults><![CDATA[<p>
	O sistema apresenta a p&aacute;gina para responder esta tarefa. [FA01]</p>
]]></expectedresults>
	<execution_type><![CDATA[1]]></execution_type>
</step>

<step>
	<step_number><![CDATA[2]]></step_number>
	<actions><![CDATA[<p>
	O ator seleciona a op&ccedil;&atilde;o &ldquo;Rejeitar Tarefa&rdquo;.</p>
]]></actions>
	<expectedresults><![CDATA[<p>
	O sistema fornece um campo de justificativa.</p>
]]></expectedresults>
	<execution_type><![CDATA[1]]></execution_type>
</step>

<step>
	<step_number><![CDATA[3]]></step_number>
	<actions><![CDATA[<div>
	O ator fornece os dados do formul&aacute;rio de justificativa de rejei&ccedil;&atilde;o de tarefa e confirma a a&ccedil;&atilde;o. [FE02]</div>
]]></actions>
	<expectedresults><![CDATA[<div>
	O sistema:&nbsp;</div>
<ul>
	<li>
		modifica o status da Tarefa para conclu&iacute;do (rejeitado);&nbsp;</li>
	<li>
		notifica o requisitante da tarefa sobre sua conclus&atilde;o, caso ele n&atilde;o seja o respons&aacute;vel&nbsp;pela tarefa; [RN06.04]&nbsp;</li>
	<li>
		inicia o prazo de contagem de inatividade do caso se a Tarefa conclu&iacute;da for a &uacute;ltima&nbsp;tarefa aberta no Caso; [RG04]&nbsp;</li>
	<li>
		associa a justificativa de rejei&ccedil;&atilde;o &agrave; tarefa conclu&iacute;da;&nbsp;</li>
	<li>
		apresenta uma mensagem de sucesso sobre a conclus&atilde;o da tarefa; [MA018]&nbsp;</li>
	<li>
		e encerra o caso de uso.</li>
</ul>
]]></expectedresults>
	<execution_type><![CDATA[1]]></execution_type>
</step>
</steps>
<keywords><keyword name="UC09"><notes><![CDATA[

]]></notes></keyword>
<keyword name="UC26"><notes><![CDATA[

]]></notes></keyword>
</keywords></testcase>

<testcase internalid="11218" name="UC09-FE01-A: O ator não gerou a peça Relatório Final">
	<node_order><![CDATA[105]]></node_order>
	<externalid><![CDATA[184]]></externalid>
	<version><![CDATA[1]]></version>
	<summary><![CDATA[<div>
	Inicia-se na etapa 3 do Fluxo B&aacute;sico, caso o ator n&atilde;o tenha gerado o Relat&oacute;rio Final.</div>
]]></summary>
	<preconditions><![CDATA[<ul>
	<li>
		PC01: O ator est&aacute; autenticado.&nbsp;</li>
	<li>
		PC02: O Caso est&aacute; selecionado.&nbsp;</li>
	<li>
		PC03: O ator &eacute; respons&aacute;vel pelo Caso.&nbsp;</li>
	<li>
		PC04: O Caso &eacute; um Inqu&eacute;rito ou TCO.&nbsp;</li>
	<li>
		PC05: O ator &eacute; respons&aacute;vel pela Tarefa &ldquo;Produzir Relat&oacute;rio Final&rdquo; do Inqu&eacute;rito ou TCO.</li>
</ul>
]]></preconditions>
	<execution_type><![CDATA[1]]></execution_type>
	<importance><![CDATA[2]]></importance>
<steps>
<step>
	<step_number><![CDATA[1]]></step_number>
	<actions><![CDATA[<p>
	O ator seleciona a tarefa &ldquo;Produzir Relat&oacute;rio Final&rdquo; da sua lista de tarefas. [UC26]</p>
]]></actions>
	<expectedresults><![CDATA[<p>
	O sistema apresenta a p&aacute;gina para responder esta tarefa.&nbsp;</p>
]]></expectedresults>
	<execution_type><![CDATA[1]]></execution_type>
</step>

<step>
	<step_number><![CDATA[2]]></step_number>
	<actions><![CDATA[<p>
	O ator clica em Gerar Relat&oacute;rio Final. [FA02][FA03]</p>
]]></actions>
	<expectedresults><![CDATA[<p>
	O sistema inclui o Caso de Uso &ldquo;Criar Pe&ccedil;a&rdquo; com template de Relat&oacute;rio Final; [UC08]</p>
]]></expectedresults>
	<execution_type><![CDATA[1]]></execution_type>
</step>

<step>
	<step_number><![CDATA[3]]></step_number>
	<actions><![CDATA[<p>
	O ator <strong>n&atilde;o</strong> cria o relat&oacute;rio, clica em Voltar e depois clica no bot&atilde;o Concluir Tarefa.&nbsp;</p>
]]></actions>
	<expectedresults><![CDATA[<div>
	O sistema:</div>
<ul>
	<li>
		exibe uma mensagem de erro;</li>
	<li>
		apresenta a p&aacute;gina para responder esta tarefa&nbsp;</li>
</ul>
]]></expectedresults>
	<execution_type><![CDATA[1]]></execution_type>
</step>
</steps>
<keywords><keyword name="UC09"><notes><![CDATA[

]]></notes></keyword>
<keyword name="UC08"><notes><![CDATA[

]]></notes></keyword>
<keyword name="UC26"><notes><![CDATA[

]]></notes></keyword>
</keywords></testcase>

<testcase internalid="11223" name="UC09-FE01-B: O ator não gerou a peça Relatório Final">
	<node_order><![CDATA[106]]></node_order>
	<externalid><![CDATA[185]]></externalid>
	<version><![CDATA[1]]></version>
	<summary><![CDATA[<p>
	Inicia-se na etapa 3 do Fluxo Alternativo FA01, caso a tarefa a ser conclu&iacute;da esteja vencida. [RN06.02]</p>
]]></summary>
	<preconditions><![CDATA[<ul>
	<li>
		PC01: O ator est&aacute; autenticado.&nbsp;</li>
	<li>
		PC02: O Caso est&aacute; selecionado.&nbsp;</li>
	<li>
		PC03: O ator &eacute; respons&aacute;vel pelo Caso.&nbsp;</li>
	<li>
		PC04: O Caso &eacute; um Inqu&eacute;rito ou TCO.&nbsp;</li>
	<li>
		PC05: O ator &eacute; respons&aacute;vel pela Tarefa &ldquo;Produzir Relat&oacute;rio Final&rdquo; do Inqu&eacute;rito ou TCO.</li>
</ul>
]]></preconditions>
	<execution_type><![CDATA[1]]></execution_type>
	<importance><![CDATA[2]]></importance>
<steps>
<step>
	<step_number><![CDATA[1]]></step_number>
	<actions><![CDATA[<p>
	O ator seleciona a tarefa &ldquo;Produzir Relat&oacute;rio Final&rdquo; da sua lista de tarefas. [UC26]</p>
]]></actions>
	<expectedresults><![CDATA[<p>
	O sistema exibe um campo para justificativa. [RN06.03]</p>
]]></expectedresults>
	<execution_type><![CDATA[1]]></execution_type>
</step>

<step>
	<step_number><![CDATA[2]]></step_number>
	<actions><![CDATA[<p>
	O ator fornece a justificativa e clica em Gerar Relat&oacute;rio Final.</p>
]]></actions>
	<expectedresults><![CDATA[<div>
	O sistema inclui o Caso de Uso Criar Pe&ccedil;a, com template de Relat&oacute;rio Final selecionado. &nbsp;[UC08]</div>
]]></expectedresults>
	<execution_type><![CDATA[1]]></execution_type>
</step>

<step>
	<step_number><![CDATA[3]]></step_number>
	<actions><![CDATA[<p>
	O ator <strong>n&atilde;o&nbsp;</strong>cria o relat&oacute;rio final e&nbsp;confirma a a&ccedil;&atilde;o de conclus&atilde;o clicando em Concluir Tarefa. [FE02][FA03]</p>
]]></actions>
	<expectedresults><![CDATA[<div>
	O sistema:&nbsp;</div>
<ul>
	<li>
		exibe mensagem de erro</li>
	<li>
		inclui o Caso de Uso Criar Pe&ccedil;a, com template de Relat&oacute;rio Final selecionado [UC08]</li>
</ul>
]]></expectedresults>
	<execution_type><![CDATA[1]]></execution_type>
</step>
</steps>
<keywords><keyword name="UC09"><notes><![CDATA[

]]></notes></keyword>
<keyword name="UC08"><notes><![CDATA[

]]></notes></keyword>
<keyword name="UC26"><notes><![CDATA[

]]></notes></keyword>
</keywords></testcase>

<testcase internalid="11228" name="UC09-FE02-A O ator não informou uma justificativa">
	<node_order><![CDATA[107]]></node_order>
	<externalid><![CDATA[186]]></externalid>
	<version><![CDATA[1]]></version>
	<summary><![CDATA[<div>
	Inicia-se na etapa 3 do Fluxo Alternativo FA01, caso o ator n&atilde;o tenha fornecido uma justificativa para a a&ccedil;&atilde;o.</div>
]]></summary>
	<preconditions><![CDATA[<ul>
	<li>
		PC01: O ator est&aacute; autenticado.&nbsp;</li>
	<li>
		PC02: O Caso est&aacute; selecionado.&nbsp;</li>
	<li>
		PC03: O ator &eacute; respons&aacute;vel pelo Caso.&nbsp;</li>
	<li>
		PC04: O Caso &eacute; um Inqu&eacute;rito ou TCO.&nbsp;</li>
	<li>
		PC05: O ator &eacute; respons&aacute;vel pela Tarefa &ldquo;Produzir Relat&oacute;rio Final&rdquo; do Inqu&eacute;rito ou TCO.</li>
</ul>
]]></preconditions>
	<execution_type><![CDATA[1]]></execution_type>
	<importance><![CDATA[2]]></importance>
<steps>
<step>
	<step_number><![CDATA[1]]></step_number>
	<actions><![CDATA[<p>
	O ator seleciona a tarefa &ldquo;Produzir Relat&oacute;rio Final&rdquo; vencida da sua lista de tarefas. [UC26]</p>
]]></actions>
	<expectedresults><![CDATA[<p>
	O sistema exibe um campo para justificativa. [RN06.03]</p>
]]></expectedresults>
	<execution_type><![CDATA[1]]></execution_type>
</step>

<step>
	<step_number><![CDATA[2]]></step_number>
	<actions><![CDATA[<p>
	O ator <strong>n&atilde;o&nbsp;</strong>fornece a justificativa e clica em Gerar Relat&oacute;rio Final.</p>
]]></actions>
	<expectedresults><![CDATA[<div>
	O sistema inclui o Caso de Uso Criar Pe&ccedil;a, com template de Relat&oacute;rio Final selecionado. &nbsp;[UC08]</div>
]]></expectedresults>
	<execution_type><![CDATA[1]]></execution_type>
</step>

<step>
	<step_number><![CDATA[3]]></step_number>
	<actions><![CDATA[<p>
	O ator confirma a a&ccedil;&atilde;o de conclus&atilde;o clicando em Concluir Tarefa. [FE01][FA03]</p>
]]></actions>
	<expectedresults><![CDATA[<div>
	O sistema:&nbsp;</div>
<ul>
	<li>
		exibe uma mensagem de erro;</li>
	<li>
		exibe um campo para justificativa [RN06.03]</li>
</ul>
]]></expectedresults>
	<execution_type><![CDATA[1]]></execution_type>
</step>
</steps>
<keywords><keyword name="UC09"><notes><![CDATA[

]]></notes></keyword>
<keyword name="UC08"><notes><![CDATA[

]]></notes></keyword>
<keyword name="UC26"><notes><![CDATA[

]]></notes></keyword>
</keywords></testcase>

<testcase internalid="11233" name="UC09-FE02-B: O ator não informou uma justificativa">
	<node_order><![CDATA[108]]></node_order>
	<externalid><![CDATA[187]]></externalid>
	<version><![CDATA[1]]></version>
	<summary><![CDATA[<div>
	Inicia-se na etapa 3 do Fluxo Alternativo FA02-A, caso o ator n&atilde;o tenha fornecido uma justificativa para a a&ccedil;&atilde;o.</div>
]]></summary>
	<preconditions><![CDATA[<ul>
	<li>
		PC01: O ator est&aacute; autenticado.&nbsp;</li>
	<li>
		PC02: O Caso est&aacute; selecionado.&nbsp;</li>
	<li>
		PC03: O ator &eacute; respons&aacute;vel pelo Caso.&nbsp;</li>
	<li>
		PC04: O Caso &eacute; um Inqu&eacute;rito ou TCO.&nbsp;</li>
	<li>
		PC05: O ator &eacute; respons&aacute;vel pela Tarefa &ldquo;Produzir Relat&oacute;rio Final&rdquo; do Inqu&eacute;rito ou TCO.</li>
</ul>
]]></preconditions>
	<execution_type><![CDATA[1]]></execution_type>
	<importance><![CDATA[2]]></importance>
<steps>
<step>
	<step_number><![CDATA[1]]></step_number>
	<actions><![CDATA[<p>
	O ator seleciona a tarefa &ldquo;Produzir Relat&oacute;rio Final&rdquo; da sua lista de tarefas. [UC26]</p>
]]></actions>
	<expectedresults><![CDATA[<p>
	O sistema apresenta a p&aacute;gina para responder esta tarefa. [FA01]</p>
]]></expectedresults>
	<execution_type><![CDATA[1]]></execution_type>
</step>

<step>
	<step_number><![CDATA[2]]></step_number>
	<actions><![CDATA[<div>
	O ator seleciona a op&ccedil;&atilde;o &ldquo;Concluir Sem Sucesso&rdquo;.</div>
]]></actions>
	<expectedresults><![CDATA[<p>
	O sistema fornece um campo de justificativa.</p>
]]></expectedresults>
	<execution_type><![CDATA[1]]></execution_type>
</step>

<step>
	<step_number><![CDATA[3]]></step_number>
	<actions><![CDATA[<div>
	O ator <strong>n&atilde;o&nbsp;</strong>fornece os dados do formul&aacute;rio de justificativa de concluir a tarefa sem sucesso e confirma a a&ccedil;&atilde;o. [FE02]</div>
]]></actions>
	<expectedresults><![CDATA[<div>
	O sistema:&nbsp;</div>
<ul>
	<li>
		exibe uma mensagem de erro;</li>
	<li>
		fornece um campo de justificativa.</li>
</ul>
]]></expectedresults>
	<execution_type><![CDATA[1]]></execution_type>
</step>
</steps>
<keywords><keyword name="UC09"><notes><![CDATA[

]]></notes></keyword>
<keyword name="UC26"><notes><![CDATA[

]]></notes></keyword>
</keywords></testcase>

<testcase internalid="11238" name="UC09-FE02-C: O ator não informou uma justificativa">
	<node_order><![CDATA[109]]></node_order>
	<externalid><![CDATA[188]]></externalid>
	<version><![CDATA[1]]></version>
	<summary><![CDATA[<div>
	Inicia-se na etapa 4 do Fluxo Alternativo FA02-B, caso o ator n&atilde;o tenha fornecido uma justificativa para a a&ccedil;&atilde;o.</div>
]]></summary>
	<preconditions><![CDATA[<ul>
	<li>
		PC01: O ator est&aacute; autenticado.&nbsp;</li>
	<li>
		PC02: O Caso est&aacute; selecionado.&nbsp;</li>
	<li>
		PC03: O ator &eacute; respons&aacute;vel pelo Caso.&nbsp;</li>
	<li>
		PC04: O Caso &eacute; um Inqu&eacute;rito ou TCO.&nbsp;</li>
	<li>
		PC05: O ator &eacute; respons&aacute;vel pela Tarefa &ldquo;Produzir Relat&oacute;rio Final&rdquo; do Inqu&eacute;rito ou TCO.</li>
</ul>
]]></preconditions>
	<execution_type><![CDATA[1]]></execution_type>
	<importance><![CDATA[2]]></importance>
<steps>
<step>
	<step_number><![CDATA[1]]></step_number>
	<actions><![CDATA[<p>
	O ator seleciona a tarefa &ldquo;Produzir Relat&oacute;rio Final&rdquo; da sua lista de tarefas. [UC26]</p>
]]></actions>
	<expectedresults><![CDATA[<p>
	O sistema apresenta a p&aacute;gina para responder esta tarefa. [FA01]</p>
]]></expectedresults>
	<execution_type><![CDATA[1]]></execution_type>
</step>

<step>
	<step_number><![CDATA[2]]></step_number>
	<actions><![CDATA[<p>
	O ator clica em Gerar Relat&oacute;rio Final. [FA02-A][FA03]</p>
]]></actions>
	<expectedresults><![CDATA[<p>
	O sistema inclui o Caso de Uso &ldquo;Criar Pe&ccedil;a&rdquo; com template de Relat&oacute;rio Final; [UC08]</p>
]]></expectedresults>
	<execution_type><![CDATA[1]]></execution_type>
</step>

<step>
	<step_number><![CDATA[3]]></step_number>
	<actions><![CDATA[<div>
	O ator cria o relat&oacute;rio, clica em Voltar e seleciona a op&ccedil;&atilde;o &ldquo;Concluir Sem Sucesso&rdquo;.</div>
]]></actions>
	<expectedresults><![CDATA[<p>
	O sistema fornece um campo de justificativa.</p>
]]></expectedresults>
	<execution_type><![CDATA[1]]></execution_type>
</step>

<step>
	<step_number><![CDATA[4]]></step_number>
	<actions><![CDATA[<div>
	O ator <strong>n&atilde;o&nbsp;</strong>fornece os dados do formul&aacute;rio de justificativa de concluir a tarefa sem sucesso e confirma a a&ccedil;&atilde;o. [FE02]</div>
]]></actions>
	<expectedresults><![CDATA[<div>
	O sistema:&nbsp;</div>
<ul>
	<li>
		exibe uma mensagem de erro</li>
	<li>
		fornece um campo de justificativa.</li>
</ul>
]]></expectedresults>
	<execution_type><![CDATA[1]]></execution_type>
</step>
</steps>
<keywords><keyword name="UC09"><notes><![CDATA[

]]></notes></keyword>
<keyword name="UC08"><notes><![CDATA[

]]></notes></keyword>
<keyword name="UC26"><notes><![CDATA[

]]></notes></keyword>
</keywords></testcase>

<testcase internalid="11244" name="UC09-FE02-D: O ator não informou uma justificativa">
	<node_order><![CDATA[110]]></node_order>
	<externalid><![CDATA[189]]></externalid>
	<version><![CDATA[1]]></version>
	<summary><![CDATA[<div>
	Inicia-se na etapa 3 do Fluxo Alternativo FA03, caso o ator n&atilde;o tenha fornecido uma justificativa para a a&ccedil;&atilde;o.</div>
]]></summary>
	<preconditions><![CDATA[<ul>
	<li>
		PC01: O ator est&aacute; autenticado.&nbsp;</li>
	<li>
		PC02: O Caso est&aacute; selecionado.&nbsp;</li>
	<li>
		PC03: O ator &eacute; respons&aacute;vel pelo Caso.&nbsp;</li>
	<li>
		PC04: O Caso &eacute; um Inqu&eacute;rito ou TCO.&nbsp;</li>
	<li>
		PC05: O ator &eacute; respons&aacute;vel pela Tarefa &ldquo;Produzir Relat&oacute;rio Final&rdquo; do Inqu&eacute;rito ou TCO.</li>
</ul>
]]></preconditions>
	<execution_type><![CDATA[1]]></execution_type>
	<importance><![CDATA[2]]></importance>
<steps>
<step>
	<step_number><![CDATA[1]]></step_number>
	<actions><![CDATA[<p>
	O ator seleciona a tarefa &ldquo;Produzir Relat&oacute;rio Final&rdquo; da sua lista de tarefas. [UC26]</p>
]]></actions>
	<expectedresults><![CDATA[<p>
	O sistema apresenta a p&aacute;gina para responder esta tarefa. [FA01]</p>
]]></expectedresults>
	<execution_type><![CDATA[1]]></execution_type>
</step>

<step>
	<step_number><![CDATA[2]]></step_number>
	<actions><![CDATA[<p>
	O ator seleciona a op&ccedil;&atilde;o &ldquo;Rejeitar Tarefa&rdquo;.</p>
]]></actions>
	<expectedresults><![CDATA[<p>
	O sistema fornece um campo de justificativa.</p>
]]></expectedresults>
	<execution_type><![CDATA[1]]></execution_type>
</step>

<step>
	<step_number><![CDATA[3]]></step_number>
	<actions><![CDATA[<div>
	O ator <strong>n&atilde;o</strong>&nbsp;fornece os dados do formul&aacute;rio de justificativa de rejei&ccedil;&atilde;o de tarefa e confirma a a&ccedil;&atilde;o.</div>
]]></actions>
	<expectedresults><![CDATA[<div>
	O sistema:&nbsp;</div>
<ul>
	<li>
		exibe uma mensagem de erro;</li>
	<li>
		fornece um campo justificativa.</li>
</ul>
]]></expectedresults>
	<execution_type><![CDATA[1]]></execution_type>
</step>
</steps>
<keywords><keyword name="UC09"><notes><![CDATA[

]]></notes></keyword>
<keyword name="UC26"><notes><![CDATA[

]]></notes></keyword>
</keywords></testcase>
</testsuite><testsuite name="UC12: Cadastrar Pessoa" >
<node_order><![CDATA[10]]></node_order>
<details><![CDATA[]]></details> 

<testcase internalid="11250" name="UC12-FB: Cadastrar Pessoa">
	<node_order><![CDATA[0]]></node_order>
	<externalid><![CDATA[135]]></externalid>
	<version><![CDATA[1]]></version>
	<summary><![CDATA[<p>
	Fluxo B&aacute;sico do Caso de Uso UC12</p>
]]></summary>
	<preconditions><![CDATA[<ul>
	<li>
		PC01: O ator est&aacute; autenticado.</li>
	<li>
		PC02: O ator possui acesso a funcionalidade.</li>
</ul>
]]></preconditions>
	<execution_type><![CDATA[1]]></execution_type>
	<importance><![CDATA[2]]></importance>
<steps>
<step>
	<step_number><![CDATA[1]]></step_number>
	<actions><![CDATA[<p>
	O ator seleciona a op&ccedil;&atilde;o &ldquo;Pessoa F&iacute;sica&rdquo; no menu Caso -&gt; Novo(a) -&gt; Envolvido. [FA01][FA02]</p>
]]></actions>
	<expectedresults><![CDATA[<p>
	O sistema apresenta o formul&aacute;rio para o cadastro da Pessoa F&iacute;sica.</p>
]]></expectedresults>
	<execution_type><![CDATA[1]]></execution_type>
</step>

<step>
	<step_number><![CDATA[2]]></step_number>
	<actions><![CDATA[<p>
	O ator preenche o campo CPF. (Opcional) [FA03]</p>
]]></actions>
	<expectedresults><![CDATA[<p>
	O sistema valida o dado preenchido e pesquisa as informa&ccedil;&otilde;es sobre a pessoa f&iacute;sica na base de dados da Receita Federal [FE01].</p>
<p>
	O sistema da base de dados da Receita Federal, fornece os dados cadastrais da pessoa. [FE02]</p>
<p>
	O sistema apresenta o formul&aacute;rio preenchido com os dados cadastrais recebidos.</p>
]]></expectedresults>
	<execution_type><![CDATA[1]]></execution_type>
</step>

<step>
	<step_number><![CDATA[3]]></step_number>
	<actions><![CDATA[<p>
	O ator confirma o cadastro clicando no bot&atilde;o Salvar. [FA07]</p>
]]></actions>
	<expectedresults><![CDATA[<div>
	O sistema cadastra uma nova pessoa f&iacute;sica na base de dados, apresenta uma mensagem de sucesso da opera&ccedil;&atilde;o e finaliza o Caso de Uso. [MA247]</div>
]]></expectedresults>
	<execution_type><![CDATA[1]]></execution_type>
</step>
</steps>
<keywords><keyword name="UC12"><notes><![CDATA[

]]></notes></keyword>
</keywords></testcase>

<testcase internalid="11255" name="UC12-FA01: O ator deseja realizar o cadastro de Pessoa Jurídica">
	<node_order><![CDATA[1]]></node_order>
	<externalid><![CDATA[466]]></externalid>
	<version><![CDATA[1]]></version>
	<summary><![CDATA[<p>
	Inicia-se na etapa 1 do Fluxo B&aacute;sico, caso o ator selecione a op&ccedil;&atilde;o &ldquo;Pessoa Jur&iacute;dica&rdquo; no menu Caso -&gt; Novo(a) -&gt; Envolvido.</p>
]]></summary>
	<preconditions><![CDATA[<ul>
	<li>
		PC01: O ator est&aacute; autenticado.</li>
	<li>
		PC02: O ator possui acesso a funcionalidade.</li>
</ul>
]]></preconditions>
	<execution_type><![CDATA[1]]></execution_type>
	<importance><![CDATA[2]]></importance>
<steps>
<step>
	<step_number><![CDATA[1]]></step_number>
	<actions><![CDATA[<p>
	O ator seleciona a op&ccedil;&atilde;o &ldquo;Pessoa Jur&iacute;dica&rdquo; no menu Caso -&gt; Novo(a) -&gt; Envolvido. [FA01][FA02]</p>
]]></actions>
	<expectedresults><![CDATA[<p>
	O sistema apresenta o formul&aacute;rio para o cadastro da Pessoa Jur&iacute;dica.</p>
]]></expectedresults>
	<execution_type><![CDATA[1]]></execution_type>
</step>

<step>
	<step_number><![CDATA[2]]></step_number>
	<actions><![CDATA[<p>
	O ator preenche o campo CNPJ. [FA03]</p>
]]></actions>
	<expectedresults><![CDATA[<div>
	O sistema:&nbsp;</div>
<ul>
	<li>
		valida o dado preenchido e pesquisa as informa&ccedil;&otilde;es sobre a pessoa jur&iacute;dica na base de&nbsp;dados da Receita Federal. [FE01]&nbsp;</li>
	<li>
		fornece informa&ccedil;&otilde;es da base de dados da Receita Federal com os dados cadastrais da&nbsp;pessoa. [FE02]&nbsp;</li>
	<li>
		apresenta o formul&aacute;rio preenchido com os dados cadastrais recebidos.&nbsp;</li>
	<li>
		apresenta uma lista de membros da empresa envolvidos.&nbsp;</li>
	<li>
		exibe a op&ccedil;&atilde;o &ldquo;Relacionar Empresas&rdquo;.</li>
</ul>
]]></expectedresults>
	<execution_type><![CDATA[1]]></execution_type>
</step>

<step>
	<step_number><![CDATA[3]]></step_number>
	<actions><![CDATA[<div>
	O ator:&nbsp;</div>
<ul>
	<li>
		insere os membros da empresa com o tipo de envolvimento de cada um deles.&nbsp;</li>
	<li>
		confirma o cadastro clicando em Salvar. [FA07] [FA08]</li>
</ul>
]]></actions>
	<expectedresults><![CDATA[<div>
	O sistema cadastra uma nova pessoa jur&iacute;dica na base de dados, apresenta uma mensagem de sucesso da opera&ccedil;&atilde;o e finaliza o Caso de Uso. [MA249]</div>
]]></expectedresults>
	<execution_type><![CDATA[1]]></execution_type>
</step>
</steps>
<keywords><keyword name="UC12"><notes><![CDATA[

]]></notes></keyword>
</keywords></testcase>

<testcase internalid="11260" name="UC12-FA02: O ator deseja realizar o cadastro de Advogado">
	<node_order><![CDATA[2]]></node_order>
	<externalid><![CDATA[137]]></externalid>
	<version><![CDATA[1]]></version>
	<summary><![CDATA[<p>
	Inicia-se na etapa 1 do Fluxo B&aacute;sico, caso o ator selecione a op&ccedil;&atilde;o &ldquo;Advogado&rdquo; no menu Caso -&gt; Novo(a) -&gt; Envolvido.</p>
]]></summary>
	<preconditions><![CDATA[<ul>
	<li>
		PC01: O ator est&aacute; autenticado.</li>
	<li>
		PC02: O ator possui acesso a funcionalidade.</li>
</ul>
]]></preconditions>
	<execution_type><![CDATA[1]]></execution_type>
	<importance><![CDATA[2]]></importance>
<steps>
<step>
	<step_number><![CDATA[1]]></step_number>
	<actions><![CDATA[<p>
	O ator seleciona a op&ccedil;&atilde;o &ldquo;Advogado&rdquo; no menu Caso -&gt; Novo(a) -&gt; Envolvido. (radiobutton)&nbsp;[FA01][FA02]</p>
]]></actions>
	<expectedresults><![CDATA[<p>
	O sistema apresenta o formul&aacute;rio para o cadastro do Advogado.</p>
]]></expectedresults>
	<execution_type><![CDATA[1]]></execution_type>
</step>

<step>
	<step_number><![CDATA[2]]></step_number>
	<actions><![CDATA[<p>
	O ator preenche o campo CPF. (Opcional) [FA03]</p>
]]></actions>
	<expectedresults><![CDATA[<p>
	O sistema valida o dado preenchido e pesquisa as informa&ccedil;:&otilde;es sobre a pessoa na base de dados da Receita Federal. [FE01]</p>
<p>
	O sistema da base de dados da Receita Federal fornece os dados cadastrais da pessoa. [FE02]</p>
<p>
	O sistema apresenta o formul&aacute;rio preenchido com os dados cadastrais recebidos.</p>
]]></expectedresults>
	<execution_type><![CDATA[1]]></execution_type>
</step>

<step>
	<step_number><![CDATA[3]]></step_number>
	<actions><![CDATA[<p>
	O ator informa o n&uacute;mero e o estado do registro da OAB do advogado.</p>
]]></actions>
	<expectedresults><![CDATA[<p>
	O sistema exibe os dados informados.</p>
]]></expectedresults>
	<execution_type><![CDATA[1]]></execution_type>
</step>

<step>
	<step_number><![CDATA[4]]></step_number>
	<actions><![CDATA[<p>
	O ator confirma o cadastro clicando em Salvar.[FA07]</p>
]]></actions>
	<expectedresults><![CDATA[<div>
	O sistema cadastra um novo advogado na base de dados, apresenta uma mensagem de sucesso da opera&ccedil;&atilde;o e finaliza o Caso de Uso. [MA250]</div>
]]></expectedresults>
	<execution_type><![CDATA[1]]></execution_type>
</step>
</steps>
<keywords><keyword name="UC12"><notes><![CDATA[

]]></notes></keyword>
</keywords></testcase>

<testcase internalid="11266" name="UC12-FA03: O ator não possui dados sobre identificador único do envolvido.">
	<node_order><![CDATA[3]]></node_order>
	<externalid><![CDATA[139]]></externalid>
	<version><![CDATA[1]]></version>
	<summary><![CDATA[<p>
	Inicia-se na etapa 2 do Fluxo B&aacute;sico, caso o ator n&atilde;o tenha dados sobre o identificador &uacute;nico do envolvido.</p>
]]></summary>
	<preconditions><![CDATA[<ul>
	<li>
		PC01: O ator est&aacute; autenticado.</li>
	<li>
		PC02: O ator possui acesso a funcionalidade.</li>
</ul>
]]></preconditions>
	<execution_type><![CDATA[1]]></execution_type>
	<importance><![CDATA[2]]></importance>
<steps>
<step>
	<step_number><![CDATA[1]]></step_number>
	<actions><![CDATA[<p>
	O ator seleciona a op&ccedil;&atilde;o &ldquo;Pessoa F&iacute;sica&rdquo; no menu Caso -&gt; Novo(a) -&gt; Envolvido. [FA01][FA02]</p>
]]></actions>
	<expectedresults><![CDATA[<p>
	O sistema apresenta o formul&aacute;rio para o cadastro da Pessoa F&iacute;sica.</p>
]]></expectedresults>
	<execution_type><![CDATA[1]]></execution_type>
</step>

<step>
	<step_number><![CDATA[2]]></step_number>
	<actions><![CDATA[<p>
	O ator insere os dados que possui sobre o envolvido.</p>
]]></actions>
	<expectedresults><![CDATA[<p>
	O sistema exibe os dados inseridos.</p>
]]></expectedresults>
	<execution_type><![CDATA[1]]></execution_type>
</step>

<step>
	<step_number><![CDATA[3]]></step_number>
	<actions><![CDATA[<p>
	O ator confirma o cadastro clicando no bot&atilde;o Salvar. [FA04]</p>
]]></actions>
	<expectedresults><![CDATA[<p>
	O sistema cadastra um novo envolvido na base de dados e finaliza o Caso de Uso.</p>
]]></expectedresults>
	<execution_type><![CDATA[1]]></execution_type>
</step>
</steps>
<keywords><keyword name="UC12"><notes><![CDATA[

]]></notes></keyword>
</keywords></testcase>

<testcase internalid="11271" name="UC12-FA04: O ator inseriu dados de um envolvido já cadastrado">
	<node_order><![CDATA[4]]></node_order>
	<externalid><![CDATA[138]]></externalid>
	<version><![CDATA[1]]></version>
	<summary><![CDATA[<p>
	Inicia-se na etapa 3 do Fluxo Alternativo FA03, caso o ator insira dados de um envolvido j&aacute; cadastrado no sistema (nome, data de nascimento, nome da m&atilde;e e CPF).</p>
]]></summary>
	<preconditions><![CDATA[<ul>
	<li>
		PC01: O ator est&aacute; autenticado.</li>
	<li>
		PC02: O ator possui acesso a funcionalidade.</li>
</ul>
]]></preconditions>
	<execution_type><![CDATA[1]]></execution_type>
	<importance><![CDATA[2]]></importance>
<steps>
<step>
	<step_number><![CDATA[1]]></step_number>
	<actions><![CDATA[<p>
	O ator seleciona a op&ccedil;&atilde;o &ldquo;Pessoa F&iacute;sica&rdquo; no menu Caso -&gt; Novo(a) -&gt; Envolvido. [FA01][FA02]</p>
]]></actions>
	<expectedresults><![CDATA[<p>
	O sistema apresenta o formul&aacute;rio para o cadastro da Pessoa F&iacute;sica.</p>
]]></expectedresults>
	<execution_type><![CDATA[1]]></execution_type>
</step>

<step>
	<step_number><![CDATA[2]]></step_number>
	<actions><![CDATA[<div>
	O ator insira dados de um envolvido j&aacute; cadastrado no sistema (nome, data de nascimento, nome da m&atilde;e e CPF).</div>
]]></actions>
	<expectedresults><![CDATA[<div>
	O sistema alerta o usu&aacute;rio para o fato de que j&aacute; existe um envolvido com os mesmos dados e pergunta se ele deseja editar os dados j&aacute; existentes.</div>
]]></expectedresults>
	<execution_type><![CDATA[1]]></execution_type>
</step>

<step>
	<step_number><![CDATA[4]]></step_number>
	<actions><![CDATA[<p>
	O ator responde que deseja editar. [FA05]</p>
]]></actions>
	<expectedresults><![CDATA[<p>
	O sistema carrega todos os dados do envolvido e apresenta para edi&ccedil;&atilde;o.</p>
]]></expectedresults>
	<execution_type><![CDATA[1]]></execution_type>
</step>

<step>
	<step_number><![CDATA[6]]></step_number>
	<actions><![CDATA[<div>
	O ator modifica os dados que desejar e confirma a opera&ccedil;&atilde;o clicando no bot&atilde;o Salvar. &nbsp;[FA07]</div>
]]></actions>
	<expectedresults><![CDATA[<div>
	O sistema atualiza os dados da pessoa, apresenta uma mensagem de sucesso e encerra o caso de uso. [MA246][MA248][MA035]</div>
]]></expectedresults>
	<execution_type><![CDATA[1]]></execution_type>
</step>
</steps>
<keywords><keyword name="UC12"><notes><![CDATA[

]]></notes></keyword>
</keywords></testcase>

<testcase internalid="11277" name="UC12-FA05: O ator deseja duplicar os dados do envolvido">
	<node_order><![CDATA[5]]></node_order>
	<externalid><![CDATA[140]]></externalid>
	<version><![CDATA[1]]></version>
	<summary><![CDATA[<p>
	Inicia-se na etapa 4.3 do Fluxo Alternativo FA04, caso o ator informe que n&atilde;o deseja editar os dados do envolvido j&aacute; cadastrado (quer realizar outro cadastro, mesmo que alguns dados sejam iguais).</p>
]]></summary>
	<preconditions><![CDATA[<ul>
	<li>
		PC01: O ator est&aacute; autenticado.</li>
	<li>
		PC02: O ator possui acesso a funcionalidade.</li>
</ul>
]]></preconditions>
	<execution_type><![CDATA[1]]></execution_type>
	<importance><![CDATA[2]]></importance>
<steps>
<step>
	<step_number><![CDATA[1]]></step_number>
	<actions><![CDATA[<p>
	O ator seleciona a op&ccedil;&atilde;o &ldquo;Pessoa F&iacute;sica&rdquo; no menu Caso -&gt; Novo(a) -&gt; Envolvido. [FA01][FA02]</p>
]]></actions>
	<expectedresults><![CDATA[<p>
	O sistema apresenta o formul&aacute;rio para o cadastro da Pessoa F&iacute;sica.</p>
]]></expectedresults>
	<execution_type><![CDATA[1]]></execution_type>
</step>

<step>
	<step_number><![CDATA[2]]></step_number>
	<actions><![CDATA[<div>
	O ator insire dados de um envolvido j&aacute; cadastrado no sistema (nome, data de nascimento, nome da m&atilde;e e CPF).</div>
]]></actions>
	<expectedresults><![CDATA[<div>
	O sistema alerta o usu&aacute;rio para o fato de que j&aacute; existe um envolvido com os mesmos dados e pergunta se ele deseja editar os dados j&aacute; existentes.</div>
]]></expectedresults>
	<execution_type><![CDATA[1]]></execution_type>
</step>

<step>
	<step_number><![CDATA[4]]></step_number>
	<actions><![CDATA[<p>
	O ator responde que <strong>n&atilde;o</strong> deseja editar.</p>
]]></actions>
	<expectedresults><![CDATA[<p>
	O sistema pergunta se o usu&aacute;rio deseja aproveitar os dados j&aacute; existentes.</p>
]]></expectedresults>
	<execution_type><![CDATA[1]]></execution_type>
</step>

<step>
	<step_number><![CDATA[5]]></step_number>
	<actions><![CDATA[<p>
	O ator responde que sim. [FA06]</p>
]]></actions>
	<expectedresults><![CDATA[<p>
	O sistema copia os dados do envolvido e atualiza o formul&aacute;rio.</p>
]]></expectedresults>
	<execution_type><![CDATA[1]]></execution_type>
</step>

<step>
	<step_number><![CDATA[6]]></step_number>
	<actions><![CDATA[<p>
	O ator realiza as edi&ccedil;&otilde;es que desejar e confirma a opera&ccedil;&atilde;o clicando no bot&atilde;o Salvar.</p>
]]></actions>
	<expectedresults><![CDATA[<p>
	O sistema cadastra uma nova pessoa com os dados informados, apresenta uma mensagem de sucesso e encerra o caso de uso. [MA247][MA249][MA250]</p>
]]></expectedresults>
	<execution_type><![CDATA[1]]></execution_type>
</step>
</steps>
<keywords><keyword name="UC12"><notes><![CDATA[

]]></notes></keyword>
</keywords></testcase>

<testcase internalid="11284" name="UC12-FA06: O ator não quer aproveitar os dados do outro envolvido">
	<node_order><![CDATA[6]]></node_order>
	<externalid><![CDATA[141]]></externalid>
	<version><![CDATA[1]]></version>
	<summary><![CDATA[<p>
	Inicia-se na etapa 5.3 do Fluxo Alternativo FA05, caso o ator informe que n&atilde;o deseja aproveitar os dados do envolvido j&aacute; cadastrado.</p>
]]></summary>
	<preconditions><![CDATA[<ul>
	<li>
		PC01: O ator est&aacute; autenticado.</li>
	<li>
		PC02: O ator possui acesso a funcionalidade.</li>
</ul>
]]></preconditions>
	<execution_type><![CDATA[1]]></execution_type>
	<importance><![CDATA[2]]></importance>
<steps>
<step>
	<step_number><![CDATA[1]]></step_number>
	<actions><![CDATA[<p>
	O ator seleciona a op&ccedil;&atilde;o &ldquo;Pessoa F&iacute;sica&rdquo; no menu Caso -&gt; Novo(a) -&gt; Envolvido. [FA01][FA02]</p>
]]></actions>
	<expectedresults><![CDATA[<p>
	O sistema apresenta o formul&aacute;rio para o cadastro da Pessoa F&iacute;sica.</p>
]]></expectedresults>
	<execution_type><![CDATA[1]]></execution_type>
</step>

<step>
	<step_number><![CDATA[2]]></step_number>
	<actions><![CDATA[<div>
	Inicia-se na etapa 3.2 do Fluxo Alternativo FA03, caso o ator insira dados de um envolvido j&aacute; cadastrado no sistema (nome, data de nascimento, nome da m&atilde;e e CPF).</div>
<div>
	&nbsp;</div>
]]></actions>
	<expectedresults><![CDATA[<div>
	O sistema alerta o usu&aacute;rio para o fato de que j&aacute; existe um envolvido com os mesmos dados e pergunta se ele deseja editar os dados j&aacute; existentes.</div>
]]></expectedresults>
	<execution_type><![CDATA[1]]></execution_type>
</step>

<step>
	<step_number><![CDATA[3]]></step_number>
	<actions><![CDATA[<p>
	O ator confirma o cadastro clicando no bot&atilde;o Salvar.</p>
]]></actions>
	<expectedresults><![CDATA[<p>
	O sistema alerta o usu&aacute;rio para o fato de que j&aacute; existe um envolvido com os mesmos dados e pergunta se ele deseja editar os dados j&aacute; existentes (nome, data de nascimento, nome da m&atilde;e e CPF).</p>
]]></expectedresults>
	<execution_type><![CDATA[1]]></execution_type>
</step>

<step>
	<step_number><![CDATA[4]]></step_number>
	<actions><![CDATA[<p>
	O ator responde que n&atilde;o deseja editar.</p>
]]></actions>
	<expectedresults><![CDATA[<p>
	O sistema pergunta se o usu&aacute;rio deseja aproveitar os dados j&aacute; existentes.</p>
]]></expectedresults>
	<execution_type><![CDATA[1]]></execution_type>
</step>

<step>
	<step_number><![CDATA[5]]></step_number>
	<actions><![CDATA[<p>
	O ator responde que <strong>n&atilde;o</strong>.</p>
]]></actions>
	<expectedresults><![CDATA[<p>
	O sistema apresenta o formul&aacute;rio de cadastro do envolvido.</p>
]]></expectedresults>
	<execution_type><![CDATA[1]]></execution_type>
</step>

<step>
	<step_number><![CDATA[6]]></step_number>
	<actions><![CDATA[<p>
	O ator insere os dados.</p>
]]></actions>
	<expectedresults><![CDATA[<p>
	O sistema exibe os dados inseridos.</p>
]]></expectedresults>
	<execution_type><![CDATA[1]]></execution_type>
</step>

<step>
	<step_number><![CDATA[7]]></step_number>
	<actions><![CDATA[<p>
	O ator confirma a opera&ccedil;&atilde;o clicando no bot&atilde;o Salvar.</p>
]]></actions>
	<expectedresults><![CDATA[<p>
	O sistema cadastra uma nova pessoa com os dados informados e apresenta uma mensagem de sucesso. [MA247][MA249][MA250]</p>
]]></expectedresults>
	<execution_type><![CDATA[1]]></execution_type>
</step>
</steps>
<keywords><keyword name="UC12"><notes><![CDATA[

]]></notes></keyword>
</keywords></testcase>

<testcase internalid="11293" name="UC12-FA07-A: O sistema deseja alterar os dados sobre a pessoa que está sendo cadastrada">
	<node_order><![CDATA[7]]></node_order>
	<externalid><![CDATA[142]]></externalid>
	<version><![CDATA[1]]></version>
	<summary><![CDATA[<p>
	7.1 Inicia-se na etapa 7 do Fluxo B&aacute;sico, caso o ator deseje alterar os dados provenientes da base da Receita Federal ou do pr&oacute;prio sistema.</p>
]]></summary>
	<preconditions><![CDATA[<ul>
	<li>
		PC01: O ator est&aacute; autenticado.</li>
	<li>
		PC02: O ator possui acesso a funcionalidade.</li>
</ul>
]]></preconditions>
	<execution_type><![CDATA[1]]></execution_type>
	<importance><![CDATA[2]]></importance>
<steps>
<step>
	<step_number><![CDATA[1]]></step_number>
	<actions><![CDATA[<p>
	O ator seleciona a op&ccedil;&atilde;o &ldquo;Pessoa F&iacute;sica&rdquo; no menu Caso -&gt; Novo(a) -&gt; Envolvido. [FA01][FA02]</p>
]]></actions>
	<expectedresults><![CDATA[<p>
	O sistema apresenta o formul&aacute;rio para o cadastro da Pessoa F&iacute;sica.</p>
]]></expectedresults>
	<execution_type><![CDATA[1]]></execution_type>
</step>

<step>
	<step_number><![CDATA[2]]></step_number>
	<actions><![CDATA[<p>
	O ator preenche o campo CPF. [FA03]</p>
]]></actions>
	<expectedresults><![CDATA[<p>
	O sistema valida o dado preenchido e pesquisa as informa&ccedil;&otilde;es sobre a pessoa f&iacute;sica na base de dados da Receita Federal [FE01].</p>
<p>
	O sistema da base de dados da Receita Federal fornece os dados cadastrais da pessoa. [FE02]</p>
<p>
	O sistema apresenta o formul&aacute;rio preenchido com os dados cadastrais recebidos.</p>
]]></expectedresults>
	<execution_type><![CDATA[1]]></execution_type>
</step>

<step>
	<step_number><![CDATA[3]]></step_number>
	<actions><![CDATA[<p>
	O ator realiza as altera&ccedil;&otilde;es de dados que desejar.</p>
]]></actions>
	<expectedresults><![CDATA[<p>
	O sistema exibe as altera&ccedil;&otilde;es feitas.</p>
]]></expectedresults>
	<execution_type><![CDATA[1]]></execution_type>
</step>

<step>
	<step_number><![CDATA[4]]></step_number>
	<actions><![CDATA[<p>
	O ator confirma o cadastro clicando no bot&atilde;o Salvar.</p>
]]></actions>
	<expectedresults><![CDATA[<p>
	O sistema cadastra uma nova pessoa com os dados informados, apresenta uma mensagem de sucesso e encerra o caso de uso. [MA247][MA249][MA250]</p>
]]></expectedresults>
	<execution_type><![CDATA[1]]></execution_type>
</step>
</steps>
<keywords><keyword name="UC12"><notes><![CDATA[

]]></notes></keyword>
</keywords></testcase>

<testcase internalid="11299" name="UC12-FA07-B: O sistema deseja alterar os dados sobre a pessoa que está sendo cadastrada">
	<node_order><![CDATA[8]]></node_order>
	<externalid><![CDATA[143]]></externalid>
	<version><![CDATA[1]]></version>
	<summary><![CDATA[<p>
	Inicia-se na etapa 1.6 do Fluxo Alternativo FA01 caso o ator deseje alterar os dados provenientes da base da Receita Federal ou do pr&oacute;prio sistema.</p>
]]></summary>
	<preconditions><![CDATA[<ul>
	<li>
		PC01: O ator est&aacute; autenticado.</li>
	<li>
		PC02: O ator possui acesso a funcionalidade.</li>
</ul>
]]></preconditions>
	<execution_type><![CDATA[1]]></execution_type>
	<importance><![CDATA[2]]></importance>
<steps>
<step>
	<step_number><![CDATA[1]]></step_number>
	<actions><![CDATA[<p>
	O ator seleciona a op&ccedil;&atilde;o &ldquo;Pessoa Jur&iacute;dica&rdquo; no menu Caso -&gt; Novo(a) -&gt; Envolvido. [FA01][FA02]</p>
]]></actions>
	<expectedresults><![CDATA[<p>
	O sistema apresenta o formul&aacute;rio para o cadastro da Pessoa Jur&iacute;dica.</p>
]]></expectedresults>
	<execution_type><![CDATA[1]]></execution_type>
</step>

<step>
	<step_number><![CDATA[2]]></step_number>
	<actions><![CDATA[<p>
	O ator preenche o campo CNPJ. [FA03]</p>
]]></actions>
	<expectedresults><![CDATA[<p>
	O sistema valida o dado preenchido e pesquisa as informa&ccedil;&otilde;es sobre a pessoa jur&iacute;dica na base de dados da Receita Federal. [FE01]</p>
<p>
	O sistema da base de dados da Receita Federal fornece os dados cadastrais da pessoa. [FE02]</p>
<p>
	O sistema apresenta o formul&aacute;rio preenchido com os dados cadastrais recebidos.</p>
]]></expectedresults>
	<execution_type><![CDATA[1]]></execution_type>
</step>

<step>
	<step_number><![CDATA[3]]></step_number>
	<actions><![CDATA[<p>
	O ator realiza as altera&ccedil;&otilde;es de dados que desejar.</p>
]]></actions>
	<expectedresults><![CDATA[<p>
	O sistema exibe as mudan&ccedil;as feitas.</p>
]]></expectedresults>
	<execution_type><![CDATA[1]]></execution_type>
</step>

<step>
	<step_number><![CDATA[4]]></step_number>
	<actions><![CDATA[<p>
	O ator confirma o cadastro clicando em Salvar.</p>
]]></actions>
	<expectedresults><![CDATA[<p>
	O sistema cadastra uma nova pessoa com os dados informados, apresenta uma mensagem de sucesso e encerra o caso de uso. [MA247][MA249][MA250]</p>
]]></expectedresults>
	<execution_type><![CDATA[1]]></execution_type>
</step>
</steps>
<keywords><keyword name="UC12"><notes><![CDATA[

]]></notes></keyword>
</keywords></testcase>

<testcase internalid="11305" name="UC12-FA07-C: O sistema deseja alterar os dados sobre a pessoa que está sendo cadastrada">
	<node_order><![CDATA[9]]></node_order>
	<externalid><![CDATA[145]]></externalid>
	<version><![CDATA[1]]></version>
	<summary><![CDATA[<p>
	Inicia-se na etapa 2.6 do Fluxo Alternativo FA02 caso o ator deseje alterar os dados provenientes da base da Receita Federal ou do pr&oacute;prio sistema.</p>
]]></summary>
	<preconditions><![CDATA[<ul>
	<li>
		PC01: O ator est&aacute; autenticado.</li>
	<li>
		PC02: O ator possui acesso a funcionalidade.</li>
</ul>
]]></preconditions>
	<execution_type><![CDATA[1]]></execution_type>
	<importance><![CDATA[2]]></importance>
<steps>
<step>
	<step_number><![CDATA[1]]></step_number>
	<actions><![CDATA[<p>
	O ator seleciona a op&ccedil;&atilde;o &ldquo;Advogado&rdquo; no menu Caso -&gt; Novo(a) -&gt; Envolvido. [FA01][FA02]</p>
]]></actions>
	<expectedresults><![CDATA[<p>
	O sistema apresenta o formul&aacute;rio para o cadastro do Advogado.</p>
]]></expectedresults>
	<execution_type><![CDATA[1]]></execution_type>
</step>

<step>
	<step_number><![CDATA[2]]></step_number>
	<actions><![CDATA[<p>
	O ator preenche o campo CPF. [FA03]</p>
]]></actions>
	<expectedresults><![CDATA[<p>
	O sistema valida o dado preenchido e pesquisa as informa&ccedil;&otilde;es sobre a pessoa na base de dados da Receita Federal. [FE01]</p>
<p>
	O sistema da base de dados da Receita Federal fornece os dados cadastrais da pessoa. [FE02]</p>
<p>
	O sistema apresenta o formul&aacute;rio preenchido com os dados cadastrais recebidos.</p>
]]></expectedresults>
	<execution_type><![CDATA[1]]></execution_type>
</step>

<step>
	<step_number><![CDATA[3]]></step_number>
	<actions><![CDATA[<p>
	O ator informa o n&uacute;mero e o estado do registro da OAB do advogado.</p>
]]></actions>
	<expectedresults><![CDATA[<p>
	O sistema exibe os dados informados.</p>
]]></expectedresults>
	<execution_type><![CDATA[1]]></execution_type>
</step>

<step>
	<step_number><![CDATA[4]]></step_number>
	<actions><![CDATA[<p>
	O ator realiza as altera&ccedil;&otilde;es que desejar.</p>
]]></actions>
	<expectedresults><![CDATA[<p>
	O sistema exibe as altera&ccedil;&otilde;es feitas.</p>
]]></expectedresults>
	<execution_type><![CDATA[1]]></execution_type>
</step>

<step>
	<step_number><![CDATA[5]]></step_number>
	<actions><![CDATA[<p>
	O ator confirma a opera&ccedil;&atilde;o clicando em Salvar.</p>
]]></actions>
	<expectedresults><![CDATA[<p>
	O sistema cadastra uma nova pessoa com os dados informados, apresenta uma mensagem de sucesso. [MA247][MA249][MA250]</p>
]]></expectedresults>
	<execution_type><![CDATA[1]]></execution_type>
</step>
</steps>
<keywords><keyword name="UC12"><notes><![CDATA[

]]></notes></keyword>
</keywords></testcase>

<testcase internalid="11312" name="UC12-FA07-D: O sistema deseja alterar os dados sobre a pessoa que está sendo cadastrada">
	<node_order><![CDATA[10]]></node_order>
	<externalid><![CDATA[146]]></externalid>
	<version><![CDATA[1]]></version>
	<summary><![CDATA[<p>
	Inicia-se na etapa 4.5 do Fluxo Alternativo FA04, caso o ator deseje alterar os dados provenientes da base da Receita Federal ou do pr&oacute;prio sistema.</p>
]]></summary>
	<preconditions><![CDATA[<ul>
	<li>
		PC01: O ator est&aacute; autenticado.</li>
	<li>
		PC02: O ator possui acesso a funcionalidade.</li>
</ul>
]]></preconditions>
	<execution_type><![CDATA[1]]></execution_type>
	<importance><![CDATA[2]]></importance>
<steps>
<step>
	<step_number><![CDATA[1]]></step_number>
	<actions><![CDATA[<p>
	O ator seleciona a op&ccedil;&atilde;o &ldquo;Pessoa F&iacute;sica&rdquo; no menu Caso -&gt; Novo(a) -&gt; Envolvido. [FA01][FA02]</p>
]]></actions>
	<expectedresults><![CDATA[<p>
	O sistema apresenta o formul&aacute;rio para o cadastro da Pessoa F&iacute;sica.</p>
]]></expectedresults>
	<execution_type><![CDATA[1]]></execution_type>
</step>

<step>
	<step_number><![CDATA[2]]></step_number>
	<actions><![CDATA[<p>
	O ator insere os dados que possui sobre o envolvido.</p>
]]></actions>
	<expectedresults><![CDATA[<p>
	O sistema exibe os dados inseridos.</p>
]]></expectedresults>
	<execution_type><![CDATA[1]]></execution_type>
</step>

<step>
	<step_number><![CDATA[3]]></step_number>
	<actions><![CDATA[<p>
	O ator confirma o cadastro clicando no bot&atilde;o Salvar.</p>
]]></actions>
	<expectedresults><![CDATA[<p>
	O sistema alerta o usu&aacute;rio para o fato de que j&aacute; existe um envolvido com os mesmos dados e pergunta se ele deseja editar os dados j&aacute; existentes (nome, data de nascimento, nome da m&atilde;e e CPF).</p>
]]></expectedresults>
	<execution_type><![CDATA[1]]></execution_type>
</step>

<step>
	<step_number><![CDATA[4]]></step_number>
	<actions><![CDATA[<p>
	O ator responde que deseja editar. [FA05]</p>
]]></actions>
	<expectedresults><![CDATA[<p>
	O sistema carrega todos os dados do envolvido e apresenta para edi&ccedil;&atilde;o.</p>
]]></expectedresults>
	<execution_type><![CDATA[1]]></execution_type>
</step>

<step>
	<step_number><![CDATA[5]]></step_number>
	<actions><![CDATA[<p>
	O ator modifica os dados que desejar.</p>
]]></actions>
	<expectedresults><![CDATA[<p>
	O sistema exibe os dados atuais.</p>
]]></expectedresults>
	<execution_type><![CDATA[1]]></execution_type>
</step>

<step>
	<step_number><![CDATA[6]]></step_number>
	<actions><![CDATA[<p>
	O ator realiza as altera&ccedil;&otilde;es que desejar.</p>
]]></actions>
	<expectedresults><![CDATA[<p>
	O sistema exibe os dados alterados.</p>
]]></expectedresults>
	<execution_type><![CDATA[1]]></execution_type>
</step>

<step>
	<step_number><![CDATA[7]]></step_number>
	<actions><![CDATA[<p>
	O ator clica no bot&atilde;o Salvar.[FA07]</p>
]]></actions>
	<expectedresults><![CDATA[<p>
	O sistema cadastra uma nova pessoa com os dados informados, apresenta uma mensagem de sucesso e encerra o caso de uso. [MA247][MA249][MA250]</p>
]]></expectedresults>
	<execution_type><![CDATA[1]]></execution_type>
</step>
</steps>
<keywords><keyword name="UC12"><notes><![CDATA[

]]></notes></keyword>
</keywords></testcase>

<testcase internalid="11321" name="UC12-FA08: O ator seleciona a opção Relacionar Empresas">
	<node_order><![CDATA[11]]></node_order>
	<externalid><![CDATA[136]]></externalid>
	<version><![CDATA[1]]></version>
	<summary><![CDATA[<div>
	Inicia-se no passo 1.4 do Fluxo Alternativo FA01, caso o ator selecione a op&ccedil;&atilde;o Relacionar Empresas.</div>
]]></summary>
	<preconditions><![CDATA[<ul>
	<li>
		PC01: O ator est&aacute; autenticado.</li>
	<li>
		PC02: O ator possui acesso a funcionalidade.</li>
</ul>
]]></preconditions>
	<execution_type><![CDATA[1]]></execution_type>
	<importance><![CDATA[2]]></importance>
<steps>
<step>
	<step_number><![CDATA[1]]></step_number>
	<actions><![CDATA[<p>
	O ator seleciona a op&ccedil;&atilde;o &ldquo;Pessoa Jur&iacute;dica&rdquo; no menu Caso -&gt; Novo(a) -&gt; Envolvido. [FA01][FA02]</p>
]]></actions>
	<expectedresults><![CDATA[<p>
	O sistema apresenta o formul&aacute;rio para o cadastro da Pessoa Jur&iacute;dica.</p>
]]></expectedresults>
	<execution_type><![CDATA[1]]></execution_type>
</step>

<step>
	<step_number><![CDATA[2]]></step_number>
	<actions><![CDATA[<p>
	O ator preenche o campo CNPJ. [FA03]</p>
]]></actions>
	<expectedresults><![CDATA[<div>
	O sistema:&nbsp;</div>
<ul>
	<li>
		valida o dado preenchido e pesquisa as informa&ccedil;&otilde;es sobre a pessoa jur&iacute;dica na base de&nbsp;dados da Receita Federal. [FE01]&nbsp;</li>
	<li>
		fornece informa&ccedil;&otilde;es da base de dados da Receita Federal com os dados cadastrais da&nbsp;pessoa. [FE02]&nbsp;</li>
	<li>
		apresenta o formul&aacute;rio preenchido com os dados cadastrais recebidos.&nbsp;</li>
	<li>
		apresenta uma lista de membros da empresa envolvidos.&nbsp;</li>
	<li>
		exibe a op&ccedil;&atilde;o &ldquo;Relacionar Empresas&rdquo;.</li>
</ul>
]]></expectedresults>
	<execution_type><![CDATA[1]]></execution_type>
</step>

<step>
	<step_number><![CDATA[3]]></step_number>
	<actions><![CDATA[<p>
	O ator:</p>
<ul>
	<li>
		insere os membros da empresa com o tipo de envolvimento de cada um deles;</li>
	<li>
		seleciona a op&ccedil;&atilde;o Relacionar Empresas.</li>
</ul>
]]></actions>
	<expectedresults><![CDATA[<p>
	O sistema inclui o caso de uso Buscar Envolvido. [UC20]</p>
]]></expectedresults>
	<execution_type><![CDATA[1]]></execution_type>
</step>

<step>
	<step_number><![CDATA[4]]></step_number>
	<actions><![CDATA[<p>
	O ator seleciona uma empresa que deseja relacionar com a empresa a ser cadastrada.</p>
]]></actions>
	<expectedresults><![CDATA[<div>
	O sistema cria a rela&ccedil;&atilde;o entre as duas empresas.</div>
]]></expectedresults>
	<execution_type><![CDATA[1]]></execution_type>
</step>

<step>
	<step_number><![CDATA[5]]></step_number>
	<actions><![CDATA[<p>
	O ator confirma cadastro clicando em Salvar.&nbsp;<span style="background-color: rgb(238, 238, 238); font-family: 'Trebuchet MS', Arial, Verdana, sans-serif; font-size: 12px;">[FA07] [FA08]</span></p>
]]></actions>
	<expectedresults><![CDATA[<p>
	O sistema cadastra uma nova pessoa jur&iacute;dica na base de dados, apresenta uma mensagem de sucesso da opera&ccedil;&atilde;o e finaliza o Caso de Uso. [MA249]</p>
]]></expectedresults>
	<execution_type><![CDATA[1]]></execution_type>
</step>
</steps>
<keywords><keyword name="UC12"><notes><![CDATA[

]]></notes></keyword>
<keyword name="UC20"><notes><![CDATA[

]]></notes></keyword>
</keywords></testcase>

<testcase internalid="11328" name="UC12-FE01-A: O ator informou um número inválido de CPF.">
	<node_order><![CDATA[12]]></node_order>
	<externalid><![CDATA[234]]></externalid>
	<version><![CDATA[1]]></version>
	<summary><![CDATA[<p>
	Inicia-se na etapa 4 do Fluxo B&aacute;sico, caso o ator tenha informado um n&uacute;mero inv&aacute;lido de CPF.</p>
]]></summary>
	<preconditions><![CDATA[<ul>
	<li>
		PC01: O ator est&aacute; autenticado.</li>
	<li>
		PC02: O ator possui acesso a funcionalidade.</li>
</ul>
]]></preconditions>
	<execution_type><![CDATA[1]]></execution_type>
	<importance><![CDATA[2]]></importance>
<steps>
<step>
	<step_number><![CDATA[1]]></step_number>
	<actions><![CDATA[<p>
	O ator seleciona a op&ccedil;&atilde;o &ldquo;Pessoa F&iacute;sica&rdquo; no menu Caso -&gt; Novo(a) -&gt; Envolvido. [FA01][FA02]</p>
]]></actions>
	<expectedresults><![CDATA[<p>
	O sistema apresenta o formul&aacute;rio para o cadastro da Pessoa F&iacute;sica.</p>
]]></expectedresults>
	<execution_type><![CDATA[1]]></execution_type>
</step>

<step>
	<step_number><![CDATA[2]]></step_number>
	<actions><![CDATA[<p>
	O ator preenche um n&uacute;mero inv&aacute;lido de CPF.</p>
]]></actions>
	<expectedresults><![CDATA[<p>
	O sistema verifica que o n&uacute;mero de CPF &eacute; inv&aacute;lido, apresenta ao ator uma mensagem de erro, e apresenta o formul&aacute;rio para o cadastro da Pessoa F&iacute;sica.</p>
]]></expectedresults>
	<execution_type><![CDATA[1]]></execution_type>
</step>
</steps>
<keywords><keyword name="UC12"><notes><![CDATA[

]]></notes></keyword>
</keywords></testcase>

<testcase internalid="11332" name="UC12-FE01-B: O ator informou um número inválido de CPF.">
	<node_order><![CDATA[13]]></node_order>
	<externalid><![CDATA[147]]></externalid>
	<version><![CDATA[1]]></version>
	<summary><![CDATA[<p>
	Inicia-se na etapa 4 do Fluxo B&aacute;sico, caso o ator tenha informado um n&uacute;mero inv&aacute;lido de CPF.</p>
]]></summary>
	<preconditions><![CDATA[<ul>
	<li>
		PC01: O ator est&aacute; autenticado.</li>
	<li>
		PC02: O ator possui acesso a funcionalidade.</li>
</ul>
]]></preconditions>
	<execution_type><![CDATA[1]]></execution_type>
	<importance><![CDATA[2]]></importance>
<steps>
<step>
	<step_number><![CDATA[1]]></step_number>
	<actions><![CDATA[<p>
	O ator seleciona a op&ccedil;&atilde;o &ldquo;Pessoa F&iacute;sica&rdquo; no menu Caso -&gt; Novo(a) -&gt; Envolvido. [FA01][FA02]</p>
]]></actions>
	<expectedresults><![CDATA[<p>
	O sistema apresenta o formul&aacute;rio para o cadastro da Pessoa F&iacute;sica.</p>
]]></expectedresults>
	<execution_type><![CDATA[1]]></execution_type>
</step>

<step>
	<step_number><![CDATA[2]]></step_number>
	<actions><![CDATA[<p>
	O ator preenche um n&uacute;mero inv&aacute;lido de CPF.</p>
]]></actions>
	<expectedresults><![CDATA[<p>
	O sistema verifica que o n&uacute;mero de CPF &eacute; inv&aacute;lido, apresenta ao ator uma mensagem de erro, e apresenta o formul&aacute;rio para o cadastro da Pessoa F&iacute;sica.</p>
]]></expectedresults>
	<execution_type><![CDATA[1]]></execution_type>
</step>

<step>
	<step_number><![CDATA[3]]></step_number>
	<actions><![CDATA[<p>
	O ator preenche o campo CPF. [FA03]</p>
]]></actions>
	<expectedresults><![CDATA[<p>
	O sistema valida o dado preenchido e pesquisa as informa&ccedil;&otilde;es sobre a pessoa f&iacute;sica na base de dados da Receita Federal [FE01].</p>
<p>
	O sistema da base de dados da Receita Federal fornece os dados cadastrais da pessoa. [FE02]</p>
<p>
	O sistema apresenta o formul&aacute;rio preenchido com os dados cadastrais recebidos.</p>
]]></expectedresults>
	<execution_type><![CDATA[1]]></execution_type>
</step>

<step>
	<step_number><![CDATA[4]]></step_number>
	<actions><![CDATA[<p>
	O ator confirma o cadastro clicando no bot&atilde;o Salvar. [FA07]</p>
]]></actions>
	<expectedresults><![CDATA[<p>
	O sistema cadastra uma nova pessoa f&iacute;sica na base de dados, apresenta uma mensagem de sucesso da opera&ccedil;&atilde;o. [MA247]</p>
]]></expectedresults>
	<execution_type><![CDATA[1]]></execution_type>
</step>
</steps>
<keywords><keyword name="UC12"><notes><![CDATA[

]]></notes></keyword>
</keywords></testcase>

<testcase internalid="11338" name="UC12-FE02-A: O sistema da base de dados da Receita Federal não possui dados para">
	<node_order><![CDATA[14]]></node_order>
	<externalid><![CDATA[237]]></externalid>
	<version><![CDATA[1]]></version>
	<summary><![CDATA[<p>
	Inicia-se na etapa 5 do Fluxo B&aacute;sico, caso os dados do CPF n&atilde;o estejam na base de dados da Receita Federal.</p>
]]></summary>
	<preconditions><![CDATA[<ul>
	<li>
		PC01: O ator est&aacute; autenticado.</li>
	<li>
		PC02: O ator possui acesso a funcionalidade.</li>
</ul>
]]></preconditions>
	<execution_type><![CDATA[1]]></execution_type>
	<importance><![CDATA[2]]></importance>
<steps>
<step>
	<step_number><![CDATA[1]]></step_number>
	<actions><![CDATA[<p>
	O ator seleciona a op&ccedil;&atilde;o &ldquo;Pessoa F&iacute;sica&rdquo; no menu Caso -&gt; Novo(a) -&gt; Envolvido. [FA01][FA02]</p>
]]></actions>
	<expectedresults><![CDATA[<p>
	O sistema apresenta o formul&aacute;rio para o cadastro da Pessoa F&iacute;sica.</p>
]]></expectedresults>
	<execution_type><![CDATA[1]]></execution_type>
</step>

<step>
	<step_number><![CDATA[2]]></step_number>
	<actions><![CDATA[<p>
	O ator preenche o campo CPF. [FA03]</p>
]]></actions>
	<expectedresults><![CDATA[<p>
	O sistema valida o dado preenchido e pesquisa as informa&ccedil;&otilde;es sobre a pessoa f&iacute;sica na base de dados da Receita Federal [FE01].</p>
<p>
	O sistema da base de dados da Receita Federal n&atilde;o possui os dados cadastrais da pessoa.</p>
<p>
	O sistema apresenta uma mensagem indicando este evento.</p>
]]></expectedresults>
	<execution_type><![CDATA[1]]></execution_type>
</step>
</steps>
<keywords><keyword name="UC12"><notes><![CDATA[

]]></notes></keyword>
</keywords></testcase>

<testcase internalid="11342" name="UC12-FE02-B: O sistema da base de dados da Receita Federal não possui dados para o CPF informado">
	<node_order><![CDATA[15]]></node_order>
	<externalid><![CDATA[148]]></externalid>
	<version><![CDATA[1]]></version>
	<summary><![CDATA[<p>
	Inicia-se na etapa 5 do Fluxo B&aacute;sico, caso os dados do CPF n&atilde;o estejam na base de dados da Receita Federal.</p>
]]></summary>
	<preconditions><![CDATA[<ul>
	<li>
		PC01: O ator est&aacute; autenticado.</li>
	<li>
		PC02: O ator possui acesso a funcionalidade.</li>
</ul>
]]></preconditions>
	<execution_type><![CDATA[1]]></execution_type>
	<importance><![CDATA[2]]></importance>
<steps>
<step>
	<step_number><![CDATA[1]]></step_number>
	<actions><![CDATA[<p>
	O ator seleciona a op&ccedil;&atilde;o &ldquo;Pessoa F&iacute;sica&rdquo; no menu Caso -&gt; Novo(a) -&gt; Envolvido. [FA01][FA02]</p>
]]></actions>
	<expectedresults><![CDATA[<p>
	O sistema apresenta o formul&aacute;rio para o cadastro da Pessoa F&iacute;sica.</p>
]]></expectedresults>
	<execution_type><![CDATA[1]]></execution_type>
</step>

<step>
	<step_number><![CDATA[2]]></step_number>
	<actions><![CDATA[<p>
	O ator preenche o campo CPF. [FA03]</p>
]]></actions>
	<expectedresults><![CDATA[<p>
	O sistema valida o dado preenchido e pesquisa as informa&ccedil;&otilde;es sobre a pessoa f&iacute;sica na base de dados da Receita Federal [FE01].</p>
<p>
	O sistema da base de dados da Receita Federal n&atilde;o possui os dados cadastrais da pessoa.</p>
<p>
	O sistema apresenta uma mensagem indicando este evento.</p>
]]></expectedresults>
	<execution_type><![CDATA[1]]></execution_type>
</step>

<step>
	<step_number><![CDATA[3]]></step_number>
	<actions><![CDATA[<p>
	O ator insere os dados que possui sobre o envolvido.</p>
]]></actions>
	<expectedresults><![CDATA[<p>
	O sistema exibe os dados inseridos sobre o envolvido.</p>
]]></expectedresults>
	<execution_type><![CDATA[1]]></execution_type>
</step>

<step>
	<step_number><![CDATA[4]]></step_number>
	<actions><![CDATA[<p>
	O ator confirma a opera&ccedil;&atilde;o clicando no bot&atilde;o Salvar. [FA04]</p>
]]></actions>
	<expectedresults><![CDATA[<p>
	O sistema cadastra um novo envolvido na base de dados e finaliza o Caso de Uso.</p>
]]></expectedresults>
	<execution_type><![CDATA[1]]></execution_type>
</step>
</steps>
<keywords><keyword name="UC12"><notes><![CDATA[

]]></notes></keyword>
</keywords></testcase>

<testcase internalid="11348" name="UC12-FE02-C: O sistema da base de dados da Receita Federal não possui dados para o CNPJ informado">
	<node_order><![CDATA[16]]></node_order>
	<externalid><![CDATA[150]]></externalid>
	<version><![CDATA[1]]></version>
	<summary><![CDATA[<p>
	Inicia-se na etapa 1.4 do Fluxo Alternativo FA01, caso os dados do CNPJ n&atilde;o estejam na base de dados da Receita Federal.</p>
]]></summary>
	<preconditions><![CDATA[<ul>
	<li>
		PC01: O ator est&aacute; autenticado.</li>
	<li>
		PC02: O ator possui acesso a funcionalidade.</li>
</ul>
]]></preconditions>
	<execution_type><![CDATA[1]]></execution_type>
	<importance><![CDATA[2]]></importance>
<steps>
<step>
	<step_number><![CDATA[1]]></step_number>
	<actions><![CDATA[<p>
	O ator seleciona a op&ccedil;&atilde;o &ldquo;Pessoa Jur&iacute;dica&rdquo; no menu Caso -&gt; Novo(a) -&gt; Envolvido. [FA01][FA02]</p>
]]></actions>
	<expectedresults><![CDATA[<p>
	O sistema apresenta o formul&aacute;rio para o cadastro da Pessoa Jur&iacute;dica.</p>
]]></expectedresults>
	<execution_type><![CDATA[1]]></execution_type>
</step>

<step>
	<step_number><![CDATA[2]]></step_number>
	<actions><![CDATA[<p>
	O ator preenche o campo CNPJ. [FA03]</p>
]]></actions>
	<expectedresults><![CDATA[<p>
	O sistema valida o dado preenchido e pesquisa as informa&ccedil;&otilde;es sobre a pessoa jur&iacute;dica na base de dados da Receita Federal. [FE01]</p>
<p>
	O sistema da base de dados da Receita Federal n&atilde;o possui os dados da pessoa.</p>
<p>
	O sistema apresenta uma mensagem indicando o evento.</p>
]]></expectedresults>
	<execution_type><![CDATA[1]]></execution_type>
</step>

<step>
	<step_number><![CDATA[3]]></step_number>
	<actions><![CDATA[<p>
	O ator insere os dados que possui sobre o envolvido.</p>
]]></actions>
	<expectedresults><![CDATA[<p>
	O sistema exibe os dados inseridos sobre o envolvido.</p>
]]></expectedresults>
	<execution_type><![CDATA[1]]></execution_type>
</step>

<step>
	<step_number><![CDATA[4]]></step_number>
	<actions><![CDATA[<p>
	O ator confirma a opera&ccedil;&atilde;o clicando em Salvar. [FA04]</p>
]]></actions>
	<expectedresults><![CDATA[<p>
	O sistema cadastra um novo envolvido na base de dados e finaliza o Caso de Uso.</p>
]]></expectedresults>
	<execution_type><![CDATA[1]]></execution_type>
</step>
</steps>
<keywords><keyword name="UC12"><notes><![CDATA[

]]></notes></keyword>
</keywords></testcase>

<testcase internalid="11354" name="UC12-FE02-D: O sistema da base de dados da Receita Federal não possui dados para">
	<node_order><![CDATA[17]]></node_order>
	<externalid><![CDATA[236]]></externalid>
	<version><![CDATA[1]]></version>
	<summary><![CDATA[<p>
	Inicia-se na etapa 1.4 do Fluxo Alternativo FA01, caso os dados do CNPJ n&atilde;o estejam na base de dados da Receita Federal.</p>
]]></summary>
	<preconditions><![CDATA[<ul>
	<li>
		PC01: O ator est&aacute; autenticado.</li>
	<li>
		PC02: O ator possui acesso a funcionalidade.</li>
</ul>
]]></preconditions>
	<execution_type><![CDATA[1]]></execution_type>
	<importance><![CDATA[2]]></importance>
<steps>
<step>
	<step_number><![CDATA[1]]></step_number>
	<actions><![CDATA[<p>
	O ator seleciona a op&ccedil;&atilde;o &ldquo;Pessoa Jur&iacute;dica&rdquo; no menu Caso -&gt; Novo(a) -&gt; Envolvido. [FA01][FA02]</p>
]]></actions>
	<expectedresults><![CDATA[<p>
	O sistema apresenta o formul&aacute;rio para o cadastro da Pessoa Jur&iacute;dica.</p>
]]></expectedresults>
	<execution_type><![CDATA[1]]></execution_type>
</step>

<step>
	<step_number><![CDATA[2]]></step_number>
	<actions><![CDATA[<p>
	O ator preenche o campo CNPJ. [FA03]</p>
]]></actions>
	<expectedresults><![CDATA[<p>
	O sistema valida o dado preenchido e pesquisa as informa&ccedil;&otilde;es sobre a pessoa jur&iacute;dica na base de dados da Receita Federal. [FE01]</p>
<p>
	O sistema da base de dados da Receita Federal n&atilde;o possui os dados da pessoa.</p>
<p>
	O sistema apresenta uma mensagem indicando o evento.</p>
]]></expectedresults>
	<execution_type><![CDATA[1]]></execution_type>
</step>
</steps>
<keywords><keyword name="UC12"><notes><![CDATA[

]]></notes></keyword>
</keywords></testcase>

<testcase internalid="11358" name="UC12-FE02-E: O sistema da base de dados da Receita Federal não possui dados para o CPF informado">
	<node_order><![CDATA[18]]></node_order>
	<externalid><![CDATA[151]]></externalid>
	<version><![CDATA[1]]></version>
	<summary><![CDATA[<p>
	Inicia-se na etapa 2.4 do Fluxo Alternativo FA02, caso os dados do CPF n&atilde;o estejam na base de dados da Receita Federal.</p>
]]></summary>
	<preconditions><![CDATA[<ul>
	<li>
		PC01: O ator est&aacute; autenticado.</li>
	<li>
		PC02: O ator possui acesso a funcionalidade.</li>
</ul>
]]></preconditions>
	<execution_type><![CDATA[1]]></execution_type>
	<importance><![CDATA[2]]></importance>
<steps>
<step>
	<step_number><![CDATA[1]]></step_number>
	<actions><![CDATA[<p>
	O ator seleciona a op&ccedil;&atilde;o &ldquo;Advogado&rdquo; no menu Caso -&gt; Novo(a) -&gt; Envolvido. [FA01][FA02]</p>
]]></actions>
	<expectedresults><![CDATA[<p>
	O sistema apresenta o formul&aacute;rio para o cadastro do Advogado.</p>
]]></expectedresults>
	<execution_type><![CDATA[1]]></execution_type>
</step>

<step>
	<step_number><![CDATA[2]]></step_number>
	<actions><![CDATA[<p>
	O ator preenche o campo CPF. [FA03]</p>
]]></actions>
	<expectedresults><![CDATA[<p>
	O sistema valida o dado preenchido e pesquisa as informa&ccedil;&otilde;es sobre a pessoa na base de dados da Receita Federal. [FE01]</p>
<p>
	O sistema da base de dados da Receita Federal n&atilde;o possui dados para o CPF informado.</p>
<p>
	O sistema apresenta uma mensagem indicando o evento.</p>
]]></expectedresults>
	<execution_type><![CDATA[1]]></execution_type>
</step>

<step>
	<step_number><![CDATA[3]]></step_number>
	<actions><![CDATA[<p>
	O ator insere os dados que possui sobre o envolvido.</p>
]]></actions>
	<expectedresults><![CDATA[<p>
	O sistema exibe os dados inseridos sobre o envolvido.</p>
]]></expectedresults>
	<execution_type><![CDATA[1]]></execution_type>
</step>

<step>
	<step_number><![CDATA[4]]></step_number>
	<actions><![CDATA[<p>
	O ator confirma a opera&ccedil;&atilde;o clicando em Salvar.[FA04]</p>
]]></actions>
	<expectedresults><![CDATA[<p>
	O sistema cadastra um novo envolvido na base de dados e finaliza o Caso de Uso.</p>
]]></expectedresults>
	<execution_type><![CDATA[1]]></execution_type>
</step>
</steps>
<keywords><keyword name="UC12"><notes><![CDATA[

]]></notes></keyword>
</keywords></testcase>

<testcase internalid="11364" name="UC12-FE02-F: O sistema da base de dados da Receita Federal não possui dados para">
	<node_order><![CDATA[19]]></node_order>
	<externalid><![CDATA[235]]></externalid>
	<version><![CDATA[1]]></version>
	<summary><![CDATA[<p>
	Inicia-se na etapa 2.4 do Fluxo Alternativo FA02, caso os dados do CPF n&atilde;o estejam na base de dados da Receita Federal.</p>
]]></summary>
	<preconditions><![CDATA[<ul>
	<li>
		PC01: O ator est&aacute; autenticado.</li>
	<li>
		PC02: O ator possui acesso a funcionalidade.</li>
</ul>
]]></preconditions>
	<execution_type><![CDATA[1]]></execution_type>
	<importance><![CDATA[2]]></importance>
<steps>
<step>
	<step_number><![CDATA[1]]></step_number>
	<actions><![CDATA[<p>
	O ator seleciona a op&ccedil;&atilde;o &ldquo;Advogado&rdquo; no menu Caso -&gt; Novo(a) -&gt; Envolvido. [FA01][FA02]</p>
]]></actions>
	<expectedresults><![CDATA[<p>
	O sistema apresenta o formul&aacute;rio para o cadastro do Advogado.</p>
]]></expectedresults>
	<execution_type><![CDATA[1]]></execution_type>
</step>

<step>
	<step_number><![CDATA[2]]></step_number>
	<actions><![CDATA[<p>
	O ator preenche o campo CPF. [FA03]</p>
]]></actions>
	<expectedresults><![CDATA[<p>
	O sistema valida o dado preenchido e pesquisa as informa&ccedil;&otilde;es sobre a pessoa na base de dados da Receita Federal. [FE01]</p>
<p>
	O sistema da base de dados da Receita Federal n&atilde;o possui dados para o CPF informado.</p>
<p>
	O sistema apresenta uma mensagem indicando o evento.</p>
]]></expectedresults>
	<execution_type><![CDATA[1]]></execution_type>
</step>
</steps>
<keywords><keyword name="UC12"><notes><![CDATA[

]]></notes></keyword>
</keywords></testcase>
</testsuite><testsuite name="UC13: Cadastrar Envolvimento" >
<node_order><![CDATA[11]]></node_order>
<details><![CDATA[]]></details> 

<testcase internalid="11369" name="UC13-FB: Cadastrar Envolvimento">
	<node_order><![CDATA[0]]></node_order>
	<externalid><![CDATA[378]]></externalid>
	<version><![CDATA[1]]></version>
	<summary><![CDATA[<p>
	Fluxo B&aacute;sico do caso de uso 13.</p>
]]></summary>
	<preconditions><![CDATA[<ul>
	<li>
		PC01: O ator est&aacute; autenticado.&nbsp;</li>
	<li>
		PC02: Um caso est&aacute; selecionado.&nbsp;</li>
	<li>
		PC03: O ator &eacute; respons&aacute;vel pelo caso.</li>
</ul>
]]></preconditions>
	<execution_type><![CDATA[1]]></execution_type>
	<importance><![CDATA[2]]></importance>
<steps>
<step>
	<step_number><![CDATA[1]]></step_number>
	<actions><![CDATA[<div>
	O ator seleciona a op&ccedil;&atilde;o &ldquo;Novo Envolvimento&rdquo; na aba Envolvimentos ou a op&ccedil;&atilde;o Envolvimento no menu Caso -&gt; Novo(a).</div>
]]></actions>
	<expectedresults><![CDATA[<div>
	O sistema apresenta o formul&aacute;rio para cadastro de um envolvimento, solicitando o tipo de envolvimento.</div>
]]></expectedresults>
	<execution_type><![CDATA[1]]></execution_type>
</step>

<step>
	<step_number><![CDATA[2]]></step_number>
	<actions><![CDATA[<p>
	O ator seleciona um tipo de envolvimento e clica em Buscar Envolvido.</p>
]]></actions>
	<expectedresults><![CDATA[<p>
	O sistema inclui o caso de uso Buscar Envolvido. [UC20]</p>
]]></expectedresults>
	<execution_type><![CDATA[1]]></execution_type>
</step>

<step>
	<step_number><![CDATA[3]]></step_number>
	<actions><![CDATA[<p>
	O ator seleciona um envolvido. [FA01]</p>
]]></actions>
	<expectedresults><![CDATA[<p>
	O sistema apresenta o nome do envolvido selecionado; [FA02] [FA03]</p>
]]></expectedresults>
	<execution_type><![CDATA[1]]></execution_type>
</step>

<step>
	<step_number><![CDATA[4]]></step_number>
	<actions><![CDATA[<p>
	O ator confirma o cadastro do envolvimento clicando em Salvar. [FE01][FE02]</p>
]]></actions>
	<expectedresults><![CDATA[<div>
	O sistema cadastra o novo envolvimento na base de dados, apresenta uma mensagem de sucesso e finaliza o Caso de Uso.</div>
]]></expectedresults>
	<execution_type><![CDATA[1]]></execution_type>
</step>
</steps>
<keywords><keyword name="UC13"><notes><![CDATA[

]]></notes></keyword>
</keywords></testcase>

<testcase internalid="11375" name="UC13-FA01: O envolvido não está cadastrado">
	<node_order><![CDATA[1]]></node_order>
	<externalid><![CDATA[380]]></externalid>
	<version><![CDATA[1]]></version>
	<summary><![CDATA[<div>
	Inicia-se ap&oacute;s o passo 2 do Fluxo B&aacute;sico, caso o ator n&atilde;o tenha sucesso na busca de um envolvido.</div>
]]></summary>
	<preconditions><![CDATA[<ul>
	<li>
		PC01: O ator est&aacute; autenticado.&nbsp;</li>
	<li>
		PC02: Um caso est&aacute; selecionado.&nbsp;</li>
	<li>
		PC03: O ator &eacute; respons&aacute;vel pelo caso.</li>
</ul>
]]></preconditions>
	<execution_type><![CDATA[1]]></execution_type>
	<importance><![CDATA[2]]></importance>
<steps>
<step>
	<step_number><![CDATA[1]]></step_number>
	<actions><![CDATA[<div>
	O ator seleciona a op&ccedil;&atilde;o &ldquo;Novo Envolvimento&rdquo; na aba Envolvimentos ou a op&ccedil;&atilde;o Envolvimento no menu Caso -&gt; Novo(a).</div>
]]></actions>
	<expectedresults><![CDATA[<div>
	O sistema apresenta o formul&aacute;rio para cadastro de um envolvimento, solicitando o tipo de envolvimento.</div>
]]></expectedresults>
	<execution_type><![CDATA[1]]></execution_type>
</step>

<step>
	<step_number><![CDATA[2]]></step_number>
	<actions><![CDATA[<p>
	O ator seleciona um tipo de envolvimento e clica em Buscar Envolvido.</p>
]]></actions>
	<expectedresults><![CDATA[<p>
	O sistema inclui o caso de uso Buscar Envolvido. [UC20]</p>
]]></expectedresults>
	<execution_type><![CDATA[1]]></execution_type>
</step>

<step>
	<step_number><![CDATA[3]]></step_number>
	<actions><![CDATA[<p>
	O ator busca, sem sucesso, um envolvido. [FA01]</p>
]]></actions>
	<expectedresults><![CDATA[<div>
	O sistema inclui o caso de uso Cadastrar Envolvido. [UC12]</div>
]]></expectedresults>
	<execution_type><![CDATA[1]]></execution_type>
</step>

<step>
	<step_number><![CDATA[4]]></step_number>
	<actions><![CDATA[<p>
	O ator confirma o cadastro do envolvimento clicando em Salvar. [FE01][FE02]</p>
]]></actions>
	<expectedresults><![CDATA[<div>
	O sistema cadastra o novo envolvimento na base de dados, apresenta uma mensagem de sucesso e finaliza o Caso de Uso.</div>
]]></expectedresults>
	<execution_type><![CDATA[1]]></execution_type>
</step>

<step>
	<step_number><![CDATA[5]]></step_number>
	<actions><![CDATA[<p>
	O ator cadastra o envolvido.</p>
]]></actions>
	<expectedresults><![CDATA[<p>
	O sistema apresenta o nome do envolvido selecionado; [FA02] [FA03]</p>
]]></expectedresults>
	<execution_type><![CDATA[1]]></execution_type>
</step>
</steps>
<keywords><keyword name="UC12"><notes><![CDATA[

]]></notes></keyword>
<keyword name="UC13"><notes><![CDATA[

]]></notes></keyword>
<keyword name="UC20"><notes><![CDATA[

]]></notes></keyword>
</keywords></testcase>

<testcase internalid="11382" name="UC13-FA0:  O ator deseja editar os dados do envolvido selecionado">
	<node_order><![CDATA[2]]></node_order>
	<externalid><![CDATA[475]]></externalid>
	<version><![CDATA[1]]></version>
	<summary><![CDATA[<p>
	Inicia-se ap&oacute;s o passo 3 do Fluxo B&aacute;sico, caso o ator clique em Editar Envolvido.</p>
]]></summary>
	<preconditions><![CDATA[<ul>
	<li>
		PC01: O ator est&aacute; autenticado.&nbsp;</li>
	<li>
		PC02: Um caso est&aacute; selecionado.&nbsp;</li>
	<li>
		PC03: O ator &eacute; respons&aacute;vel pelo caso.</li>
</ul>
]]></preconditions>
	<execution_type><![CDATA[1]]></execution_type>
	<importance><![CDATA[2]]></importance>
<steps>
<step>
	<step_number><![CDATA[1]]></step_number>
	<actions><![CDATA[<div>
	O ator seleciona a op&ccedil;&atilde;o &ldquo;Novo Envolvimento&rdquo; na aba Envolvimentos ou a op&ccedil;&atilde;o Envolvimento no menu Caso -&gt; Novo(a).</div>
]]></actions>
	<expectedresults><![CDATA[<div>
	O sistema apresenta o formul&aacute;rio para cadastro de um envolvimento, solicitando o tipo de envolvimento.</div>
]]></expectedresults>
	<execution_type><![CDATA[1]]></execution_type>
</step>

<step>
	<step_number><![CDATA[2]]></step_number>
	<actions><![CDATA[<p>
	O ator seleciona um tipo de envolvimento e clica em Buscar Envolvido.</p>
]]></actions>
	<expectedresults><![CDATA[<p>
	O sistema inclui o caso de uso Buscar Envolvido. [UC20]</p>
]]></expectedresults>
	<execution_type><![CDATA[1]]></execution_type>
</step>

<step>
	<step_number><![CDATA[3]]></step_number>
	<actions><![CDATA[<p>
	O ator seleciona um envolvido. [FA01]</p>
]]></actions>
	<expectedresults><![CDATA[<p>
	O sistema apresenta o nome do envolvido selecionado; [FA02] [FA03]</p>
]]></expectedresults>
	<execution_type><![CDATA[1]]></execution_type>
</step>

<step>
	<step_number><![CDATA[4]]></step_number>
	<actions><![CDATA[<p>
	O ator clica em Editar Envolvido.</p>
]]></actions>
	<expectedresults><![CDATA[<div>
	O sistema inclui o caso de uso Editar Envolvido. [UC17]</div>
]]></expectedresults>
	<execution_type><![CDATA[1]]></execution_type>
</step>

<step>
	<step_number><![CDATA[5]]></step_number>
	<actions><![CDATA[<p>
	O ator confirma o cadastro do envolvimento clicando em Salvar. [FE01][FE02]</p>
]]></actions>
	<expectedresults><![CDATA[<div>
	O sistema cadastra o novo envolvimento na base de dados, apresenta uma mensagem de sucesso e finaliza o Caso de Uso.</div>
]]></expectedresults>
	<execution_type><![CDATA[1]]></execution_type>
</step>
</steps>
<keywords><keyword name="UC13"><notes><![CDATA[

]]></notes></keyword>
<keyword name="UC20"><notes><![CDATA[

]]></notes></keyword>
<keyword name="UC17"><notes><![CDATA[

]]></notes></keyword>
</keywords></testcase>

<testcase internalid="11389" name="UC13-FE01: O ator não seleciona um tipo de envolvimento">
	<node_order><![CDATA[3]]></node_order>
	<externalid><![CDATA[469]]></externalid>
	<version><![CDATA[1]]></version>
	<summary><![CDATA[<div>
	Inicia-se ap&oacute;s o passo 7 do Fluxo B&aacute;sico, caso o ator n&atilde;o tenha selecionado um tipo de envolvimento.</div>
]]></summary>
	<preconditions><![CDATA[<ul>
	<li>
		PC01: O ator est&aacute; autenticado.&nbsp;</li>
	<li>
		PC02: Um caso est&aacute; selecionado.&nbsp;</li>
	<li>
		PC03: O ator &eacute; respons&aacute;vel pelo caso.</li>
</ul>
]]></preconditions>
	<execution_type><![CDATA[1]]></execution_type>
	<importance><![CDATA[2]]></importance>
<steps>
<step>
	<step_number><![CDATA[1]]></step_number>
	<actions><![CDATA[<div>
	O ator seleciona a op&ccedil;&atilde;o &ldquo;Novo Envolvimento&rdquo; na aba Envolvimentos ou a op&ccedil;&atilde;o Envolvimento no menu Caso -&gt; Novo(a).</div>
]]></actions>
	<expectedresults><![CDATA[<div>
	O sistema apresenta o formul&aacute;rio para cadastro de um envolvimento, solicitando o tipo de envolvimento.</div>
]]></expectedresults>
	<execution_type><![CDATA[1]]></execution_type>
</step>

<step>
	<step_number><![CDATA[2]]></step_number>
	<actions><![CDATA[<p>
	O ator <strong>n&atilde;o</strong> seleciona um tipo de envolvimento e clica em Buscar Envolvido.</p>
]]></actions>
	<expectedresults><![CDATA[<p>
	O sistema inclui o caso de uso Buscar Envolvido. [UC20]</p>
]]></expectedresults>
	<execution_type><![CDATA[1]]></execution_type>
</step>

<step>
	<step_number><![CDATA[3]]></step_number>
	<actions><![CDATA[<p>
	O ator seleciona um envolvido. [FA01]</p>
]]></actions>
	<expectedresults><![CDATA[<p>
	O sistema apresenta o nome do envolvido selecionado; [FA02] [FA03]</p>
]]></expectedresults>
	<execution_type><![CDATA[1]]></execution_type>
</step>

<step>
	<step_number><![CDATA[4]]></step_number>
	<actions><![CDATA[<p>
	O ator confirma o cadastro do envolvimento clicando em Salvar. [FE01][FE02]</p>
]]></actions>
	<expectedresults><![CDATA[<div>
	O sistema apresenta&nbsp;</div>
<ul>
	<li>
		uma mensagem de erro</li>
</ul>
<div>
	<ul>
		<li>
			o formul&aacute;rio para cadastro de um envolvimento, solicitando o tipo de envolvimento.</li>
	</ul>
</div>
<p>
	&nbsp;</p>
]]></expectedresults>
	<execution_type><![CDATA[1]]></execution_type>
</step>

<step>
	<step_number><![CDATA[5]]></step_number>
	<actions><![CDATA[<p>
	O ator&nbsp;seleciona um tipo de envolvimento e clica em Buscar Envolvido.</p>
]]></actions>
	<expectedresults><![CDATA[<p>
	O sistema inclui o caso de uso Buscar Envolvido. [UC20]</p>
]]></expectedresults>
	<execution_type><![CDATA[1]]></execution_type>
</step>

<step>
	<step_number><![CDATA[6]]></step_number>
	<actions><![CDATA[<p>
	O ator seleciona um envolvido. [FA01]</p>
]]></actions>
	<expectedresults><![CDATA[<p>
	O sistema apresenta o nome do envolvido selecionado; [FA02] [FA03]</p>
]]></expectedresults>
	<execution_type><![CDATA[1]]></execution_type>
</step>

<step>
	<step_number><![CDATA[7]]></step_number>
	<actions><![CDATA[<p>
	O ator confirma o cadastro do envolvimento clicando em Salvar. [FE01][FE02]</p>
]]></actions>
	<expectedresults><![CDATA[<div>
	O sistema cadastra o novo envolvimento na base de dados, apresenta uma mensagem de sucesso e finaliza o Caso de Uso.</div>
]]></expectedresults>
	<execution_type><![CDATA[1]]></execution_type>
</step>
</steps>
<keywords><keyword name="UC13"><notes><![CDATA[

]]></notes></keyword>
<keyword name="UC20"><notes><![CDATA[

]]></notes></keyword>
</keywords></testcase>

<testcase internalid="11398" name="UC13-FE02: O ator não seleciona um envolvido">
	<node_order><![CDATA[4]]></node_order>
	<externalid><![CDATA[470]]></externalid>
	<version><![CDATA[1]]></version>
	<summary><![CDATA[<div>
	Inicia-se no passo 4 do Fluxo B&aacute;sico, caso o ator n&atilde;o tenha selecionado nenhum envolvido.&nbsp;</div>
]]></summary>
	<preconditions><![CDATA[<ul>
	<li>
		PC01: O ator est&aacute; autenticado.&nbsp;</li>
	<li>
		PC02: Um caso est&aacute; selecionado.&nbsp;</li>
	<li>
		PC03: O ator &eacute; respons&aacute;vel pelo caso.</li>
</ul>
]]></preconditions>
	<execution_type><![CDATA[1]]></execution_type>
	<importance><![CDATA[2]]></importance>
<steps>
<step>
	<step_number><![CDATA[1]]></step_number>
	<actions><![CDATA[<div>
	O ator seleciona a op&ccedil;&atilde;o &ldquo;Novo Envolvimento&rdquo; na aba Envolvimentos ou a op&ccedil;&atilde;o Envolvimento no menu Caso -&gt; Novo(a).</div>
]]></actions>
	<expectedresults><![CDATA[<div>
	O sistema apresenta o formul&aacute;rio para cadastro de um envolvimento, solicitando o tipo de envolvimento.</div>
]]></expectedresults>
	<execution_type><![CDATA[1]]></execution_type>
</step>

<step>
	<step_number><![CDATA[2]]></step_number>
	<actions><![CDATA[<p>
	O ator&nbsp;seleciona um tipo de envolvimento e clica em Buscar Envolvido.</p>
]]></actions>
	<expectedresults><![CDATA[<p>
	O sistema inclui o caso de uso Buscar Envolvido. [UC20]</p>
]]></expectedresults>
	<execution_type><![CDATA[1]]></execution_type>
</step>

<step>
	<step_number><![CDATA[3]]></step_number>
	<actions><![CDATA[<p>
	O ator <strong>n&atilde;o&nbsp;</strong>seleciona um envolvido. [FA01]</p>
]]></actions>
	<expectedresults><![CDATA[<p>
	O sistema apresenta o nome do envolvido selecionado; [FA02] [FA03]</p>
]]></expectedresults>
	<execution_type><![CDATA[1]]></execution_type>
</step>

<step>
	<step_number><![CDATA[4]]></step_number>
	<actions><![CDATA[<p>
	O ator confirma o cadastro do envolvimento clicando em Salvar. [FE01][FE02]</p>
]]></actions>
	<expectedresults><![CDATA[<div>
	O sistema apresenta&nbsp;</div>
<ul>
	<li>
		uma mensagem de erro</li>
</ul>
<div>
	<ul>
		<li>
			o formul&aacute;rio para cadastro de um envolvimento, solicitando o tipo de envolvimento.</li>
	</ul>
</div>
<p>
	&nbsp;</p>
]]></expectedresults>
	<execution_type><![CDATA[1]]></execution_type>
</step>

<step>
	<step_number><![CDATA[5]]></step_number>
	<actions><![CDATA[<p>
	O ator&nbsp;seleciona um tipo de envolvimento e clica em Buscar Envolvido.</p>
]]></actions>
	<expectedresults><![CDATA[<p>
	O sistema inclui o caso de uso Buscar Envolvido. [UC20]</p>
]]></expectedresults>
	<execution_type><![CDATA[1]]></execution_type>
</step>

<step>
	<step_number><![CDATA[6]]></step_number>
	<actions><![CDATA[<p>
	O ator seleciona um envolvido. [FA01]</p>
]]></actions>
	<expectedresults><![CDATA[<p>
	O sistema apresenta o nome do envolvido selecionado; [FA02] [FA03]</p>
]]></expectedresults>
	<execution_type><![CDATA[1]]></execution_type>
</step>

<step>
	<step_number><![CDATA[7]]></step_number>
	<actions><![CDATA[<p>
	O ator confirma o cadastro do envolvimento clicando em Salvar. [FE01][FE02]</p>
]]></actions>
	<expectedresults><![CDATA[<div>
	O sistema cadastra o novo envolvimento na base de dados, apresenta uma mensagem de sucesso e finaliza o Caso de Uso.</div>
]]></expectedresults>
	<execution_type><![CDATA[1]]></execution_type>
</step>
</steps>
<keywords><keyword name="UC13"><notes><![CDATA[

]]></notes></keyword>
<keyword name="UC20"><notes><![CDATA[

]]></notes></keyword>
</keywords></testcase>
</testsuite><testsuite name="UC16: Criar Sub-Tarefa" >
<node_order><![CDATA[13]]></node_order>
<details><![CDATA[]]></details> 

<testcase internalid="11408" name="UC16-FB: Criar Sub-Tarefa">
	<node_order><![CDATA[100]]></node_order>
	<externalid><![CDATA[418]]></externalid>
	<version><![CDATA[1]]></version>
	<summary><![CDATA[<p>
	Fluxo B&aacute;sico do Caso de Uso UC16</p>
]]></summary>
	<preconditions><![CDATA[<ul>
	<li>
		PC01: O ator est&aacute; autenticado.</li>
	<li>
		PC02: O ator &eacute; respons&aacute;vel pelo caso.</li>
	<li>
		PC03: A tarefa m&atilde;e est&aacute; selecionada.</li>
</ul>
]]></preconditions>
	<execution_type><![CDATA[1]]></execution_type>
	<importance><![CDATA[2]]></importance>
<steps>
<step>
	<step_number><![CDATA[1]]></step_number>
	<actions><![CDATA[<p>
	O ator seleciona a op&ccedil;&atilde;o &ldquo;Nova Subtarefa&rdquo; no menu Caso -&gt; Novo(a) ou na aba Subtarefas.</p>
]]></actions>
	<expectedresults><![CDATA[<p>
	O sistema inclui o caso de uso Criar Tarefa, adiciona a tarefa criada na lista de subtarefas da tarefa-m&atilde;e e encerra o caso de uso. [UC05]</p>
]]></expectedresults>
	<execution_type><![CDATA[1]]></execution_type>
</step>
</steps>
<keywords><keyword name="UC16"><notes><![CDATA[

]]></notes></keyword>
<keyword name="UC05"><notes><![CDATA[

]]></notes></keyword>
</keywords></testcase>
</testsuite><testsuite name="UC20: Buscar Envolvido" >
<node_order><![CDATA[17]]></node_order>
<details><![CDATA[]]></details> 

<testcase internalid="11412" name="UC20-FB: Buscar Envolvido">
	<node_order><![CDATA[100]]></node_order>
	<externalid><![CDATA[399]]></externalid>
	<version><![CDATA[1]]></version>
	<summary><![CDATA[<p>
	Fluxo B&aacute;sico do Caso de Uso UC20</p>
]]></summary>
	<preconditions><![CDATA[<ul>
	<li>
		PC01: O ator est&aacute; autenticado.</li>
	<li>
		PC02: Um caso est&aacute; selecionado.</li>
	<li>
		PC03: O ator possui permiss&atilde;o de acesso ao caso.</li>
</ul>
]]></preconditions>
	<execution_type><![CDATA[1]]></execution_type>
	<importance><![CDATA[2]]></importance>
<steps>
<step>
	<step_number><![CDATA[1]]></step_number>
	<actions><![CDATA[<p>
	O ator seleciona a op&ccedil;&atilde;o Envolvido no menu Caso -&gt; Buscar.</p>
]]></actions>
	<expectedresults><![CDATA[<p>
	O sistema apresenta a tela de pesquisa de envolvidos do tipo Pessoa F&iacute;sica: [FA01][FA02]</p>
<ul>
	<li>
		Nome;</li>
	<li>
		Nome da m&atilde;e;</li>
	<li>
		Data de nascimento;</li>
	<li>
		Tipo de documento;</li>
	<li>
		N&uacute;mero de documento;</li>
	<li>
		Buscar em todos os casos;</li>
	<li>
		Buscar somente indiciados.</li>
</ul>
]]></expectedresults>
	<execution_type><![CDATA[1]]></execution_type>
</step>

<step>
	<step_number><![CDATA[2]]></step_number>
	<actions><![CDATA[<p>
	O ator preenche os dados que desejar no formul&aacute;rio.</p>
]]></actions>
	<expectedresults><![CDATA[<p>
	O sistema exibe os dados preenchidos.</p>
]]></expectedresults>
	<execution_type><![CDATA[1]]></execution_type>
</step>

<step>
	<step_number><![CDATA[3]]></step_number>
	<actions><![CDATA[<p>
	O ator clica no bot&atilde;o &ldquo;Pesquisar&rdquo;.</p>
]]></actions>
	<expectedresults><![CDATA[<p>
	O sistema realiza a busca no cadastro de envolvidos no e-Pol e no Sistema Corporativo de Cadastro de Pessoas e apresenta os resultados da busca.</p>
]]></expectedresults>
	<execution_type><![CDATA[1]]></execution_type>
</step>
</steps>
<keywords><keyword name="UC20"><notes><![CDATA[

]]></notes></keyword>
</keywords></testcase>

<testcase internalid="11417" name="UC20-FA01: O ator seleciona, para a busca, o tipo de envolvimento Advogado">
	<node_order><![CDATA[101]]></node_order>
	<externalid><![CDATA[400]]></externalid>
	<version><![CDATA[1]]></version>
	<summary><![CDATA[<p>
	Inicia-se no passo 1 do Fluxo B&aacute;sico caso o ator selecione a op&ccedil;&atilde;o &ldquo;Advogado&rdquo; no campo Tipo do Envolvido.</p>
]]></summary>
	<preconditions><![CDATA[<ul>
	<li>
		PC01: O ator est&aacute; autenticado.</li>
	<li>
		PC02: Um caso est&aacute; selecionado.</li>
	<li>
		PC03: O ator possui permiss&atilde;o de acesso ao caso.</li>
</ul>
]]></preconditions>
	<execution_type><![CDATA[1]]></execution_type>
	<importance><![CDATA[2]]></importance>
<steps>
<step>
	<step_number><![CDATA[1]]></step_number>
	<actions><![CDATA[<p>
	O ator seleciona a op&ccedil;&atilde;o &ldquo;Advogado&rdquo; no campo Tipo do Envolvido depois do menu Caso -&gt; Buscar.</p>
]]></actions>
	<expectedresults><![CDATA[<p>
	O sistema apresenta a tela de pesquisa de envolvidos do tipo:</p>
<ul>
	<li>
		Nome;</li>
	<li>
		Nome da m&atilde;e;</li>
	<li>
		Data de nascimento;</li>
	<li>
		Tipo de documento;</li>
	<li>
		N&uacute;mero de documento;</li>
	<li>
		N&uacute;mero do Registro da OAB;</li>
	<li>
		Estado do Registro da OAB;</li>
	<li>
		Buscar em todos os casos;</li>
	<li>
		Buscar somente indiciados.</li>
</ul>
]]></expectedresults>
	<execution_type><![CDATA[1]]></execution_type>
</step>

<step>
	<step_number><![CDATA[2]]></step_number>
	<actions><![CDATA[<p>
	O ator preenche os dados que desejar no formul&aacute;rio.</p>
]]></actions>
	<expectedresults><![CDATA[<p>
	O sistema exibe os dados preenchidos.</p>
]]></expectedresults>
	<execution_type><![CDATA[1]]></execution_type>
</step>

<step>
	<step_number><![CDATA[3]]></step_number>
	<actions><![CDATA[<p>
	O ator clica no bot&atilde;o &ldquo;Pesquisar&rdquo;.</p>
]]></actions>
	<expectedresults><![CDATA[<p>
	O sistema realiza a busca no cadastro de envolvidos no e-Pol e no Sistema Corporativo de Cadastro de Pessoas&nbsp; e apresenta os resultados da busca.</p>
]]></expectedresults>
	<execution_type><![CDATA[1]]></execution_type>
</step>
</steps>
<keywords><keyword name="UC20"><notes><![CDATA[

]]></notes></keyword>
</keywords></testcase>

<testcase internalid="11422" name="UC20-FA02: O ator seleciona, para a busca, o tipo de envolvimento Pessoa Jurídica">
	<node_order><![CDATA[102]]></node_order>
	<externalid><![CDATA[402]]></externalid>
	<version><![CDATA[1]]></version>
	<summary><![CDATA[<p>
	Inicia-se no passo 1 do Fluxo B&aacute;sico caso o ator selecione a op&ccedil;&atilde;o &ldquo;Pessoa Jur&iacute;dica&rdquo; no campo Tipo do Envolvido.</p>
]]></summary>
	<preconditions><![CDATA[<ul>
	<li>
		PC01: O ator est&aacute; autenticado.</li>
	<li>
		PC02: Um caso est&aacute; selecionado.</li>
	<li>
		PC03: O ator possui permiss&atilde;o de acesso ao caso.</li>
</ul>
]]></preconditions>
	<execution_type><![CDATA[1]]></execution_type>
	<importance><![CDATA[2]]></importance>
<steps>
<step>
	<step_number><![CDATA[1]]></step_number>
	<actions><![CDATA[<p>
	O ator seleciona a op&ccedil;&atilde;o &ldquo;Pessoa Jur&iacute;dica&rdquo; no campo Tipo do Envolvido depois do menu Caso -&gt; Buscar.</p>
]]></actions>
	<expectedresults><![CDATA[<p>
	O sistema apresenta a tela de pesquisa de envolvidos do tipo:</p>
<ul>
	<li>
		Nome fantasia;</li>
	<li>
		Nome;</li>
	<li>
		CNPJ;</li>
	<li>
		Membros;</li>
	<li>
		Buscar em todos os casos;</li>
	<li>
		Buscar somente indiciados.</li>
</ul>
]]></expectedresults>
	<execution_type><![CDATA[1]]></execution_type>
</step>

<step>
	<step_number><![CDATA[2]]></step_number>
	<actions><![CDATA[<p>
	O ator preenche os dados que desejar no formul&aacute;rio.</p>
]]></actions>
	<expectedresults><![CDATA[<p>
	O sistema exibe os dados preenchidos.</p>
]]></expectedresults>
	<execution_type><![CDATA[1]]></execution_type>
</step>

<step>
	<step_number><![CDATA[3]]></step_number>
	<actions><![CDATA[<p>
	O ator clica no bot&atilde;o &ldquo;Pesquisar&rdquo;.</p>
]]></actions>
	<expectedresults><![CDATA[<p>
	O sistema realiza a busca no cadastro de envolvidos no e-Pol e no Sistema Corporativo de Cadastro de Pessoas e apresenta os resultados da busca.</p>
]]></expectedresults>
	<execution_type><![CDATA[1]]></execution_type>
</step>
</steps>
<keywords><keyword name="UC20"><notes><![CDATA[

]]></notes></keyword>
</keywords></testcase>
</testsuite><testsuite name="UC21: Detalhar Envolvimento" >
<node_order><![CDATA[18]]></node_order>
<details><![CDATA[]]></details> 

<testcase internalid="11428" name="UC21-FB: Detalhar Envolvimento">
	<node_order><![CDATA[100]]></node_order>
	<externalid><![CDATA[398]]></externalid>
	<version><![CDATA[1]]></version>
	<summary><![CDATA[<p>
	Fluxo B&aacute;sico do Caso de Uso UC21</p>
]]></summary>
	<preconditions><![CDATA[<ul>
	<li>
		PC01: O ator est&aacute; autenticado.</li>
	<li>
		PC02: Um Caso est&aacute; selecionado.</li>
	<li>
		PC03: O ator tem permiss&atilde;o para acessar o caso.</li>
</ul>
]]></preconditions>
	<execution_type><![CDATA[1]]></execution_type>
	<importance><![CDATA[2]]></importance>
<steps>
<step>
	<step_number><![CDATA[1]]></step_number>
	<actions><![CDATA[<p>
	Na p&aacute;gina de Ver Caso, o ator seleciona a aba Envolvimentos.</p>
]]></actions>
	<expectedresults><![CDATA[<p>
	O sistema apresenta a lista de Envolvimentos do Caso.</p>
]]></expectedresults>
	<execution_type><![CDATA[1]]></execution_type>
</step>

<step>
	<step_number><![CDATA[2]]></step_number>
	<actions><![CDATA[<p>
	O ator seleciona o envolvimento desejado clicando na a&ccedil;&atilde;o &ldquo;Detalhes&rdquo; da coluna A&ccedil;&otilde;es.</p>
]]></actions>
	<expectedresults><![CDATA[<p>
	O sistema apresenta a p&aacute;gina de Ver Envolvimento e encerra o Caso de Uso.</p>
]]></expectedresults>
	<execution_type><![CDATA[1]]></execution_type>
</step>
</steps>
</testcase>
</testsuite><testsuite name="UC23: Selecionar Delegado" >
<node_order><![CDATA[20]]></node_order>
<details><![CDATA[]]></details> 

<testcase internalid="11433" name="UC23-FB-A: Selecionar Delegado">
	<node_order><![CDATA[100]]></node_order>
	<externalid><![CDATA[392]]></externalid>
	<version><![CDATA[1]]></version>
	<summary><![CDATA[<p>
	Fluxo B&aacute;sico do Caso de Uso UC23.</p>
]]></summary>
	<preconditions><![CDATA[<ul>
	<li>
		PC01: O ator est&aacute; autenticado.</li>
	<li>
		PC02: O ator possui acesso &agrave; funcionalidade.</li>
</ul>
]]></preconditions>
	<execution_type><![CDATA[1]]></execution_type>
	<importance><![CDATA[2]]></importance>
<steps>
<step>
	<step_number><![CDATA[1]]></step_number>
	<actions><![CDATA[<div>
	O ator marca a op&ccedil;&atilde;o &ldquo;Escolher Manualmente&rdquo; na p&aacute;gina de Distribuir Not&iacute;cia-crime quando o tipo de respons&aacute;vel Servidor est&aacute; selecionado [UC03]</div>
]]></actions>
	<expectedresults><![CDATA[<p>
	O sistema apresenta em um select one menu a lista de Delegados da Unidade.</p>
]]></expectedresults>
	<execution_type><![CDATA[1]]></execution_type>
</step>

<step>
	<step_number><![CDATA[2]]></step_number>
	<actions><![CDATA[<p>
	O ator seleciona o Delegado.</p>
]]></actions>
	<expectedresults><![CDATA[<p>
	O sistema exibe o Delegado selecionado.</p>
]]></expectedresults>
	<execution_type><![CDATA[1]]></execution_type>
</step>
</steps>
<keywords><keyword name="UC03"><notes><![CDATA[

]]></notes></keyword>
<keyword name="UC23"><notes><![CDATA[

]]></notes></keyword>
</keywords></testcase>

<testcase internalid="11437" name="UC23-FB-B: Selecionar Delegado">
	<node_order><![CDATA[101]]></node_order>
	<externalid><![CDATA[393]]></externalid>
	<version><![CDATA[1]]></version>
	<summary><![CDATA[<p>
	Fluxo B&aacute;sico do Caso de Uso UC23.</p>
]]></summary>
	<preconditions><![CDATA[<ul>
	<li>
		PC01: O ator est&aacute; autenticado.</li>
	<li>
		PC02: O ator possui acesso &agrave; funcionalidade.</li>
</ul>
]]></preconditions>
	<execution_type><![CDATA[1]]></execution_type>
	<importance><![CDATA[2]]></importance>
<steps>
<step>
	<step_number><![CDATA[1]]></step_number>
	<actions><![CDATA[<p>
	O ator marca a op&ccedil;&atilde;o &ldquo;Flagrante&rdquo; na p&aacute;gina de Registrar Not&iacute;cia-crime. [UC01]</p>
]]></actions>
	<expectedresults><![CDATA[<p>
	O sistema apresenta em um select one menu a lista de Delegados da Unidade.</p>
]]></expectedresults>
	<execution_type><![CDATA[1]]></execution_type>
</step>

<step>
	<step_number><![CDATA[2]]></step_number>
	<actions><![CDATA[<p>
	O ator seleciona o Delegado.</p>
]]></actions>
	<expectedresults><![CDATA[<p>
	O sistema exibe o Delegado selecionado.</p>
]]></expectedresults>
	<execution_type><![CDATA[1]]></execution_type>
</step>
</steps>
<keywords><keyword name="UC23"><notes><![CDATA[

]]></notes></keyword>
</keywords></testcase>
</testsuite><testsuite name="UC24: Selecionar Delegacia" >
<node_order><![CDATA[21]]></node_order>
<details><![CDATA[]]></details> 

<testcase internalid="11442" name="UC24-FB: Selecionar Delegacia">
	<node_order><![CDATA[100]]></node_order>
	<externalid><![CDATA[394]]></externalid>
	<version><![CDATA[1]]></version>
	<summary><![CDATA[<p>
	Fluxo B&aacute;sico do Caso de Uso UC24</p>
]]></summary>
	<preconditions><![CDATA[<ul>
	<li>
		PC01: O ator est&aacute; autenticado.</li>
	<li>
		PC02: O ator possui acesso &agrave; funcionalidade.</li>
</ul>
]]></preconditions>
	<execution_type><![CDATA[1]]></execution_type>
	<importance><![CDATA[2]]></importance>
<steps>
<step>
	<step_number><![CDATA[1]]></step_number>
	<actions><![CDATA[<p>
	O ator marca a op&ccedil;&atilde;o &ldquo;Escolher Manualmente&rdquo; na p&aacute;gina de Distribuir Not&iacute;cia-crime quando o tipo de respons&aacute;vel Unidade est&aacute; selecionado. [UC03]</p>
]]></actions>
	<expectedresults><![CDATA[<p>
	O sistema apresenta em um select one menu a lista de Delegacias.</p>
]]></expectedresults>
	<execution_type><![CDATA[1]]></execution_type>
</step>

<step>
	<step_number><![CDATA[2]]></step_number>
	<actions><![CDATA[<p>
	O ator seleciona a Delegacia.</p>
]]></actions>
	<expectedresults><![CDATA[<p>
	O sistema exibe a delegacia selecionada.</p>
]]></expectedresults>
	<execution_type><![CDATA[1]]></execution_type>
</step>
</steps>
<keywords><keyword name="UC24"><notes><![CDATA[

]]></notes></keyword>
</keywords></testcase>

<testcase internalid="11446" name="20140408-20:39:51 UC24-FB: Selecionar Delegacia">
	<node_order><![CDATA[100]]></node_order>
	<externalid><![CDATA[423]]></externalid>
	<version><![CDATA[1]]></version>
	<summary><![CDATA[<p>
	Fluxo B&aacute;sico do Caso de Uso UC24</p>
]]></summary>
	<preconditions><![CDATA[<ul>
	<li>
		PC01: O ator est&aacute; autenticado.</li>
	<li>
		PC02: O ator possui acesso &agrave; funcionalidade.</li>
</ul>
]]></preconditions>
	<execution_type><![CDATA[1]]></execution_type>
	<importance><![CDATA[2]]></importance>
<steps>
<step>
	<step_number><![CDATA[1]]></step_number>
	<actions><![CDATA[<p>
	O ator marca a op&ccedil;&atilde;o &ldquo;Escolher Manualmente&rdquo; na p&aacute;gina de Distribuir Not&iacute;cia-crime quando o tipo de respons&aacute;vel Unidade est&aacute; selecionado. [UC03]</p>
]]></actions>
	<expectedresults><![CDATA[<p>
	O sistema apresenta em um select one menu a lista de Delegacias.</p>
]]></expectedresults>
	<execution_type><![CDATA[1]]></execution_type>
</step>

<step>
	<step_number><![CDATA[2]]></step_number>
	<actions><![CDATA[<p>
	O ator seleciona a Delegacia.</p>
]]></actions>
	<expectedresults><![CDATA[<p>
	O sistema exibe a delegacia selecionada.</p>
]]></expectedresults>
	<execution_type><![CDATA[1]]></execution_type>
</step>
</steps>
<keywords><keyword name="UC03"><notes><![CDATA[

]]></notes></keyword>
<keyword name="UC24"><notes><![CDATA[

]]></notes></keyword>
</keywords></testcase>
</testsuite><testsuite name="UC25: Selecionar Policial" >
<node_order><![CDATA[22]]></node_order>
<details><![CDATA[]]></details> 

<testcase internalid="11451" name="UC25-FB: Selecionar Policial">
	<node_order><![CDATA[100]]></node_order>
	<externalid><![CDATA[395]]></externalid>
	<version><![CDATA[1]]></version>
	<summary><![CDATA[<p>
	Fluxo B&aacute;sico do Caso de Uso UC25</p>
]]></summary>
	<preconditions><![CDATA[<ul>
	<li>
		PC01: O ator est&aacute; autenticado.</li>
	<li>
		PC02: O ator possui acesso &agrave; funcionalidade.</li>
</ul>
]]></preconditions>
	<execution_type><![CDATA[1]]></execution_type>
	<importance><![CDATA[2]]></importance>
<steps>
<step>
	<step_number><![CDATA[1]]></step_number>
	<actions><![CDATA[<p>
	O ator marca a op&ccedil;&atilde;o &ldquo;Escolher Manualmente&rdquo; na p&aacute;gina de Criar Tarefa quando o tipo de respons&aacute;vel Servidor est&aacute; selecionado. [UC05]</p>
]]></actions>
	<expectedresults><![CDATA[<p>
	O sistema apresenta a lista de policiais da unidade.</p>
]]></expectedresults>
	<execution_type><![CDATA[1]]></execution_type>
</step>

<step>
	<step_number><![CDATA[2]]></step_number>
	<actions><![CDATA[<p>
	O ator seleciona o Policial.</p>
]]></actions>
	<expectedresults><![CDATA[<p>
	O sistema exibe o Policial selecionado.</p>
]]></expectedresults>
	<execution_type><![CDATA[1]]></execution_type>
</step>
</steps>
<keywords><keyword name="UC25"><notes><![CDATA[

]]></notes></keyword>
<keyword name="UC05"><notes><![CDATA[

]]></notes></keyword>
</keywords></testcase>
</testsuite></testsuite><testsuite name="Release 0.2a" >
<node_order><![CDATA[5]]></node_order>
<details><![CDATA[]]></details> 
<testsuite name="UC31: Cancelar Ato Presencial" >
<node_order><![CDATA[5]]></node_order>
<details><![CDATA[]]></details> 

<testcase internalid="11457" name="UC31-FB: Cancelar Ato Presencial">
	<node_order><![CDATA[100]]></node_order>
	<externalid><![CDATA[242]]></externalid>
	<version><![CDATA[1]]></version>
	<summary><![CDATA[<p>
	Fluxo B&aacute;sico do Caso de Uso UC31.</p>
]]></summary>
	<preconditions><![CDATA[<ul>
	<li>
		PC01: O ator est&aacute; autenticado.</li>
	<li>
		PC02: O ator &eacute; respons&aacute;vel pelo caso.</li>
	<li>
		PC03: A Tarefa Ato Presencial est&aacute; selecionada. [UC26]</li>
</ul>
]]></preconditions>
	<execution_type><![CDATA[1]]></execution_type>
	<importance><![CDATA[2]]></importance>
<steps>
<step>
	<step_number><![CDATA[1]]></step_number>
	<actions><![CDATA[<p>
	O ator clica em Desmarcar Ato Presencial.</p>
]]></actions>
	<expectedresults><![CDATA[<p>
	O sistema solicita confirma&ccedil;&atilde;o da opera&ccedil;&atilde;o.</p>
]]></expectedresults>
	<execution_type><![CDATA[1]]></execution_type>
</step>

<step>
	<step_number><![CDATA[2]]></step_number>
	<actions><![CDATA[<p>
	O ator confirma. [FA01]</p>
]]></actions>
	<expectedresults><![CDATA[<p>
	O sistema:</p>
<ul>
	<li>
		Cancela as subtarefas Intimar;</li>
	<li>
		Cria uma tarefa para comunicar &agrave; pessoa intimada o cancelamento do Ato Presencial, para cada subtarefa Intimar j&aacute; conclu&iacute;da com sucesso;</li>
	<li>
		Libera na agenda do delegado o hor&aacute;rio pr&eacute;-agendado para a realiza&ccedil;&atilde;o do Ato Presencial;</li>
	<li>
		Apresenta uma mensagem de sucesso da opera&ccedil;&atilde;o;</li>
</ul>
]]></expectedresults>
	<execution_type><![CDATA[1]]></execution_type>
</step>
</steps>
<keywords><keyword name="UC31"><notes><![CDATA[

]]></notes></keyword>
<keyword name="UC26"><notes><![CDATA[

]]></notes></keyword>
</keywords></testcase>

<testcase internalid="11461" name="UC31-FA01: O ator não confirma o cancelamento">
	<node_order><![CDATA[101]]></node_order>
	<externalid><![CDATA[243]]></externalid>
	<version><![CDATA[1]]></version>
	<summary><![CDATA[<p>
	Inicia-se na etapa 2 do Fluxo B&aacute;sico, caso o ator desista de Remarcar o Ato Presencial.</p>
]]></summary>
	<preconditions><![CDATA[<ul>
	<li>
		PC01: O ator est&aacute; autenticado.</li>
	<li>
		PC02: O ator &eacute; respons&aacute;vel pelo caso.</li>
	<li>
		PC03: A Tarefa Ato Presencial est&aacute; selecionada. [UC26]</li>
</ul>
]]></preconditions>
	<execution_type><![CDATA[1]]></execution_type>
	<importance><![CDATA[2]]></importance>
<steps>
<step>
	<step_number><![CDATA[1]]></step_number>
	<actions><![CDATA[<p>
	O ator clica em Desmarcar Ato Presencial.</p>
]]></actions>
	<expectedresults><![CDATA[<p>
	O sistema solicita confirma&ccedil;&atilde;o da opera&ccedil;&atilde;o.</p>
]]></expectedresults>
	<execution_type><![CDATA[1]]></execution_type>
</step>

<step>
	<step_number><![CDATA[2]]></step_number>
	<actions><![CDATA[<p>
	O ator cancela.</p>
]]></actions>
	<expectedresults><![CDATA[<p>
	O sistema <strong>n&atilde;o</strong> Desmarca o Ato Presencial.</p>
]]></expectedresults>
	<execution_type><![CDATA[1]]></execution_type>
</step>
</steps>
<keywords><keyword name="UC31"><notes><![CDATA[

]]></notes></keyword>
<keyword name="UC26"><notes><![CDATA[

]]></notes></keyword>
</keywords></testcase>
</testsuite><testsuite name="UC32: Intimar" >
<node_order><![CDATA[6]]></node_order>
<details><![CDATA[]]></details> 

<testcase internalid="11466" name="UC32-FB: Intimar">
	<node_order><![CDATA[0]]></node_order>
	<externalid><![CDATA[245]]></externalid>
	<version><![CDATA[1]]></version>
	<summary><![CDATA[<p>
	Fluxo B&aacute;sico do Caso de Uso UC32.</p>
]]></summary>
	<preconditions><![CDATA[<ul>
	<li>
		PC01: O ator est&aacute; autenticado.</li>
	<li>
		PC02: Um Caso est&aacute; selecionado.</li>
	<li>
		PC03: O ator &eacute; respons&aacute;vel pelo Caso.</li>
</ul>
]]></preconditions>
	<execution_type><![CDATA[1]]></execution_type>
	<importance><![CDATA[2]]></importance>
<steps>
<step>
	<step_number><![CDATA[1]]></step_number>
	<actions><![CDATA[<p>
	O ator seleciona a op&ccedil;&atilde;o Nova Tarefa na aba Tarefas ou no menu Caso -&gt; Novo(a).</p>
]]></actions>
	<expectedresults><![CDATA[<p>
	O sistema apresenta o formul&aacute;rio para cria&ccedil;&atilde;o de tarefas.</p>
]]></expectedresults>
	<execution_type><![CDATA[1]]></execution_type>
</step>

<step>
	<step_number><![CDATA[2]]></step_number>
	<actions><![CDATA[<p>
	O ator seleciona tipo de tarefa Intimar.</p>
]]></actions>
	<expectedresults><![CDATA[<p>
	O sistema mostra as tarefas Intimar j&aacute; realizadas e um formul&aacute;rio correspondente para requisitar a intima&ccedil;&atilde;o. Este formul&aacute;rio solicita as seguintes informa&ccedil;&otilde;es obrigat&oacute;rias:</p>
<ul>
	<li>
		Data de in&iacute;cio da tarefa;</li>
	<li>
		Respons&aacute;vel pela tarefa;</li>
	<li>
		Envolvido a ser intimado.</li>
</ul>
]]></expectedresults>
	<execution_type><![CDATA[1]]></execution_type>
</step>

<step>
	<step_number><![CDATA[3]]></step_number>
	<actions><![CDATA[<p>
	O ator preenche o formul&aacute;rio com, pelo menos, os dados obrigat&oacute;rios para a tarefa e clica em Criar Tarefa. [FA01][FA02][FE01]</p>
]]></actions>
	<expectedresults><![CDATA[<p>
	O sistema insere a tarefa na lista de tarefas criadas naquela sess&atilde;o.</p>
]]></expectedresults>
	<execution_type><![CDATA[1]]></execution_type>
</step>

<step>
	<step_number><![CDATA[4]]></step_number>
	<actions><![CDATA[<p>
	O ator confirma a opera&ccedil;&atilde;o clicando no bot&atilde;o Salvar. [FA03]</p>
]]></actions>
	<expectedresults><![CDATA[<p>
	O sistema valida os dados e cadastra a Tarefa de Intimar.</p>
]]></expectedresults>
	<execution_type><![CDATA[1]]></execution_type>
</step>
</steps>
<keywords><keyword name="UC32"><notes><![CDATA[

]]></notes></keyword>
</keywords></testcase>

<testcase internalid="11472" name="UC32-FA01: O usuário seleciona a opção de fazer upload de peça.">
	<node_order><![CDATA[1]]></node_order>
	<externalid><![CDATA[246]]></externalid>
	<version><![CDATA[1]]></version>
	<summary><![CDATA[<p>
	Inicia-se no passo 3 do Fluxo B&aacute;sico, caso o ator selecione a op&ccedil;&atilde;o de fazer upload de uma pe&ccedil;a.</p>
]]></summary>
	<preconditions><![CDATA[<ul>
	<li>
		PC01: O ator est&aacute; autenticado.</li>
	<li>
		PC02: Um Caso est&aacute; selecionado.</li>
	<li>
		PC03: O ator &eacute; respons&aacute;vel pelo Caso.</li>
</ul>
]]></preconditions>
	<execution_type><![CDATA[1]]></execution_type>
	<importance><![CDATA[2]]></importance>
<steps>
<step>
	<step_number><![CDATA[1]]></step_number>
	<actions><![CDATA[<p>
	O ator seleciona a op&ccedil;&atilde;o Nova Tarefa na aba Tarefas ou no menu Caso -&gt; Novo(a).</p>
]]></actions>
	<expectedresults><![CDATA[<p>
	O sistema apresenta o formul&aacute;rio para cria&ccedil;&atilde;o de tarefas.</p>
]]></expectedresults>
	<execution_type><![CDATA[1]]></execution_type>
</step>

<step>
	<step_number><![CDATA[2]]></step_number>
	<actions><![CDATA[<p>
	O ator seleciona tipo de tarefa Intimar.</p>
]]></actions>
	<expectedresults><![CDATA[<p>
	O sistema mostra as tarefas Intimar j&aacute; realizadas e um formul&aacute;rio correspondente para requisitar a intima&ccedil;&atilde;o. Este formul&aacute;rio solicita as seguintes informa&ccedil;&otilde;es obrigat&oacute;rias:</p>
<ul>
	<li>
		Data de in&iacute;cio da tarefa;</li>
	<li>
		Respons&aacute;vel pela tarefa;</li>
	<li>
		Envolvido a ser intimado.</li>
</ul>
]]></expectedresults>
	<execution_type><![CDATA[1]]></execution_type>
</step>

<step>
	<step_number><![CDATA[3]]></step_number>
	<actions><![CDATA[<p>
	O ator seleciona a op&ccedil;&atilde;o de fazer upload de uma pe&ccedil;a.</p>
]]></actions>
	<expectedresults><![CDATA[<p>
	O sistema apresenta uma janela para realizar o upload, com o tipo de pe&ccedil;a Mandado de Intima&ccedil;&atilde;o.</p>
]]></expectedresults>
	<execution_type><![CDATA[1]]></execution_type>
</step>

<step>
	<step_number><![CDATA[4]]></step_number>
	<actions><![CDATA[<p>
	O ator seleciona o arquivo.</p>
]]></actions>
	<expectedresults><![CDATA[<p>
	O sistema exibe o arquivo selecionado.</p>
]]></expectedresults>
	<execution_type><![CDATA[1]]></execution_type>
</step>

<step>
	<step_number><![CDATA[5]]></step_number>
	<actions><![CDATA[<p>
	O ator clica em Fazer Upload.</p>
]]></actions>
	<expectedresults><![CDATA[<p>
	O sistema apresenta uma mensagem de sucesso do upload, relaciona a pe&ccedil;a com a tarefa que est&aacute; sendo criada e com o caso selecionado.</p>
]]></expectedresults>
	<execution_type><![CDATA[1]]></execution_type>
</step>

<step>
	<step_number><![CDATA[6]]></step_number>
	<actions><![CDATA[<p>
	O ator preenche o formul&aacute;rio com, pelo menos, os dados obrigat&oacute;rios para a tarefa e clica em Criar Tarefa. [FA01][FA02][FE01]</p>
]]></actions>
	<expectedresults><![CDATA[<p>
	O sistema insere a tarefa na lista de tarefas criadas naquela sess&atilde;o.</p>
]]></expectedresults>
	<execution_type><![CDATA[1]]></execution_type>
</step>

<step>
	<step_number><![CDATA[7]]></step_number>
	<actions><![CDATA[<p>
	O ator confirma a opera&ccedil;&atilde;o clicando no bot&atilde;o Salvar. [FA03]</p>
]]></actions>
	<expectedresults><![CDATA[<p>
	O sistema valida os dados e cadastra a Tarefa de Intimar.</p>
]]></expectedresults>
	<execution_type><![CDATA[1]]></execution_type>
</step>
</steps>
<keywords><keyword name="UC32"><notes><![CDATA[

]]></notes></keyword>
</keywords></testcase>

<testcase internalid="11481" name="UC32-FA02: O usuário não aceita a sugestão de responsável e escolhe manualmente">
	<node_order><![CDATA[2]]></node_order>
	<externalid><![CDATA[247]]></externalid>
	<version><![CDATA[1]]></version>
	<summary><![CDATA[<p>
	Inicia-se no passo 3 do Fluxo B&aacute;sico, caso o ator selecione &ldquo;Escolher Manualmente&ldquo; no campo &ldquo;Atribu&iacute;do para&rdquo;.</p>
]]></summary>
	<preconditions><![CDATA[<ul>
	<li>
		PC01: O ator est&aacute; autenticado.</li>
	<li>
		PC02: Um Caso est&aacute; selecionado.</li>
	<li>
		PC03: O ator &eacute; respons&aacute;vel pelo Caso.</li>
</ul>
]]></preconditions>
	<execution_type><![CDATA[1]]></execution_type>
	<importance><![CDATA[2]]></importance>
<steps>
<step>
	<step_number><![CDATA[1]]></step_number>
	<actions><![CDATA[<p>
	O ator seleciona a op&ccedil;&atilde;o Nova Tarefa na aba Tarefas ou no menu Caso -&gt; Novo(a).</p>
]]></actions>
	<expectedresults><![CDATA[<p>
	O sistema apresenta o formul&aacute;rio para cria&ccedil;&atilde;o de tarefas.</p>
]]></expectedresults>
	<execution_type><![CDATA[1]]></execution_type>
</step>

<step>
	<step_number><![CDATA[2]]></step_number>
	<actions><![CDATA[<p>
	O ator seleciona tipo de tarefa Intimar.</p>
]]></actions>
	<expectedresults><![CDATA[<p>
	O sistema mostra as tarefas Intimar j&aacute; realizadas e um formul&aacute;rio correspondente para requisitar a intima&ccedil;&atilde;o. Este formul&aacute;rio solicita as seguintes informa&ccedil;&otilde;es obrigat&oacute;rias:</p>
<ul>
	<li>
		Data de in&iacute;cio da tarefa;</li>
	<li>
		Respons&aacute;vel pela tarefa;</li>
	<li>
		Envolvido a ser intimado.</li>
</ul>
]]></expectedresults>
	<execution_type><![CDATA[1]]></execution_type>
</step>

<step>
	<step_number><![CDATA[3]]></step_number>
	<actions><![CDATA[<p>
	O ator seleciona &ldquo;Escolher Manualmente&ldquo; no campo &ldquo;Atribu&iacute;do para&rdquo;.</p>
]]></actions>
	<expectedresults><![CDATA[<p>
	O sistema mostra as op&ccedil;&otilde;es de atribuir a tarefa para Unidade ou Servidor.</p>
]]></expectedresults>
	<execution_type><![CDATA[1]]></execution_type>
</step>

<step>
	<step_number><![CDATA[4]]></step_number>
	<actions><![CDATA[<p>
	O ator seleciona uma das op&ccedil;&otilde;es.</p>
]]></actions>
	<expectedresults><![CDATA[<p>
	O sistema inclui o Caso de Uso Selecionar Delegacia ou Selecionar Policial (de acordo com a escolha do ator) e solicita uma justificativa. [UC24][UC25]</p>
]]></expectedresults>
	<execution_type><![CDATA[1]]></execution_type>
</step>

<step>
	<step_number><![CDATA[5]]></step_number>
	<actions><![CDATA[<p>
	O ator preenche o campo de justificativa.</p>
]]></actions>
	<expectedresults><![CDATA[<p>
	O sistema exibe o campo justificativa preenchido.</p>
]]></expectedresults>
	<execution_type><![CDATA[1]]></execution_type>
</step>

<step>
	<step_number><![CDATA[6]]></step_number>
	<actions><![CDATA[<p>
	O ator preenche o formul&aacute;rio com, pelo menos, os dados obrigat&oacute;rios para a tarefa e clica em Criar Tarefa. [FA01][FA02][FE01]</p>
]]></actions>
	<expectedresults><![CDATA[<p>
	O sistema insere a tarefa na lista de tarefas criadas naquela sess&atilde;o.</p>
]]></expectedresults>
	<execution_type><![CDATA[1]]></execution_type>
</step>

<step>
	<step_number><![CDATA[7]]></step_number>
	<actions><![CDATA[<p>
	O ator confirma a opera&ccedil;&atilde;o clicando no bot&atilde;o Salvar. [FA03]</p>
]]></actions>
	<expectedresults><![CDATA[<p>
	O sistema valida os dados e cadastra a Tarefa de Intimar.</p>
]]></expectedresults>
	<execution_type><![CDATA[1]]></execution_type>
</step>
</steps>
<keywords><keyword name="UC24"><notes><![CDATA[

]]></notes></keyword>
<keyword name="UC25"><notes><![CDATA[

]]></notes></keyword>
<keyword name="UC32"><notes><![CDATA[

]]></notes></keyword>
</keywords></testcase>

<testcase internalid="11490" name="UC32-FA03: O ator deseja cadastrar mais de uma tarefa">
	<node_order><![CDATA[3]]></node_order>
	<externalid><![CDATA[248]]></externalid>
	<version><![CDATA[1]]></version>
	<summary><![CDATA[<p>
	Inicia-se no passo 4 do Fluxo B&aacute;sico, caso o ator deseje cadastrar mais tarefas.</p>
]]></summary>
	<preconditions><![CDATA[<ul>
	<li>
		PC01: O ator est&aacute; autenticado.</li>
	<li>
		PC02: Um Caso est&aacute; selecionado.</li>
	<li>
		PC03: O ator &eacute; respons&aacute;vel pelo Caso.</li>
</ul>
]]></preconditions>
	<execution_type><![CDATA[1]]></execution_type>
	<importance><![CDATA[2]]></importance>
<steps>
<step>
	<step_number><![CDATA[1]]></step_number>
	<actions><![CDATA[<p>
	O ator seleciona a op&ccedil;&atilde;o Nova Tarefa na aba Tarefas ou no menu Caso -&gt; Novo(a).</p>
]]></actions>
	<expectedresults><![CDATA[<p>
	O sistema apresenta o formul&aacute;rio para cria&ccedil;&atilde;o de tarefas.</p>
]]></expectedresults>
	<execution_type><![CDATA[1]]></execution_type>
</step>

<step>
	<step_number><![CDATA[2]]></step_number>
	<actions><![CDATA[<p>
	O ator seleciona tipo de tarefa Intimar.</p>
]]></actions>
	<expectedresults><![CDATA[<p>
	O sistema mostra as tarefas Intimar j&aacute; realizadas e um formul&aacute;rio correspondente para requisitar a intima&ccedil;&atilde;o. Este formul&aacute;rio solicita as seguintes informa&ccedil;&otilde;es obrigat&oacute;rias:</p>
<ul>
	<li>
		Data de in&iacute;cio da tarefa;</li>
	<li>
		Respons&aacute;vel pela tarefa;</li>
	<li>
		Envolvido a ser intimado.</li>
</ul>
]]></expectedresults>
	<execution_type><![CDATA[1]]></execution_type>
</step>

<step>
	<step_number><![CDATA[3]]></step_number>
	<actions><![CDATA[<p>
	O ator preenche o formul&aacute;rio com, pelo menos, os dados obrigat&oacute;rios para a tarefa e clica em Criar Tarefa. [FA01][FA02][FE01]</p>
]]></actions>
	<expectedresults><![CDATA[<p>
	O sistema insere a tarefa na lista de tarefas criadas naquela sess&atilde;o.</p>
]]></expectedresults>
	<execution_type><![CDATA[1]]></execution_type>
</step>

<step>
	<step_number><![CDATA[4]]></step_number>
	<actions><![CDATA[<p>
	O ator indica que quer criar mais tarefas.</p>
]]></actions>
	<expectedresults><![CDATA[<p>
	O sistema apresenta o formul&aacute;riuo para cira&ccedil;&atilde;o de tarefas.</p>
]]></expectedresults>
	<execution_type><![CDATA[1]]></execution_type>
</step>

<step>
	<step_number><![CDATA[5]]></step_number>
	<actions><![CDATA[<p>
	O ator seleciona tipo de tarefa Intimar.</p>
]]></actions>
	<expectedresults><![CDATA[<p>
	O sistema mostra as tarefas Intimar j&aacute; realizadas e um formul&aacute;rio correspondente para requisitar a intima&ccedil;&atilde;o. Este formul&aacute;rio solicita as seguintes informa&ccedil;&otilde;es obrigat&oacute;rias:</p>
<ul>
	<li>
		Data de in&iacute;cio da tarefa;</li>
	<li>
		Respons&aacute;vel pela tarefa;</li>
	<li>
		Envolvido a ser intimado.</li>
</ul>
]]></expectedresults>
	<execution_type><![CDATA[1]]></execution_type>
</step>

<step>
	<step_number><![CDATA[6]]></step_number>
	<actions><![CDATA[<p>
	O ator preenche o formul&aacute;rio com, pelo menos, os dados obrigat&oacute;rios para a tarefa e clica em Criar Tarefa. [FA01][FA02][FE01]</p>
]]></actions>
	<expectedresults><![CDATA[<p>
	O sistema insere a tarefa na lista de tarefas criadas naquela sess&atilde;o.</p>
]]></expectedresults>
	<execution_type><![CDATA[1]]></execution_type>
</step>

<step>
	<step_number><![CDATA[7]]></step_number>
	<actions><![CDATA[<p>
	O ator confirma a opera&ccedil;&atilde;o clicando no bot&atilde;o Salvar. [FA03]</p>
]]></actions>
	<expectedresults><![CDATA[<p>
	O sistema valida os dados e cadastra a Tarefa de Intimar.</p>
]]></expectedresults>
	<execution_type><![CDATA[1]]></execution_type>
</step>
</steps>
<keywords><keyword name="UC32"><notes><![CDATA[

]]></notes></keyword>
</keywords></testcase>

<testcase internalid="11499" name="UC32-FE01-A: O ator forneceu dados inválidos.">
	<node_order><![CDATA[4]]></node_order>
	<externalid><![CDATA[250]]></externalid>
	<version><![CDATA[1]]></version>
	<summary><![CDATA[<p>
	Inicia-se na etapa 3 do Fluxo B&aacute;sico, caso o ator forne&ccedil;a dados inv&aacute;lidos.</p>
]]></summary>
	<preconditions><![CDATA[<ul>
	<li>
		PC01: O ator est&aacute; autenticado.</li>
	<li>
		PC02: Um Caso est&aacute; selecionado.</li>
	<li>
		PC03: O ator &eacute; respons&aacute;vel pelo Caso.</li>
</ul>
]]></preconditions>
	<execution_type><![CDATA[1]]></execution_type>
	<importance><![CDATA[2]]></importance>
<steps>
<step>
	<step_number><![CDATA[1]]></step_number>
	<actions><![CDATA[<p>
	O ator seleciona a op&ccedil;&atilde;o Nova Tarefa na aba Tarefas ou no menu Caso -&gt; Novo(a).</p>
]]></actions>
	<expectedresults><![CDATA[<p>
	O sistema apresenta o formul&aacute;rio para cria&ccedil;&atilde;o de tarefas.</p>
]]></expectedresults>
	<execution_type><![CDATA[1]]></execution_type>
</step>

<step>
	<step_number><![CDATA[2]]></step_number>
	<actions><![CDATA[<p>
	O ator seleciona tipo de tarefa Intimar.</p>
]]></actions>
	<expectedresults><![CDATA[<p>
	O sistema mostra as tarefas Intimar j&aacute; realizadas e um formul&aacute;rio correspondente para requisitar a intima&ccedil;&atilde;o. Este formul&aacute;rio solicita as seguintes informa&ccedil;&otilde;es obrigat&oacute;rias:</p>
<ul>
	<li>
		Data de in&iacute;cio da tarefa;</li>
	<li>
		Respons&aacute;vel pela tarefa;</li>
	<li>
		Envolvido a ser intimado.</li>
</ul>
]]></expectedresults>
	<execution_type><![CDATA[1]]></execution_type>
</step>

<step>
	<step_number><![CDATA[3]]></step_number>
	<actions><![CDATA[<p>
	O ator preenche o formul&aacute;rio com dados inv&aacute;lidos.</p>
]]></actions>
	<expectedresults><![CDATA[<p>
	O sistema apresenta uma mensagem de erro indicando que h&aacute; dados inv&aacute;lidos.</p>
]]></expectedresults>
	<execution_type><![CDATA[1]]></execution_type>
</step>
</steps>
<keywords><keyword name="UC32"><notes><![CDATA[

]]></notes></keyword>
</keywords></testcase>

<testcase internalid="11504" name="UC32-FE01-B: O ator forneceu dados inválidos.">
	<node_order><![CDATA[5]]></node_order>
	<externalid><![CDATA[249]]></externalid>
	<version><![CDATA[1]]></version>
	<summary><![CDATA[<p>
	Inicia-se na etapa 3 do Fluxo B&aacute;sico, caso o ator forne&ccedil;a dados inv&aacute;lidos.</p>
]]></summary>
	<preconditions><![CDATA[<ul>
	<li>
		PC01: O ator est&aacute; autenticado.</li>
	<li>
		PC02: Um Caso est&aacute; selecionado.</li>
	<li>
		PC03: O ator &eacute; respons&aacute;vel pelo Caso.</li>
</ul>
]]></preconditions>
	<execution_type><![CDATA[1]]></execution_type>
	<importance><![CDATA[2]]></importance>
<steps>
<step>
	<step_number><![CDATA[1]]></step_number>
	<actions><![CDATA[<p>
	O ator seleciona a op&ccedil;&atilde;o Nova Tarefa na aba Tarefas ou no menu Caso -&gt; Novo(a).</p>
]]></actions>
	<expectedresults><![CDATA[<p>
	O sistema apresenta o formul&aacute;rio para cria&ccedil;&atilde;o de tarefas.</p>
]]></expectedresults>
	<execution_type><![CDATA[1]]></execution_type>
</step>

<step>
	<step_number><![CDATA[2]]></step_number>
	<actions><![CDATA[<p>
	O ator seleciona tipo de tarefa Intimar.</p>
]]></actions>
	<expectedresults><![CDATA[<p>
	O sistema mostra as tarefas Intimar j&aacute; realizadas e um formul&aacute;rio correspondente para requisitar a intima&ccedil;&atilde;o. Este formul&aacute;rio solicita as seguintes informa&ccedil;&otilde;es obrigat&oacute;rias:</p>
<ul>
	<li>
		Data de in&iacute;cio da tarefa;</li>
	<li>
		Respons&aacute;vel pela tarefa;</li>
	<li>
		Envolvido a ser intimado.</li>
</ul>
]]></expectedresults>
	<execution_type><![CDATA[1]]></execution_type>
</step>

<step>
	<step_number><![CDATA[3]]></step_number>
	<actions><![CDATA[<p>
	O ator preenche o formul&aacute;rio com dados inv&aacute;lidos.</p>
]]></actions>
	<expectedresults><![CDATA[<p>
	O sistema apresenta uma mensagem de erro indicando que h&aacute; dados inv&aacute;lidos.</p>
<p>
	O sistema mostra as tarefas Intimar j&aacute; realizadas e um formul&aacute;rio correspondente para requisitar a intima&ccedil;&atilde;o. Este formul&aacute;rio solicita as seguintes informa&ccedil;&otilde;es obrigat&oacute;rias:</p>
<ul>
	<li>
		Data de in&iacute;cio da tarefa;</li>
	<li>
		Respons&aacute;vel pela tarefa;</li>
	<li>
		Envolvido a ser intimado.</li>
</ul>
<p>
	&nbsp;</p>
]]></expectedresults>
	<execution_type><![CDATA[1]]></execution_type>
</step>

<step>
	<step_number><![CDATA[4]]></step_number>
	<actions><![CDATA[<p>
	O ator preenche o formul&aacute;rio com, pelo menos, os dados obrigat&oacute;rios para a tarefa e clica em Criar Tarefa. [FA01][FA02][FE01]</p>
]]></actions>
	<expectedresults><![CDATA[<p>
	O sistema insere a tarefa na lista de tarefas criadas naquela sess&atilde;o.</p>
]]></expectedresults>
	<execution_type><![CDATA[1]]></execution_type>
</step>

<step>
	<step_number><![CDATA[5]]></step_number>
	<actions><![CDATA[<p>
	O ator confirma a opera&ccedil;&atilde;o clicando no bot&atilde;o Salvar. [FA03]</p>
]]></actions>
	<expectedresults><![CDATA[<p>
	O sistema valida os dados e cadastra a Tarefa de Intimar.</p>
]]></expectedresults>
	<execution_type><![CDATA[1]]></execution_type>
</step>
</steps>
<keywords><keyword name="UC32"><notes><![CDATA[

]]></notes></keyword>
</keywords></testcase>

<testcase internalid="11511" name="UC32-FE01-C: O ator forneceu dados incompletos.">
	<node_order><![CDATA[6]]></node_order>
	<externalid><![CDATA[252]]></externalid>
	<version><![CDATA[1]]></version>
	<summary><![CDATA[<p>
	Inicia-se na etapa 3 do Fluxo B&aacute;sico, caso o ator forne&ccedil;a dados incompletos.</p>
]]></summary>
	<preconditions><![CDATA[<ul>
	<li>
		PC01: O ator est&aacute; autenticado.</li>
	<li>
		PC02: Um Caso est&aacute; selecionado.</li>
	<li>
		PC03: O ator &eacute; respons&aacute;vel pelo Caso.</li>
</ul>
]]></preconditions>
	<execution_type><![CDATA[1]]></execution_type>
	<importance><![CDATA[2]]></importance>
<steps>
<step>
	<step_number><![CDATA[1]]></step_number>
	<actions><![CDATA[<p>
	O ator seleciona a op&ccedil;&atilde;o Nova Tarefa na aba Tarefas ou no menu Caso -&gt; Novo(a).</p>
]]></actions>
	<expectedresults><![CDATA[<p>
	O sistema apresenta o formul&aacute;rio para cria&ccedil;&atilde;o de tarefas.</p>
]]></expectedresults>
	<execution_type><![CDATA[1]]></execution_type>
</step>

<step>
	<step_number><![CDATA[2]]></step_number>
	<actions><![CDATA[<p>
	O ator seleciona tipo de tarefa Intimar.</p>
]]></actions>
	<expectedresults><![CDATA[<p>
	O sistema mostra as tarefas Intimar j&aacute; realizadas e um formul&aacute;rio correspondente para requisitar a intima&ccedil;&atilde;o. Este formul&aacute;rio solicita as seguintes informa&ccedil;&otilde;es obrigat&oacute;rias:</p>
<ul>
	<li>
		Data de in&iacute;cio da tarefa;</li>
	<li>
		Respons&aacute;vel pela tarefa;</li>
	<li>
		Envolvido a ser intimado.</li>
</ul>
]]></expectedresults>
	<execution_type><![CDATA[1]]></execution_type>
</step>

<step>
	<step_number><![CDATA[3]]></step_number>
	<actions><![CDATA[<p>
	O ator preenche o formul&aacute;rio com dados incompletos.</p>
]]></actions>
	<expectedresults><![CDATA[<p>
	O sistema apresenta uma mensagem de erro indicando que h&aacute; dados incompletos.</p>
]]></expectedresults>
	<execution_type><![CDATA[1]]></execution_type>
</step>
</steps>
<keywords><keyword name="UC32"><notes><![CDATA[

]]></notes></keyword>
</keywords></testcase>

<testcase internalid="11516" name="UC32-FE01-D: O ator forneceu dados incompletos.">
	<node_order><![CDATA[7]]></node_order>
	<externalid><![CDATA[251]]></externalid>
	<version><![CDATA[1]]></version>
	<summary><![CDATA[<p>
	Inicia-se na etapa 3 do Fluxo B&aacute;sico, caso o ator forne&ccedil;a dados incompletos.</p>
]]></summary>
	<preconditions><![CDATA[<ul>
	<li>
		PC01: O ator est&aacute; autenticado.</li>
	<li>
		PC02: Um Caso est&aacute; selecionado.</li>
	<li>
		PC03: O ator &eacute; respons&aacute;vel pelo Caso.</li>
</ul>
]]></preconditions>
	<execution_type><![CDATA[1]]></execution_type>
	<importance><![CDATA[2]]></importance>
<steps>
<step>
	<step_number><![CDATA[1]]></step_number>
	<actions><![CDATA[<p>
	O ator seleciona a op&ccedil;&atilde;o Nova Tarefa na aba Tarefas ou no menu Caso -&gt; Novo(a).</p>
]]></actions>
	<expectedresults><![CDATA[<p>
	O sistema apresenta o formul&aacute;rio para cria&ccedil;&atilde;o de tarefas.</p>
]]></expectedresults>
	<execution_type><![CDATA[1]]></execution_type>
</step>

<step>
	<step_number><![CDATA[2]]></step_number>
	<actions><![CDATA[<p>
	O ator seleciona tipo de tarefa Intimar.</p>
]]></actions>
	<expectedresults><![CDATA[<p>
	O sistema mostra as tarefas Intimar j&aacute; realizadas e um formul&aacute;rio correspondente para requisitar a intima&ccedil;&atilde;o. Este formul&aacute;rio solicita as seguintes informa&ccedil;&otilde;es obrigat&oacute;rias:</p>
<ul>
	<li>
		Data de in&iacute;cio da tarefa;</li>
	<li>
		Respons&aacute;vel pela tarefa;</li>
	<li>
		Envolvido a ser intimado.</li>
</ul>
]]></expectedresults>
	<execution_type><![CDATA[1]]></execution_type>
</step>

<step>
	<step_number><![CDATA[3]]></step_number>
	<actions><![CDATA[<p>
	O ator preenche o formul&aacute;rio com dados incompletos.</p>
]]></actions>
	<expectedresults><![CDATA[<p>
	O sistema apresenta uma mensagem de erro indicando que h&aacute; dados incompletos.</p>
<p>
	O sistema mostra as tarefas Intimar j&aacute; realizadas e um formul&aacute;rio correspondente para requisitar a intima&ccedil;&atilde;o. Este formul&aacute;rio solicita as seguintes informa&ccedil;&otilde;es obrigat&oacute;rias:</p>
<ul>
	<li>
		Data de in&iacute;cio da tarefa;</li>
	<li>
		Respons&aacute;vel pela tarefa;</li>
	<li>
		Envolvido a ser intimado.</li>
</ul>
<p>
	&nbsp;</p>
]]></expectedresults>
	<execution_type><![CDATA[1]]></execution_type>
</step>

<step>
	<step_number><![CDATA[4]]></step_number>
	<actions><![CDATA[<p>
	O ator preenche o formul&aacute;rio com, pelo menos, os dados obrigat&oacute;rios para a tarefa e clica em Criar Tarefa. [FA01][FA02][FE01]</p>
]]></actions>
	<expectedresults><![CDATA[<p>
	O sistema insere a tarefa na lista de tarefas criadas naquela sess&atilde;o.</p>
]]></expectedresults>
	<execution_type><![CDATA[1]]></execution_type>
</step>

<step>
	<step_number><![CDATA[5]]></step_number>
	<actions><![CDATA[<p>
	O ator confirma a opera&ccedil;&atilde;o clicando no bot&atilde;o Salvar. [FA03]</p>
]]></actions>
	<expectedresults><![CDATA[<p>
	O sistema valida os dados e cadastra a Tarefa de Intimar.</p>
]]></expectedresults>
	<execution_type><![CDATA[1]]></execution_type>
</step>
</steps>
<keywords><keyword name="UC32"><notes><![CDATA[

]]></notes></keyword>
</keywords></testcase>
</testsuite><testsuite name="UC34: Cadastrar Tarefa para Não-Usuário" >
<node_order><![CDATA[8]]></node_order>
<details><![CDATA[]]></details> 

<testcase internalid="11524" name="UC34-FB: Cadastrar Tarefa para Não-Usuário">
	<node_order><![CDATA[0]]></node_order>
	<externalid><![CDATA[260]]></externalid>
	<version><![CDATA[1]]></version>
	<summary><![CDATA[<p>
	Fluxo B&aacute;sico do Caso de Uso UC34.</p>
]]></summary>
	<preconditions><![CDATA[<ul>
	<li>
		PC01: O ator est&aacute; autenticado.</li>
	<li>
		PC02: Um caso est&aacute; selecionado.</li>
	<li>
		PC03: O ator &eacute; respons&aacute;vel pelo caso.</li>
	<li>
		PC04: Uma nova tarefa est&aacute; sendo cadastrada e o usu&aacute;rio marcou a op&ccedil;&atilde;o &ldquo;Carta Precat&oacute;ria&rdquo;.</li>
</ul>
]]></preconditions>
	<execution_type><![CDATA[1]]></execution_type>
	<importance><![CDATA[2]]></importance>
<steps>
<step>
	<step_number><![CDATA[1]]></step_number>
	<actions><![CDATA[<p>
	O ator clica em Cadastrar Tarefa para N&atilde;o-Usu&aacute;rio.</p>
]]></actions>
	<expectedresults><![CDATA[<p>
	O sistema apresenta os campos de cadastro de tarefa via carta precat&oacute;ria (destinat&aacute;rio, e-mail, telefone, CEP, logradouro, bairro, estado, munic&iacute;pio e &oacute;rg&atilde;o respons&aacute;vel).</p>
]]></expectedresults>
	<execution_type><![CDATA[1]]></execution_type>
</step>

<step>
	<step_number><![CDATA[2]]></step_number>
	<actions><![CDATA[<p>
	O ator preenche o formul&aacute;rio com, pelo menos, os dados obrigat&oacute;rios para a tarefa (CEP, &oacute;rg&atilde;o respons&aacute;vel)</p>
]]></actions>
	<expectedresults><![CDATA[<p>
	O sistema exibe os dados preenchidos.</p>
]]></expectedresults>
	<execution_type><![CDATA[1]]></execution_type>
</step>

<step>
	<step_number><![CDATA[3]]></step_number>
	<actions><![CDATA[<p>
	O ator clica em Adicionar Tarefa. [FA01][FE01][RN05]</p>
]]></actions>
	<expectedresults><![CDATA[<p>
	O sistema insere a tarefa na lista de tarefas criadas naquela sess&atilde;o.</p>
]]></expectedresults>
	<execution_type><![CDATA[1]]></execution_type>
</step>

<step>
	<step_number><![CDATA[4]]></step_number>
	<actions><![CDATA[<p>
	O ator confirma a opera&ccedil;&atilde;o clicando no bot&atilde;o Salvar.</p>
]]></actions>
	<expectedresults><![CDATA[<p>
	O sistema cria a(s) tarefa(s) no caso e apresenta uma mensagem de sucesso. [RN34.01][MA291]</p>
]]></expectedresults>
	<execution_type><![CDATA[1]]></execution_type>
</step>
</steps>
<keywords><keyword name="UC34"><notes><![CDATA[

]]></notes></keyword>
</keywords></testcase>

<testcase internalid="11530" name="UC34-FA01: O ator deseja fazer upload de uma peça">
	<node_order><![CDATA[1]]></node_order>
	<externalid><![CDATA[261]]></externalid>
	<version><![CDATA[1]]></version>
	<summary><![CDATA[<p>
	Inicia-se no passo 2 do Fluxo B&aacute;sico, caso o ator deseja fazer o upload de uma pe&ccedil;a.</p>
]]></summary>
	<preconditions><![CDATA[<ul>
	<li>
		PC01: O ator est&aacute; autenticado.</li>
	<li>
		PC02: Um caso est&aacute; selecionado.</li>
	<li>
		PC03: O ator &eacute; respons&aacute;vel pelo caso.</li>
	<li>
		PC04: Uma nova tarefa est&aacute; sendo cadastrada e o usu&aacute;rio marcou a op&ccedil;&atilde;o &ldquo;Carta Precat&oacute;ria&rdquo;.</li>
</ul>
]]></preconditions>
	<execution_type><![CDATA[1]]></execution_type>
	<importance><![CDATA[2]]></importance>
<steps>
<step>
	<step_number><![CDATA[1]]></step_number>
	<actions><![CDATA[<p>
	O ator clica em Cadastrar Tarefa para N&atilde;o-Usu&aacute;rio.</p>
]]></actions>
	<expectedresults><![CDATA[<p>
	O sistema apresenta os campos de cadastro de tarefa via carta precat&oacute;ria (destinat&aacute;rio, e-mail, telefone, CEP, logradouro, bairro, estado, munic&iacute;pio e &oacute;rg&atilde;o respons&aacute;vel).</p>
]]></expectedresults>
	<execution_type><![CDATA[1]]></execution_type>
</step>

<step>
	<step_number><![CDATA[2]]></step_number>
	<actions><![CDATA[<p>
	O ator clica no bot&atilde;o Fazer Upload de Pe&ccedil;a.</p>
]]></actions>
	<expectedresults><![CDATA[<p>
	O sistema apresenta uma janela para envio do arquivo.</p>
]]></expectedresults>
	<execution_type><![CDATA[1]]></execution_type>
</step>

<step>
	<step_number><![CDATA[3]]></step_number>
	<actions><![CDATA[<p>
	O ator escolhe o arquivo e confirma o envio clicando no bot&atilde;o Fazer Upload.</p>
]]></actions>
	<expectedresults><![CDATA[<p>
	O sistema associa o arquivo enviado &agrave; tarefa que est&aacute; sendo criada e apresenta uma mensagem de sucesso da opera&ccedil;&atilde;o.</p>
]]></expectedresults>
	<execution_type><![CDATA[1]]></execution_type>
</step>

<step>
	<step_number><![CDATA[4]]></step_number>
	<actions><![CDATA[<p>
	O ator preenche o formul&aacute;rio com, pelo menos, os dados obrigat&oacute;rios para a tarefa (CEP, &oacute;rg&atilde;o respons&aacute;vel)</p>
]]></actions>
	<expectedresults><![CDATA[<p>
	O sistema exibe os dados preenchidos.</p>
]]></expectedresults>
	<execution_type><![CDATA[1]]></execution_type>
</step>

<step>
	<step_number><![CDATA[5]]></step_number>
	<actions><![CDATA[<p>
	O ator clica em Adicionar Tarefa. [FA01][FE01][RN05]</p>
]]></actions>
	<expectedresults><![CDATA[<p>
	O sistema insere a tarefa na lista de tarefas criadas naquela sess&atilde;o.</p>
]]></expectedresults>
	<execution_type><![CDATA[1]]></execution_type>
</step>

<step>
	<step_number><![CDATA[6]]></step_number>
	<actions><![CDATA[<p>
	O ator confirma a opera&ccedil;&atilde;o clicando no bot&atilde;o Salvar.</p>
]]></actions>
	<expectedresults><![CDATA[<p>
	O sistema cria a(s) tarefa(s) no caso e apresenta uma mensagem de sucesso. [RN34.01][MA291]</p>
]]></expectedresults>
	<execution_type><![CDATA[1]]></execution_type>
</step>
</steps>
<keywords><keyword name="UC34"><notes><![CDATA[

]]></notes></keyword>
</keywords></testcase>

<testcase internalid="11538" name="UC34-FE01-A: O ator forneceu dados inválidos">
	<node_order><![CDATA[2]]></node_order>
	<externalid><![CDATA[264]]></externalid>
	<version><![CDATA[1]]></version>
	<summary><![CDATA[<p>
	Inicia-se no passo 3 do Fluxo B&aacute;sico, caso o ator forne&ccedil;a dados inv&aacute;lidos.</p>
]]></summary>
	<preconditions><![CDATA[<ul>
	<li>
		PC01: O ator est&aacute; autenticado.</li>
	<li>
		PC02: Um caso est&aacute; selecionado.</li>
	<li>
		PC03: O ator &eacute; respons&aacute;vel pelo caso.</li>
	<li>
		PC04: Uma nova tarefa est&aacute; sendo cadastrada e o usu&aacute;rio marcou a op&ccedil;&atilde;o &ldquo;Carta Precat&oacute;ria&rdquo;.</li>
</ul>
]]></preconditions>
	<execution_type><![CDATA[1]]></execution_type>
	<importance><![CDATA[2]]></importance>
<steps>
<step>
	<step_number><![CDATA[1]]></step_number>
	<actions><![CDATA[<p>
	O ator clica em Cadastrar Tarefa para N&atilde;o-Usu&aacute;rio.</p>
]]></actions>
	<expectedresults><![CDATA[<p>
	O sistema apresenta os campos de cadastro de tarefa via carta precat&oacute;ria (destinat&aacute;rio, e-mail, telefone, CEP, logradouro, bairro, estado, munic&iacute;pio e &oacute;rg&atilde;o respons&aacute;vel).</p>
]]></expectedresults>
	<execution_type><![CDATA[1]]></execution_type>
</step>

<step>
	<step_number><![CDATA[2]]></step_number>
	<actions><![CDATA[<p>
	O ator preenche o formul&aacute;rio com dados inv&aacute;lidos</p>
]]></actions>
	<expectedresults><![CDATA[<p>
	O sistema exibe os dados preenchidos.</p>
]]></expectedresults>
	<execution_type><![CDATA[1]]></execution_type>
</step>

<step>
	<step_number><![CDATA[3]]></step_number>
	<actions><![CDATA[<p>
	O ator clica em Adicionar Tarefa. [FA01][FE01][RN05]</p>
]]></actions>
	<expectedresults><![CDATA[<p>
	O sistema apresenta uma mensagem de erro indicando que os dados s&atilde;o inv&aacute;lidos.</p>
]]></expectedresults>
	<execution_type><![CDATA[1]]></execution_type>
</step>
</steps>
<keywords><keyword name="UC34"><notes><![CDATA[

]]></notes></keyword>
</keywords></testcase>

<testcase internalid="11543" name="UC34-FE01-B: O ator forneceu dados inválidos">
	<node_order><![CDATA[3]]></node_order>
	<externalid><![CDATA[262]]></externalid>
	<version><![CDATA[1]]></version>
	<summary><![CDATA[<p>
	Inicia-se no passo 3 do Fluxo B&aacute;sico, caso o ator forne&ccedil;a dados inv&aacute;lidos.</p>
]]></summary>
	<preconditions><![CDATA[<ul>
	<li>
		PC01: O ator est&aacute; autenticado.</li>
	<li>
		PC02: Um caso est&aacute; selecionado.</li>
	<li>
		PC03: O ator &eacute; respons&aacute;vel pelo caso.</li>
	<li>
		PC04: Uma nova tarefa est&aacute; sendo cadastrada e o usu&aacute;rio marcou a op&ccedil;&atilde;o &ldquo;Carta Precat&oacute;ria&rdquo;.</li>
</ul>
]]></preconditions>
	<execution_type><![CDATA[1]]></execution_type>
	<importance><![CDATA[2]]></importance>
<steps>
<step>
	<step_number><![CDATA[1]]></step_number>
	<actions><![CDATA[<p>
	O ator clica em Cadastrar Tarefa para N&atilde;o-Usu&aacute;rio.</p>
]]></actions>
	<expectedresults><![CDATA[<p>
	O sistema apresenta os campos de cadastro de tarefa via carta precat&oacute;ria (destinat&aacute;rio, e-mail, telefone, CEP, logradouro, bairro, estado, munic&iacute;pio e &oacute;rg&atilde;o respons&aacute;vel).</p>
]]></expectedresults>
	<execution_type><![CDATA[1]]></execution_type>
</step>

<step>
	<step_number><![CDATA[2]]></step_number>
	<actions><![CDATA[<p>
	O ator preenche o formul&aacute;rio com dados inv&aacute;lidos</p>
]]></actions>
	<expectedresults><![CDATA[<p>
	O sistema exibe os dados preenchidos.</p>
]]></expectedresults>
	<execution_type><![CDATA[1]]></execution_type>
</step>

<step>
	<step_number><![CDATA[3]]></step_number>
	<actions><![CDATA[<p>
	O ator clica em Adicionar Tarefa. [FA01][FE01][RN05]</p>
]]></actions>
	<expectedresults><![CDATA[<p>
	O sistema apresenta uma mensagem de erro indicando que os dados s&atilde;o inv&aacute;lidos.</p>
<p>
	O sistema apresenta os campos de cadastro de tarefa via carta precat&oacute;ria (destinat&aacute;rio, e-mail, telefone, CEP, logradouro, bairro, estado, munic&iacute;pio e &oacute;rg&atilde;o respons&aacute;vel).</p>
]]></expectedresults>
	<execution_type><![CDATA[1]]></execution_type>
</step>

<step>
	<step_number><![CDATA[4]]></step_number>
	<actions><![CDATA[<p>
	O ator preenche o formul&aacute;rio com, pelo menos, os dados obrigat&oacute;rios para a tarefa (CEP, &oacute;rg&atilde;o respons&aacute;vel)</p>
]]></actions>
	<expectedresults><![CDATA[<p>
	O sistema exibe os dados preenchidos.</p>
]]></expectedresults>
	<execution_type><![CDATA[1]]></execution_type>
</step>

<step>
	<step_number><![CDATA[5]]></step_number>
	<actions><![CDATA[<p>
	O ator clica em Adicionar Tarefa. [FA01][FE01][RN05]</p>
]]></actions>
	<expectedresults><![CDATA[<p>
	O sistema insere a tarefa na lista de tarefas criadas naquela sess&atilde;o.</p>
]]></expectedresults>
	<execution_type><![CDATA[1]]></execution_type>
</step>

<step>
	<step_number><![CDATA[6]]></step_number>
	<actions><![CDATA[<p>
	O ator confirma a opera&ccedil;&atilde;o clicando no bot&atilde;o Salvar.</p>
]]></actions>
	<expectedresults><![CDATA[<p>
	O sistema cria a(s) tarefa(s) no caso e apresenta uma mensagem de sucesso. [RN34.01][MA291]</p>
]]></expectedresults>
	<execution_type><![CDATA[1]]></execution_type>
</step>
</steps>
<keywords><keyword name="UC34"><notes><![CDATA[

]]></notes></keyword>
</keywords></testcase>

<testcase internalid="11551" name="UC34-FE01-C: O ator forneceu dados incompletos">
	<node_order><![CDATA[4]]></node_order>
	<externalid><![CDATA[265]]></externalid>
	<version><![CDATA[1]]></version>
	<summary><![CDATA[<p>
	Inicia-se no passo 3 do Fluxo B&aacute;sico, caso o ator forne&ccedil;a dados incompletos.</p>
]]></summary>
	<preconditions><![CDATA[<ul>
	<li>
		PC01: O ator est&aacute; autenticado.</li>
	<li>
		PC02: Um caso est&aacute; selecionado.</li>
	<li>
		PC03: O ator &eacute; respons&aacute;vel pelo caso.</li>
	<li>
		PC04: Uma nova tarefa est&aacute; sendo cadastrada e o usu&aacute;rio marcou a op&ccedil;&atilde;o &ldquo;Carta Precat&oacute;ria&rdquo;.</li>
</ul>
]]></preconditions>
	<execution_type><![CDATA[1]]></execution_type>
	<importance><![CDATA[2]]></importance>
<steps>
<step>
	<step_number><![CDATA[1]]></step_number>
	<actions><![CDATA[<p>
	O ator clica em Cadastrar Tarefa para N&atilde;o-Usu&aacute;rio.</p>
]]></actions>
	<expectedresults><![CDATA[<p>
	O sistema apresenta os campos de cadastro de tarefa via carta precat&oacute;ria (destinat&aacute;rio, e-mail, telefone, CEP, logradouro, bairro, estado, munic&iacute;pio e &oacute;rg&atilde;o respons&aacute;vel).</p>
]]></expectedresults>
	<execution_type><![CDATA[1]]></execution_type>
</step>

<step>
	<step_number><![CDATA[2]]></step_number>
	<actions><![CDATA[<p>
	O ator preenche o formul&aacute;rio com dados incompletos.</p>
]]></actions>
	<expectedresults><![CDATA[<p>
	O sistema exibe os dados preenchidos.</p>
]]></expectedresults>
	<execution_type><![CDATA[1]]></execution_type>
</step>

<step>
	<step_number><![CDATA[3]]></step_number>
	<actions><![CDATA[<p>
	O ator clica em Adicionar Tarefa. [FA01][FE01][RN05]</p>
]]></actions>
	<expectedresults><![CDATA[<p>
	O sistema apresenta uma mensagem de erro indicando que os dados s&atilde;o incompletos.</p>
]]></expectedresults>
	<execution_type><![CDATA[1]]></execution_type>
</step>
</steps>
<keywords><keyword name="UC34"><notes><![CDATA[

]]></notes></keyword>
</keywords></testcase>

<testcase internalid="11556" name="UC34-FE01-D: O ator forneceu dados incompletos">
	<node_order><![CDATA[5]]></node_order>
	<externalid><![CDATA[263]]></externalid>
	<version><![CDATA[1]]></version>
	<summary><![CDATA[<p>
	Inicia-se no passo 3 do Fluxo B&aacute;sico, caso o ator forne&ccedil;a dados incompletos.</p>
]]></summary>
	<preconditions><![CDATA[<ul>
	<li>
		PC01: O ator est&aacute; autenticado.</li>
	<li>
		PC02: Um caso est&aacute; selecionado.</li>
	<li>
		PC03: O ator &eacute; respons&aacute;vel pelo caso.</li>
	<li>
		PC04: Uma nova tarefa est&aacute; sendo cadastrada e o usu&aacute;rio marcou a op&ccedil;&atilde;o &ldquo;Carta Precat&oacute;ria&rdquo;.</li>
</ul>
]]></preconditions>
	<execution_type><![CDATA[1]]></execution_type>
	<importance><![CDATA[2]]></importance>
<steps>
<step>
	<step_number><![CDATA[1]]></step_number>
	<actions><![CDATA[<p>
	O ator clica em Cadastrar Tarefa para N&atilde;o-Usu&aacute;rio.</p>
]]></actions>
	<expectedresults><![CDATA[<p>
	O sistema apresenta os campos de cadastro de tarefa via carta precat&oacute;ria (destinat&aacute;rio, e-mail, telefone, CEP, logradouro, bairro, estado, munic&iacute;pio e &oacute;rg&atilde;o respons&aacute;vel).</p>
]]></expectedresults>
	<execution_type><![CDATA[1]]></execution_type>
</step>

<step>
	<step_number><![CDATA[2]]></step_number>
	<actions><![CDATA[<p>
	O ator preenche o formul&aacute;rio com dados incompletos.</p>
]]></actions>
	<expectedresults><![CDATA[<p>
	O sistema exibe os dados preenchidos.</p>
]]></expectedresults>
	<execution_type><![CDATA[1]]></execution_type>
</step>

<step>
	<step_number><![CDATA[3]]></step_number>
	<actions><![CDATA[<p>
	O ator clica em Adicionar Tarefa. [FA01][FE01][RN05]</p>
]]></actions>
	<expectedresults><![CDATA[<p>
	O sistema apresenta uma mensagem de erro indicando que os dados s&atilde;o incompletos.</p>
<p>
	O sistema apresenta os campos de cadastro de tarefa via carta precat&oacute;ria (destinat&aacute;rio, e-mail, telefone, CEP, logradouro, bairro, estado, munic&iacute;pio e &oacute;rg&atilde;o respons&aacute;vel).</p>
]]></expectedresults>
	<execution_type><![CDATA[1]]></execution_type>
</step>

<step>
	<step_number><![CDATA[4]]></step_number>
	<actions><![CDATA[<p>
	O ator preenche o formul&aacute;rio com, pelo menos, os dados obrigat&oacute;rios para a tarefa (CEP, &oacute;rg&atilde;o respons&aacute;vel)</p>
]]></actions>
	<expectedresults><![CDATA[<p>
	O sistema exibe os dados preenchidos.</p>
]]></expectedresults>
	<execution_type><![CDATA[1]]></execution_type>
</step>

<step>
	<step_number><![CDATA[5]]></step_number>
	<actions><![CDATA[<p>
	O ator clica em Adicionar Tarefa. [FA01][FE01][RN05]</p>
]]></actions>
	<expectedresults><![CDATA[<p>
	O sistema insere a tarefa na lista de tarefas criadas naquela sess&atilde;o.</p>
]]></expectedresults>
	<execution_type><![CDATA[1]]></execution_type>
</step>

<step>
	<step_number><![CDATA[6]]></step_number>
	<actions><![CDATA[<p>
	O ator confirma a opera&ccedil;&atilde;o clicando no bot&atilde;o Salvar.</p>
]]></actions>
	<expectedresults><![CDATA[<p>
	O sistema cria a(s) tarefa(s) no caso e apresenta uma mensagem de sucesso. [RN34.01][MA291]</p>
]]></expectedresults>
	<execution_type><![CDATA[1]]></execution_type>
</step>
</steps>
<keywords><keyword name="UC34"><notes><![CDATA[

]]></notes></keyword>
</keywords></testcase>
</testsuite></testsuite><testsuite name="Release 0.5a" >
<node_order><![CDATA[8]]></node_order>
<details><![CDATA[]]></details> 
<testsuite name="UC60: Cadastrar Roteiro de Investigação" >
<node_order><![CDATA[12]]></node_order>
<details><![CDATA[]]></details> 

<testcase internalid="11566" name="UC60-FB: Cadastrar Roteiro de Investigação.">
	<node_order><![CDATA[0]]></node_order>
	<externalid><![CDATA[327]]></externalid>
	<version><![CDATA[1]]></version>
	<summary><![CDATA[<p>
	Fluxo B&aacute;sico do Caso de Uso UC60.</p>
]]></summary>
	<preconditions><![CDATA[<ul>
	<li>
		PC01: O autor est&aacute; autenticado.</li>
	<li>
		PC02: O ator possui papel com permiss&atilde;o para cadastro de roteiro de investiga&ccedil;&atilde;o.</li>
</ul>
]]></preconditions>
	<execution_type><![CDATA[1]]></execution_type>
	<importance><![CDATA[2]]></importance>
<steps>
<step>
	<step_number><![CDATA[1]]></step_number>
	<actions><![CDATA[<p>
	O usu&aacute;rio seleciona a op&ccedil;&atilde;o &quot;Novo Roteiro de Investiga&ccedil;&atilde;o&quot; no menu Administra&ccedil;&atilde;o.</p>
]]></actions>
	<expectedresults><![CDATA[<p>
	O sistema apresenta o formul&aacute;rio para cadastro de roteiro de investiga&ccedil;&atilde;o.</p>
<ul>
	<li>
		Tipo penal, compet&ecirc;ncia, categoria.</li>
	<li>
		Listagem de tarefas, mantendo a ordem de cadastro.</li>
	<li>
		Descri&ccedil;&atilde;o opcional para cada tarefa selecionada (texto livre para aux&iacute;lio).</li>
</ul>
]]></expectedresults>
	<execution_type><![CDATA[1]]></execution_type>
</step>

<step>
	<step_number><![CDATA[2]]></step_number>
	<actions><![CDATA[<p>
	O usu&aacute;rio cadastra os dados e confirma a opera&ccedil;&atilde;o.</p>
]]></actions>
	<expectedresults><![CDATA[<p>
	O sistema valida os dados e encerra o caso de uso.</p>
]]></expectedresults>
	<execution_type><![CDATA[1]]></execution_type>
</step>
</steps>
<keywords><keyword name="UC60"><notes><![CDATA[

]]></notes></keyword>
</keywords></testcase>

<testcase internalid="11570" name="UC60-FE01-A: O ator interno não informa dados obrigatórios.">
	<node_order><![CDATA[1]]></node_order>
	<externalid><![CDATA[328]]></externalid>
	<version><![CDATA[1]]></version>
	<summary><![CDATA[<p>
	Inicia-se no passo <strong>3</strong> do Fluxo B&aacute;sico, caso o ator n&atilde;o informe dados obrigat&oacute;rios.</p>
]]></summary>
	<preconditions><![CDATA[<ul>
	<li>
		PC01: O autor est&aacute; autenticado.</li>
	<li>
		PC02: O ator possui papel com permiss&atilde;o para cadastro de roteiro de investiga&ccedil;&atilde;o.</li>
</ul>
]]></preconditions>
	<execution_type><![CDATA[1]]></execution_type>
	<importance><![CDATA[2]]></importance>
<steps>
<step>
	<step_number><![CDATA[1]]></step_number>
	<actions><![CDATA[<p>
	O usu&aacute;rio seleciona a op&ccedil;&atilde;o &quot;Novo Roteiro de Investiga&ccedil;&atilde;o&quot; no menu Administra&ccedil;&atilde;o.</p>
]]></actions>
	<expectedresults><![CDATA[<p>
	O sistema apresenta o formul&aacute;rio para cadastro de roteiro de investiga&ccedil;&atilde;o.</p>
<ul>
	<li>
		Tipo penal, compet&ecirc;ncia, categoria.</li>
	<li>
		Listagem de tarefas, mantendo a ordem de cadastro.</li>
	<li>
		Descri&ccedil;&atilde;o opcional para cada tarefa selecionada (texto livre para aux&iacute;lio).</li>
</ul>
]]></expectedresults>
	<execution_type><![CDATA[1]]></execution_type>
</step>

<step>
	<step_number><![CDATA[2]]></step_number>
	<actions><![CDATA[<p>
	O usu&aacute;rio n&atilde;o informa os dados obrigat&oacute;rios.</p>
]]></actions>
	<expectedresults><![CDATA[<p>
	O sistema apresenta uma mensagem de erro e encerra o caso de uso.</p>
]]></expectedresults>
	<execution_type><![CDATA[1]]></execution_type>
</step>
</steps>
<keywords><keyword name="UC60"><notes><![CDATA[

]]></notes></keyword>
</keywords></testcase>

<testcase internalid="11574" name="UC60-FE01-B: O ator interno não informa dados obrigatórios.">
	<node_order><![CDATA[2]]></node_order>
	<externalid><![CDATA[329]]></externalid>
	<version><![CDATA[1]]></version>
	<summary><![CDATA[<p>
	Inicia-se no passo <strong>3</strong> do Fluxo B&aacute;sico, caso o ator n&atilde;o informe dados obrigat&oacute;rios.</p>
]]></summary>
	<preconditions><![CDATA[<ul>
	<li>
		PC01: O autor est&aacute; autenticado.</li>
	<li>
		PC02: O ator possui papel com permiss&atilde;o para cadastro de roteiro de investiga&ccedil;&atilde;o.</li>
</ul>
]]></preconditions>
	<execution_type><![CDATA[1]]></execution_type>
	<importance><![CDATA[2]]></importance>
<steps>
<step>
	<step_number><![CDATA[1]]></step_number>
	<actions><![CDATA[<p>
	O usu&aacute;rio seleciona a op&ccedil;&atilde;o &quot;Novo Roteiro de Investiga&ccedil;&atilde;o&quot; no menu Administra&ccedil;&atilde;o.</p>
]]></actions>
	<expectedresults><![CDATA[<p>
	O sistema apresenta o formul&aacute;rio para cadastro de roteiro de investiga&ccedil;&atilde;o.</p>
<ul>
	<li>
		Tipo penal, compet&ecirc;ncia, categoria.</li>
	<li>
		Listagem de tarefas, mantendo a ordem de cadastro.</li>
	<li>
		Descri&ccedil;&atilde;o opcional para cada tarefa selecionada (texto livre para aux&iacute;lio).</li>
</ul>
]]></expectedresults>
	<execution_type><![CDATA[1]]></execution_type>
</step>

<step>
	<step_number><![CDATA[2]]></step_number>
	<actions><![CDATA[<p>
	O usu&aacute;rio n&atilde;o informa os dados obrigat&oacute;rios.</p>
]]></actions>
	<expectedresults><![CDATA[<p>
	O sistema apresenta uma mensagem de erro.</p>
]]></expectedresults>
	<execution_type><![CDATA[1]]></execution_type>
</step>

<step>
	<step_number><![CDATA[3]]></step_number>
	<actions><![CDATA[<p>
	O usu&aacute;rio cadastra os dados e confirma a opera&ccedil;&atilde;o.</p>
]]></actions>
	<expectedresults><![CDATA[<p>
	O sistema valida os dados e encerra o caso de uso.</p>
]]></expectedresults>
	<execution_type><![CDATA[1]]></execution_type>
</step>
</steps>
<keywords><keyword name="UC60"><notes><![CDATA[

]]></notes></keyword>
</keywords></testcase>
</testsuite><testsuite name="UC62: Visualizar Peças do Procedimento" >
<node_order><![CDATA[14]]></node_order>
<details><![CDATA[]]></details> 

<testcase internalid="11580" name="UC62-FB: Visualizar Peças do Procedimento.">
	<node_order><![CDATA[100]]></node_order>
	<externalid><![CDATA[333]]></externalid>
	<version><![CDATA[1]]></version>
	<summary><![CDATA[<p>
	Fluxo B&aacute;sico do Caso de Uso UC62.</p>
]]></summary>
	<preconditions><![CDATA[<ul>
	<li>
		PC01: O ator est&aacute; autenticado.</li>
	<li>
		PC02: O caso est&aacute; selecionado.</li>
</ul>
]]></preconditions>
	<execution_type><![CDATA[1]]></execution_type>
	<importance><![CDATA[2]]></importance>
<steps>
<step>
	<step_number><![CDATA[1]]></step_number>
	<actions><![CDATA[<p>
	O usu&aacute;rio seleciona a op&ccedil;&atilde;o &quot;Visualiza&ccedil;&atilde;o das Pe&ccedil;as&quot;</p>
]]></actions>
	<expectedresults><![CDATA[<p>
	O sistema solicita qual a op&ccedil;&atilde;o de visualiza&ccedil;&atilde;o (caso ou procedimento).</p>
]]></expectedresults>
	<execution_type><![CDATA[1]]></execution_type>
</step>

<step>
	<step_number><![CDATA[2]]></step_number>
	<actions><![CDATA[<p>
	O usu&aacute;rio informa a op&ccedil;&atilde;o de visualiza&ccedil;&atilde;o.</p>
]]></actions>
	<expectedresults><![CDATA[<p>
	O sistema apresenta a tela de visualiza&ccedil;&atilde;o de pe&ccedil;as.</p>
]]></expectedresults>
	<execution_type><![CDATA[1]]></execution_type>
</step>

<step>
	<step_number><![CDATA[3]]></step_number>
	<actions><![CDATA[<p>
	O usu&aacute;rio seleciona a op&ccedil;&atilde;o voltar.</p>
]]></actions>
	<expectedresults><![CDATA[<p>
	O sistema encerra o Caso de Uso.</p>
]]></expectedresults>
	<execution_type><![CDATA[1]]></execution_type>
</step>
</steps>
<keywords><keyword name="UC62"><notes><![CDATA[

]]></notes></keyword>
</keywords></testcase>
</testsuite><testsuite name="UC64: Configurar Dados de Exibição em Ver Tarefa" >
<node_order><![CDATA[16]]></node_order>
<details><![CDATA[]]></details> 

<testcase internalid="11586" name="UC64-FB: Configurar Dados de Exibição em Ver Tarefa">
	<node_order><![CDATA[100]]></node_order>
	<externalid><![CDATA[335]]></externalid>
	<version><![CDATA[1]]></version>
	<summary><![CDATA[<p>
	Fluxo B&aacute;sico do Caso de Uso UC64</p>
]]></summary>
	<preconditions><![CDATA[<ul>
	<li>
		PC01: O ator est&aacute; autenticado.</li>
	<li>
		PC02: Uma tarefa est&aacute; selecionada.</li>
</ul>
]]></preconditions>
	<execution_type><![CDATA[1]]></execution_type>
	<importance><![CDATA[2]]></importance>
<steps>
<step>
	<step_number><![CDATA[1]]></step_number>
	<actions><![CDATA[<p>
	O usu&aacute;rio clica no bot&atilde;o &quot;Op&ccedil;&otilde;es de Visualiza&ccedil;&atilde;o&quot; na aba &quot;Detalhes da Tarefa&quot;.</p>
]]></actions>
	<expectedresults><![CDATA[<p>
	O sistema apresenta os campos que podem ser selecionados para exibi&ccedil;&atilde;o na tela, exceto o n&uacute;mero da tarefa, que deve ser um campo fixo.</p>
]]></expectedresults>
	<execution_type><![CDATA[1]]></execution_type>
</step>

<step>
	<step_number><![CDATA[2]]></step_number>
	<actions><![CDATA[<p>
	O usu&aacute;rio seleciona os campos para exibi&ccedil;&atilde;o e clica em &quot;Aplicar Configura&ccedil;&atilde;o&quot;.</p>
]]></actions>
	<expectedresults><![CDATA[<p>
	O sistema:</p>
<ul>
	<li>
		apresenta os dados de visualiza&ccedil;&atilde;o da Tarefa de acordo com a aconfigura&ccedil;&atilde;o do us&aacute;rio.</li>
	<li>
		salva as configura&ccedil;&otilde;es de exibi&ccedil;&atilde;o para visualiza&ccedil;&otilde;es futuras de tarefas feitas por aquele usu&aacute;rio.</li>
</ul>
]]></expectedresults>
	<execution_type><![CDATA[1]]></execution_type>
</step>
</steps>
<keywords><keyword name="UC64"><notes><![CDATA[

]]></notes></keyword>
</keywords></testcase>
</testsuite><testsuite name="UC65: Avocar ou Redistribuir Caso" >
<node_order><![CDATA[17]]></node_order>
<details><![CDATA[]]></details> 

<testcase internalid="11591" name="UC65-FB: Avocar ou Redistribuir Caso">
	<node_order><![CDATA[0]]></node_order>
	<externalid><![CDATA[336]]></externalid>
	<version><![CDATA[1]]></version>
	<summary><![CDATA[<p>
	Fluxo B&aacute;sico do Caso de Uso UC65</p>
]]></summary>
	<preconditions><![CDATA[<ul>
	<li>
		PC01: O ator est&aacute; autenticado.</li>
	<li>
		PC02: O ator &eacute; respons&aacute;vel pelo caso; ou &eacute; um superitendente (dentro do estado) ou diretor geral.</li>
	<li>
		PC03: Um caso est&aacute; selecionado.</li>
</ul>
]]></preconditions>
	<execution_type><![CDATA[1]]></execution_type>
	<importance><![CDATA[2]]></importance>
<steps>
<step>
	<step_number><![CDATA[1]]></step_number>
	<actions><![CDATA[<p>
	O ator, que n&atilde;o &eacute; respons&aacute;vel pelo caso mas que satisfaz a PC02, seleciona a op&ccedil;&atilde;o &quot;Avocar/Redistribuir Caso&quot;.</p>
]]></actions>
	<expectedresults><![CDATA[<p>
	O sistema solicita uma justificativa.</p>
]]></expectedresults>
	<execution_type><![CDATA[1]]></execution_type>
</step>

<step>
	<step_number><![CDATA[2]]></step_number>
	<actions><![CDATA[<p>
	O ator informa uma justificativa</p>
]]></actions>
	<expectedresults><![CDATA[<p>
	O sistema solicita que o ator informe o novo respons&aacute;vel pelo caso.</p>
]]></expectedresults>
	<execution_type><![CDATA[1]]></execution_type>
</step>

<step>
	<step_number><![CDATA[3]]></step_number>
	<actions><![CDATA[<p>
	O ator seleciona a op&ccedil;&atilde;o &quot;Avocar para si&quot;.</p>
]]></actions>
	<expectedresults><![CDATA[<p>
	O sistema solicita confirma&ccedil;&atilde;o da opera&ccedil;&atilde;o.</p>
]]></expectedresults>
	<execution_type><![CDATA[1]]></execution_type>
</step>

<step>
	<step_number><![CDATA[4]]></step_number>
	<actions><![CDATA[<p>
	O ator confirma.</p>
]]></actions>
	<expectedresults><![CDATA[<p>
	O sistema transfere a responsabilidade dos casos e tarefas para o responsavel e encerra o caso de uso.</p>
]]></expectedresults>
	<execution_type><![CDATA[1]]></execution_type>
</step>
</steps>
<keywords><keyword name="UC65"><notes><![CDATA[

]]></notes></keyword>
</keywords></testcase>

<testcase internalid="11597" name="UC65-FA01: O ator seleciona a opção &quot;Redistribuir&quot;">
	<node_order><![CDATA[1]]></node_order>
	<externalid><![CDATA[337]]></externalid>
	<version><![CDATA[1]]></version>
	<summary><![CDATA[<p>
	Inicia-se no passo 5 do Fluxo B&aacute;sico, caso o ator queira redistribuir o caso para outro usu&aacute;rio.</p>
]]></summary>
	<preconditions><![CDATA[<ul>
	<li>
		PC01: O ator est&aacute; autenticado.</li>
	<li>
		PC02: O ator &eacute; o respons&aacute;vel pelo caso; ou &eacute; um superintendente (dentro do estado) ou diretor geral.</li>
	<li>
		Um caso est&aacute; selecionado.</li>
</ul>
]]></preconditions>
	<execution_type><![CDATA[1]]></execution_type>
	<importance><![CDATA[2]]></importance>
<steps>
<step>
	<step_number><![CDATA[1]]></step_number>
	<actions><![CDATA[<p>
	O ator, que n&atilde;o &eacute; respons&aacute;vel pelo caso mas que satisfaz a PC02, seleciona a op&ccedil;&atilde;o &quot;Avocar/Redistribuir Caso&quot;.</p>
]]></actions>
	<expectedresults><![CDATA[<p>
	O sitema solicita uma justificativa.</p>
]]></expectedresults>
	<execution_type><![CDATA[1]]></execution_type>
</step>

<step>
	<step_number><![CDATA[2]]></step_number>
	<actions><![CDATA[<p>
	O ator informa uma justificativa.</p>
]]></actions>
	<expectedresults><![CDATA[<p>
	O sistema solicita que o ator informe o novo respons&aacute;vel pelo caso.</p>
]]></expectedresults>
	<execution_type><![CDATA[1]]></execution_type>
</step>

<step>
	<step_number><![CDATA[3]]></step_number>
	<actions><![CDATA[<p>
	O ator seleciona a op&ccedil;&atilde;o &quot;Redistribuir&quot;.</p>
]]></actions>
	<expectedresults><![CDATA[<p>
	O sistema inclui o caso de uso Selecionar Policial.</p>
]]></expectedresults>
	<execution_type><![CDATA[1]]></execution_type>
</step>

<step>
	<step_number><![CDATA[4]]></step_number>
	<actions><![CDATA[<p>
	O ator seleciona o policial para o qual ser&atilde;o transferidos os casos e tarefas selecionados.</p>
]]></actions>
	<expectedresults><![CDATA[<p>
	O sistema solicita confirma&ccedil;&atilde;o da redistribui&ccedil;&atilde;o.</p>
]]></expectedresults>
	<execution_type><![CDATA[1]]></execution_type>
</step>

<step>
	<step_number><![CDATA[5]]></step_number>
	<actions><![CDATA[<p>
	O ator confirma a opera&ccedil;&atilde;o</p>
]]></actions>
	<expectedresults><![CDATA[<p>
	O sistema transfere a responsabilidade dos casos e tarefas para o policial selecionado e encerra o caso de uso.</p>
]]></expectedresults>
	<execution_type><![CDATA[1]]></execution_type>
</step>
</steps>
<keywords><keyword name="UC65"><notes><![CDATA[

]]></notes></keyword>
</keywords></testcase>

<testcase internalid="11604" name="UC65-FA02: O ator é o responsável pelo  caso.">
	<node_order><![CDATA[2]]></node_order>
	<externalid><![CDATA[338]]></externalid>
	<version><![CDATA[1]]></version>
	<summary><![CDATA[<p>
	Inicia-se no passo 1 do Fluxo B&aacute;sico, caso o ator seja o respons&aacute;vel pelo caso.</p>
]]></summary>
	<preconditions><![CDATA[<ul>
	<li>
		PC01: O ator est&aacute; autenticado.</li>
	<li>
		PC02: O ator &eacute; o respons&aacute;vel pelo caso; ou &eacute; um superintendente (dentro do estado) ou diretor geral.</li>
	<li>
		Um caso est&aacute; selecionado.</li>
</ul>
]]></preconditions>
	<execution_type><![CDATA[1]]></execution_type>
	<importance><![CDATA[2]]></importance>
<steps>
<step>
	<step_number><![CDATA[1]]></step_number>
	<actions><![CDATA[<p>
	O ator&nbsp; &eacute; respons&aacute;vel pelo caso, seleciona a op&ccedil;&atilde;o &quot;Solicitar Redistribui&ccedil;&atilde;o do Caso&quot;.</p>
]]></actions>
	<expectedresults><![CDATA[<p>
	O sistema insere o Caso de Uso Pedido de Redistribui&ccedil;&atilde;o e encerra o caso de uso.</p>
]]></expectedresults>
	<execution_type><![CDATA[1]]></execution_type>
</step>
</steps>
<keywords><keyword name="UC65"><notes><![CDATA[

]]></notes></keyword>
</keywords></testcase>

<testcase internalid="11607" name="UC65-FE01-A: O ator interno não informa uma justificativa.">
	<node_order><![CDATA[3]]></node_order>
	<externalid><![CDATA[341]]></externalid>
	<version><![CDATA[1]]></version>
	<summary><![CDATA[<p>
	Inicia-se no passo 3 do Fluxo B&aacute;sico, caso o ator n&atilde;o informe uma justificativa para a avoca&ccedil;&atilde;o do caso.</p>
]]></summary>
	<preconditions><![CDATA[<ul>
	<li>
		PC01: O ator est&aacute; autenticado.</li>
	<li>
		PC02: O ator &eacute; respons&aacute;vel pelo caso; ou &eacute; um superitendente (dentro do estado) ou diretor geral.</li>
	<li>
		PC03: Um caso est&aacute; selecionado.</li>
</ul>
]]></preconditions>
	<execution_type><![CDATA[1]]></execution_type>
	<importance><![CDATA[2]]></importance>
<steps>
<step>
	<step_number><![CDATA[1]]></step_number>
	<actions><![CDATA[<p>
	O ator, que n&atilde;o &eacute; respons&aacute;vel pelo caso mas que satisfaz a PC02, seleciona a op&ccedil;&atilde;o &quot;Avocar/Redistribuir Caso&quot;.</p>
]]></actions>
	<expectedresults><![CDATA[<p>
	O sistema solicita uma justificativa.</p>
]]></expectedresults>
	<execution_type><![CDATA[1]]></execution_type>
</step>

<step>
	<step_number><![CDATA[2]]></step_number>
	<actions><![CDATA[<p>
	O ator n&atilde;o informa uma justificativa</p>
]]></actions>
	<expectedresults><![CDATA[<p>
	O sistema apresenta uma mensagem de erro.</p>
]]></expectedresults>
	<execution_type><![CDATA[1]]></execution_type>
</step>
</steps>
<keywords><keyword name="UC65"><notes><![CDATA[

]]></notes></keyword>
</keywords></testcase>

<testcase internalid="11611" name="UC65-FE01-B: O ator interno não informa uma justificativa.">
	<node_order><![CDATA[4]]></node_order>
	<externalid><![CDATA[340]]></externalid>
	<version><![CDATA[1]]></version>
	<summary><![CDATA[<p>
	Inicia-se no passo 3 do Fluxo B&aacute;sico, caso o ator n&atilde;o informe uma justificativa para a avoca&ccedil;&atilde;o do caso.</p>
]]></summary>
	<preconditions><![CDATA[<ul>
	<li>
		PC01: O ator est&aacute; autenticado.</li>
	<li>
		PC02: O ator &eacute; respons&aacute;vel pelo caso; ou &eacute; um superitendente (dentro do estado) ou diretor geral.</li>
	<li>
		PC03: Um caso est&aacute; selecionado.</li>
</ul>
]]></preconditions>
	<execution_type><![CDATA[1]]></execution_type>
	<importance><![CDATA[2]]></importance>
<steps>
<step>
	<step_number><![CDATA[1]]></step_number>
	<actions><![CDATA[<p>
	O ator, que n&atilde;o &eacute; respons&aacute;vel pelo caso mas que satisfaz a PC02, seleciona a op&ccedil;&atilde;o &quot;Avocar/Redistribuir Caso&quot;.</p>
]]></actions>
	<expectedresults><![CDATA[<p>
	O sistema solicita uma justificativa.</p>
]]></expectedresults>
	<execution_type><![CDATA[1]]></execution_type>
</step>

<step>
	<step_number><![CDATA[2]]></step_number>
	<actions><![CDATA[<p>
	O ator n&atilde;o informa uma justificativa</p>
]]></actions>
	<expectedresults><![CDATA[<p>
	O sistema apresenta uma mensagem de erro.</p>
]]></expectedresults>
	<execution_type><![CDATA[1]]></execution_type>
</step>

<step>
	<step_number><![CDATA[3]]></step_number>
	<actions><![CDATA[<p>
	O ator informa uma justificativa.</p>
]]></actions>
	<expectedresults><![CDATA[<p>
	O sistema solicita que o ator informe o novo respons&aacute;vel pelo caso.</p>
]]></expectedresults>
	<execution_type><![CDATA[1]]></execution_type>
</step>

<step>
	<step_number><![CDATA[4]]></step_number>
	<actions><![CDATA[<p>
	O ator seleciona a op&ccedil;&atilde;o &quot;Avocar para si&quot;.</p>
]]></actions>
	<expectedresults><![CDATA[<p>
	O sistema solicita confirm&ccedil;&atilde;o da opera&ccedil;&atilde;o.</p>
]]></expectedresults>
	<execution_type><![CDATA[1]]></execution_type>
</step>

<step>
	<step_number><![CDATA[5]]></step_number>
	<actions><![CDATA[<p>
	O ator confirma.</p>
]]></actions>
	<expectedresults><![CDATA[<p>
	O sistema transfere a responsabilidade dos casos e tarefas para o respons&aacute;vel e encerra o caso de uso.</p>
]]></expectedresults>
	<execution_type><![CDATA[1]]></execution_type>
</step>
</steps>
<keywords><keyword name="UC65"><notes><![CDATA[

]]></notes></keyword>
</keywords></testcase>

<testcase internalid="11618" name="UC65-FE02-A: O ator não seleciona um policial para receber as tarefas e casos.">
	<node_order><![CDATA[5]]></node_order>
	<externalid><![CDATA[342]]></externalid>
	<version><![CDATA[1]]></version>
	<summary><![CDATA[<p>
	Inicia-se no passo 1.3 do Fluxo Alternativo 01, caso o ator n&atilde;o selecione nenhuma policial para receber os casos e tarefas a serem redistribu&iacute;dos.</p>
]]></summary>
	<preconditions><![CDATA[<ul>
	<li>
		PC01: O ator est&aacute; autenticado.</li>
	<li>
		PC02: O ator &eacute; respons&aacute;vel pelo caso; ou &eacute; um superitendente (dentro do estado) ou diretor geral.</li>
	<li>
		PC03: Um caso est&aacute; selecionado.</li>
</ul>
]]></preconditions>
	<execution_type><![CDATA[1]]></execution_type>
	<importance><![CDATA[2]]></importance>
<steps>
<step>
	<step_number><![CDATA[1]]></step_number>
	<actions><![CDATA[<p>
	O ator, que n&atilde;o &eacute; respons&aacute;vel pelo caso mas que satisfaz a PC02, seleciona a op&ccedil;&atilde;o &quot;Avocar/Redistribuir Caso&quot;.</p>
]]></actions>
	<expectedresults><![CDATA[<p>
	O sistema solicita uma justificativa.</p>
]]></expectedresults>
	<execution_type><![CDATA[1]]></execution_type>
</step>

<step>
	<step_number><![CDATA[3]]></step_number>
	<actions><![CDATA[<p>
	O ator informa uma justificativa.</p>
]]></actions>
	<expectedresults><![CDATA[<p>
	O sistema solicita que o ator informe o novo respons&aacute;vel pelo caso.</p>
]]></expectedresults>
	<execution_type><![CDATA[1]]></execution_type>
</step>

<step>
	<step_number><![CDATA[4]]></step_number>
	<actions><![CDATA[<p>
	O ator seleciona a op&ccedil;&atilde;o &quot;Redistribuir&quot;.</p>
]]></actions>
	<expectedresults><![CDATA[<p>
	O sistema inclui o caso de uso Selecionar Policial.</p>
]]></expectedresults>
	<execution_type><![CDATA[1]]></execution_type>
</step>

<step>
	<step_number><![CDATA[5]]></step_number>
	<actions><![CDATA[<p>
	O ator n&atilde;o seleciona um policial para receber as tarefas e casos.</p>
]]></actions>
	<expectedresults><![CDATA[<p>
	O sistema apresenta uma mensagem de erro.</p>
]]></expectedresults>
	<execution_type><![CDATA[1]]></execution_type>
</step>
</steps>
<keywords><keyword name="UC65"><notes><![CDATA[

]]></notes></keyword>
</keywords></testcase>

<testcase internalid="11624" name="UC65-FE02-B: O ator não seleciona um policial para receber as tarefas e casos.">
	<node_order><![CDATA[6]]></node_order>
	<externalid><![CDATA[343]]></externalid>
	<version><![CDATA[1]]></version>
	<summary><![CDATA[<p>
	Inicia-se no passo 1.3 do Fluxo Alternativo 01, caso o ator n&atilde;o selecione nenhuma policial para receber os casos e tarefas a serem redistribu&iacute;dos.</p>
]]></summary>
	<preconditions><![CDATA[<ul>
	<li>
		PC01: O ator est&aacute; autenticado.</li>
	<li>
		PC02: O ator &eacute; respons&aacute;vel pelo caso; ou &eacute; um superitendente (dentro do estado) ou diretor geral.</li>
	<li>
		PC03: Um caso est&aacute; selecionado.</li>
</ul>
]]></preconditions>
	<execution_type><![CDATA[1]]></execution_type>
	<importance><![CDATA[2]]></importance>
<steps>
<step>
	<step_number><![CDATA[1]]></step_number>
	<actions><![CDATA[<p>
	O ator, que n&atilde;o &eacute; respons&aacute;vel pelo caso mas que satisfaz a PC02, seleciona a op&ccedil;&atilde;o &quot;Avocar/Redistribuir Caso&quot;.</p>
]]></actions>
	<expectedresults><![CDATA[<p>
	O sistema solicita uma justificativa.</p>
]]></expectedresults>
	<execution_type><![CDATA[1]]></execution_type>
</step>

<step>
	<step_number><![CDATA[3]]></step_number>
	<actions><![CDATA[<p>
	O ator informa uma justificativa.</p>
]]></actions>
	<expectedresults><![CDATA[<p>
	O sistema solicita que o ator informe o novo respons&aacute;vel pelo caso.</p>
]]></expectedresults>
	<execution_type><![CDATA[1]]></execution_type>
</step>

<step>
	<step_number><![CDATA[4]]></step_number>
	<actions><![CDATA[<p>
	O ator seleciona a op&ccedil;&atilde;o &quot;Redistribuir&quot;.</p>
]]></actions>
	<expectedresults><![CDATA[<p>
	O sistema inclui o caso de uso Selecionar Policial.</p>
]]></expectedresults>
	<execution_type><![CDATA[1]]></execution_type>
</step>

<step>
	<step_number><![CDATA[5]]></step_number>
	<actions><![CDATA[<p>
	O ator n&atilde;o seleciona um policial para receber as tarefas e casos.</p>
]]></actions>
	<expectedresults><![CDATA[<p>
	O sistema apresenta uma mensagem de erro.</p>
]]></expectedresults>
	<execution_type><![CDATA[1]]></execution_type>
</step>

<step>
	<step_number><![CDATA[6]]></step_number>
	<actions><![CDATA[<p>
	O ator seleciona a op&ccedil;&atilde;o &quot;Redistribuir&quot;</p>
]]></actions>
	<expectedresults><![CDATA[<p>
	O sistema inclui o caso de uso Selecionar Policial.</p>
]]></expectedresults>
	<execution_type><![CDATA[1]]></execution_type>
</step>

<step>
	<step_number><![CDATA[7]]></step_number>
	<actions><![CDATA[<p>
	O ator seleciona o policial para o qual ser&atilde;o tranferidos os casos e tarefas selecionados.</p>
]]></actions>
	<expectedresults><![CDATA[<p>
	O sistema solicita confirma&ccedil;ao de redistribui&ccedil;&atilde;o.</p>
]]></expectedresults>
	<execution_type><![CDATA[1]]></execution_type>
</step>

<step>
	<step_number><![CDATA[8]]></step_number>
	<actions><![CDATA[<p>
	O ator confirma a opera&ccedil;&atilde;o.</p>
]]></actions>
	<expectedresults><![CDATA[<p>
	O sistema transfere a responsabilidade dos casos e tarefas para o policial selecionado e encerra o caso de uso.</p>
]]></expectedresults>
	<execution_type><![CDATA[1]]></execution_type>
</step>
</steps>
<keywords><keyword name="UC65"><notes><![CDATA[

]]></notes></keyword>
</keywords></testcase>
</testsuite></testsuite></testsuite>